[2017/05/23 19:44:00]---Array
(
    [id] => 88888
    [uniacid] => 5
    [uid] => 1
    [groupid] => 0
    [level] => 5
    [agentid] => 0
    [openid] => oY2AEv8tgKppRT5ILpTgQSyUjVdg
    [realname] => 小伟
    [mobile] => 13288690885
    [pwd] => e10adc3949ba59abbe56e057f20f883e
    [weixin] => 
    [content] => 
    [createtime] => 1487587614
    [agenttime] => 1487587614
    [status] => 1
    [isagent] => 1
    [clickcount] => 0
    [agentlevel] => 5
    [bonuslevel] => 0
    [bonus_area] => 0
    [bonus_province] => 
    [bonus_city] => 
    [bonus_district] => 
    [bonus_area_commission] => 0.00
    [bonus_status] => 0
    [noticeset] => 
    [nickname] => Z追梦少年zzz...
    [credit1] => 0
    [credit2] => 0.00
    [yuanguo] => 1303.98
    [xianguo] => 55.80
    [gengzhongguo] => 48.22
    [ touqu] => 0
    [birthyear] => 
    [birthmonth] => 
    [birthday] => 
    [gender] => 1
    [avatar] => http://wx.qlogo.cn/mmopen/o6lUeFCVQhrTWNmFjibL0kNqLcYzOlmfTqSNIENbD3XEzMeHFAVTr6klrWOLrNvvgicIfiblcun0v9n1gyDqOPBCHib38H2GJ6ve/132
    [province] => 湖南
    [city] => 常德
    [area] => 
    [childtime] => 0
    [inviter] => 0
    [agentnotupgrade] => 0
    [agentselectgoods] => 0
    [agentblack] => 0
    [fixagentid] => 0
    [regtype] => 1
    [isbindmobile] => 1
    [isjumpbind] => 0
    [diymemberid] => 1
    [isblack] => 0
    [diymemberdataid] => 0
    [diycommissionid] => 0
    [diycommissiondataid] => 0
    [diymemberfields] => a:5:{s:11:"diyxingming";a:4:{s:9:"data_type";s:1:"0";s:7:"tp_name";s:6:"姓名";s:7:"tp_must";s:1:"1";s:13:"tp_is_default";s:1:"0";}s:19:"diyzhifubaozhanghao";a:4:{s:9:"data_type";s:1:"0";s:7:"tp_name";s:15:"支付宝账号";s:7:"tp_must";s:1:"1";s:13:"tp_is_default";s:1:"0";}s:15:"diyyinxingkahao";a:4:{s:9:"data_type";s:1:"0";s:7:"tp_name";s:12:"银行卡号";s:7:"tp_must";s:1:"1";s:13:"tp_is_default";s:1:"0";}s:15:"diykaihuyinxing";a:4:{s:9:"data_type";s:1:"0";s:7:"tp_name";s:12:"开户银行";s:7:"tp_must";s:1:"1";s:13:"tp_is_default";s:1:"0";}s:15:"diyxiangxidizhi";a:3:{s:9:"data_type";s:1:"1";s:7:"tp_name";s:12:"详细地址";s:7:"tp_must";s:1:"1";}}
    [diymemberdata] => a:5:{s:11:"diyxingming";s:9:"周业伟";s:19:"diyzhifubaozhanghao";s:11:"13288690885";s:15:"diyyinxingkahao";s:17:"43123465456456456";s:15:"diykaihuyinxing";s:6:"测试";s:15:"diyxiangxidizhi";s:12:"测试测试";}
    [diycommissionfields] => 
    [diycommissiondata] => 
    [referralsn] => 
)

[2017/05/23 19:46:14]---Array
(
    [id] => 88888
    [uniacid] => 5
    [uid] => 1
    [groupid] => 0
    [level] => 5
    [agentid] => 0
    [openid] => oY2AEv8tgKppRT5ILpTgQSyUjVdg
    [realname] => 小伟
    [mobile] => 13288690885
    [pwd] => e10adc3949ba59abbe56e057f20f883e
    [weixin] => 
    [content] => 
    [createtime] => 1487587614
    [agenttime] => 1487587614
    [status] => 1
    [isagent] => 1
    [clickcount] => 0
    [agentlevel] => 5
    [bonuslevel] => 0
    [bonus_area] => 0
    [bonus_province] => 
    [bonus_city] => 
    [bonus_district] => 
    [bonus_area_commission] => 0.00
    [bonus_status] => 0
    [noticeset] => 
    [nickname] => Z追梦少年zzz...
    [credit1] => 0
    [credit2] => 0.00
    [yuanguo] => 1303.98
    [xianguo] => 55.80
    [gengzhongguo] => 48.22
    [ touqu] => 0
    [birthyear] => 
    [birthmonth] => 
    [birthday] => 
    [gender] => 1
    [avatar] => http://wx.qlogo.cn/mmopen/o6lUeFCVQhrTWNmFjibL0kNqLcYzOlmfTqSNIENbD3XEzMeHFAVTr6klrWOLrNvvgicIfiblcun0v9n1gyDqOPBCHib38H2GJ6ve/132
    [province] => 湖南
    [city] => 常德
    [area] => 
    [childtime] => 0
    [inviter] => 0
    [agentnotupgrade] => 0
    [agentselectgoods] => 0
    [agentblack] => 0
    [fixagentid] => 0
    [regtype] => 1
    [isbindmobile] => 1
    [isjumpbind] => 0
    [diymemberid] => 1
    [isblack] => 0
    [diymemberdataid] => 0
    [diycommissionid] => 0
    [diycommissiondataid] => 0
    [diymemberfields] => a:5:{s:11:"diyxingming";a:4:{s:9:"data_type";s:1:"0";s:7:"tp_name";s:6:"姓名";s:7:"tp_must";s:1:"1";s:13:"tp_is_default";s:1:"0";}s:19:"diyzhifubaozhanghao";a:4:{s:9:"data_type";s:1:"0";s:7:"tp_name";s:15:"支付宝账号";s:7:"tp_must";s:1:"1";s:13:"tp_is_default";s:1:"0";}s:15:"diyyinxingkahao";a:4:{s:9:"data_type";s:1:"0";s:7:"tp_name";s:12:"银行卡号";s:7:"tp_must";s:1:"1";s:13:"tp_is_default";s:1:"0";}s:15:"diykaihuyinxing";a:4:{s:9:"data_type";s:1:"0";s:7:"tp_name";s:12:"开户银行";s:7:"tp_must";s:1:"1";s:13:"tp_is_default";s:1:"0";}s:15:"diyxiangxidizhi";a:3:{s:9:"data_type";s:1:"1";s:7:"tp_name";s:12:"详细地址";s:7:"tp_must";s:1:"1";}}
    [diymemberdata] => a:5:{s:11:"diyxingming";s:9:"周业伟";s:19:"diyzhifubaozhanghao";s:11:"13288690885";s:15:"diyyinxingkahao";s:17:"43123465456456456";s:15:"diykaihuyinxing";s:6:"测试";s:15:"diyxiangxidizhi";s:12:"测试测试";}
    [diycommissionfields] => 
    [diycommissiondata] => 
    [referralsn] => 
)

[2017/05/23 19:48:22]---Array
(
    [id] => 88888
    [uniacid] => 5
    [uid] => 1
    [groupid] => 0
    [level] => 5
    [agentid] => 0
    [openid] => oY2AEv8tgKppRT5ILpTgQSyUjVdg
    [realname] => 小伟
    [mobile] => 13288690885
    [pwd] => e10adc3949ba59abbe56e057f20f883e
    [weixin] => 
    [content] => 
    [createtime] => 1487587614
    [agenttime] => 1487587614
    [status] => 1
    [isagent] => 1
    [clickcount] => 0
    [agentlevel] => 5
    [bonuslevel] => 0
    [bonus_area] => 0
    [bonus_province] => 
    [bonus_city] => 
    [bonus_district] => 
    [bonus_area_commission] => 0.00
    [bonus_status] => 0
    [noticeset] => 
    [nickname] => Z追梦少年zzz...
    [credit1] => 0
    [credit2] => 0.00
    [yuanguo] => 1303.98
    [xianguo] => 55.80
    [gengzhongguo] => 48.22
    [ touqu] => 0
    [birthyear] => 
    [birthmonth] => 
    [birthday] => 
    [gender] => 1
    [avatar] => http://wx.qlogo.cn/mmopen/o6lUeFCVQhrTWNmFjibL0kNqLcYzOlmfTqSNIENbD3XEzMeHFAVTr6klrWOLrNvvgicIfiblcun0v9n1gyDqOPBCHib38H2GJ6ve/132
    [province] => 湖南
    [city] => 常德
    [area] => 
    [childtime] => 0
    [inviter] => 0
    [agentnotupgrade] => 0
    [agentselectgoods] => 0
    [agentblack] => 0
    [fixagentid] => 0
    [regtype] => 1
    [isbindmobile] => 1
    [isjumpbind] => 0
    [diymemberid] => 1
    [isblack] => 0
    [diymemberdataid] => 0
    [diycommissionid] => 0
    [diycommissiondataid] => 0
    [diymemberfields] => a:5:{s:11:"diyxingming";a:4:{s:9:"data_type";s:1:"0";s:7:"tp_name";s:6:"姓名";s:7:"tp_must";s:1:"1";s:13:"tp_is_default";s:1:"0";}s:19:"diyzhifubaozhanghao";a:4:{s:9:"data_type";s:1:"0";s:7:"tp_name";s:15:"支付宝账号";s:7:"tp_must";s:1:"1";s:13:"tp_is_default";s:1:"0";}s:15:"diyyinxingkahao";a:4:{s:9:"data_type";s:1:"0";s:7:"tp_name";s:12:"银行卡号";s:7:"tp_must";s:1:"1";s:13:"tp_is_default";s:1:"0";}s:15:"diykaihuyinxing";a:4:{s:9:"data_type";s:1:"0";s:7:"tp_name";s:12:"开户银行";s:7:"tp_must";s:1:"1";s:13:"tp_is_default";s:1:"0";}s:15:"diyxiangxidizhi";a:3:{s:9:"data_type";s:1:"1";s:7:"tp_name";s:12:"详细地址";s:7:"tp_must";s:1:"1";}}
    [diymemberdata] => a:5:{s:11:"diyxingming";s:9:"周业伟";s:19:"diyzhifubaozhanghao";s:11:"13288690885";s:15:"diyyinxingkahao";s:17:"43123465456456456";s:15:"diykaihuyinxing";s:6:"测试";s:15:"diyxiangxidizhi";s:12:"测试测试";}
    [diycommissionfields] => 
    [diycommissiondata] => 
    [referralsn] => 
)

[2017/05/23 19:48:23]---Array
(
    [id] => 88888
    [uniacid] => 5
    [uid] => 1
    [groupid] => 0
    [level] => 5
    [agentid] => 0
    [openid] => oY2AEv8tgKppRT5ILpTgQSyUjVdg
    [realname] => 小伟
    [mobile] => 13288690885
    [pwd] => e10adc3949ba59abbe56e057f20f883e
    [weixin] => 
    [content] => 
    [createtime] => 1487587614
    [agenttime] => 1487587614
    [status] => 1
    [isagent] => 1
    [clickcount] => 0
    [agentlevel] => 5
    [bonuslevel] => 0
    [bonus_area] => 0
    [bonus_province] => 
    [bonus_city] => 
    [bonus_district] => 
    [bonus_area_commission] => 0.00
    [bonus_status] => 0
    [noticeset] => 
    [nickname] => Z追梦少年zzz...
    [credit1] => 0
    [credit2] => 0.00
    [yuanguo] => 1303.98
    [xianguo] => 55.80
    [gengzhongguo] => 48.22
    [ touqu] => 0
    [birthyear] => 
    [birthmonth] => 
    [birthday] => 
    [gender] => 1
    [avatar] => http://wx.qlogo.cn/mmopen/o6lUeFCVQhrTWNmFjibL0kNqLcYzOlmfTqSNIENbD3XEzMeHFAVTr6klrWOLrNvvgicIfiblcun0v9n1gyDqOPBCHib38H2GJ6ve/132
    [province] => 湖南
    [city] => 常德
    [area] => 
    [childtime] => 0
    [inviter] => 0
    [agentnotupgrade] => 0
    [agentselectgoods] => 0
    [agentblack] => 0
    [fixagentid] => 0
    [regtype] => 1
    [isbindmobile] => 1
    [isjumpbind] => 0
    [diymemberid] => 1
    [isblack] => 0
    [diymemberdataid] => 0
    [diycommissionid] => 0
    [diycommissiondataid] => 0
    [diymemberfields] => a:5:{s:11:"diyxingming";a:4:{s:9:"data_type";s:1:"0";s:7:"tp_name";s:6:"姓名";s:7:"tp_must";s:1:"1";s:13:"tp_is_default";s:1:"0";}s:19:"diyzhifubaozhanghao";a:4:{s:9:"data_type";s:1:"0";s:7:"tp_name";s:15:"支付宝账号";s:7:"tp_must";s:1:"1";s:13:"tp_is_default";s:1:"0";}s:15:"diyyinxingkahao";a:4:{s:9:"data_type";s:1:"0";s:7:"tp_name";s:12:"银行卡号";s:7:"tp_must";s:1:"1";s:13:"tp_is_default";s:1:"0";}s:15:"diykaihuyinxing";a:4:{s:9:"data_type";s:1:"0";s:7:"tp_name";s:12:"开户银行";s:7:"tp_must";s:1:"1";s:13:"tp_is_default";s:1:"0";}s:15:"diyxiangxidizhi";a:3:{s:9:"data_type";s:1:"1";s:7:"tp_name";s:12:"详细地址";s:7:"tp_must";s:1:"1";}}
    [diymemberdata] => a:5:{s:11:"diyxingming";s:9:"周业伟";s:19:"diyzhifubaozhanghao";s:11:"13288690885";s:15:"diyyinxingkahao";s:17:"43123465456456456";s:15:"diykaihuyinxing";s:6:"测试";s:15:"diyxiangxidizhi";s:12:"测试测试";}
    [diycommissionfields] => 
    [diycommissiondata] => 
    [referralsn] => 
)

