2018-11-29 09:18:40 SQL Error :
------------
String:
SQL: <br/>INSERT INTO `ims_ewei_shop_goods` SET `uniacid` =  :uniacid_1 , `subtitle` =  :subtitle_2 , `merchid` =  :merchid_3 , `checked` =  :checked_4 , `catch_source` =  :catch_source_5 , `catch_id` =  :catch_id_6 , `catch_url` =  :catch_url_7 , `title` =  :title_8 , `total` =  :total_9 , `marketprice` =  :marketprice_10 , `productprice` =  :productprice_11 , `pcate` =  :pcate_12 , `ccate` =  :ccate_13 , `tcate` =  :tcate_14 , `cates` =  :cates_15 , `sales` =  :sales_16 , `createtime` =  :createtime_17 , `updatetime` =  :updatetime_18 , `hasoption` =  :hasoption_19 , `status` =  :status_20 , `deleted` =  :deleted_21 , `buylevels` =  :buylevels_22 , `showlevels` =  :showlevels_23 , `buygroups` =  :buygroups_24 , `showgroups` =  :showgroups_25 , `noticeopenid` =  :noticeopenid_26 , `storeids` =  :storeids_27 , `merchsale` =  :merchsale_28 , `newgoods` =  :newgoods_29 , `discounts` =  :discounts_30 , `thumb` =  :thumb_31 , `thumb_url` =  :thumb_url_32<hr/>Params: <br/>array (
  ':uniacid_1' => 4,
  ':subtitle_2' => '',
  ':merchid_3' => 0,
  ':checked_4' => '',
  ':catch_source_5' => 'taobao',
  ':catch_id_6' => '',
  ':catch_url_7' => '532703834866',
  ':title_8' => 'SUPOR/苏泊尔 SWF17E18D电热水壶304不锈钢电水壶保温烧水壶',
  ':total_9' => '',
  ':marketprice_10' => '',
  ':productprice_11' => '',
  ':pcate_12' => '1180',
  ':ccate_13' => 0,
  ':tcate_14' => 0,
  ':cates_15' => '1180',
  ':sales_16' => '',
  ':createtime_17' => 1543454319,
  ':updatetime_18' => 1543454319,
  ':hasoption_19' => 0,
  ':status_20' => 0,
  ':deleted_21' => 0,
  ':buylevels_22' => '',
  ':showlevels_23' => '',
  ':buygroups_24' => '',
  ':showgroups_25' => '',
  ':noticeopenid_26' => '',
  ':storeids_27' => '',
  ':merchsale_28' => 0,
  ':newgoods_29' => 1,
  ':discounts_30' => '{"type":"0","default":"","default_pay":""}',
  ':thumb_31' => 'images/4/2018/11/wBW5ss5j4pqm4c91qMdSsiQ01Qb1lIf1.jpg',
  ':thumb_url_32' => 'a:4:{i:0;s:53:"images/4/2018/11/kV88s08Wz9vAv28w2Avhju0EjVZ2xSvb.jpg";i:1;s:53:"images/4/2018/11/oPmm9kE4EmRj7my7eZ4MtOmTot6GtE11.jpg";i:2;s:53:"images/4/2018/11/f991gjgRNJGG2a679P14Jz7p19cnzPF1.jpg";i:3;s:53:"images/4/2018/11/dxHx9ImayY2zxaFfafjhaAhnh922ohjm.jpg";}',
)<hr/>SQL Error: <br/>Unknown column 'newgoods' in 'field list'<hr/>Traces: <br/>file: /framework/class/db.class.php; line: 115; <br />file: /framework/class/db.class.php; line: 285; <br />file: /framework/function/pdo.func.php; line: 71; <br />file: /addons/ewei_shopv2/plugin/taobao/core/model.php; line: 1211; <br />file: /addons/ewei_shopv2/plugin/taobao/core/model.php; line: 841; <br />file: /addons/ewei_shopv2/plugin/taobao/core/web/index.php; line: 64; <br />file: /addons/ewei_shopv2/core/model/route.php; line: 202; <br />file: /addons/ewei_shopv2/site.php; line: 34; <br />file: /web/source/site/entry.ctrl.php; line: 81; <br />file: /web/index.php; line: 201; <br />

2018-11-29 12:11:09 SQL Error :
------------
String:
SQL: <br/>INSERT INTO `ims_ewei_shop_goods` SET `uniacid` =  :uniacid_1 , `subtitle` =  :subtitle_2 , `merchid` =  :merchid_3 , `checked` =  :checked_4 , `catch_source` =  :catch_source_5 , `catch_id` =  :catch_id_6 , `catch_url` =  :catch_url_7 , `title` =  :title_8 , `total` =  :total_9 , `marketprice` =  :marketprice_10 , `productprice` =  :productprice_11 , `pcate` =  :pcate_12 , `ccate` =  :ccate_13 , `tcate` =  :tcate_14 , `cates` =  :cates_15 , `sales` =  :sales_16 , `createtime` =  :createtime_17 , `updatetime` =  :updatetime_18 , `hasoption` =  :hasoption_19 , `status` =  :status_20 , `deleted` =  :deleted_21 , `buylevels` =  :buylevels_22 , `showlevels` =  :showlevels_23 , `buygroups` =  :buygroups_24 , `showgroups` =  :showgroups_25 , `noticeopenid` =  :noticeopenid_26 , `storeids` =  :storeids_27 , `merchsale` =  :merchsale_28 , `newgoods` =  :newgoods_29 , `discounts` =  :discounts_30 , `thumb` =  :thumb_31 , `thumb_url` =  :thumb_url_32<hr/>Params: <br/>array (
  ':uniacid_1' => 4,
  ':subtitle_2' => '',
  ':merchid_3' => 0,
  ':checked_4' => '',
  ':catch_source_5' => 'taobao',
  ':catch_id_6' => '',
  ':catch_url_7' => '560854957069',
  ':title_8' => '连体睡衣女冬季卡通学生韩版男加厚加绒成人学生搞笑情侣可爱套装',
  ':total_9' => 0,
  ':marketprice_10' => '',
  ':productprice_11' => '108.00 ',
  ':pcate_12' => '1180',
  ':ccate_13' => 0,
  ':tcate_14' => 0,
  ':cates_15' => '1180',
  ':sales_16' => '',
  ':createtime_17' => 1543464668,
  ':updatetime_18' => 1543464668,
  ':hasoption_19' => 1,
  ':status_20' => 0,
  ':deleted_21' => 0,
  ':buylevels_22' => '',
  ':showlevels_23' => '',
  ':buygroups_24' => '',
  ':showgroups_25' => '',
  ':noticeopenid_26' => '',
  ':storeids_27' => '',
  ':merchsale_28' => 0,
  ':newgoods_29' => 1,
  ':discounts_30' => '{"type":"0","default":"","default_pay":""}',
  ':thumb_31' => 'images/4/2018/11/qB9WYbSRb29GeWs5Bwccc9ZcT5Td2OTC.jpg',
  ':thumb_url_32' => 'a:4:{i:0;s:53:"images/4/2018/11/HEDBZFwHhhe3H6h36ff508E73HD573qH.jpg";i:1;s:53:"images/4/2018/11/TwzfZFHq1f8Wx91ffT7PwJ48aWKZu7Wj.jpg";i:2;s:53:"images/4/2018/11/x045R8nce56G44169E8Dzn5nc3434336.jpg";i:3;s:53:"images/4/2018/11/KyE4T77msw9ssyEMonW3sWnuKZN3WNo3.jpg";}',
)<hr/>SQL Error: <br/>Unknown column 'newgoods' in 'field list'<hr/>Traces: <br/>file: /framework/class/db.class.php; line: 115; <br />file: /framework/class/db.class.php; line: 285; <br />file: /framework/function/pdo.func.php; line: 71; <br />file: /addons/ewei_shopv2/plugin/taobao/core/model.php; line: 1211; <br />file: /addons/ewei_shopv2/plugin/taobao/core/model.php; line: 442; <br />file: /addons/ewei_shopv2/plugin/taobao/core/web/index.php; line: 68; <br />file: /addons/ewei_shopv2/core/model/route.php; line: 202; <br />file: /addons/ewei_shopv2/site.php; line: 34; <br />file: /web/source/site/entry.ctrl.php; line: 81; <br />file: /web/index.php; line: 201; <br />

2018-11-29 12:36:20 SQL Error :
------------
String:
SQL: <br/>INSERT INTO `ims_ewei_shop_goods` SET `uniacid` =  :uniacid_1 , `subtitle` =  :subtitle_2 , `merchid` =  :merchid_3 , `checked` =  :checked_4 , `catch_source` =  :catch_source_5 , `catch_id` =  :catch_id_6 , `catch_url` =  :catch_url_7 , `title` =  :title_8 , `total` =  :total_9 , `marketprice` =  :marketprice_10 , `productprice` =  :productprice_11 , `pcate` =  :pcate_12 , `ccate` =  :ccate_13 , `tcate` =  :tcate_14 , `cates` =  :cates_15 , `sales` =  :sales_16 , `createtime` =  :createtime_17 , `updatetime` =  :updatetime_18 , `hasoption` =  :hasoption_19 , `status` =  :status_20 , `deleted` =  :deleted_21 , `buylevels` =  :buylevels_22 , `showlevels` =  :showlevels_23 , `buygroups` =  :buygroups_24 , `showgroups` =  :showgroups_25 , `noticeopenid` =  :noticeopenid_26 , `storeids` =  :storeids_27 , `merchsale` =  :merchsale_28 , `newgoods` =  :newgoods_29 , `discounts` =  :discounts_30 , `thumb` =  :thumb_31 , `thumb_url` =  :thumb_url_32<hr/>Params: <br/>array (
  ':uniacid_1' => 4,
  ':subtitle_2' => '',
  ':merchid_3' => 0,
  ':checked_4' => '',
  ':catch_source_5' => 'taobao',
  ':catch_id_6' => '',
  ':catch_url_7' => '567129377200',
  ':title_8' => '碗莲水培植物睡莲水生荷花盆栽四季易活办公室内盆栽绿植水养花卉',
  ':total_9' => 0,
  ':marketprice_10' => '',
  ':productprice_11' => '13.40 ',
  ':pcate_12' => '1177',
  ':ccate_13' => 0,
  ':tcate_14' => 0,
  ':cates_15' => '1177',
  ':sales_16' => '',
  ':createtime_17' => 1543466179,
  ':updatetime_18' => 1543466179,
  ':hasoption_19' => 1,
  ':status_20' => 0,
  ':deleted_21' => 0,
  ':buylevels_22' => '',
  ':showlevels_23' => '',
  ':buygroups_24' => '',
  ':showgroups_25' => '',
  ':noticeopenid_26' => '',
  ':storeids_27' => '',
  ':merchsale_28' => 0,
  ':newgoods_29' => 1,
  ':discounts_30' => '{"type":"0","default":"","default_pay":""}',
  ':thumb_31' => 'images/4/2018/11/TzyfujAq2APp2YhfuzuoXf2uPqPJXocH.jpg',
  ':thumb_url_32' => 'a:4:{i:0;s:53:"images/4/2018/11/NmiWeTUD5tZ7Beu0e7I6TbNN7MmMNet5.jpg";i:1;s:53:"images/4/2018/11/sZIT6oCG4nGLiLGgnnziN969DpZCpt4C.jpg";i:2;s:53:"images/4/2018/11/WB2u50AuG5EBDG2Oe1BEEqH26hUQz770.jpg";i:3;s:53:"images/4/2018/11/El3Wjj2l33WIbPi20cw2gTWS3z8iSIz6.jpg";}',
)<hr/>SQL Error: <br/>Unknown column 'newgoods' in 'field list'<hr/>Traces: <br/>file: /framework/class/db.class.php; line: 115; <br />file: /framework/class/db.class.php; line: 285; <br />file: /framework/function/pdo.func.php; line: 71; <br />file: /addons/ewei_shopv2/plugin/taobao/core/model.php; line: 1212; <br />file: /addons/ewei_shopv2/plugin/taobao/core/model.php; line: 443; <br />file: /addons/ewei_shopv2/plugin/taobao/core/web/index.php; line: 68; <br />file: /addons/ewei_shopv2/core/model/route.php; line: 202; <br />file: /addons/ewei_shopv2/site.php; line: 34; <br />file: /web/source/site/entry.ctrl.php; line: 81; <br />file: /web/index.php; line: 201; <br />

2018-11-29 14:24:33 SQL Error :
------------
String:
SQL: <br/>INSERT INTO `ims_ewei_shop_goods` SET `uniacid` =  :uniacid_1 , `subtitle` =  :subtitle_2 , `merchid` =  :merchid_3 , `checked` =  :checked_4 , `catch_source` =  :catch_source_5 , `catch_id` =  :catch_id_6 , `catch_url` =  :catch_url_7 , `title` =  :title_8 , `total` =  :total_9 , `marketprice` =  :marketprice_10 , `productprice` =  :productprice_11 , `pcate` =  :pcate_12 , `ccate` =  :ccate_13 , `tcate` =  :tcate_14 , `cates` =  :cates_15 , `sales` =  :sales_16 , `createtime` =  :createtime_17 , `updatetime` =  :updatetime_18 , `hasoption` =  :hasoption_19 , `status` =  :status_20 , `deleted` =  :deleted_21 , `buylevels` =  :buylevels_22 , `showlevels` =  :showlevels_23 , `buygroups` =  :buygroups_24 , `showgroups` =  :showgroups_25 , `noticeopenid` =  :noticeopenid_26 , `storeids` =  :storeids_27 , `merchsale` =  :merchsale_28 , `newgoods` =  :newgoods_29 , `discounts` =  :discounts_30 , `thumb` =  :thumb_31 , `thumb_url` =  :thumb_url_32<hr/>Params: <br/>array (
  ':uniacid_1' => 4,
  ':subtitle_2' => '',
  ':merchid_3' => 0,
  ':checked_4' => '',
  ':catch_source_5' => 'taobao',
  ':catch_id_6' => '',
  ':catch_url_7' => '560767884894',
  ':title_8' => '蒲江翠玉猕猴桃30粒奇异果新鲜水果非翠香徐香红心包邮送勺子',
  ':total_9' => 0,
  ':marketprice_10' => '',
  ':productprice_11' => '39.00 ',
  ':pcate_12' => '1177',
  ':ccate_13' => 0,
  ':tcate_14' => 0,
  ':cates_15' => '1177',
  ':sales_16' => '',
  ':createtime_17' => 1543472672,
  ':updatetime_18' => 1543472672,
  ':hasoption_19' => 1,
  ':status_20' => 0,
  ':deleted_21' => 0,
  ':buylevels_22' => '',
  ':showlevels_23' => '',
  ':buygroups_24' => '',
  ':showgroups_25' => '',
  ':noticeopenid_26' => '',
  ':storeids_27' => '',
  ':merchsale_28' => 0,
  ':newgoods_29' => 1,
  ':discounts_30' => '{"type":"0","default":"","default_pay":""}',
  ':thumb_31' => 'images/4/2018/11/X4jTD7Dtxttl47ukK2hndjA9tH1H4T4A.jpg',
  ':thumb_url_32' => 'a:4:{i:0;s:53:"images/4/2018/11/YNcccMMOWs4o232fLbCbn722S2b8Z22r.jpg";i:1;s:53:"images/4/2018/11/KHHF38LFO386Vf9V5OVY73vO5vs2ls2l.jpg";i:2;s:53:"images/4/2018/11/T2ZWDDcc4JJ8QS2cjj858U55h84c7CJw.jpg";i:3;s:53:"images/4/2018/11/m3532tmZVV5NdDG5SESBTsteDgMCgcv3.jpg";}',
)<hr/>SQL Error: <br/>Unknown column 'newgoods' in 'field list'<hr/>Traces: <br/>file: /framework/class/db.class.php; line: 115; <br />file: /framework/class/db.class.php; line: 285; <br />file: /framework/function/pdo.func.php; line: 71; <br />file: /addons/ewei_shopv2/plugin/taobao/core/model.php; line: 1211; <br />file: /addons/ewei_shopv2/plugin/taobao/core/model.php; line: 442; <br />file: /addons/ewei_shopv2/plugin/taobao/core/web/index.php; line: 68; <br />file: /addons/ewei_shopv2/core/model/route.php; line: 202; <br />file: /addons/ewei_shopv2/site.php; line: 34; <br />file: /web/source/site/entry.ctrl.php; line: 81; <br />file: /web/index.php; line: 201; <br />

2018-11-29 15:07:13 SQL Error :
------------
String:
SQL: <br/>SELECT `value` FROM `ims_core_cache` WHERE `key` =  :__key_1  LIMIT 1<hr/>Params: <br/>array (
  ':__key_1' => 'we7:module_setting:3:ewei_shopv2',
)<hr/>SQL Error: <br/>MySQL server has gone away<hr/>Traces: <br/>file: /framework/class/db.class.php; line: 167; <br />file: /framework/class/db.class.php; line: 227; <br />file: /framework/class/db.class.php; line: 259; <br />file: /framework/function/pdo.func.php; line: 61; <br />file: /framework/function/cache.mysql.func.php; line: 10; <br />file: /framework/function/cache.func.php; line: 39; <br />file: /framework/model/module.mod.php; line: 304; <br />file: /framework/model/module.mod.php; line: 497; <br />file: /web/source/module/manage-account.ctrl.php; line: 22; <br />file: /web/index.php; line: 213; <br />

2018-11-29 15:07:13 SQL Error :
------------
String:
SQL: <br/>SELECT * FROM `ims_uni_account_modules` WHERE `module` =  :__module_1 AND `uniacid` =  :__uniacid_2  LIMIT 1<hr/>Params: <br/>array (
  ':__module_1' => 'ewei_shopv2',
  ':__uniacid_2' => 3,
)<hr/>SQL Error: <br/>MySQL server has gone away<hr/>Traces: <br/>file: /framework/class/db.class.php; line: 167; <br />file: /framework/class/db.class.php; line: 227; <br />file: /framework/function/pdo.func.php; line: 49; <br />file: /framework/model/module.mod.php; line: 306; <br />file: /framework/model/module.mod.php; line: 497; <br />file: /web/source/module/manage-account.ctrl.php; line: 22; <br />file: /web/index.php; line: 213; <br />

