2019-01-07 10:50:44 SQL Error :
------------
String:
SQL: <br/>SELECT * FROM `ims_modules`<hr/>Params: <br/>array (
)<hr/>SQL Error: <br/>MySQL server has gone away<hr/>Traces: <br/>file: /framework/class/db.class.php; line: 194; <br />file: /framework/class/db.class.php; line: 238; <br />file: /framework/function/pdo.func.php; line: 53; <br />file: /framework/model/cache.mod.php; line: 272; <br />file: /framework/model/module.mod.php; line: 359; <br />file: /web/source/home/welcome.ctrl.php; line: 58; <br />file: /web/index.php; line: 213; <br />

2019-01-07 10:50:44 SQL Error :
------------
String:
SQL: <br/>SELECT * FROM `ims_modules_recycle`<hr/>Params: <br/>array (
)<hr/>SQL Error: <br/>MySQL server has gone away<hr/>Traces: <br/>file: /framework/class/db.class.php; line: 194; <br />file: /framework/class/db.class.php; line: 238; <br />file: /framework/function/pdo.func.php; line: 53; <br />file: /framework/model/cache.mod.php; line: 275; <br />file: /framework/model/module.mod.php; line: 359; <br />file: /web/source/home/welcome.ctrl.php; line: 58; <br />file: /web/index.php; line: 213; <br />

2019-01-07 10:50:44 SQL Error :
------------
String:
SQL: <br/>SELECT `name` FROM `ims_modules` WHERE `type` <> :type<hr/>Params: <br/>array (
  ':type' => 'system',
)<hr/>SQL Error: <br/>MySQL server has gone away<hr/>Traces: <br/>file: /framework/class/db.class.php; line: 194; <br />file: /framework/function/pdo.func.php; line: 44; <br />file: /framework/model/cloud.mod.php; line: 669; <br />file: /framework/model/cloud.mod.php; line: 371; <br />file: /framework/model/cache.mod.php; line: 277; <br />file: /framework/model/module.mod.php; line: 359; <br />file: /web/source/home/welcome.ctrl.php; line: 58; <br />file: /web/index.php; line: 213; <br />

2019-01-07 10:50:44 SQL Error :
------------
String:
SQL: <br/>REPLACE INTO `ims_core_cache` SET `key` =  :key_1 , `value` =  :value_2<hr/>Params: <br/>array (
  ':key_1' => 'we7:module:all_uninstall',
  ':value_2' => 'a:2:{s:6:"expire";i:1546833008;s:4:"data";a:4:{s:13:"cloud_m_count";N;s:7:"modules";a:2:{s:7:"recycle";a:0:{}s:11:"uninstalled";a:1:{s:3:"app";a:1:{s:11:"ewei_shopv2";a:8:{s:4:"from";s:5:"local";s:4:"name";s:11:"ewei_shopv2";s:7:"version";s:5:"3.1.1";s:5:"title";s:14:"人人商城V3";s:11:"app_support";i:2;s:13:"wxapp_support";i:1;s:11:"main_module";s:0:"";s:15:"upgrade_support";b:0;}}}}s:9:"app_count";i:1;s:11:"wxapp_count";i:0;}}',
)<hr/>SQL Error: <br/>MySQL server has gone away<hr/>Traces: <br/>file: /framework/class/db.class.php; line: 115; <br />file: /framework/class/db.class.php; line: 285; <br />file: /framework/function/pdo.func.php; line: 71; <br />file: /framework/function/cache.mysql.func.php; line: 55; <br />file: /framework/model/cache.mod.php; line: 377; <br />file: /framework/model/module.mod.php; line: 359; <br />file: /web/source/home/welcome.ctrl.php; line: 58; <br />file: /web/index.php; line: 213; <br />

2019-01-07 10:50:44 SQL Error :
------------
String:
SQL: <br/>SELECT `value` FROM `ims_core_cache` WHERE `key` =  :__key_1  LIMIT 1<hr/>Params: <br/>array (
  ':__key_1' => 'we7:user_modules:1',
)<hr/>SQL Error: <br/>MySQL server has gone away<hr/>Traces: <br/>file: /framework/class/db.class.php; line: 167; <br />file: /framework/class/db.class.php; line: 227; <br />file: /framework/class/db.class.php; line: 259; <br />file: /framework/function/pdo.func.php; line: 61; <br />file: /framework/function/cache.mysql.func.php; line: 10; <br />file: /framework/function/cache.func.php; line: 39; <br />file: /framework/model/user.mod.php; line: 352; <br />file: /framework/model/user.mod.php; line: 462; <br />file: /web/source/home/welcome.ctrl.php; line: 62; <br />file: /web/index.php; line: 213; <br />

2019-01-07 10:50:44 SQL Error :
------------
String:
SQL: <br/>SELECT * FROM `ims_users`  WHERE 1  AND `uid`=:uid LIMIT 1<hr/>Params: <br/>array (
  ':uid' => 1,
)<hr/>SQL Error: <br/>MySQL server has gone away<hr/>Traces: <br/>file: /framework/class/db.class.php; line: 167; <br />file: /framework/function/pdo.func.php; line: 40; <br />file: /framework/model/user.mod.php; line: 160; <br />file: /framework/model/user.mod.php; line: 354; <br />file: /framework/model/user.mod.php; line: 462; <br />file: /web/source/home/welcome.ctrl.php; line: 62; <br />file: /web/index.php; line: 213; <br />

2019-01-07 10:50:44 SQL Error :
------------
String:
SQL: <br/>SELECT `name` FROM `ims_modules` WHERE `issystem` =  :__issystem_1<hr/>Params: <br/>array (
  ':__issystem_1' => 1,
)<hr/>SQL Error: <br/>MySQL server has gone away<hr/>Traces: <br/>file: /framework/class/db.class.php; line: 194; <br />file: /framework/class/db.class.php; line: 238; <br />file: /framework/function/pdo.func.php; line: 53; <br />file: /framework/model/user.mod.php; line: 356; <br />file: /framework/model/user.mod.php; line: 462; <br />file: /web/source/home/welcome.ctrl.php; line: 62; <br />file: /web/index.php; line: 213; <br />

2019-01-07 10:50:44 SQL Error :
------------
String:
SQL: <br/>SELECT `name` FROM `ims_modules` ORDER BY mid DESC <hr/>Params: <br/>array (
)<hr/>SQL Error: <br/>MySQL server has gone away<hr/>Traces: <br/>file: /framework/class/db.class.php; line: 194; <br />file: /framework/class/db.class.php; line: 238; <br />file: /framework/function/pdo.func.php; line: 53; <br />file: /framework/model/user.mod.php; line: 358; <br />file: /framework/model/user.mod.php; line: 462; <br />file: /web/source/home/welcome.ctrl.php; line: 62; <br />file: /web/index.php; line: 213; <br />

2019-01-07 10:50:44 SQL Error :
------------
String:
SQL: <br/>SHOW TABLES LIKE 'ims_modules_plugin'<hr/>Params: <br/>array (
)<hr/>SQL Error: <br/>MySQL server has gone away<hr/>Traces: <br/>file: /framework/class/db.class.php; line: 167; <br />file: /framework/class/db.class.php; line: 556; <br />file: /framework/function/pdo.func.php; line: 130; <br />file: /framework/model/user.mod.php; line: 391; <br />file: /framework/model/user.mod.php; line: 462; <br />file: /web/source/home/welcome.ctrl.php; line: 62; <br />file: /web/index.php; line: 213; <br />

2019-01-07 10:50:44 SQL Error :
------------
String:
SQL: <br/>REPLACE INTO `ims_core_cache` SET `key` =  :key_1 , `value` =  :value_2<hr/>Params: <br/>array (
  ':key_1' => 'we7:user_modules:1',
  ':value_2' => 'a:0:{}',
)<hr/>SQL Error: <br/>MySQL server has gone away<hr/>Traces: <br/>file: /framework/class/db.class.php; line: 115; <br />file: /framework/class/db.class.php; line: 285; <br />file: /framework/function/pdo.func.php; line: 71; <br />file: /framework/function/cache.mysql.func.php; line: 55; <br />file: /framework/model/user.mod.php; line: 414; <br />file: /framework/model/user.mod.php; line: 462; <br />file: /web/source/home/welcome.ctrl.php; line: 62; <br />file: /web/index.php; line: 213; <br />

2019-01-07 10:50:44 SQL Error :
------------
String:
SQL: <br/>SELECT `value` FROM `ims_core_cache` WHERE `key` =  :__key_1  LIMIT 1<hr/>Params: <br/>array (
  ':__key_1' => 'we7:user_modules:1',
)<hr/>SQL Error: <br/>MySQL server has gone away<hr/>Traces: <br/>file: /framework/class/db.class.php; line: 167; <br />file: /framework/class/db.class.php; line: 227; <br />file: /framework/class/db.class.php; line: 259; <br />file: /framework/function/pdo.func.php; line: 61; <br />file: /framework/function/cache.mysql.func.php; line: 10; <br />file: /framework/function/cache.func.php; line: 39; <br />file: /framework/model/user.mod.php; line: 352; <br />file: /framework/model/user.mod.php; line: 462; <br />file: /web/source/home/welcome.ctrl.php; line: 63; <br />file: /web/index.php; line: 213; <br />

2019-01-07 10:50:44 SQL Error :
------------
String:
SQL: <br/>SELECT * FROM `ims_users`  WHERE 1  AND `uid`=:uid LIMIT 1<hr/>Params: <br/>array (
  ':uid' => 1,
)<hr/>SQL Error: <br/>MySQL server has gone away<hr/>Traces: <br/>file: /framework/class/db.class.php; line: 167; <br />file: /framework/function/pdo.func.php; line: 40; <br />file: /framework/model/user.mod.php; line: 160; <br />file: /framework/model/user.mod.php; line: 354; <br />file: /framework/model/user.mod.php; line: 462; <br />file: /web/source/home/welcome.ctrl.php; line: 63; <br />file: /web/index.php; line: 213; <br />

2019-01-07 10:50:44 SQL Error :
------------
String:
SQL: <br/>SELECT `name` FROM `ims_modules` WHERE `issystem` =  :__issystem_1<hr/>Params: <br/>array (
  ':__issystem_1' => 1,
)<hr/>SQL Error: <br/>MySQL server has gone away<hr/>Traces: <br/>file: /framework/class/db.class.php; line: 194; <br />file: /framework/class/db.class.php; line: 238; <br />file: /framework/function/pdo.func.php; line: 53; <br />file: /framework/model/user.mod.php; line: 356; <br />file: /framework/model/user.mod.php; line: 462; <br />file: /web/source/home/welcome.ctrl.php; line: 63; <br />file: /web/index.php; line: 213; <br />

2019-01-07 10:50:44 SQL Error :
------------
String:
SQL: <br/>SELECT `name` FROM `ims_modules` ORDER BY mid DESC <hr/>Params: <br/>array (
)<hr/>SQL Error: <br/>MySQL server has gone away<hr/>Traces: <br/>file: /framework/class/db.class.php; line: 194; <br />file: /framework/class/db.class.php; line: 238; <br />file: /framework/function/pdo.func.php; line: 53; <br />file: /framework/model/user.mod.php; line: 358; <br />file: /framework/model/user.mod.php; line: 462; <br />file: /web/source/home/welcome.ctrl.php; line: 63; <br />file: /web/index.php; line: 213; <br />

2019-01-07 10:50:44 SQL Error :
------------
String:
SQL: <br/>SHOW TABLES LIKE 'ims_modules_plugin'<hr/>Params: <br/>array (
)<hr/>SQL Error: <br/>MySQL server has gone away<hr/>Traces: <br/>file: /framework/class/db.class.php; line: 167; <br />file: /framework/class/db.class.php; line: 556; <br />file: /framework/function/pdo.func.php; line: 130; <br />file: /framework/model/user.mod.php; line: 391; <br />file: /framework/model/user.mod.php; line: 462; <br />file: /web/source/home/welcome.ctrl.php; line: 63; <br />file: /web/index.php; line: 213; <br />

2019-01-07 10:50:44 SQL Error :
------------
String:
SQL: <br/>REPLACE INTO `ims_core_cache` SET `key` =  :key_1 , `value` =  :value_2<hr/>Params: <br/>array (
  ':key_1' => 'we7:user_modules:1',
  ':value_2' => 'a:0:{}',
)<hr/>SQL Error: <br/>MySQL server has gone away<hr/>Traces: <br/>file: /framework/class/db.class.php; line: 115; <br />file: /framework/class/db.class.php; line: 285; <br />file: /framework/function/pdo.func.php; line: 71; <br />file: /framework/function/cache.mysql.func.php; line: 55; <br />file: /framework/model/user.mod.php; line: 414; <br />file: /framework/model/user.mod.php; line: 462; <br />file: /web/source/home/welcome.ctrl.php; line: 63; <br />file: /web/index.php; line: 213; <br />

2019-01-07 11:41:59 SQL Error :
------------
String:
SQL: <br/>select oh.*,o.ordersn from `ims_ewei_shop_order_hongbao`oh left join`ims_ewei_shop_order`o on oh.orderid=o.id where oh.uniacid=:uniacid and oh.openid=:openid order by createtime desc<hr/>Params: <br/>array (
  ':uniacid' => 12,
  ':openid' => 'wap_user_12_17671252557',
)<hr/>SQL Error: <br/>Table 'hskj_1.ims_ewei_shop_order_hongbao' doesn't exist<hr/>Traces: <br/>file: /framework/class/db.class.php; line: 194; <br />file: /framework/function/pdo.func.php; line: 44; <br />file: /addons/ewei_shopv2/core/mobile/member/fullback.php; line: 14; <br />file: /addons/ewei_shopv2/core/model/route.php; line: 202; <br />file: /addons/ewei_shopv2/site.php; line: 38; <br />file: /app/source/entry/site.ctrl.php; line: 12; <br />file: /app/index.php; line: 115; <br />

2019-01-07 11:42:00 SQL Error :
------------
String:
SQL: <br/>select oh.*,o.ordersn from `ims_ewei_shop_order_hongbao`oh left join`ims_ewei_shop_order`o on oh.orderid=o.id where oh.uniacid=:uniacid and oh.openid=:openid order by createtime desc<hr/>Params: <br/>array (
  ':uniacid' => 12,
  ':openid' => 'wap_user_12_17671252557',
)<hr/>SQL Error: <br/>Table 'hskj_1.ims_ewei_shop_order_hongbao' doesn't exist<hr/>Traces: <br/>file: /framework/class/db.class.php; line: 194; <br />file: /framework/function/pdo.func.php; line: 44; <br />file: /addons/ewei_shopv2/core/mobile/member/fullback.php; line: 14; <br />file: /addons/ewei_shopv2/core/model/route.php; line: 202; <br />file: /addons/ewei_shopv2/site.php; line: 38; <br />file: /app/source/entry/site.ctrl.php; line: 12; <br />file: /app/index.php; line: 115; <br />

2019-01-07 11:42:00 SQL Error :
------------
String:
SQL: <br/>select oh.*,o.ordersn from `ims_ewei_shop_order_hongbao`oh left join`ims_ewei_shop_order`o on oh.orderid=o.id where oh.uniacid=:uniacid and oh.openid=:openid order by createtime desc<hr/>Params: <br/>array (
  ':uniacid' => 12,
  ':openid' => 'wap_user_12_17671252557',
)<hr/>SQL Error: <br/>Table 'hskj_1.ims_ewei_shop_order_hongbao' doesn't exist<hr/>Traces: <br/>file: /framework/class/db.class.php; line: 194; <br />file: /framework/function/pdo.func.php; line: 44; <br />file: /addons/ewei_shopv2/core/mobile/member/fullback.php; line: 14; <br />file: /addons/ewei_shopv2/core/model/route.php; line: 202; <br />file: /addons/ewei_shopv2/site.php; line: 38; <br />file: /app/source/entry/site.ctrl.php; line: 12; <br />file: /app/index.php; line: 115; <br />

2019-01-07 11:42:01 SQL Error :
------------
String:
SQL: <br/>select oh.*,o.ordersn from `ims_ewei_shop_order_hongbao`oh left join`ims_ewei_shop_order`o on oh.orderid=o.id where oh.uniacid=:uniacid and oh.openid=:openid order by createtime desc<hr/>Params: <br/>array (
  ':uniacid' => 12,
  ':openid' => 'wap_user_12_17671252557',
)<hr/>SQL Error: <br/>Table 'hskj_1.ims_ewei_shop_order_hongbao' doesn't exist<hr/>Traces: <br/>file: /framework/class/db.class.php; line: 194; <br />file: /framework/function/pdo.func.php; line: 44; <br />file: /addons/ewei_shopv2/core/mobile/member/fullback.php; line: 14; <br />file: /addons/ewei_shopv2/core/model/route.php; line: 202; <br />file: /addons/ewei_shopv2/site.php; line: 38; <br />file: /app/source/entry/site.ctrl.php; line: 12; <br />file: /app/index.php; line: 115; <br />

2019-01-07 11:42:01 SQL Error :
------------
String:
SQL: <br/>select oh.*,o.ordersn from `ims_ewei_shop_order_hongbao`oh left join`ims_ewei_shop_order`o on oh.orderid=o.id where oh.uniacid=:uniacid and oh.openid=:openid order by createtime desc<hr/>Params: <br/>array (
  ':uniacid' => 12,
  ':openid' => 'wap_user_12_17671252557',
)<hr/>SQL Error: <br/>Table 'hskj_1.ims_ewei_shop_order_hongbao' doesn't exist<hr/>Traces: <br/>file: /framework/class/db.class.php; line: 194; <br />file: /framework/function/pdo.func.php; line: 44; <br />file: /addons/ewei_shopv2/core/mobile/member/fullback.php; line: 14; <br />file: /addons/ewei_shopv2/core/model/route.php; line: 202; <br />file: /addons/ewei_shopv2/site.php; line: 38; <br />file: /app/source/entry/site.ctrl.php; line: 12; <br />file: /app/index.php; line: 115; <br />

2019-01-07 11:42:01 SQL Error :
------------
String:
SQL: <br/>select oh.*,o.ordersn from `ims_ewei_shop_order_hongbao`oh left join`ims_ewei_shop_order`o on oh.orderid=o.id where oh.uniacid=:uniacid and oh.openid=:openid order by createtime desc<hr/>Params: <br/>array (
  ':uniacid' => 12,
  ':openid' => 'wap_user_12_17671252557',
)<hr/>SQL Error: <br/>Table 'hskj_1.ims_ewei_shop_order_hongbao' doesn't exist<hr/>Traces: <br/>file: /framework/class/db.class.php; line: 194; <br />file: /framework/function/pdo.func.php; line: 44; <br />file: /addons/ewei_shopv2/core/mobile/member/fullback.php; line: 14; <br />file: /addons/ewei_shopv2/core/model/route.php; line: 202; <br />file: /addons/ewei_shopv2/site.php; line: 38; <br />file: /app/source/entry/site.ctrl.php; line: 12; <br />file: /app/index.php; line: 115; <br />

