<<<<<<< HEAD
2019-03-28 14:25:24 SQL Error :
=======
2019-03-28 09:59:50 SQL Error :
------------
String:
SQL: <br/>select id,couponid,openid,isparent,sendtime,price,merchid,isverify,addressid,isvirtualsend,virtual,dispatchtype from `ims_ewei_shop_order` where uniacid=12 and status=2 <hr/>Params: <br/>array (
)<hr/>SQL Error: <br/>You have an error in your SQL syntax; check the manual that corresponds to your MySQL server version for the right syntax to use near 'virtual,dispatchtype from `ims_ewei_shop_order` where uniacid=12 and status=2' at line 1<hr/>Traces: <br/>file: /framework/class/db.class.php; line: 194; <br />file: /framework/function/pdo.func.php; line: 44; <br />file: /addons/ewei_shopv2/core/task/order/receive.php; line: 23; <br />

2019-03-28 12:11:37 SQL Error :
>>>>>>> 2202a6f632c7caacde0492fa4cb0292a1f6b5758
------------
String:
SQL: <br/>select id,couponid,openid,isparent,sendtime,price,merchid,isverify,addressid,isvirtualsend,virtual,dispatchtype from `ims_ewei_shop_order` where uniacid=12 and status=2 <hr/>Params: <br/>array (
)<hr/>SQL Error: <br/>You have an error in your SQL syntax; check the manual that corresponds to your MySQL server version for the right syntax to use near 'virtual,dispatchtype from `ims_ewei_shop_order` where uniacid=12 and status=2' at line 1<hr/>Traces: <br/>file: /framework/class/db.class.php; line: 194; <br />file: /framework/function/pdo.func.php; line: 44; <br />file: /addons/ewei_shopv2/core/task/order/receive.php; line: 23; <br />

2019-03-28 15:25:24 SQL Error :
------------
String:
SQL: <br/>select id,couponid,openid,isparent,sendtime,price,merchid,isverify,addressid,isvirtualsend,virtual,dispatchtype from `ims_ewei_shop_order` where uniacid=12 and status=2 <hr/>Params: <br/>array (
)<hr/>SQL Error: <br/>You have an error in your SQL syntax; check the manual that corresponds to your MySQL server version for the right syntax to use near 'virtual,dispatchtype from `ims_ewei_shop_order` where uniacid=12 and status=2' at line 1<hr/>Traces: <br/>file: /framework/class/db.class.php; line: 194; <br />file: /framework/function/pdo.func.php; line: 44; <br />file: /addons/ewei_shopv2/core/task/order/receive.php; line: 23; <br />

2019-03-28 16:31:12 SQL Error :
------------
String:
SQL: <br/>select id,couponid,openid,isparent,sendtime,price,merchid,isverify,addressid,isvirtualsend,virtual,dispatchtype from `ims_ewei_shop_order` where uniacid=12 and status=2 <hr/>Params: <br/>array (
)<hr/>SQL Error: <br/>You have an error in your SQL syntax; check the manual that corresponds to your MySQL server version for the right syntax to use near 'virtual,dispatchtype from `ims_ewei_shop_order` where uniacid=12 and status=2' at line 1<hr/>Traces: <br/>file: /framework/class/db.class.php; line: 194; <br />file: /framework/function/pdo.func.php; line: 44; <br />file: /addons/ewei_shopv2/core/task/order/receive.php; line: 23; <br />

