2019-02-15 12:00:46 SQL Error :
------------
String:
SQL: <br/>REPLACE INTO `ims_core_settings` SET `key` =  :key_1 , `value` =  :value_2<hr/>Params: <br/>array (
  ':key_1' => 'cloudip',
  ':value_2' => 'a:0:{}',
)<hr/>SQL Error: <br/>MySQL server has gone away<hr/>Traces: <br/>file: /framework/class/db.class.php; line: 115; <br />file: /framework/class/db.class.php; line: 285; <br />file: /framework/function/pdo.func.php; line: 71; <br />file: /framework/model/setting.mod.php; line: 24; <br />file: /framework/model/cloud.mod.php; line: 138; <br />file: /framework/model/cloud.mod.php; line: 379; <br />file: /framework/model/module.mod.php; line: 492; <br />file: /web/source/module/manage-account.ctrl.php; line: 22; <br />file: /web/index.php; line: 213; <br />

2019-02-15 12:00:46 SQL Error :
------------
String:
SQL: <br/>REPLACE INTO `ims_core_cache` SET `key` =  :key_1 , `value` =  :value_2<hr/>Params: <br/>array (
  ':key_1' => 'setting',
  ':value_2' => 's:0:"";',
)<hr/>SQL Error: <br/>MySQL server has gone away<hr/>Traces: <br/>file: /framework/class/db.class.php; line: 115; <br />file: /framework/class/db.class.php; line: 285; <br />file: /framework/function/pdo.func.php; line: 71; <br />file: /framework/function/cache.mysql.func.php; line: 55; <br />file: /framework/model/setting.mod.php; line: 27; <br />file: /framework/model/cloud.mod.php; line: 138; <br />file: /framework/model/cloud.mod.php; line: 379; <br />file: /framework/model/module.mod.php; line: 492; <br />file: /web/source/module/manage-account.ctrl.php; line: 22; <br />file: /web/index.php; line: 213; <br />

2019-02-15 12:00:47 SQL Error :
------------
String:
SQL: <br/>SELECT `value` FROM `ims_core_cache` WHERE `key` =  :__key_1  LIMIT 1<hr/>Params: <br/>array (
  ':__key_1' => 'we7:module_setting:12:ewei_shopv2',
)<hr/>SQL Error: <br/>MySQL server has gone away<hr/>Traces: <br/>file: /framework/class/db.class.php; line: 167; <br />file: /framework/class/db.class.php; line: 227; <br />file: /framework/class/db.class.php; line: 259; <br />file: /framework/function/pdo.func.php; line: 61; <br />file: /framework/function/cache.mysql.func.php; line: 10; <br />file: /framework/function/cache.func.php; line: 39; <br />file: /framework/model/module.mod.php; line: 304; <br />file: /framework/model/module.mod.php; line: 497; <br />file: /web/source/module/manage-account.ctrl.php; line: 22; <br />file: /web/index.php; line: 213; <br />

2019-02-15 12:00:47 SQL Error :
------------
String:
SQL: <br/>SELECT * FROM `ims_uni_account_modules` WHERE `module` =  :__module_1 AND `uniacid` =  :__uniacid_2  LIMIT 1<hr/>Params: <br/>array (
  ':__module_1' => 'ewei_shopv2',
  ':__uniacid_2' => 12,
)<hr/>SQL Error: <br/>MySQL server has gone away<hr/>Traces: <br/>file: /framework/class/db.class.php; line: 167; <br />file: /framework/class/db.class.php; line: 227; <br />file: /framework/function/pdo.func.php; line: 49; <br />file: /framework/model/module.mod.php; line: 306; <br />file: /framework/model/module.mod.php; line: 497; <br />file: /web/source/module/manage-account.ctrl.php; line: 22; <br />file: /web/index.php; line: 213; <br />

2019-02-15 13:51:50 SQL Error :
------------
String:
SQL: <br/>REPLACE INTO `ims_core_settings` SET `key` =  :key_1 , `value` =  :value_2<hr/>Params: <br/>array (
  ':key_1' => 'cloudip',
  ':value_2' => 'a:0:{}',
)<hr/>SQL Error: <br/>MySQL server has gone away<hr/>Traces: <br/>file: /framework/class/db.class.php; line: 115; <br />file: /framework/class/db.class.php; line: 285; <br />file: /framework/function/pdo.func.php; line: 71; <br />file: /framework/model/setting.mod.php; line: 24; <br />file: /framework/model/cloud.mod.php; line: 138; <br />file: /framework/model/cloud.mod.php; line: 379; <br />file: /framework/model/module.mod.php; line: 492; <br />file: /web/source/module/manage-account.ctrl.php; line: 22; <br />file: /web/index.php; line: 213; <br />

2019-02-15 13:51:50 SQL Error :
------------
String:
SQL: <br/>REPLACE INTO `ims_core_cache` SET `key` =  :key_1 , `value` =  :value_2<hr/>Params: <br/>array (
  ':key_1' => 'setting',
  ':value_2' => 's:0:"";',
)<hr/>SQL Error: <br/>MySQL server has gone away<hr/>Traces: <br/>file: /framework/class/db.class.php; line: 115; <br />file: /framework/class/db.class.php; line: 285; <br />file: /framework/function/pdo.func.php; line: 71; <br />file: /framework/function/cache.mysql.func.php; line: 55; <br />file: /framework/model/setting.mod.php; line: 27; <br />file: /framework/model/cloud.mod.php; line: 138; <br />file: /framework/model/cloud.mod.php; line: 379; <br />file: /framework/model/module.mod.php; line: 492; <br />file: /web/source/module/manage-account.ctrl.php; line: 22; <br />file: /web/index.php; line: 213; <br />

2019-02-15 13:51:50 SQL Error :
------------
String:
SQL: <br/>SELECT `value` FROM `ims_core_cache` WHERE `key` =  :__key_1  LIMIT 1<hr/>Params: <br/>array (
  ':__key_1' => 'we7:module_setting:12:ewei_shopv2',
)<hr/>SQL Error: <br/>MySQL server has gone away<hr/>Traces: <br/>file: /framework/class/db.class.php; line: 167; <br />file: /framework/class/db.class.php; line: 227; <br />file: /framework/class/db.class.php; line: 259; <br />file: /framework/function/pdo.func.php; line: 61; <br />file: /framework/function/cache.mysql.func.php; line: 10; <br />file: /framework/function/cache.func.php; line: 39; <br />file: /framework/model/module.mod.php; line: 304; <br />file: /framework/model/module.mod.php; line: 497; <br />file: /web/source/module/manage-account.ctrl.php; line: 22; <br />file: /web/index.php; line: 213; <br />

2019-02-15 13:51:50 SQL Error :
------------
String:
SQL: <br/>SELECT * FROM `ims_uni_account_modules` WHERE `module` =  :__module_1 AND `uniacid` =  :__uniacid_2  LIMIT 1<hr/>Params: <br/>array (
  ':__module_1' => 'ewei_shopv2',
  ':__uniacid_2' => 12,
)<hr/>SQL Error: <br/>MySQL server has gone away<hr/>Traces: <br/>file: /framework/class/db.class.php; line: 167; <br />file: /framework/class/db.class.php; line: 227; <br />file: /framework/function/pdo.func.php; line: 49; <br />file: /framework/model/module.mod.php; line: 306; <br />file: /framework/model/module.mod.php; line: 497; <br />file: /web/source/module/manage-account.ctrl.php; line: 22; <br />file: /web/index.php; line: 213; <br />

2019-02-15 14:46:00 SQL Error :
------------
String:
SQL: <br/>UPDATE `ims_ewei_shop_commission_level2` SET `uniacid` =  :uniacid_1 , `levelname` =  :levelname_2 , `commission1` =  :commission1_3 , `commission2` =  :commission2_4 , `commission3` =  :commission3_5 , `commissionmoney` =  :commissionmoney_6 , `ordermoney` =  :ordermoney_7 , `ordercount` =  :ordercount_8 , `downcount` =  :downcount_9 , `commission4` =  :commission4_10 , `commission5` =  :commission5_11 , `commission6` =  :commission6_12 , `commission7` =  :commission7_13 , `commission8` =  :commission8_14 , `commission9` =  :commission9_15 , `jifen1` =  :jifen1_16 , `jifen2` =  :jifen2_17 , `jifen3` =  :jifen3_18 , `jifen4` =  :jifen4_19 , `jifen5` =  :jifen5_20 , `jifen6` =  :jifen6_21 , `jifen7` =  :jifen7_22 , `jifen8` =  :jifen8_23 , `jifen9` =  :jifen9_24 WHERE `id` =  :__id_1 AND `uniacid` =  :__uniacid_2<hr/>Params: <br/>array (
  ':uniacid_1' => 12,
  ':levelname_2' => '三代会员3',
  ':commission1_3' => '1.00',
  ':commission2_4' => '',
  ':commission3_5' => '',
  ':commissionmoney_6' => '',
  ':ordermoney_7' => '',
  ':ordercount_8' => 10,
  ':downcount_9' => 0,
  ':commission4_10' => '',
  ':commission5_11' => '',
  ':commission6_12' => '',
  ':commission7_13' => '',
  ':commission8_14' => '',
  ':commission9_15' => '',
  ':jifen1_16' => '',
  ':jifen2_17' => '',
  ':jifen3_18' => '',
  ':jifen4_19' => '',
  ':jifen5_20' => '',
  ':jifen6_21' => '',
  ':jifen7_22' => '',
  ':jifen8_23' => '',
  ':jifen9_24' => '',
  ':__id_1' => '8',
  ':__uniacid_2' => 12,
)<hr/>SQL Error: <br/>Unknown column 'commission2' in 'field list'<hr/>Traces: <br/>file: /framework/class/db.class.php; line: 115; <br />file: /framework/class/db.class.php; line: 278; <br />file: /framework/function/pdo.func.php; line: 66; <br />file: /addons/ewei_shopv2/plugin/commission/core/web/level2.php; line: 155; <br />file: /addons/ewei_shopv2/plugin/commission/core/web/level2.php; line: 55; <br />file: /addons/ewei_shopv2/core/model/route.php; line: 202; <br />file: /addons/ewei_shopv2/site.php; line: 34; <br />file: /web/source/site/entry.ctrl.php; line: 81; <br />file: /web/index.php; line: 201; <br />

2019-02-15 14:46:03 SQL Error :
------------
String:
SQL: <br/>UPDATE `ims_ewei_shop_commission_level2` SET `uniacid` =  :uniacid_1 , `levelname` =  :levelname_2 , `commission1` =  :commission1_3 , `commission2` =  :commission2_4 , `commission3` =  :commission3_5 , `commissionmoney` =  :commissionmoney_6 , `ordermoney` =  :ordermoney_7 , `ordercount` =  :ordercount_8 , `downcount` =  :downcount_9 , `commission4` =  :commission4_10 , `commission5` =  :commission5_11 , `commission6` =  :commission6_12 , `commission7` =  :commission7_13 , `commission8` =  :commission8_14 , `commission9` =  :commission9_15 , `jifen1` =  :jifen1_16 , `jifen2` =  :jifen2_17 , `jifen3` =  :jifen3_18 , `jifen4` =  :jifen4_19 , `jifen5` =  :jifen5_20 , `jifen6` =  :jifen6_21 , `jifen7` =  :jifen7_22 , `jifen8` =  :jifen8_23 , `jifen9` =  :jifen9_24 WHERE `id` =  :__id_1 AND `uniacid` =  :__uniacid_2<hr/>Params: <br/>array (
  ':uniacid_1' => 12,
  ':levelname_2' => '三代会员3',
  ':commission1_3' => '1.00',
  ':commission2_4' => '',
  ':commission3_5' => '',
  ':commissionmoney_6' => '',
  ':ordermoney_7' => '',
  ':ordercount_8' => 10,
  ':downcount_9' => 0,
  ':commission4_10' => '',
  ':commission5_11' => '',
  ':commission6_12' => '',
  ':commission7_13' => '',
  ':commission8_14' => '',
  ':commission9_15' => '',
  ':jifen1_16' => '',
  ':jifen2_17' => '',
  ':jifen3_18' => '',
  ':jifen4_19' => '',
  ':jifen5_20' => '',
  ':jifen6_21' => '',
  ':jifen7_22' => '',
  ':jifen8_23' => '',
  ':jifen9_24' => '',
  ':__id_1' => '8',
  ':__uniacid_2' => 12,
)<hr/>SQL Error: <br/>Unknown column 'commission2' in 'field list'<hr/>Traces: <br/>file: /framework/class/db.class.php; line: 115; <br />file: /framework/class/db.class.php; line: 278; <br />file: /framework/function/pdo.func.php; line: 66; <br />file: /addons/ewei_shopv2/plugin/commission/core/web/level2.php; line: 155; <br />file: /addons/ewei_shopv2/plugin/commission/core/web/level2.php; line: 55; <br />file: /addons/ewei_shopv2/core/model/route.php; line: 202; <br />file: /addons/ewei_shopv2/site.php; line: 34; <br />file: /web/source/site/entry.ctrl.php; line: 81; <br />file: /web/index.php; line: 201; <br />

2019-02-15 14:46:09 SQL Error :
------------
String:
SQL: <br/>UPDATE `ims_ewei_shop_commission_level2` SET `uniacid` =  :uniacid_1 , `levelname` =  :levelname_2 , `commission1` =  :commission1_3 , `commission2` =  :commission2_4 , `commission3` =  :commission3_5 , `commissionmoney` =  :commissionmoney_6 , `ordermoney` =  :ordermoney_7 , `ordercount` =  :ordercount_8 , `downcount` =  :downcount_9 , `commission4` =  :commission4_10 , `commission5` =  :commission5_11 , `commission6` =  :commission6_12 , `commission7` =  :commission7_13 , `commission8` =  :commission8_14 , `commission9` =  :commission9_15 , `jifen1` =  :jifen1_16 , `jifen2` =  :jifen2_17 , `jifen3` =  :jifen3_18 , `jifen4` =  :jifen4_19 , `jifen5` =  :jifen5_20 , `jifen6` =  :jifen6_21 , `jifen7` =  :jifen7_22 , `jifen8` =  :jifen8_23 , `jifen9` =  :jifen9_24 WHERE `id` =  :__id_1 AND `uniacid` =  :__uniacid_2<hr/>Params: <br/>array (
  ':uniacid_1' => 12,
  ':levelname_2' => '三代会员3',
  ':commission1_3' => '1.00',
  ':commission2_4' => '',
  ':commission3_5' => '',
  ':commissionmoney_6' => '',
  ':ordermoney_7' => '',
  ':ordercount_8' => 0,
  ':downcount_9' => 0,
  ':commission4_10' => '',
  ':commission5_11' => '',
  ':commission6_12' => '',
  ':commission7_13' => '',
  ':commission8_14' => '',
  ':commission9_15' => '',
  ':jifen1_16' => '',
  ':jifen2_17' => '',
  ':jifen3_18' => '',
  ':jifen4_19' => '',
  ':jifen5_20' => '',
  ':jifen6_21' => '',
  ':jifen7_22' => '',
  ':jifen8_23' => '',
  ':jifen9_24' => '',
  ':__id_1' => '8',
  ':__uniacid_2' => 12,
)<hr/>SQL Error: <br/>Unknown column 'commission2' in 'field list'<hr/>Traces: <br/>file: /framework/class/db.class.php; line: 115; <br />file: /framework/class/db.class.php; line: 278; <br />file: /framework/function/pdo.func.php; line: 66; <br />file: /addons/ewei_shopv2/plugin/commission/core/web/level2.php; line: 155; <br />file: /addons/ewei_shopv2/plugin/commission/core/web/level2.php; line: 55; <br />file: /addons/ewei_shopv2/core/model/route.php; line: 202; <br />file: /addons/ewei_shopv2/site.php; line: 34; <br />file: /web/source/site/entry.ctrl.php; line: 81; <br />file: /web/index.php; line: 201; <br />

2019-02-15 14:46:19 SQL Error :
------------
String:
SQL: <br/>UPDATE `ims_ewei_shop_commission_level2` SET `uniacid` =  :uniacid_1 , `levelname` =  :levelname_2 , `commission1` =  :commission1_3 , `commission2` =  :commission2_4 , `commission3` =  :commission3_5 , `commissionmoney` =  :commissionmoney_6 , `ordermoney` =  :ordermoney_7 , `ordercount` =  :ordercount_8 , `downcount` =  :downcount_9 , `commission4` =  :commission4_10 , `commission5` =  :commission5_11 , `commission6` =  :commission6_12 , `commission7` =  :commission7_13 , `commission8` =  :commission8_14 , `commission9` =  :commission9_15 , `jifen1` =  :jifen1_16 , `jifen2` =  :jifen2_17 , `jifen3` =  :jifen3_18 , `jifen4` =  :jifen4_19 , `jifen5` =  :jifen5_20 , `jifen6` =  :jifen6_21 , `jifen7` =  :jifen7_22 , `jifen8` =  :jifen8_23 , `jifen9` =  :jifen9_24 WHERE `id` =  :__id_1 AND `uniacid` =  :__uniacid_2<hr/>Params: <br/>array (
  ':uniacid_1' => 12,
  ':levelname_2' => '三代会员3',
  ':commission1_3' => '1.00',
  ':commission2_4' => '',
  ':commission3_5' => '',
  ':commissionmoney_6' => '',
  ':ordermoney_7' => '',
  ':ordercount_8' => 0,
  ':downcount_9' => 0,
  ':commission4_10' => '',
  ':commission5_11' => '',
  ':commission6_12' => '',
  ':commission7_13' => '',
  ':commission8_14' => '',
  ':commission9_15' => '',
  ':jifen1_16' => '',
  ':jifen2_17' => '',
  ':jifen3_18' => '',
  ':jifen4_19' => '',
  ':jifen5_20' => '',
  ':jifen6_21' => '',
  ':jifen7_22' => '',
  ':jifen8_23' => '',
  ':jifen9_24' => '',
  ':__id_1' => '8',
  ':__uniacid_2' => 12,
)<hr/>SQL Error: <br/>Unknown column 'commission2' in 'field list'<hr/>Traces: <br/>file: /framework/class/db.class.php; line: 115; <br />file: /framework/class/db.class.php; line: 278; <br />file: /framework/function/pdo.func.php; line: 66; <br />file: /addons/ewei_shopv2/plugin/commission/core/web/level2.php; line: 155; <br />file: /addons/ewei_shopv2/plugin/commission/core/web/level2.php; line: 55; <br />file: /addons/ewei_shopv2/core/model/route.php; line: 202; <br />file: /addons/ewei_shopv2/site.php; line: 34; <br />file: /web/source/site/entry.ctrl.php; line: 81; <br />file: /web/index.php; line: 201; <br />

2019-02-15 14:46:29 SQL Error :
------------
String:
SQL: <br/>UPDATE `ims_ewei_shop_commission_level2` SET `uniacid` =  :uniacid_1 , `levelname` =  :levelname_2 , `commission1` =  :commission1_3 , `commission2` =  :commission2_4 , `commission3` =  :commission3_5 , `commissionmoney` =  :commissionmoney_6 , `ordermoney` =  :ordermoney_7 , `ordercount` =  :ordercount_8 , `downcount` =  :downcount_9 , `commission4` =  :commission4_10 , `commission5` =  :commission5_11 , `commission6` =  :commission6_12 , `commission7` =  :commission7_13 , `commission8` =  :commission8_14 , `commission9` =  :commission9_15 , `jifen1` =  :jifen1_16 , `jifen2` =  :jifen2_17 , `jifen3` =  :jifen3_18 , `jifen4` =  :jifen4_19 , `jifen5` =  :jifen5_20 , `jifen6` =  :jifen6_21 , `jifen7` =  :jifen7_22 , `jifen8` =  :jifen8_23 , `jifen9` =  :jifen9_24 WHERE `id` =  :__id_1 AND `uniacid` =  :__uniacid_2<hr/>Params: <br/>array (
  ':uniacid_1' => 12,
  ':levelname_2' => '五代会员',
  ':commission1_3' => '1.10',
  ':commission2_4' => '',
  ':commission3_5' => '',
  ':commissionmoney_6' => '',
  ':ordermoney_7' => '',
  ':ordercount_8' => 0,
  ':downcount_9' => 3,
  ':commission4_10' => '',
  ':commission5_11' => '',
  ':commission6_12' => '',
  ':commission7_13' => '',
  ':commission8_14' => '',
  ':commission9_15' => '',
  ':jifen1_16' => '',
  ':jifen2_17' => '',
  ':jifen3_18' => '',
  ':jifen4_19' => '',
  ':jifen5_20' => '',
  ':jifen6_21' => '',
  ':jifen7_22' => '',
  ':jifen8_23' => '',
  ':jifen9_24' => '',
  ':__id_1' => '9',
  ':__uniacid_2' => 12,
)<hr/>SQL Error: <br/>Unknown column 'commission2' in 'field list'<hr/>Traces: <br/>file: /framework/class/db.class.php; line: 115; <br />file: /framework/class/db.class.php; line: 278; <br />file: /framework/function/pdo.func.php; line: 66; <br />file: /addons/ewei_shopv2/plugin/commission/core/web/level2.php; line: 155; <br />file: /addons/ewei_shopv2/plugin/commission/core/web/level2.php; line: 55; <br />file: /addons/ewei_shopv2/core/model/route.php; line: 202; <br />file: /addons/ewei_shopv2/site.php; line: 34; <br />file: /web/source/site/entry.ctrl.php; line: 81; <br />file: /web/index.php; line: 201; <br />

2019-02-15 14:52:22 SQL Error :
------------
String:
SQL: <br/>REPLACE INTO `ims_core_settings` SET `key` =  :key_1 , `value` =  :value_2<hr/>Params: <br/>array (
  ':key_1' => 'cloudip',
  ':value_2' => 'a:0:{}',
)<hr/>SQL Error: <br/>MySQL server has gone away<hr/>Traces: <br/>file: /framework/class/db.class.php; line: 115; <br />file: /framework/class/db.class.php; line: 285; <br />file: /framework/function/pdo.func.php; line: 71; <br />file: /framework/model/setting.mod.php; line: 24; <br />file: /framework/model/cloud.mod.php; line: 138; <br />file: /framework/model/cloud.mod.php; line: 379; <br />file: /framework/model/module.mod.php; line: 492; <br />file: /web/source/module/manage-account.ctrl.php; line: 22; <br />file: /web/index.php; line: 213; <br />

2019-02-15 14:52:22 SQL Error :
------------
String:
SQL: <br/>REPLACE INTO `ims_core_cache` SET `key` =  :key_1 , `value` =  :value_2<hr/>Params: <br/>array (
  ':key_1' => 'setting',
  ':value_2' => 's:0:"";',
)<hr/>SQL Error: <br/>MySQL server has gone away<hr/>Traces: <br/>file: /framework/class/db.class.php; line: 115; <br />file: /framework/class/db.class.php; line: 285; <br />file: /framework/function/pdo.func.php; line: 71; <br />file: /framework/function/cache.mysql.func.php; line: 55; <br />file: /framework/model/setting.mod.php; line: 27; <br />file: /framework/model/cloud.mod.php; line: 138; <br />file: /framework/model/cloud.mod.php; line: 379; <br />file: /framework/model/module.mod.php; line: 492; <br />file: /web/source/module/manage-account.ctrl.php; line: 22; <br />file: /web/index.php; line: 213; <br />

2019-02-15 14:52:22 SQL Error :
------------
String:
SQL: <br/>SELECT `value` FROM `ims_core_cache` WHERE `key` =  :__key_1  LIMIT 1<hr/>Params: <br/>array (
  ':__key_1' => 'we7:module_setting:12:ewei_shopv2',
)<hr/>SQL Error: <br/>MySQL server has gone away<hr/>Traces: <br/>file: /framework/class/db.class.php; line: 167; <br />file: /framework/class/db.class.php; line: 227; <br />file: /framework/class/db.class.php; line: 259; <br />file: /framework/function/pdo.func.php; line: 61; <br />file: /framework/function/cache.mysql.func.php; line: 10; <br />file: /framework/function/cache.func.php; line: 39; <br />file: /framework/model/module.mod.php; line: 304; <br />file: /framework/model/module.mod.php; line: 497; <br />file: /web/source/module/manage-account.ctrl.php; line: 22; <br />file: /web/index.php; line: 213; <br />

2019-02-15 14:52:22 SQL Error :
------------
String:
SQL: <br/>SELECT * FROM `ims_uni_account_modules` WHERE `module` =  :__module_1 AND `uniacid` =  :__uniacid_2  LIMIT 1<hr/>Params: <br/>array (
  ':__module_1' => 'ewei_shopv2',
  ':__uniacid_2' => 12,
)<hr/>SQL Error: <br/>MySQL server has gone away<hr/>Traces: <br/>file: /framework/class/db.class.php; line: 167; <br />file: /framework/class/db.class.php; line: 227; <br />file: /framework/function/pdo.func.php; line: 49; <br />file: /framework/model/module.mod.php; line: 306; <br />file: /framework/model/module.mod.php; line: 497; <br />file: /web/source/module/manage-account.ctrl.php; line: 22; <br />file: /web/index.php; line: 213; <br />

2019-02-15 14:55:28 SQL Error :
------------
String:
SQL: <br/>UPDATE `ims_ewei_shop_commission_level2` SET `uniacid` =  :uniacid_1 , `levelname` =  :levelname_2 , `type` =  :type_3 , `commission1` =  :commission1_4 , `commission2` =  :commission2_5 , `commission3` =  :commission3_6 , `commissionmoney` =  :commissionmoney_7 , `ordermoney` =  :ordermoney_8 , `ordercount` =  :ordercount_9 , `downcount` =  :downcount_10 , `commission4` =  :commission4_11 , `commission5` =  :commission5_12 , `commission6` =  :commission6_13 , `commission7` =  :commission7_14 , `commission8` =  :commission8_15 , `commission9` =  :commission9_16 , `jifen1` =  :jifen1_17 , `jifen2` =  :jifen2_18 , `jifen3` =  :jifen3_19 , `jifen4` =  :jifen4_20 , `jifen5` =  :jifen5_21 , `jifen6` =  :jifen6_22 , `jifen7` =  :jifen7_23 , `jifen8` =  :jifen8_24 , `jifen9` =  :jifen9_25 WHERE `id` =  :__id_1 AND `uniacid` =  :__uniacid_2<hr/>Params: <br/>array (
  ':uniacid_1' => 12,
  ':levelname_2' => '等级一',
  ':type_3' => '1',
  ':commission1_4' => '10.00',
  ':commission2_5' => '',
  ':commission3_6' => '',
  ':commissionmoney_7' => '',
  ':ordermoney_8' => '',
  ':ordercount_9' => 1,
  ':downcount_10' => 0,
  ':commission4_11' => '',
  ':commission5_12' => '',
  ':commission6_13' => '',
  ':commission7_14' => '',
  ':commission8_15' => '',
  ':commission9_16' => '',
  ':jifen1_17' => '',
  ':jifen2_18' => '',
  ':jifen3_19' => '',
  ':jifen4_20' => '',
  ':jifen5_21' => '',
  ':jifen6_22' => '',
  ':jifen7_23' => '',
  ':jifen8_24' => '',
  ':jifen9_25' => '',
  ':__id_1' => '8',
  ':__uniacid_2' => 12,
)<hr/>SQL Error: <br/>Unknown column 'type' in 'field list'<hr/>Traces: <br/>file: /framework/class/db.class.php; line: 115; <br />file: /framework/class/db.class.php; line: 278; <br />file: /framework/function/pdo.func.php; line: 66; <br />file: /addons/ewei_shopv2/plugin/commission/core/web/level2.php; line: 155; <br />file: /addons/ewei_shopv2/plugin/commission/core/web/level2.php; line: 55; <br />file: /addons/ewei_shopv2/core/model/route.php; line: 202; <br />file: /addons/ewei_shopv2/site.php; line: 34; <br />file: /web/source/site/entry.ctrl.php; line: 81; <br />file: /web/index.php; line: 201; <br />

2019-02-15 14:59:05 SQL Error :
------------
String:
SQL: <br/>REPLACE INTO `ims_core_settings` SET `key` =  :key_1 , `value` =  :value_2<hr/>Params: <br/>array (
  ':key_1' => 'cloudip',
  ':value_2' => 'a:0:{}',
)<hr/>SQL Error: <br/>MySQL server has gone away<hr/>Traces: <br/>file: /framework/class/db.class.php; line: 115; <br />file: /framework/class/db.class.php; line: 285; <br />file: /framework/function/pdo.func.php; line: 71; <br />file: /framework/model/setting.mod.php; line: 24; <br />file: /framework/model/cloud.mod.php; line: 138; <br />file: /framework/model/cloud.mod.php; line: 379; <br />file: /framework/model/module.mod.php; line: 492; <br />file: /web/source/module/manage-account.ctrl.php; line: 22; <br />file: /web/index.php; line: 213; <br />

2019-02-15 14:59:05 SQL Error :
------------
String:
SQL: <br/>REPLACE INTO `ims_core_cache` SET `key` =  :key_1 , `value` =  :value_2<hr/>Params: <br/>array (
  ':key_1' => 'setting',
  ':value_2' => 's:0:"";',
)<hr/>SQL Error: <br/>MySQL server has gone away<hr/>Traces: <br/>file: /framework/class/db.class.php; line: 115; <br />file: /framework/class/db.class.php; line: 285; <br />file: /framework/function/pdo.func.php; line: 71; <br />file: /framework/function/cache.mysql.func.php; line: 55; <br />file: /framework/model/setting.mod.php; line: 27; <br />file: /framework/model/cloud.mod.php; line: 138; <br />file: /framework/model/cloud.mod.php; line: 379; <br />file: /framework/model/module.mod.php; line: 492; <br />file: /web/source/module/manage-account.ctrl.php; line: 22; <br />file: /web/index.php; line: 213; <br />

2019-02-15 14:59:05 SQL Error :
------------
String:
SQL: <br/>SELECT `value` FROM `ims_core_cache` WHERE `key` =  :__key_1  LIMIT 1<hr/>Params: <br/>array (
  ':__key_1' => 'we7:module_setting:12:ewei_shopv2',
)<hr/>SQL Error: <br/>MySQL server has gone away<hr/>Traces: <br/>file: /framework/class/db.class.php; line: 167; <br />file: /framework/class/db.class.php; line: 227; <br />file: /framework/class/db.class.php; line: 259; <br />file: /framework/function/pdo.func.php; line: 61; <br />file: /framework/function/cache.mysql.func.php; line: 10; <br />file: /framework/function/cache.func.php; line: 39; <br />file: /framework/model/module.mod.php; line: 304; <br />file: /framework/model/module.mod.php; line: 497; <br />file: /web/source/module/manage-account.ctrl.php; line: 22; <br />file: /web/index.php; line: 213; <br />

2019-02-15 14:59:05 SQL Error :
------------
String:
SQL: <br/>SELECT * FROM `ims_uni_account_modules` WHERE `module` =  :__module_1 AND `uniacid` =  :__uniacid_2  LIMIT 1<hr/>Params: <br/>array (
  ':__module_1' => 'ewei_shopv2',
  ':__uniacid_2' => 12,
)<hr/>SQL Error: <br/>MySQL server has gone away<hr/>Traces: <br/>file: /framework/class/db.class.php; line: 167; <br />file: /framework/class/db.class.php; line: 227; <br />file: /framework/function/pdo.func.php; line: 49; <br />file: /framework/model/module.mod.php; line: 306; <br />file: /framework/model/module.mod.php; line: 497; <br />file: /web/source/module/manage-account.ctrl.php; line: 22; <br />file: /web/index.php; line: 213; <br />

2019-02-15 15:22:19 SQL Error :
------------
String:
SQL: <br/>REPLACE INTO `ims_core_settings` SET `key` =  :key_1 , `value` =  :value_2<hr/>Params: <br/>array (
  ':key_1' => 'cloudip',
  ':value_2' => 'a:0:{}',
)<hr/>SQL Error: <br/>MySQL server has gone away<hr/>Traces: <br/>file: /framework/class/db.class.php; line: 115; <br />file: /framework/class/db.class.php; line: 285; <br />file: /framework/function/pdo.func.php; line: 71; <br />file: /framework/model/setting.mod.php; line: 24; <br />file: /framework/model/cloud.mod.php; line: 138; <br />file: /framework/model/cloud.mod.php; line: 379; <br />file: /framework/model/module.mod.php; line: 492; <br />file: /web/source/module/manage-account.ctrl.php; line: 22; <br />file: /web/index.php; line: 213; <br />

2019-02-15 15:22:19 SQL Error :
------------
String:
SQL: <br/>REPLACE INTO `ims_core_cache` SET `key` =  :key_1 , `value` =  :value_2<hr/>Params: <br/>array (
  ':key_1' => 'setting',
  ':value_2' => 's:0:"";',
)<hr/>SQL Error: <br/>MySQL server has gone away<hr/>Traces: <br/>file: /framework/class/db.class.php; line: 115; <br />file: /framework/class/db.class.php; line: 285; <br />file: /framework/function/pdo.func.php; line: 71; <br />file: /framework/function/cache.mysql.func.php; line: 55; <br />file: /framework/model/setting.mod.php; line: 27; <br />file: /framework/model/cloud.mod.php; line: 138; <br />file: /framework/model/cloud.mod.php; line: 379; <br />file: /framework/model/module.mod.php; line: 492; <br />file: /web/source/module/manage-account.ctrl.php; line: 22; <br />file: /web/index.php; line: 213; <br />

2019-02-15 15:22:19 SQL Error :
------------
String:
SQL: <br/>SELECT `value` FROM `ims_core_cache` WHERE `key` =  :__key_1  LIMIT 1<hr/>Params: <br/>array (
  ':__key_1' => 'we7:module_setting:12:ewei_shopv2',
)<hr/>SQL Error: <br/>MySQL server has gone away<hr/>Traces: <br/>file: /framework/class/db.class.php; line: 167; <br />file: /framework/class/db.class.php; line: 227; <br />file: /framework/class/db.class.php; line: 259; <br />file: /framework/function/pdo.func.php; line: 61; <br />file: /framework/function/cache.mysql.func.php; line: 10; <br />file: /framework/function/cache.func.php; line: 39; <br />file: /framework/model/module.mod.php; line: 304; <br />file: /framework/model/module.mod.php; line: 497; <br />file: /web/source/module/manage-account.ctrl.php; line: 22; <br />file: /web/index.php; line: 213; <br />

2019-02-15 15:22:19 SQL Error :
------------
String:
SQL: <br/>SELECT * FROM `ims_uni_account_modules` WHERE `module` =  :__module_1 AND `uniacid` =  :__uniacid_2  LIMIT 1<hr/>Params: <br/>array (
  ':__module_1' => 'ewei_shopv2',
  ':__uniacid_2' => 12,
)<hr/>SQL Error: <br/>MySQL server has gone away<hr/>Traces: <br/>file: /framework/class/db.class.php; line: 167; <br />file: /framework/class/db.class.php; line: 227; <br />file: /framework/function/pdo.func.php; line: 49; <br />file: /framework/model/module.mod.php; line: 306; <br />file: /framework/model/module.mod.php; line: 497; <br />file: /web/source/module/manage-account.ctrl.php; line: 22; <br />file: /web/index.php; line: 213; <br />

2019-02-15 15:50:13 SQL Error :
------------
String:
SQL: <br/>REPLACE INTO `ims_core_settings` SET `key` =  :key_1 , `value` =  :value_2<hr/>Params: <br/>array (
  ':key_1' => 'cloudip',
  ':value_2' => 'a:0:{}',
)<hr/>SQL Error: <br/>MySQL server has gone away<hr/>Traces: <br/>file: /framework/class/db.class.php; line: 115; <br />file: /framework/class/db.class.php; line: 285; <br />file: /framework/function/pdo.func.php; line: 71; <br />file: /framework/model/setting.mod.php; line: 24; <br />file: /framework/model/cloud.mod.php; line: 138; <br />file: /framework/model/cloud.mod.php; line: 379; <br />file: /framework/model/module.mod.php; line: 492; <br />file: /web/source/module/manage-account.ctrl.php; line: 22; <br />file: /web/index.php; line: 213; <br />

2019-02-15 15:50:13 SQL Error :
------------
String:
SQL: <br/>REPLACE INTO `ims_core_cache` SET `key` =  :key_1 , `value` =  :value_2<hr/>Params: <br/>array (
  ':key_1' => 'setting',
  ':value_2' => 's:0:"";',
)<hr/>SQL Error: <br/>MySQL server has gone away<hr/>Traces: <br/>file: /framework/class/db.class.php; line: 115; <br />file: /framework/class/db.class.php; line: 285; <br />file: /framework/function/pdo.func.php; line: 71; <br />file: /framework/function/cache.mysql.func.php; line: 55; <br />file: /framework/model/setting.mod.php; line: 27; <br />file: /framework/model/cloud.mod.php; line: 138; <br />file: /framework/model/cloud.mod.php; line: 379; <br />file: /framework/model/module.mod.php; line: 492; <br />file: /web/source/module/manage-account.ctrl.php; line: 22; <br />file: /web/index.php; line: 213; <br />

2019-02-15 15:50:13 SQL Error :
------------
String:
SQL: <br/>SELECT `value` FROM `ims_core_cache` WHERE `key` =  :__key_1  LIMIT 1<hr/>Params: <br/>array (
  ':__key_1' => 'we7:module_setting:12:ewei_shopv2',
)<hr/>SQL Error: <br/>MySQL server has gone away<hr/>Traces: <br/>file: /framework/class/db.class.php; line: 167; <br />file: /framework/class/db.class.php; line: 227; <br />file: /framework/class/db.class.php; line: 259; <br />file: /framework/function/pdo.func.php; line: 61; <br />file: /framework/function/cache.mysql.func.php; line: 10; <br />file: /framework/function/cache.func.php; line: 39; <br />file: /framework/model/module.mod.php; line: 304; <br />file: /framework/model/module.mod.php; line: 497; <br />file: /web/source/module/manage-account.ctrl.php; line: 22; <br />file: /web/index.php; line: 213; <br />

2019-02-15 15:50:13 SQL Error :
------------
String:
SQL: <br/>SELECT * FROM `ims_uni_account_modules` WHERE `module` =  :__module_1 AND `uniacid` =  :__uniacid_2  LIMIT 1<hr/>Params: <br/>array (
  ':__module_1' => 'ewei_shopv2',
  ':__uniacid_2' => 12,
)<hr/>SQL Error: <br/>MySQL server has gone away<hr/>Traces: <br/>file: /framework/class/db.class.php; line: 167; <br />file: /framework/class/db.class.php; line: 227; <br />file: /framework/function/pdo.func.php; line: 49; <br />file: /framework/model/module.mod.php; line: 306; <br />file: /framework/model/module.mod.php; line: 497; <br />file: /web/source/module/manage-account.ctrl.php; line: 22; <br />file: /web/index.php; line: 213; <br />

2019-02-15 15:50:37 SQL Error :
------------
String:
SQL: <br/>SELECT `value` FROM `ims_core_cache` WHERE `key` =  :__key_1  LIMIT 1<hr/>Params: <br/>array (
  ':__key_1' => 'we7:module_setting:12:ewei_shopv2',
)<hr/>SQL Error: <br/>MySQL server has gone away<hr/>Traces: <br/>file: /framework/class/db.class.php; line: 167; <br />file: /framework/class/db.class.php; line: 227; <br />file: /framework/class/db.class.php; line: 259; <br />file: /framework/function/pdo.func.php; line: 61; <br />file: /framework/function/cache.mysql.func.php; line: 10; <br />file: /framework/function/cache.func.php; line: 39; <br />file: /framework/model/module.mod.php; line: 304; <br />file: /framework/model/module.mod.php; line: 497; <br />file: /web/source/module/manage-account.ctrl.php; line: 22; <br />file: /web/index.php; line: 213; <br />

2019-02-15 15:50:37 SQL Error :
------------
String:
SQL: <br/>SELECT * FROM `ims_uni_account_modules` WHERE `module` =  :__module_1 AND `uniacid` =  :__uniacid_2  LIMIT 1<hr/>Params: <br/>array (
  ':__module_1' => 'ewei_shopv2',
  ':__uniacid_2' => 12,
)<hr/>SQL Error: <br/>MySQL server has gone away<hr/>Traces: <br/>file: /framework/class/db.class.php; line: 167; <br />file: /framework/class/db.class.php; line: 227; <br />file: /framework/function/pdo.func.php; line: 49; <br />file: /framework/model/module.mod.php; line: 306; <br />file: /framework/model/module.mod.php; line: 497; <br />file: /web/source/module/manage-account.ctrl.php; line: 22; <br />file: /web/index.php; line: 213; <br />

2019-02-15 15:51:22 SQL Error :
------------
String:
SQL: <br/>REPLACE INTO `ims_core_settings` SET `key` =  :key_1 , `value` =  :value_2<hr/>Params: <br/>array (
  ':key_1' => 'cloudip',
  ':value_2' => 'a:0:{}',
)<hr/>SQL Error: <br/>MySQL server has gone away<hr/>Traces: <br/>file: /framework/class/db.class.php; line: 115; <br />file: /framework/class/db.class.php; line: 285; <br />file: /framework/function/pdo.func.php; line: 71; <br />file: /framework/model/setting.mod.php; line: 24; <br />file: /framework/model/cloud.mod.php; line: 138; <br />file: /framework/model/cloud.mod.php; line: 389; <br />file: /framework/model/module.mod.php; line: 496; <br />file: /web/source/module/manage-account.ctrl.php; line: 22; <br />file: /web/index.php; line: 213; <br />

2019-02-15 15:51:22 SQL Error :
------------
String:
SQL: <br/>REPLACE INTO `ims_core_cache` SET `key` =  :key_1 , `value` =  :value_2<hr/>Params: <br/>array (
  ':key_1' => 'setting',
  ':value_2' => 's:0:"";',
)<hr/>SQL Error: <br/>MySQL server has gone away<hr/>Traces: <br/>file: /framework/class/db.class.php; line: 115; <br />file: /framework/class/db.class.php; line: 285; <br />file: /framework/function/pdo.func.php; line: 71; <br />file: /framework/function/cache.mysql.func.php; line: 55; <br />file: /framework/model/setting.mod.php; line: 27; <br />file: /framework/model/cloud.mod.php; line: 138; <br />file: /framework/model/cloud.mod.php; line: 389; <br />file: /framework/model/module.mod.php; line: 496; <br />file: /web/source/module/manage-account.ctrl.php; line: 22; <br />file: /web/index.php; line: 213; <br />

2019-02-15 15:51:22 SQL Error :
------------
String:
SQL: <br/>SELECT `value` FROM `ims_core_cache` WHERE `key` =  :__key_1  LIMIT 1<hr/>Params: <br/>array (
  ':__key_1' => 'we7:module_setting:12:ewei_shopv2',
)<hr/>SQL Error: <br/>MySQL server has gone away<hr/>Traces: <br/>file: /framework/class/db.class.php; line: 167; <br />file: /framework/class/db.class.php; line: 227; <br />file: /framework/class/db.class.php; line: 259; <br />file: /framework/function/pdo.func.php; line: 61; <br />file: /framework/function/cache.mysql.func.php; line: 10; <br />file: /framework/function/cache.func.php; line: 39; <br />file: /framework/model/module.mod.php; line: 304; <br />file: /framework/model/module.mod.php; line: 497; <br />file: /web/source/module/manage-account.ctrl.php; line: 22; <br />file: /web/index.php; line: 213; <br />

2019-02-15 15:51:22 SQL Error :
------------
String:
SQL: <br/>SELECT * FROM `ims_uni_account_modules` WHERE `module` =  :__module_1 AND `uniacid` =  :__uniacid_2  LIMIT 1<hr/>Params: <br/>array (
  ':__module_1' => 'ewei_shopv2',
  ':__uniacid_2' => 12,
)<hr/>SQL Error: <br/>MySQL server has gone away<hr/>Traces: <br/>file: /framework/class/db.class.php; line: 167; <br />file: /framework/class/db.class.php; line: 227; <br />file: /framework/function/pdo.func.php; line: 49; <br />file: /framework/model/module.mod.php; line: 306; <br />file: /framework/model/module.mod.php; line: 497; <br />file: /web/source/module/manage-account.ctrl.php; line: 22; <br />file: /web/index.php; line: 213; <br />

2019-02-15 15:52:35 SQL Error :
------------
String:
SQL: <br/>REPLACE INTO `ims_core_settings` SET `key` =  :key_1 , `value` =  :value_2<hr/>Params: <br/>array (
  ':key_1' => 'cloudip',
  ':value_2' => 'a:0:{}',
)<hr/>SQL Error: <br/>MySQL server has gone away<hr/>Traces: <br/>file: /framework/class/db.class.php; line: 115; <br />file: /framework/class/db.class.php; line: 285; <br />file: /framework/function/pdo.func.php; line: 71; <br />file: /framework/model/setting.mod.php; line: 24; <br />file: /framework/model/cloud.mod.php; line: 138; <br />file: /framework/model/cloud.mod.php; line: 379; <br />file: /framework/model/module.mod.php; line: 492; <br />file: /web/source/module/manage-account.ctrl.php; line: 22; <br />file: /web/index.php; line: 213; <br />

2019-02-15 15:52:35 SQL Error :
------------
String:
SQL: <br/>REPLACE INTO `ims_core_cache` SET `key` =  :key_1 , `value` =  :value_2<hr/>Params: <br/>array (
  ':key_1' => 'setting',
  ':value_2' => 's:0:"";',
)<hr/>SQL Error: <br/>MySQL server has gone away<hr/>Traces: <br/>file: /framework/class/db.class.php; line: 115; <br />file: /framework/class/db.class.php; line: 285; <br />file: /framework/function/pdo.func.php; line: 71; <br />file: /framework/function/cache.mysql.func.php; line: 55; <br />file: /framework/model/setting.mod.php; line: 27; <br />file: /framework/model/cloud.mod.php; line: 138; <br />file: /framework/model/cloud.mod.php; line: 379; <br />file: /framework/model/module.mod.php; line: 492; <br />file: /web/source/module/manage-account.ctrl.php; line: 22; <br />file: /web/index.php; line: 213; <br />

2019-02-15 15:52:35 SQL Error :
------------
String:
SQL: <br/>SELECT `value` FROM `ims_core_cache` WHERE `key` =  :__key_1  LIMIT 1<hr/>Params: <br/>array (
  ':__key_1' => 'we7:module_setting:12:ewei_shopv2',
)<hr/>SQL Error: <br/>MySQL server has gone away<hr/>Traces: <br/>file: /framework/class/db.class.php; line: 167; <br />file: /framework/class/db.class.php; line: 227; <br />file: /framework/class/db.class.php; line: 259; <br />file: /framework/function/pdo.func.php; line: 61; <br />file: /framework/function/cache.mysql.func.php; line: 10; <br />file: /framework/function/cache.func.php; line: 39; <br />file: /framework/model/module.mod.php; line: 304; <br />file: /framework/model/module.mod.php; line: 497; <br />file: /web/source/module/manage-account.ctrl.php; line: 22; <br />file: /web/index.php; line: 213; <br />

2019-02-15 15:52:35 SQL Error :
------------
String:
SQL: <br/>SELECT * FROM `ims_uni_account_modules` WHERE `module` =  :__module_1 AND `uniacid` =  :__uniacid_2  LIMIT 1<hr/>Params: <br/>array (
  ':__module_1' => 'ewei_shopv2',
  ':__uniacid_2' => 12,
)<hr/>SQL Error: <br/>MySQL server has gone away<hr/>Traces: <br/>file: /framework/class/db.class.php; line: 167; <br />file: /framework/class/db.class.php; line: 227; <br />file: /framework/function/pdo.func.php; line: 49; <br />file: /framework/model/module.mod.php; line: 306; <br />file: /framework/model/module.mod.php; line: 497; <br />file: /web/source/module/manage-account.ctrl.php; line: 22; <br />file: /web/index.php; line: 213; <br />

2019-02-15 15:56:38 SQL Error :
------------
String:
SQL: <br/>SELECT * FROM `ims_ewei_shop_commission_ziyuan` WHERE uniacid = '12' ORDER BY commission1 asc<hr/>Params: <br/>array (
)<hr/>SQL Error: <br/>Table 'hskj_1.ims_ewei_shop_commission_ziyuan' doesn't exist<hr/>Traces: <br/>file: /framework/class/db.class.php; line: 194; <br />file: /framework/function/pdo.func.php; line: 44; <br />file: /addons/ewei_shopv2/plugin/commission/core/web/ziyuan.php; line: 31; <br />file: /addons/ewei_shopv2/core/model/route.php; line: 202; <br />file: /addons/ewei_shopv2/site.php; line: 34; <br />file: /web/source/site/entry.ctrl.php; line: 81; <br />file: /web/index.php; line: 201; <br />

2019-02-15 15:56:39 SQL Error :
------------
String:
SQL: <br/>SELECT * FROM `ims_ewei_shop_commission_ziyuan` WHERE uniacid = '12' ORDER BY commission1 asc<hr/>Params: <br/>array (
)<hr/>SQL Error: <br/>Table 'hskj_1.ims_ewei_shop_commission_ziyuan' doesn't exist<hr/>Traces: <br/>file: /framework/class/db.class.php; line: 194; <br />file: /framework/function/pdo.func.php; line: 44; <br />file: /addons/ewei_shopv2/plugin/commission/core/web/ziyuan.php; line: 31; <br />file: /addons/ewei_shopv2/core/model/route.php; line: 202; <br />file: /addons/ewei_shopv2/site.php; line: 34; <br />file: /web/source/site/entry.ctrl.php; line: 81; <br />file: /web/index.php; line: 201; <br />

2019-02-15 15:56:40 SQL Error :
------------
String:
SQL: <br/>SELECT * FROM `ims_ewei_shop_commission_ziyuan` WHERE uniacid = '12' ORDER BY commission1 asc<hr/>Params: <br/>array (
)<hr/>SQL Error: <br/>Table 'hskj_1.ims_ewei_shop_commission_ziyuan' doesn't exist<hr/>Traces: <br/>file: /framework/class/db.class.php; line: 194; <br />file: /framework/function/pdo.func.php; line: 44; <br />file: /addons/ewei_shopv2/plugin/commission/core/web/ziyuan.php; line: 31; <br />file: /addons/ewei_shopv2/core/model/route.php; line: 202; <br />file: /addons/ewei_shopv2/site.php; line: 34; <br />file: /web/source/site/entry.ctrl.php; line: 81; <br />file: /web/index.php; line: 201; <br />

2019-02-15 15:56:40 SQL Error :
------------
String:
SQL: <br/>SELECT * FROM `ims_ewei_shop_commission_ziyuan` WHERE uniacid = '12' ORDER BY commission1 asc<hr/>Params: <br/>array (
)<hr/>SQL Error: <br/>Table 'hskj_1.ims_ewei_shop_commission_ziyuan' doesn't exist<hr/>Traces: <br/>file: /framework/class/db.class.php; line: 194; <br />file: /framework/function/pdo.func.php; line: 44; <br />file: /addons/ewei_shopv2/plugin/commission/core/web/ziyuan.php; line: 31; <br />file: /addons/ewei_shopv2/core/model/route.php; line: 202; <br />file: /addons/ewei_shopv2/site.php; line: 34; <br />file: /web/source/site/entry.ctrl.php; line: 81; <br />file: /web/index.php; line: 201; <br />

2019-02-15 15:56:40 SQL Error :
------------
String:
SQL: <br/>SELECT * FROM `ims_ewei_shop_commission_ziyuan` WHERE uniacid = '12' ORDER BY commission1 asc<hr/>Params: <br/>array (
)<hr/>SQL Error: <br/>Table 'hskj_1.ims_ewei_shop_commission_ziyuan' doesn't exist<hr/>Traces: <br/>file: /framework/class/db.class.php; line: 194; <br />file: /framework/function/pdo.func.php; line: 44; <br />file: /addons/ewei_shopv2/plugin/commission/core/web/ziyuan.php; line: 31; <br />file: /addons/ewei_shopv2/core/model/route.php; line: 202; <br />file: /addons/ewei_shopv2/site.php; line: 34; <br />file: /web/source/site/entry.ctrl.php; line: 81; <br />file: /web/index.php; line: 201; <br />

2019-02-15 15:56:41 SQL Error :
------------
String:
SQL: <br/>SELECT * FROM `ims_ewei_shop_commission_ziyuan` WHERE uniacid = '12' ORDER BY commission1 asc<hr/>Params: <br/>array (
)<hr/>SQL Error: <br/>Table 'hskj_1.ims_ewei_shop_commission_ziyuan' doesn't exist<hr/>Traces: <br/>file: /framework/class/db.class.php; line: 194; <br />file: /framework/function/pdo.func.php; line: 44; <br />file: /addons/ewei_shopv2/plugin/commission/core/web/ziyuan.php; line: 31; <br />file: /addons/ewei_shopv2/core/model/route.php; line: 202; <br />file: /addons/ewei_shopv2/site.php; line: 34; <br />file: /web/source/site/entry.ctrl.php; line: 81; <br />file: /web/index.php; line: 201; <br />

2019-02-15 15:56:41 SQL Error :
------------
String:
SQL: <br/>SELECT * FROM `ims_ewei_shop_commission_ziyuan` WHERE uniacid = '12' ORDER BY commission1 asc<hr/>Params: <br/>array (
)<hr/>SQL Error: <br/>Table 'hskj_1.ims_ewei_shop_commission_ziyuan' doesn't exist<hr/>Traces: <br/>file: /framework/class/db.class.php; line: 194; <br />file: /framework/function/pdo.func.php; line: 44; <br />file: /addons/ewei_shopv2/plugin/commission/core/web/ziyuan.php; line: 31; <br />file: /addons/ewei_shopv2/core/model/route.php; line: 202; <br />file: /addons/ewei_shopv2/site.php; line: 34; <br />file: /web/source/site/entry.ctrl.php; line: 81; <br />file: /web/index.php; line: 201; <br />

2019-02-15 15:56:41 SQL Error :
------------
String:
SQL: <br/>SELECT * FROM `ims_ewei_shop_commission_ziyuan` WHERE uniacid = '12' ORDER BY commission1 asc<hr/>Params: <br/>array (
)<hr/>SQL Error: <br/>Table 'hskj_1.ims_ewei_shop_commission_ziyuan' doesn't exist<hr/>Traces: <br/>file: /framework/class/db.class.php; line: 194; <br />file: /framework/function/pdo.func.php; line: 44; <br />file: /addons/ewei_shopv2/plugin/commission/core/web/ziyuan.php; line: 31; <br />file: /addons/ewei_shopv2/core/model/route.php; line: 202; <br />file: /addons/ewei_shopv2/site.php; line: 34; <br />file: /web/source/site/entry.ctrl.php; line: 81; <br />file: /web/index.php; line: 201; <br />

2019-02-15 15:57:31 SQL Error :
------------
String:
SQL: <br/>SELECT * FROM `ims_ims_ewei_shop_commission_level4` WHERE uniacid = '12' ORDER BY commission1 asc<hr/>Params: <br/>array (
)<hr/>SQL Error: <br/>Table 'hskj_1.ims_ims_ewei_shop_commission_level4' doesn't exist<hr/>Traces: <br/>file: /framework/class/db.class.php; line: 194; <br />file: /framework/function/pdo.func.php; line: 44; <br />file: /addons/ewei_shopv2/plugin/commission/core/web/ziyuan.php; line: 31; <br />file: /addons/ewei_shopv2/core/model/route.php; line: 202; <br />file: /addons/ewei_shopv2/site.php; line: 34; <br />file: /web/source/site/entry.ctrl.php; line: 81; <br />file: /web/index.php; line: 201; <br />

2019-02-15 15:57:32 SQL Error :
------------
String:
SQL: <br/>SELECT * FROM `ims_ims_ewei_shop_commission_level4` WHERE uniacid = '12' ORDER BY commission1 asc<hr/>Params: <br/>array (
)<hr/>SQL Error: <br/>Table 'hskj_1.ims_ims_ewei_shop_commission_level4' doesn't exist<hr/>Traces: <br/>file: /framework/class/db.class.php; line: 194; <br />file: /framework/function/pdo.func.php; line: 44; <br />file: /addons/ewei_shopv2/plugin/commission/core/web/ziyuan.php; line: 31; <br />file: /addons/ewei_shopv2/core/model/route.php; line: 202; <br />file: /addons/ewei_shopv2/site.php; line: 34; <br />file: /web/source/site/entry.ctrl.php; line: 81; <br />file: /web/index.php; line: 201; <br />

2019-02-15 15:57:32 SQL Error :
------------
String:
SQL: <br/>SELECT * FROM `ims_ims_ewei_shop_commission_level4` WHERE uniacid = '12' ORDER BY commission1 asc<hr/>Params: <br/>array (
)<hr/>SQL Error: <br/>Table 'hskj_1.ims_ims_ewei_shop_commission_level4' doesn't exist<hr/>Traces: <br/>file: /framework/class/db.class.php; line: 194; <br />file: /framework/function/pdo.func.php; line: 44; <br />file: /addons/ewei_shopv2/plugin/commission/core/web/ziyuan.php; line: 31; <br />file: /addons/ewei_shopv2/core/model/route.php; line: 202; <br />file: /addons/ewei_shopv2/site.php; line: 34; <br />file: /web/source/site/entry.ctrl.php; line: 81; <br />file: /web/index.php; line: 201; <br />

2019-02-15 15:57:33 SQL Error :
------------
String:
SQL: <br/>SELECT * FROM `ims_ims_ewei_shop_commission_level4` WHERE uniacid = '12' ORDER BY commission1 asc<hr/>Params: <br/>array (
)<hr/>SQL Error: <br/>Table 'hskj_1.ims_ims_ewei_shop_commission_level4' doesn't exist<hr/>Traces: <br/>file: /framework/class/db.class.php; line: 194; <br />file: /framework/function/pdo.func.php; line: 44; <br />file: /addons/ewei_shopv2/plugin/commission/core/web/ziyuan.php; line: 31; <br />file: /addons/ewei_shopv2/core/model/route.php; line: 202; <br />file: /addons/ewei_shopv2/site.php; line: 34; <br />file: /web/source/site/entry.ctrl.php; line: 81; <br />file: /web/index.php; line: 201; <br />

2019-02-15 15:57:33 SQL Error :
------------
String:
SQL: <br/>SELECT * FROM `ims_ims_ewei_shop_commission_level4` WHERE uniacid = '12' ORDER BY commission1 asc<hr/>Params: <br/>array (
)<hr/>SQL Error: <br/>Table 'hskj_1.ims_ims_ewei_shop_commission_level4' doesn't exist<hr/>Traces: <br/>file: /framework/class/db.class.php; line: 194; <br />file: /framework/function/pdo.func.php; line: 44; <br />file: /addons/ewei_shopv2/plugin/commission/core/web/ziyuan.php; line: 31; <br />file: /addons/ewei_shopv2/core/model/route.php; line: 202; <br />file: /addons/ewei_shopv2/site.php; line: 34; <br />file: /web/source/site/entry.ctrl.php; line: 81; <br />file: /web/index.php; line: 201; <br />

2019-02-15 15:57:33 SQL Error :
------------
String:
SQL: <br/>SELECT * FROM `ims_ims_ewei_shop_commission_level4` WHERE uniacid = '12' ORDER BY commission1 asc<hr/>Params: <br/>array (
)<hr/>SQL Error: <br/>Table 'hskj_1.ims_ims_ewei_shop_commission_level4' doesn't exist<hr/>Traces: <br/>file: /framework/class/db.class.php; line: 194; <br />file: /framework/function/pdo.func.php; line: 44; <br />file: /addons/ewei_shopv2/plugin/commission/core/web/ziyuan.php; line: 31; <br />file: /addons/ewei_shopv2/core/model/route.php; line: 202; <br />file: /addons/ewei_shopv2/site.php; line: 34; <br />file: /web/source/site/entry.ctrl.php; line: 81; <br />file: /web/index.php; line: 201; <br />

2019-02-15 15:57:34 SQL Error :
------------
String:
SQL: <br/>SELECT * FROM `ims_ims_ewei_shop_commission_level4` WHERE uniacid = '12' ORDER BY commission1 asc<hr/>Params: <br/>array (
)<hr/>SQL Error: <br/>Table 'hskj_1.ims_ims_ewei_shop_commission_level4' doesn't exist<hr/>Traces: <br/>file: /framework/class/db.class.php; line: 194; <br />file: /framework/function/pdo.func.php; line: 44; <br />file: /addons/ewei_shopv2/plugin/commission/core/web/ziyuan.php; line: 31; <br />file: /addons/ewei_shopv2/core/model/route.php; line: 202; <br />file: /addons/ewei_shopv2/site.php; line: 34; <br />file: /web/source/site/entry.ctrl.php; line: 81; <br />file: /web/index.php; line: 201; <br />

2019-02-15 15:57:34 SQL Error :
------------
String:
SQL: <br/>SELECT * FROM `ims_ims_ewei_shop_commission_level4` WHERE uniacid = '12' ORDER BY commission1 asc<hr/>Params: <br/>array (
)<hr/>SQL Error: <br/>Table 'hskj_1.ims_ims_ewei_shop_commission_level4' doesn't exist<hr/>Traces: <br/>file: /framework/class/db.class.php; line: 194; <br />file: /framework/function/pdo.func.php; line: 44; <br />file: /addons/ewei_shopv2/plugin/commission/core/web/ziyuan.php; line: 31; <br />file: /addons/ewei_shopv2/core/model/route.php; line: 202; <br />file: /addons/ewei_shopv2/site.php; line: 34; <br />file: /web/source/site/entry.ctrl.php; line: 81; <br />file: /web/index.php; line: 201; <br />

2019-02-15 15:57:34 SQL Error :
------------
String:
SQL: <br/>SELECT * FROM `ims_ims_ewei_shop_commission_level4` WHERE uniacid = '12' ORDER BY commission1 asc<hr/>Params: <br/>array (
)<hr/>SQL Error: <br/>Table 'hskj_1.ims_ims_ewei_shop_commission_level4' doesn't exist<hr/>Traces: <br/>file: /framework/class/db.class.php; line: 194; <br />file: /framework/function/pdo.func.php; line: 44; <br />file: /addons/ewei_shopv2/plugin/commission/core/web/ziyuan.php; line: 31; <br />file: /addons/ewei_shopv2/core/model/route.php; line: 202; <br />file: /addons/ewei_shopv2/site.php; line: 34; <br />file: /web/source/site/entry.ctrl.php; line: 81; <br />file: /web/index.php; line: 201; <br />

2019-02-15 15:57:34 SQL Error :
------------
String:
SQL: <br/>SELECT * FROM `ims_ims_ewei_shop_commission_level4` WHERE uniacid = '12' ORDER BY commission1 asc<hr/>Params: <br/>array (
)<hr/>SQL Error: <br/>Table 'hskj_1.ims_ims_ewei_shop_commission_level4' doesn't exist<hr/>Traces: <br/>file: /framework/class/db.class.php; line: 194; <br />file: /framework/function/pdo.func.php; line: 44; <br />file: /addons/ewei_shopv2/plugin/commission/core/web/ziyuan.php; line: 31; <br />file: /addons/ewei_shopv2/core/model/route.php; line: 202; <br />file: /addons/ewei_shopv2/site.php; line: 34; <br />file: /web/source/site/entry.ctrl.php; line: 81; <br />file: /web/index.php; line: 201; <br />

2019-02-15 15:58:32 SQL Error :
------------
String:
SQL: <br/>REPLACE INTO `ims_core_settings` SET `key` =  :key_1 , `value` =  :value_2<hr/>Params: <br/>array (
  ':key_1' => 'cloudip',
  ':value_2' => 'a:0:{}',
)<hr/>SQL Error: <br/>MySQL server has gone away<hr/>Traces: <br/>file: /framework/class/db.class.php; line: 115; <br />file: /framework/class/db.class.php; line: 285; <br />file: /framework/function/pdo.func.php; line: 71; <br />file: /framework/model/setting.mod.php; line: 24; <br />file: /framework/model/cloud.mod.php; line: 138; <br />file: /framework/model/cloud.mod.php; line: 379; <br />file: /framework/model/module.mod.php; line: 492; <br />file: /web/source/module/manage-account.ctrl.php; line: 22; <br />file: /web/index.php; line: 213; <br />

2019-02-15 15:58:32 SQL Error :
------------
String:
SQL: <br/>REPLACE INTO `ims_core_cache` SET `key` =  :key_1 , `value` =  :value_2<hr/>Params: <br/>array (
  ':key_1' => 'setting',
  ':value_2' => 's:0:"";',
)<hr/>SQL Error: <br/>MySQL server has gone away<hr/>Traces: <br/>file: /framework/class/db.class.php; line: 115; <br />file: /framework/class/db.class.php; line: 285; <br />file: /framework/function/pdo.func.php; line: 71; <br />file: /framework/function/cache.mysql.func.php; line: 55; <br />file: /framework/model/setting.mod.php; line: 27; <br />file: /framework/model/cloud.mod.php; line: 138; <br />file: /framework/model/cloud.mod.php; line: 379; <br />file: /framework/model/module.mod.php; line: 492; <br />file: /web/source/module/manage-account.ctrl.php; line: 22; <br />file: /web/index.php; line: 213; <br />

2019-02-15 15:58:33 SQL Error :
------------
String:
SQL: <br/>SELECT `value` FROM `ims_core_cache` WHERE `key` =  :__key_1  LIMIT 1<hr/>Params: <br/>array (
  ':__key_1' => 'we7:module_setting:12:ewei_shopv2',
)<hr/>SQL Error: <br/>MySQL server has gone away<hr/>Traces: <br/>file: /framework/class/db.class.php; line: 167; <br />file: /framework/class/db.class.php; line: 227; <br />file: /framework/class/db.class.php; line: 259; <br />file: /framework/function/pdo.func.php; line: 61; <br />file: /framework/function/cache.mysql.func.php; line: 10; <br />file: /framework/function/cache.func.php; line: 39; <br />file: /framework/model/module.mod.php; line: 304; <br />file: /framework/model/module.mod.php; line: 497; <br />file: /web/source/module/manage-account.ctrl.php; line: 22; <br />file: /web/index.php; line: 213; <br />

2019-02-15 15:58:33 SQL Error :
------------
String:
SQL: <br/>SELECT * FROM `ims_uni_account_modules` WHERE `module` =  :__module_1 AND `uniacid` =  :__uniacid_2  LIMIT 1<hr/>Params: <br/>array (
  ':__module_1' => 'ewei_shopv2',
  ':__uniacid_2' => 12,
)<hr/>SQL Error: <br/>MySQL server has gone away<hr/>Traces: <br/>file: /framework/class/db.class.php; line: 167; <br />file: /framework/class/db.class.php; line: 227; <br />file: /framework/function/pdo.func.php; line: 49; <br />file: /framework/model/module.mod.php; line: 306; <br />file: /framework/model/module.mod.php; line: 497; <br />file: /web/source/module/manage-account.ctrl.php; line: 22; <br />file: /web/index.php; line: 213; <br />

2019-02-15 16:27:57 SQL Error :
------------
String:
SQL: <br/>REPLACE INTO `ims_core_settings` SET `key` =  :key_1 , `value` =  :value_2<hr/>Params: <br/>array (
  ':key_1' => 'cloudip',
  ':value_2' => 'a:0:{}',
)<hr/>SQL Error: <br/>MySQL server has gone away<hr/>Traces: <br/>file: /framework/class/db.class.php; line: 115; <br />file: /framework/class/db.class.php; line: 285; <br />file: /framework/function/pdo.func.php; line: 71; <br />file: /framework/model/setting.mod.php; line: 24; <br />file: /framework/model/cloud.mod.php; line: 138; <br />file: /framework/model/cloud.mod.php; line: 379; <br />file: /framework/model/module.mod.php; line: 492; <br />file: /web/source/module/manage-account.ctrl.php; line: 22; <br />file: /web/index.php; line: 213; <br />

2019-02-15 16:27:57 SQL Error :
------------
String:
SQL: <br/>REPLACE INTO `ims_core_cache` SET `key` =  :key_1 , `value` =  :value_2<hr/>Params: <br/>array (
  ':key_1' => 'setting',
  ':value_2' => 's:0:"";',
)<hr/>SQL Error: <br/>MySQL server has gone away<hr/>Traces: <br/>file: /framework/class/db.class.php; line: 115; <br />file: /framework/class/db.class.php; line: 285; <br />file: /framework/function/pdo.func.php; line: 71; <br />file: /framework/function/cache.mysql.func.php; line: 55; <br />file: /framework/model/setting.mod.php; line: 27; <br />file: /framework/model/cloud.mod.php; line: 138; <br />file: /framework/model/cloud.mod.php; line: 379; <br />file: /framework/model/module.mod.php; line: 492; <br />file: /web/source/module/manage-account.ctrl.php; line: 22; <br />file: /web/index.php; line: 213; <br />

2019-02-15 16:27:57 SQL Error :
------------
String:
SQL: <br/>SELECT `value` FROM `ims_core_cache` WHERE `key` =  :__key_1  LIMIT 1<hr/>Params: <br/>array (
  ':__key_1' => 'we7:module_setting:12:ewei_shopv2',
)<hr/>SQL Error: <br/>MySQL server has gone away<hr/>Traces: <br/>file: /framework/class/db.class.php; line: 167; <br />file: /framework/class/db.class.php; line: 227; <br />file: /framework/class/db.class.php; line: 259; <br />file: /framework/function/pdo.func.php; line: 61; <br />file: /framework/function/cache.mysql.func.php; line: 10; <br />file: /framework/function/cache.func.php; line: 39; <br />file: /framework/model/module.mod.php; line: 304; <br />file: /framework/model/module.mod.php; line: 497; <br />file: /web/source/module/manage-account.ctrl.php; line: 22; <br />file: /web/index.php; line: 213; <br />

2019-02-15 16:27:57 SQL Error :
------------
String:
SQL: <br/>SELECT * FROM `ims_uni_account_modules` WHERE `module` =  :__module_1 AND `uniacid` =  :__uniacid_2  LIMIT 1<hr/>Params: <br/>array (
  ':__module_1' => 'ewei_shopv2',
  ':__uniacid_2' => 12,
)<hr/>SQL Error: <br/>MySQL server has gone away<hr/>Traces: <br/>file: /framework/class/db.class.php; line: 167; <br />file: /framework/class/db.class.php; line: 227; <br />file: /framework/function/pdo.func.php; line: 49; <br />file: /framework/model/module.mod.php; line: 306; <br />file: /framework/model/module.mod.php; line: 497; <br />file: /web/source/module/manage-account.ctrl.php; line: 22; <br />file: /web/index.php; line: 213; <br />

2019-02-15 16:44:36 SQL Error :
------------
String:
SQL: <br/>SELECT `value` FROM `ims_core_cache` WHERE `key` =  :__key_1  LIMIT 1<hr/>Params: <br/>array (
  ':__key_1' => 'we7:module_setting:12:ewei_shopv2',
)<hr/>SQL Error: <br/>MySQL server has gone away<hr/>Traces: <br/>file: /framework/class/db.class.php; line: 167; <br />file: /framework/class/db.class.php; line: 227; <br />file: /framework/class/db.class.php; line: 259; <br />file: /framework/function/pdo.func.php; line: 61; <br />file: /framework/function/cache.mysql.func.php; line: 10; <br />file: /framework/function/cache.func.php; line: 39; <br />file: /framework/model/module.mod.php; line: 304; <br />file: /framework/model/module.mod.php; line: 497; <br />file: /web/source/module/manage-account.ctrl.php; line: 22; <br />file: /web/index.php; line: 213; <br />

2019-02-15 16:44:36 SQL Error :
------------
String:
SQL: <br/>SELECT * FROM `ims_uni_account_modules` WHERE `module` =  :__module_1 AND `uniacid` =  :__uniacid_2  LIMIT 1<hr/>Params: <br/>array (
  ':__module_1' => 'ewei_shopv2',
  ':__uniacid_2' => 12,
)<hr/>SQL Error: <br/>MySQL server has gone away<hr/>Traces: <br/>file: /framework/class/db.class.php; line: 167; <br />file: /framework/class/db.class.php; line: 227; <br />file: /framework/function/pdo.func.php; line: 49; <br />file: /framework/model/module.mod.php; line: 306; <br />file: /framework/model/module.mod.php; line: 497; <br />file: /web/source/module/manage-account.ctrl.php; line: 22; <br />file: /web/index.php; line: 213; <br />

