<<<<<<< HEAD
2019-04-01 12:15:06 SQL Error :
=======
<<<<<<< HEAD
2019-04-01 10:06:53 SQL Error :
------------
String:
SQL: <br/>select id,couponid,openid,isparent,sendtime,price,merchid,isverify,addressid,isvirtualsend,virtual,dispatchtype from `ims_ewei_shop_order` where uniacid=12 and status=2 <hr/>Params: <br/>array (
)<hr/>SQL Error: <br/>You have an error in your SQL syntax; check the manual that corresponds to your MySQL server version for the right syntax to use near 'virtual,dispatchtype from `ims_ewei_shop_order` where uniacid=12 and status=2' at line 1<hr/>Traces: <br/>file: /framework/class/db.class.php; line: 194; <br />file: /framework/function/pdo.func.php; line: 44; <br />file: /addons/ewei_shopv2/core/task/order/receive.php; line: 23; <br />
=======
2019-04-01 11:54:09 SQL Error :
------------
String:
SQL: <br/>selsect * from`ims_ewei_shop_lottery2_log`limit 10<hr/>Params: <br/>array (
)<hr/>SQL Error: <br/>You have an error in your SQL syntax; check the manual that corresponds to your MySQL server version for the right syntax to use near 'selsect * from`ims_ewei_shop_lottery2_log`limit 10' at line 1<hr/>Traces: <br/>file: /framework/class/db.class.php; line: 194; <br />file: /framework/function/pdo.func.php; line: 44; <br />file: /addons/ewei_shopv2/core/mobile/member/lottery.php; line: 24; <br />file: /addons/ewei_shopv2/core/model/route.php; line: 202; <br />file: /addons/ewei_shopv2/site.php; line: 38; <br />file: /app/source/entry/site.ctrl.php; line: 12; <br />file: /app/index.php; line: 115; <br />

2019-04-01 11:54:36 SQL Error :
------------
String:
SQL: <br/>selsect * from`ims_ewei_shop_lottery2_log` limit 10<hr/>Params: <br/>array (
)<hr/>SQL Error: <br/>You have an error in your SQL syntax; check the manual that corresponds to your MySQL server version for the right syntax to use near 'selsect * from`ims_ewei_shop_lottery2_log` limit 10' at line 1<hr/>Traces: <br/>file: /framework/class/db.class.php; line: 194; <br />file: /framework/function/pdo.func.php; line: 44; <br />file: /addons/ewei_shopv2/core/mobile/member/lottery.php; line: 24; <br />file: /addons/ewei_shopv2/core/model/route.php; line: 202; <br />file: /addons/ewei_shopv2/site.php; line: 38; <br />file: /app/source/entry/site.ctrl.php; line: 12; <br />file: /app/index.php; line: 115; <br />

2019-04-01 11:54:56 SQL Error :
------------
String:
SQL: <br/>selsect * from`ims_ewei_shop_lottery2_log` limit 10<hr/>Params: <br/>array (
)<hr/>SQL Error: <br/>You have an error in your SQL syntax; check the manual that corresponds to your MySQL server version for the right syntax to use near 'selsect * from`ims_ewei_shop_lottery2_log` limit 10' at line 1<hr/>Traces: <br/>file: /framework/class/db.class.php; line: 194; <br />file: /framework/function/pdo.func.php; line: 44; <br />file: /addons/ewei_shopv2/core/mobile/member/lottery.php; line: 24; <br />file: /addons/ewei_shopv2/core/model/route.php; line: 202; <br />file: /addons/ewei_shopv2/site.php; line: 38; <br />file: /app/source/entry/site.ctrl.php; line: 12; <br />file: /app/index.php; line: 115; <br />

2019-04-01 11:55:10 SQL Error :
------------
String:
SQL: <br/>selsect * from`ims_ewei_shop_lottery2_log` limit 10<hr/>Params: <br/>array (
)<hr/>SQL Error: <br/>You have an error in your SQL syntax; check the manual that corresponds to your MySQL server version for the right syntax to use near 'selsect * from`ims_ewei_shop_lottery2_log` limit 10' at line 1<hr/>Traces: <br/>file: /framework/class/db.class.php; line: 194; <br />file: /framework/function/pdo.func.php; line: 44; <br />file: /addons/ewei_shopv2/core/mobile/member/lottery.php; line: 24; <br />file: /addons/ewei_shopv2/core/model/route.php; line: 202; <br />file: /addons/ewei_shopv2/site.php; line: 38; <br />file: /app/source/entry/site.ctrl.php; line: 12; <br />file: /app/index.php; line: 115; <br />

2019-04-01 12:00:54 SQL Error :
------------
String:
SQL: <br/>selsect * from`ims_ewei_shop_lottery2_log`  order by id DESC limit 10<hr/>Params: <br/>array (
)<hr/>SQL Error: <br/>You have an error in your SQL syntax; check the manual that corresponds to your MySQL server version for the right syntax to use near 'selsect * from`ims_ewei_shop_lottery2_log`  order by id DESC limit 10' at line 1<hr/>Traces: <br/>file: /framework/class/db.class.php; line: 194; <br />file: /framework/function/pdo.func.php; line: 44; <br />file: /addons/ewei_shopv2/core/mobile/member/lottery.php; line: 24; <br />file: /addons/ewei_shopv2/core/model/route.php; line: 202; <br />file: /addons/ewei_shopv2/site.php; line: 38; <br />file: /app/source/entry/site.ctrl.php; line: 12; <br />file: /app/index.php; line: 115; <br />
>>>>>>> b72aa552a570bf867ef6b7d2f0867ded194cda61

2019-04-01 15:35:16 SQL Error :
>>>>>>> fb9decd538923dbc4fd72058968aa847a54905ec
------------
String:
SQL: <br/>select id,couponid,openid,isparent,sendtime,price,merchid,isverify,addressid,isvirtualsend,virtual,dispatchtype from `ims_ewei_shop_order` where uniacid=12 and status=2 <hr/>Params: <br/>array (
)<hr/>SQL Error: <br/>You have an error in your SQL syntax; check the manual that corresponds to your MySQL server version for the right syntax to use near 'virtual,dispatchtype from `ims_ewei_shop_order` where uniacid=12 and status=2' at line 1<hr/>Traces: <br/>file: /framework/class/db.class.php; line: 194; <br />file: /framework/function/pdo.func.php; line: 44; <br />file: /addons/ewei_shopv2/core/task/order/receive.php; line: 23; <br />

