2019-04-02 10:51:34 SQL Error :
------------
String:
SQL: <br/>select id,couponid,openid,isparent,sendtime,price,merchid,isverify,addressid,isvirtualsend,virtual,dispatchtype from `ims_ewei_shop_order` where uniacid=12 and status=2 <hr/>Params: <br/>array (
)<hr/>SQL Error: <br/>You have an error in your SQL syntax; check the manual that corresponds to your MySQL server version for the right syntax to use near 'virtual,dispatchtype from `ims_ewei_shop_order` where uniacid=12 and status=2' at line 1<hr/>Traces: <br/>file: /framework/class/db.class.php; line: 194; <br />file: /framework/function/pdo.func.php; line: 44; <br />file: /addons/ewei_shopv2/core/task/order/receive.php; line: 23; <br />

<<<<<<< HEAD
2019-04-02 16:15:10 SQL Error :
=======
2019-04-02 12:11:07 SQL Error :
------------
String:
SQL: <br/>select id,couponid,openid,isparent,sendtime,price,merchid,isverify,addressid,isvirtualsend,virtual,dispatchtype from `ims_ewei_shop_order` where uniacid=12 and status=2 <hr/>Params: <br/>array (
)<hr/>SQL Error: <br/>You have an error in your SQL syntax; check the manual that corresponds to your MySQL server version for the right syntax to use near 'virtual,dispatchtype from `ims_ewei_shop_order` where uniacid=12 and status=2' at line 1<hr/>Traces: <br/>file: /framework/class/db.class.php; line: 194; <br />file: /framework/function/pdo.func.php; line: 44; <br />file: /addons/ewei_shopv2/core/task/order/receive.php; line: 23; <br />

2019-04-02 15:13:17 SQL Error :
>>>>>>> 091ac279bfd2a417554e0cbc4131d460c8805c5d
------------
String:
SQL: <br/>select id,couponid,openid,isparent,sendtime,price,merchid,isverify,addressid,isvirtualsend,virtual,dispatchtype from `ims_ewei_shop_order` where uniacid=12 and status=2 <hr/>Params: <br/>array (
)<hr/>SQL Error: <br/>You have an error in your SQL syntax; check the manual that corresponds to your MySQL server version for the right syntax to use near 'virtual,dispatchtype from `ims_ewei_shop_order` where uniacid=12 and status=2' at line 1<hr/>Traces: <br/>file: /framework/class/db.class.php; line: 194; <br />file: /framework/function/pdo.func.php; line: 44; <br />file: /addons/ewei_shopv2/core/task/order/receive.php; line: 23; <br />

2019-04-02 18:23:09 SQL Error :
------------
String:
SQL: <br/>select id,couponid,openid,isparent,sendtime,price,merchid,isverify,addressid,isvirtualsend,virtual,dispatchtype from `ims_ewei_shop_order` where uniacid=12 and status=2 <hr/>Params: <br/>array (
)<hr/>SQL Error: <br/>You have an error in your SQL syntax; check the manual that corresponds to your MySQL server version for the right syntax to use near 'virtual,dispatchtype from `ims_ewei_shop_order` where uniacid=12 and status=2' at line 1<hr/>Traces: <br/>file: /framework/class/db.class.php; line: 194; <br />file: /framework/function/pdo.func.php; line: 44; <br />file: /addons/ewei_shopv2/core/task/order/receive.php; line: 23; <br />

2019-04-02 19:23:17 SQL Error :
------------
String:
SQL: <br/>select id,couponid,openid,isparent,sendtime,price,merchid,isverify,addressid,isvirtualsend,virtual,dispatchtype from `ims_ewei_shop_order` where uniacid=12 and status=2 <hr/>Params: <br/>array (
)<hr/>SQL Error: <br/>You have an error in your SQL syntax; check the manual that corresponds to your MySQL server version for the right syntax to use near 'virtual,dispatchtype from `ims_ewei_shop_order` where uniacid=12 and status=2' at line 1<hr/>Traces: <br/>file: /framework/class/db.class.php; line: 194; <br />file: /framework/function/pdo.func.php; line: 44; <br />file: /addons/ewei_shopv2/core/task/order/receive.php; line: 23; <br />

2019-04-02 22:38:28 SQL Error :
------------
String:
SQL: <br/>select id,couponid,openid,isparent,sendtime,price,merchid,isverify,addressid,isvirtualsend,virtual,dispatchtype from `ims_ewei_shop_order` where uniacid=12 and status=2 <hr/>Params: <br/>array (
)<hr/>SQL Error: <br/>You have an error in your SQL syntax; check the manual that corresponds to your MySQL server version for the right syntax to use near 'virtual,dispatchtype from `ims_ewei_shop_order` where uniacid=12 and status=2' at line 1<hr/>Traces: <br/>file: /framework/class/db.class.php; line: 194; <br />file: /framework/function/pdo.func.php; line: 44; <br />file: /addons/ewei_shopv2/core/task/order/receive.php; line: 23; <br />

