2019-03-31 10:49:57 SQL Error :
------------
String:
SQL: <br/>select id,couponid,openid,isparent,sendtime,price,merchid,isverify,addressid,isvirtualsend,virtual,dispatchtype from `ims_ewei_shop_order` where uniacid=12 and status=2 <hr/>Params: <br/>array (
)<hr/>SQL Error: <br/>You have an error in your SQL syntax; check the manual that corresponds to your MySQL server version for the right syntax to use near 'virtual,dispatchtype from `ims_ewei_shop_order` where uniacid=12 and status=2' at line 1<hr/>Traces: <br/>file: /framework/class/db.class.php; line: 194; <br />file: /framework/function/pdo.func.php; line: 44; <br />file: /addons/ewei_shopv2/core/task/order/receive.php; line: 23; <br />

2019-03-31 11:54:36 SQL Error :
------------
String:
SQL: <br/>select id,couponid,openid,isparent,sendtime,price,merchid,isverify,addressid,isvirtualsend,virtual,dispatchtype from `ims_ewei_shop_order` where uniacid=12 and status=2 <hr/>Params: <br/>array (
)<hr/>SQL Error: <br/>You have an error in your SQL syntax; check the manual that corresponds to your MySQL server version for the right syntax to use near 'virtual,dispatchtype from `ims_ewei_shop_order` where uniacid=12 and status=2' at line 1<hr/>Traces: <br/>file: /framework/class/db.class.php; line: 194; <br />file: /framework/function/pdo.func.php; line: 44; <br />file: /addons/ewei_shopv2/core/task/order/receive.php; line: 23; <br />

2019-03-31 15:49:27 SQL Error :
------------
String:
SQL: <br/>select g.*,m.nickname from`ims_ewei_shop_member_log`g left join`ims_ewei_shop_member`m on g.openid=m.openid where g.type='1' or g.type='2' and g.openid='wap_user_12_18228178860' and order by g.createtime desc LIMIT 0,10<hr/>Params: <br/>array (
  ':uniacid' => 12,
  ':openid' => 'wap_user_12_18228178860',
)<hr/>SQL Error: <br/>You have an error in your SQL syntax; check the manual that corresponds to your MySQL server version for the right syntax to use near 'order by g.createtime desc LIMIT 0,10' at line 1<hr/>Traces: <br/>file: /framework/class/db.class.php; line: 194; <br />file: /framework/function/pdo.func.php; line: 44; <br />file: /addons/ewei_shopv2/core/mobile/member/investmentjilu.php; line: 34; <br />file: /addons/ewei_shopv2/core/model/route.php; line: 202; <br />file: /addons/ewei_shopv2/site.php; line: 38; <br />file: /app/source/entry/site.ctrl.php; line: 12; <br />file: /app/index.php; line: 115; <br />

2019-03-31 15:53:25 SQL Error :
------------
String:
SQL: <br/>select id,couponid,openid,isparent,sendtime,price,merchid,isverify,addressid,isvirtualsend,virtual,dispatchtype from `ims_ewei_shop_order` where uniacid=12 and status=2 <hr/>Params: <br/>array (
)<hr/>SQL Error: <br/>You have an error in your SQL syntax; check the manual that corresponds to your MySQL server version for the right syntax to use near 'virtual,dispatchtype from `ims_ewei_shop_order` where uniacid=12 and status=2' at line 1<hr/>Traces: <br/>file: /framework/class/db.class.php; line: 194; <br />file: /framework/function/pdo.func.php; line: 44; <br />file: /addons/ewei_shopv2/core/task/order/receive.php; line: 23; <br />

2019-03-31 16:55:41 SQL Error :
------------
String:
SQL: <br/>select id,couponid,openid,isparent,sendtime,price,merchid,isverify,addressid,isvirtualsend,virtual,dispatchtype from `ims_ewei_shop_order` where uniacid=12 and status=2 <hr/>Params: <br/>array (
)<hr/>SQL Error: <br/>You have an error in your SQL syntax; check the manual that corresponds to your MySQL server version for the right syntax to use near 'virtual,dispatchtype from `ims_ewei_shop_order` where uniacid=12 and status=2' at line 1<hr/>Traces: <br/>file: /framework/class/db.class.php; line: 194; <br />file: /framework/function/pdo.func.php; line: 44; <br />file: /addons/ewei_shopv2/core/task/order/receive.php; line: 23; <br />

2019-03-31 18:57:07 SQL Error :
------------
String:
SQL: <br/>select id,couponid,openid,isparent,sendtime,price,merchid,isverify,addressid,isvirtualsend,virtual,dispatchtype from `ims_ewei_shop_order` where uniacid=12 and status=2 <hr/>Params: <br/>array (
)<hr/>SQL Error: <br/>You have an error in your SQL syntax; check the manual that corresponds to your MySQL server version for the right syntax to use near 'virtual,dispatchtype from `ims_ewei_shop_order` where uniacid=12 and status=2' at line 1<hr/>Traces: <br/>file: /framework/class/db.class.php; line: 194; <br />file: /framework/function/pdo.func.php; line: 44; <br />file: /addons/ewei_shopv2/core/task/order/receive.php; line: 23; <br />

