2019-03-18 14:28:18 SQL Error :
------------
String:
SQL: <br/>REPLACE INTO `ims_core_settings` SET `key` =  :key_1 , `value` =  :value_2<hr/>Params: <br/>array (
  ':key_1' => 'cloudip',
  ':value_2' => 'a:0:{}',
)<hr/>SQL Error: <br/>MySQL server has gone away<hr/>Traces: <br/>file: /framework/class/db.class.php; line: 115; <br />file: /framework/class/db.class.php; line: 285; <br />file: /framework/function/pdo.func.php; line: 71; <br />file: /framework/model/setting.mod.php; line: 24; <br />file: /framework/model/cloud.mod.php; line: 138; <br />file: /framework/model/cloud.mod.php; line: 379; <br />file: /framework/model/module.mod.php; line: 492; <br />file: /web/source/module/manage-account.ctrl.php; line: 22; <br />file: /web/index.php; line: 213; <br />

2019-03-18 14:28:18 SQL Error :
------------
String:
SQL: <br/>REPLACE INTO `ims_core_cache` SET `key` =  :key_1 , `value` =  :value_2<hr/>Params: <br/>array (
  ':key_1' => 'setting',
  ':value_2' => 's:0:"";',
)<hr/>SQL Error: <br/>MySQL server has gone away<hr/>Traces: <br/>file: /framework/class/db.class.php; line: 115; <br />file: /framework/class/db.class.php; line: 285; <br />file: /framework/function/pdo.func.php; line: 71; <br />file: /framework/function/cache.mysql.func.php; line: 55; <br />file: /framework/model/setting.mod.php; line: 27; <br />file: /framework/model/cloud.mod.php; line: 138; <br />file: /framework/model/cloud.mod.php; line: 379; <br />file: /framework/model/module.mod.php; line: 492; <br />file: /web/source/module/manage-account.ctrl.php; line: 22; <br />file: /web/index.php; line: 213; <br />

2019-03-18 14:28:18 SQL Error :
------------
String:
SQL: <br/>SELECT `value` FROM `ims_core_cache` WHERE `key` =  :__key_1  LIMIT 1<hr/>Params: <br/>array (
  ':__key_1' => 'we7:module_setting:12:ewei_shopv2',
)<hr/>SQL Error: <br/>MySQL server has gone away<hr/>Traces: <br/>file: /framework/class/db.class.php; line: 167; <br />file: /framework/class/db.class.php; line: 227; <br />file: /framework/class/db.class.php; line: 259; <br />file: /framework/function/pdo.func.php; line: 61; <br />file: /framework/function/cache.mysql.func.php; line: 10; <br />file: /framework/function/cache.func.php; line: 39; <br />file: /framework/model/module.mod.php; line: 304; <br />file: /framework/model/module.mod.php; line: 497; <br />file: /web/source/module/manage-account.ctrl.php; line: 22; <br />file: /web/index.php; line: 213; <br />

2019-03-18 14:28:18 SQL Error :
------------
String:
SQL: <br/>SELECT * FROM `ims_uni_account_modules` WHERE `module` =  :__module_1 AND `uniacid` =  :__uniacid_2  LIMIT 1<hr/>Params: <br/>array (
  ':__module_1' => 'ewei_shopv2',
  ':__uniacid_2' => 12,
)<hr/>SQL Error: <br/>MySQL server has gone away<hr/>Traces: <br/>file: /framework/class/db.class.php; line: 167; <br />file: /framework/class/db.class.php; line: 227; <br />file: /framework/function/pdo.func.php; line: 49; <br />file: /framework/model/module.mod.php; line: 306; <br />file: /framework/model/module.mod.php; line: 497; <br />file: /web/source/module/manage-account.ctrl.php; line: 22; <br />file: /web/index.php; line: 213; <br />

2019-03-18 14:30:05 SQL Error :
------------
String:
SQL: <br/>REPLACE INTO `ims_core_settings` SET `key` =  :key_1 , `value` =  :value_2<hr/>Params: <br/>array (
  ':key_1' => 'cloudip',
  ':value_2' => 'a:0:{}',
)<hr/>SQL Error: <br/>MySQL server has gone away<hr/>Traces: <br/>file: /framework/class/db.class.php; line: 115; <br />file: /framework/class/db.class.php; line: 285; <br />file: /framework/function/pdo.func.php; line: 71; <br />file: /framework/model/setting.mod.php; line: 24; <br />file: /framework/model/cloud.mod.php; line: 138; <br />file: /framework/model/cloud.mod.php; line: 379; <br />file: /framework/model/module.mod.php; line: 492; <br />file: /web/source/module/manage-account.ctrl.php; line: 22; <br />file: /web/index.php; line: 213; <br />

2019-03-18 14:30:05 SQL Error :
------------
String:
SQL: <br/>REPLACE INTO `ims_core_cache` SET `key` =  :key_1 , `value` =  :value_2<hr/>Params: <br/>array (
  ':key_1' => 'setting',
  ':value_2' => 's:0:"";',
)<hr/>SQL Error: <br/>MySQL server has gone away<hr/>Traces: <br/>file: /framework/class/db.class.php; line: 115; <br />file: /framework/class/db.class.php; line: 285; <br />file: /framework/function/pdo.func.php; line: 71; <br />file: /framework/function/cache.mysql.func.php; line: 55; <br />file: /framework/model/setting.mod.php; line: 27; <br />file: /framework/model/cloud.mod.php; line: 138; <br />file: /framework/model/cloud.mod.php; line: 379; <br />file: /framework/model/module.mod.php; line: 492; <br />file: /web/source/module/manage-account.ctrl.php; line: 22; <br />file: /web/index.php; line: 213; <br />

2019-03-18 14:30:05 SQL Error :
------------
String:
SQL: <br/>SELECT `value` FROM `ims_core_cache` WHERE `key` =  :__key_1  LIMIT 1<hr/>Params: <br/>array (
  ':__key_1' => 'we7:module_setting:12:ewei_shopv2',
)<hr/>SQL Error: <br/>MySQL server has gone away<hr/>Traces: <br/>file: /framework/class/db.class.php; line: 167; <br />file: /framework/class/db.class.php; line: 227; <br />file: /framework/class/db.class.php; line: 259; <br />file: /framework/function/pdo.func.php; line: 61; <br />file: /framework/function/cache.mysql.func.php; line: 10; <br />file: /framework/function/cache.func.php; line: 39; <br />file: /framework/model/module.mod.php; line: 304; <br />file: /framework/model/module.mod.php; line: 497; <br />file: /web/source/module/manage-account.ctrl.php; line: 22; <br />file: /web/index.php; line: 213; <br />

2019-03-18 14:30:05 SQL Error :
------------
String:
SQL: <br/>SELECT * FROM `ims_uni_account_modules` WHERE `module` =  :__module_1 AND `uniacid` =  :__uniacid_2  LIMIT 1<hr/>Params: <br/>array (
  ':__module_1' => 'ewei_shopv2',
  ':__uniacid_2' => 12,
)<hr/>SQL Error: <br/>MySQL server has gone away<hr/>Traces: <br/>file: /framework/class/db.class.php; line: 167; <br />file: /framework/class/db.class.php; line: 227; <br />file: /framework/function/pdo.func.php; line: 49; <br />file: /framework/model/module.mod.php; line: 306; <br />file: /framework/model/module.mod.php; line: 497; <br />file: /web/source/module/manage-account.ctrl.php; line: 22; <br />file: /web/index.php; line: 213; <br />

2019-03-18 15:00:49 SQL Error :
------------
String:
SQL: <br/>REPLACE INTO `ims_core_settings` SET `key` =  :key_1 , `value` =  :value_2<hr/>Params: <br/>array (
  ':key_1' => 'cloudip',
  ':value_2' => 'a:0:{}',
)<hr/>SQL Error: <br/>MySQL server has gone away<hr/>Traces: <br/>file: /framework/class/db.class.php; line: 115; <br />file: /framework/class/db.class.php; line: 285; <br />file: /framework/function/pdo.func.php; line: 71; <br />file: /framework/model/setting.mod.php; line: 24; <br />file: /framework/model/cloud.mod.php; line: 138; <br />file: /framework/model/cloud.mod.php; line: 379; <br />file: /framework/model/module.mod.php; line: 492; <br />file: /web/source/module/manage-account.ctrl.php; line: 22; <br />file: /web/index.php; line: 213; <br />

2019-03-18 15:00:49 SQL Error :
------------
String:
SQL: <br/>REPLACE INTO `ims_core_cache` SET `key` =  :key_1 , `value` =  :value_2<hr/>Params: <br/>array (
  ':key_1' => 'setting',
  ':value_2' => 's:0:"";',
)<hr/>SQL Error: <br/>MySQL server has gone away<hr/>Traces: <br/>file: /framework/class/db.class.php; line: 115; <br />file: /framework/class/db.class.php; line: 285; <br />file: /framework/function/pdo.func.php; line: 71; <br />file: /framework/function/cache.mysql.func.php; line: 55; <br />file: /framework/model/setting.mod.php; line: 27; <br />file: /framework/model/cloud.mod.php; line: 138; <br />file: /framework/model/cloud.mod.php; line: 379; <br />file: /framework/model/module.mod.php; line: 492; <br />file: /web/source/module/manage-account.ctrl.php; line: 22; <br />file: /web/index.php; line: 213; <br />

2019-03-18 15:00:49 SQL Error :
------------
String:
SQL: <br/>SELECT `value` FROM `ims_core_cache` WHERE `key` =  :__key_1  LIMIT 1<hr/>Params: <br/>array (
  ':__key_1' => 'we7:module_setting:12:ewei_shopv2',
)<hr/>SQL Error: <br/>MySQL server has gone away<hr/>Traces: <br/>file: /framework/class/db.class.php; line: 167; <br />file: /framework/class/db.class.php; line: 227; <br />file: /framework/class/db.class.php; line: 259; <br />file: /framework/function/pdo.func.php; line: 61; <br />file: /framework/function/cache.mysql.func.php; line: 10; <br />file: /framework/function/cache.func.php; line: 39; <br />file: /framework/model/module.mod.php; line: 304; <br />file: /framework/model/module.mod.php; line: 497; <br />file: /web/source/module/manage-account.ctrl.php; line: 22; <br />file: /web/index.php; line: 213; <br />

2019-03-18 15:00:49 SQL Error :
------------
String:
SQL: <br/>SELECT * FROM `ims_uni_account_modules` WHERE `module` =  :__module_1 AND `uniacid` =  :__uniacid_2  LIMIT 1<hr/>Params: <br/>array (
  ':__module_1' => 'ewei_shopv2',
  ':__uniacid_2' => 12,
)<hr/>SQL Error: <br/>MySQL server has gone away<hr/>Traces: <br/>file: /framework/class/db.class.php; line: 167; <br />file: /framework/class/db.class.php; line: 227; <br />file: /framework/function/pdo.func.php; line: 49; <br />file: /framework/model/module.mod.php; line: 306; <br />file: /framework/model/module.mod.php; line: 497; <br />file: /web/source/module/manage-account.ctrl.php; line: 22; <br />file: /web/index.php; line: 213; <br />

2019-03-18 15:10:56 SQL Error :
------------
String:
SQL: <br/>REPLACE INTO `ims_core_settings` SET `key` =  :key_1 , `value` =  :value_2<hr/>Params: <br/>array (
  ':key_1' => 'cloudip',
  ':value_2' => 'a:0:{}',
)<hr/>SQL Error: <br/>MySQL server has gone away<hr/>Traces: <br/>file: /framework/class/db.class.php; line: 115; <br />file: /framework/class/db.class.php; line: 285; <br />file: /framework/function/pdo.func.php; line: 71; <br />file: /framework/model/setting.mod.php; line: 24; <br />file: /framework/model/cloud.mod.php; line: 138; <br />file: /framework/model/cloud.mod.php; line: 379; <br />file: /framework/model/module.mod.php; line: 492; <br />file: /web/source/module/manage-account.ctrl.php; line: 22; <br />file: /web/index.php; line: 213; <br />

2019-03-18 15:10:56 SQL Error :
------------
String:
SQL: <br/>REPLACE INTO `ims_core_cache` SET `key` =  :key_1 , `value` =  :value_2<hr/>Params: <br/>array (
  ':key_1' => 'setting',
  ':value_2' => 's:0:"";',
)<hr/>SQL Error: <br/>MySQL server has gone away<hr/>Traces: <br/>file: /framework/class/db.class.php; line: 115; <br />file: /framework/class/db.class.php; line: 285; <br />file: /framework/function/pdo.func.php; line: 71; <br />file: /framework/function/cache.mysql.func.php; line: 55; <br />file: /framework/model/setting.mod.php; line: 27; <br />file: /framework/model/cloud.mod.php; line: 138; <br />file: /framework/model/cloud.mod.php; line: 379; <br />file: /framework/model/module.mod.php; line: 492; <br />file: /web/source/module/manage-account.ctrl.php; line: 22; <br />file: /web/index.php; line: 213; <br />

2019-03-18 15:10:57 SQL Error :
------------
String:
SQL: <br/>SELECT `value` FROM `ims_core_cache` WHERE `key` =  :__key_1  LIMIT 1<hr/>Params: <br/>array (
  ':__key_1' => 'we7:module_setting:12:ewei_shopv2',
)<hr/>SQL Error: <br/>MySQL server has gone away<hr/>Traces: <br/>file: /framework/class/db.class.php; line: 167; <br />file: /framework/class/db.class.php; line: 227; <br />file: /framework/class/db.class.php; line: 259; <br />file: /framework/function/pdo.func.php; line: 61; <br />file: /framework/function/cache.mysql.func.php; line: 10; <br />file: /framework/function/cache.func.php; line: 39; <br />file: /framework/model/module.mod.php; line: 304; <br />file: /framework/model/module.mod.php; line: 497; <br />file: /web/source/module/manage-account.ctrl.php; line: 22; <br />file: /web/index.php; line: 213; <br />

2019-03-18 15:10:57 SQL Error :
------------
String:
SQL: <br/>SELECT * FROM `ims_uni_account_modules` WHERE `module` =  :__module_1 AND `uniacid` =  :__uniacid_2  LIMIT 1<hr/>Params: <br/>array (
  ':__module_1' => 'ewei_shopv2',
  ':__uniacid_2' => 12,
)<hr/>SQL Error: <br/>MySQL server has gone away<hr/>Traces: <br/>file: /framework/class/db.class.php; line: 167; <br />file: /framework/class/db.class.php; line: 227; <br />file: /framework/function/pdo.func.php; line: 49; <br />file: /framework/model/module.mod.php; line: 306; <br />file: /framework/model/module.mod.php; line: 497; <br />file: /web/source/module/manage-account.ctrl.php; line: 22; <br />file: /web/index.php; line: 213; <br />

2019-03-18 15:11:08 SQL Error :
------------
String:
SQL: <br/>REPLACE INTO `ims_core_settings` SET `key` =  :key_1 , `value` =  :value_2<hr/>Params: <br/>array (
  ':key_1' => 'cloudip',
  ':value_2' => 'a:0:{}',
)<hr/>SQL Error: <br/>MySQL server has gone away<hr/>Traces: <br/>file: /framework/class/db.class.php; line: 115; <br />file: /framework/class/db.class.php; line: 285; <br />file: /framework/function/pdo.func.php; line: 71; <br />file: /framework/model/setting.mod.php; line: 24; <br />file: /framework/model/cloud.mod.php; line: 138; <br />file: /framework/model/cloud.mod.php; line: 379; <br />file: /framework/model/module.mod.php; line: 492; <br />file: /web/source/module/manage-account.ctrl.php; line: 22; <br />file: /web/index.php; line: 213; <br />

2019-03-18 15:11:08 SQL Error :
------------
String:
SQL: <br/>REPLACE INTO `ims_core_cache` SET `key` =  :key_1 , `value` =  :value_2<hr/>Params: <br/>array (
  ':key_1' => 'setting',
  ':value_2' => 's:0:"";',
)<hr/>SQL Error: <br/>MySQL server has gone away<hr/>Traces: <br/>file: /framework/class/db.class.php; line: 115; <br />file: /framework/class/db.class.php; line: 285; <br />file: /framework/function/pdo.func.php; line: 71; <br />file: /framework/function/cache.mysql.func.php; line: 55; <br />file: /framework/model/setting.mod.php; line: 27; <br />file: /framework/model/cloud.mod.php; line: 138; <br />file: /framework/model/cloud.mod.php; line: 379; <br />file: /framework/model/module.mod.php; line: 492; <br />file: /web/source/module/manage-account.ctrl.php; line: 22; <br />file: /web/index.php; line: 213; <br />

2019-03-18 15:11:09 SQL Error :
------------
String:
SQL: <br/>SELECT `value` FROM `ims_core_cache` WHERE `key` =  :__key_1  LIMIT 1<hr/>Params: <br/>array (
  ':__key_1' => 'we7:module_setting:12:ewei_shopv2',
)<hr/>SQL Error: <br/>MySQL server has gone away<hr/>Traces: <br/>file: /framework/class/db.class.php; line: 167; <br />file: /framework/class/db.class.php; line: 227; <br />file: /framework/class/db.class.php; line: 259; <br />file: /framework/function/pdo.func.php; line: 61; <br />file: /framework/function/cache.mysql.func.php; line: 10; <br />file: /framework/function/cache.func.php; line: 39; <br />file: /framework/model/module.mod.php; line: 304; <br />file: /framework/model/module.mod.php; line: 497; <br />file: /web/source/module/manage-account.ctrl.php; line: 22; <br />file: /web/index.php; line: 213; <br />

2019-03-18 15:11:09 SQL Error :
------------
String:
SQL: <br/>SELECT * FROM `ims_uni_account_modules` WHERE `module` =  :__module_1 AND `uniacid` =  :__uniacid_2  LIMIT 1<hr/>Params: <br/>array (
  ':__module_1' => 'ewei_shopv2',
  ':__uniacid_2' => 12,
)<hr/>SQL Error: <br/>MySQL server has gone away<hr/>Traces: <br/>file: /framework/class/db.class.php; line: 167; <br />file: /framework/class/db.class.php; line: 227; <br />file: /framework/function/pdo.func.php; line: 49; <br />file: /framework/model/module.mod.php; line: 306; <br />file: /framework/model/module.mod.php; line: 497; <br />file: /web/source/module/manage-account.ctrl.php; line: 22; <br />file: /web/index.php; line: 213; <br />

2019-03-18 15:14:26 SQL Error :
------------
String:
SQL: <br/>REPLACE INTO `ims_core_settings` SET `key` =  :key_1 , `value` =  :value_2<hr/>Params: <br/>array (
  ':key_1' => 'cloudip',
  ':value_2' => 'a:0:{}',
)<hr/>SQL Error: <br/>MySQL server has gone away<hr/>Traces: <br/>file: /framework/class/db.class.php; line: 115; <br />file: /framework/class/db.class.php; line: 285; <br />file: /framework/function/pdo.func.php; line: 71; <br />file: /framework/model/setting.mod.php; line: 24; <br />file: /framework/model/cloud.mod.php; line: 138; <br />file: /framework/model/cloud.mod.php; line: 379; <br />file: /framework/model/module.mod.php; line: 492; <br />file: /web/source/module/manage-account.ctrl.php; line: 22; <br />file: /web/index.php; line: 213; <br />

2019-03-18 15:14:26 SQL Error :
------------
String:
SQL: <br/>REPLACE INTO `ims_core_cache` SET `key` =  :key_1 , `value` =  :value_2<hr/>Params: <br/>array (
  ':key_1' => 'setting',
  ':value_2' => 's:0:"";',
)<hr/>SQL Error: <br/>MySQL server has gone away<hr/>Traces: <br/>file: /framework/class/db.class.php; line: 115; <br />file: /framework/class/db.class.php; line: 285; <br />file: /framework/function/pdo.func.php; line: 71; <br />file: /framework/function/cache.mysql.func.php; line: 55; <br />file: /framework/model/setting.mod.php; line: 27; <br />file: /framework/model/cloud.mod.php; line: 138; <br />file: /framework/model/cloud.mod.php; line: 379; <br />file: /framework/model/module.mod.php; line: 492; <br />file: /web/source/module/manage-account.ctrl.php; line: 22; <br />file: /web/index.php; line: 213; <br />

2019-03-18 15:14:27 SQL Error :
------------
String:
SQL: <br/>SELECT `value` FROM `ims_core_cache` WHERE `key` =  :__key_1  LIMIT 1<hr/>Params: <br/>array (
  ':__key_1' => 'we7:module_setting:12:ewei_shopv2',
)<hr/>SQL Error: <br/>MySQL server has gone away<hr/>Traces: <br/>file: /framework/class/db.class.php; line: 167; <br />file: /framework/class/db.class.php; line: 227; <br />file: /framework/class/db.class.php; line: 259; <br />file: /framework/function/pdo.func.php; line: 61; <br />file: /framework/function/cache.mysql.func.php; line: 10; <br />file: /framework/function/cache.func.php; line: 39; <br />file: /framework/model/module.mod.php; line: 304; <br />file: /framework/model/module.mod.php; line: 497; <br />file: /web/source/module/manage-account.ctrl.php; line: 22; <br />file: /web/index.php; line: 213; <br />

2019-03-18 15:14:27 SQL Error :
------------
String:
SQL: <br/>SELECT * FROM `ims_uni_account_modules` WHERE `module` =  :__module_1 AND `uniacid` =  :__uniacid_2  LIMIT 1<hr/>Params: <br/>array (
  ':__module_1' => 'ewei_shopv2',
  ':__uniacid_2' => 12,
)<hr/>SQL Error: <br/>MySQL server has gone away<hr/>Traces: <br/>file: /framework/class/db.class.php; line: 167; <br />file: /framework/class/db.class.php; line: 227; <br />file: /framework/function/pdo.func.php; line: 49; <br />file: /framework/model/module.mod.php; line: 306; <br />file: /framework/model/module.mod.php; line: 497; <br />file: /web/source/module/manage-account.ctrl.php; line: 22; <br />file: /web/index.php; line: 213; <br />

2019-03-18 15:55:54 SQL Error :
------------
String:
SQL: <br/>UPDATE `ims_timer` SET `type` =  :type_1 WHERE `uniacid` =  :__uniacid_1 AND `openid` =  :__openid_2<hr/>Params: <br/>array (
  ':type_1' => '0',
  ':__uniacid_1' => 12,
  ':__openid_2' => 'wap_user_12_17671252557',
)<hr/>SQL Error: <br/>Unknown column 'uniacid' in 'where clause'<hr/>Traces: <br/>file: /framework/class/db.class.php; line: 115; <br />file: /framework/class/db.class.php; line: 278; <br />file: /framework/function/pdo.func.php; line: 66; <br />file: /addons/ewei_shopv2/core/mobile/member/mywallet.php; line: 155; <br />file: /addons/ewei_shopv2/core/model/route.php; line: 202; <br />file: /addons/ewei_shopv2/site.php; line: 38; <br />file: /app/source/entry/site.ctrl.php; line: 12; <br />file: /app/index.php; line: 115; <br />

2019-03-18 15:56:00 SQL Error :
------------
String:
SQL: <br/>UPDATE `ims_timer` SET `type` =  :type_1 WHERE `uniacid` =  :__uniacid_1 AND `openid` =  :__openid_2<hr/>Params: <br/>array (
  ':type_1' => '0',
  ':__uniacid_1' => 12,
  ':__openid_2' => 'wap_user_12_17671252557',
)<hr/>SQL Error: <br/>Unknown column 'uniacid' in 'where clause'<hr/>Traces: <br/>file: /framework/class/db.class.php; line: 115; <br />file: /framework/class/db.class.php; line: 278; <br />file: /framework/function/pdo.func.php; line: 66; <br />file: /addons/ewei_shopv2/core/mobile/member/mywallet.php; line: 155; <br />file: /addons/ewei_shopv2/core/model/route.php; line: 202; <br />file: /addons/ewei_shopv2/site.php; line: 38; <br />file: /app/source/entry/site.ctrl.php; line: 12; <br />file: /app/index.php; line: 115; <br />

2019-03-18 15:56:39 SQL Error :
------------
String:
SQL: <br/>UPDATE `ims_timer` SET `type` =  :type_1 WHERE `uniacid` =  :__uniacid_1 AND `openid` =  :__openid_2<hr/>Params: <br/>array (
  ':type_1' => '0',
  ':__uniacid_1' => 12,
  ':__openid_2' => 'wap_user_12_17671252557',
)<hr/>SQL Error: <br/>Unknown column 'uniacid' in 'where clause'<hr/>Traces: <br/>file: /framework/class/db.class.php; line: 115; <br />file: /framework/class/db.class.php; line: 278; <br />file: /framework/function/pdo.func.php; line: 66; <br />file: /addons/ewei_shopv2/core/mobile/member/mywallet.php; line: 155; <br />file: /addons/ewei_shopv2/core/model/route.php; line: 202; <br />file: /addons/ewei_shopv2/site.php; line: 38; <br />file: /app/source/entry/site.ctrl.php; line: 12; <br />file: /app/index.php; line: 115; <br />

2019-03-18 15:56:48 SQL Error :
------------
String:
SQL: <br/>UPDATE `ims_timer` SET `type` =  :type_1 WHERE `uniacid` =  :__uniacid_1 AND `openid` =  :__openid_2<hr/>Params: <br/>array (
  ':type_1' => '0',
  ':__uniacid_1' => 12,
  ':__openid_2' => 'wap_user_12_17671252557',
)<hr/>SQL Error: <br/>Unknown column 'uniacid' in 'where clause'<hr/>Traces: <br/>file: /framework/class/db.class.php; line: 115; <br />file: /framework/class/db.class.php; line: 278; <br />file: /framework/function/pdo.func.php; line: 66; <br />file: /addons/ewei_shopv2/core/mobile/member/mywallet.php; line: 155; <br />file: /addons/ewei_shopv2/core/model/route.php; line: 202; <br />file: /addons/ewei_shopv2/site.php; line: 38; <br />file: /app/source/entry/site.ctrl.php; line: 12; <br />file: /app/index.php; line: 115; <br />

2019-03-18 15:56:52 SQL Error :
------------
String:
SQL: <br/>UPDATE `ims_timer` SET `type` =  :type_1 WHERE `uniacid` =  :__uniacid_1 AND `openid` =  :__openid_2<hr/>Params: <br/>array (
  ':type_1' => '0',
  ':__uniacid_1' => 12,
  ':__openid_2' => 'wap_user_12_17671252557',
)<hr/>SQL Error: <br/>Unknown column 'uniacid' in 'where clause'<hr/>Traces: <br/>file: /framework/class/db.class.php; line: 115; <br />file: /framework/class/db.class.php; line: 278; <br />file: /framework/function/pdo.func.php; line: 66; <br />file: /addons/ewei_shopv2/core/mobile/member/mywallet.php; line: 155; <br />file: /addons/ewei_shopv2/core/model/route.php; line: 202; <br />file: /addons/ewei_shopv2/site.php; line: 38; <br />file: /app/source/entry/site.ctrl.php; line: 12; <br />file: /app/index.php; line: 115; <br />

2019-03-18 15:57:32 SQL Error :
------------
String:
SQL: <br/>UPDATE `ims_timer` SET `type` =  :type_1 WHERE `uniacid` =  :__uniacid_1 AND `openid` =  :__openid_2<hr/>Params: <br/>array (
  ':type_1' => '0',
  ':__uniacid_1' => 12,
  ':__openid_2' => 'wap_user_12_17671252557',
)<hr/>SQL Error: <br/>Unknown column 'uniacid' in 'where clause'<hr/>Traces: <br/>file: /framework/class/db.class.php; line: 115; <br />file: /framework/class/db.class.php; line: 278; <br />file: /framework/function/pdo.func.php; line: 66; <br />file: /addons/ewei_shopv2/core/mobile/member/mywallet.php; line: 155; <br />file: /addons/ewei_shopv2/core/model/route.php; line: 202; <br />file: /addons/ewei_shopv2/site.php; line: 38; <br />file: /app/source/entry/site.ctrl.php; line: 12; <br />file: /app/index.php; line: 115; <br />

2019-03-18 15:59:07 SQL Error :
------------
String:
SQL: <br/>UPDATE `ims_timer` SET `type` =  :type_1 WHERE `uniacid` =  :__uniacid_1 AND `openid` =  :__openid_2<hr/>Params: <br/>array (
  ':type_1' => '0',
  ':__uniacid_1' => 12,
  ':__openid_2' => 'wap_user_12_17671252557',
)<hr/>SQL Error: <br/>Unknown column 'uniacid' in 'where clause'<hr/>Traces: <br/>file: /framework/class/db.class.php; line: 115; <br />file: /framework/class/db.class.php; line: 278; <br />file: /framework/function/pdo.func.php; line: 66; <br />file: /addons/ewei_shopv2/core/mobile/member/mywallet.php; line: 155; <br />file: /addons/ewei_shopv2/core/model/route.php; line: 202; <br />file: /addons/ewei_shopv2/site.php; line: 38; <br />file: /app/source/entry/site.ctrl.php; line: 12; <br />file: /app/index.php; line: 115; <br />

2019-03-18 16:00:15 SQL Error :
------------
String:
SQL: <br/>UPDATE `ims_timer` SET `type` =  :type_1 WHERE `uniacid` =  :__uniacid_1 AND `openid` =  :__openid_2<hr/>Params: <br/>array (
  ':type_1' => '0',
  ':__uniacid_1' => 12,
  ':__openid_2' => 'wap_user_12_17671252557',
)<hr/>SQL Error: <br/>Unknown column 'uniacid' in 'where clause'<hr/>Traces: <br/>file: /framework/class/db.class.php; line: 115; <br />file: /framework/class/db.class.php; line: 278; <br />file: /framework/function/pdo.func.php; line: 66; <br />file: /addons/ewei_shopv2/core/mobile/member/mywallet.php; line: 155; <br />file: /addons/ewei_shopv2/core/model/route.php; line: 202; <br />file: /addons/ewei_shopv2/site.php; line: 38; <br />file: /app/source/entry/site.ctrl.php; line: 12; <br />file: /app/index.php; line: 115; <br />

2019-03-18 16:01:56 SQL Error :
------------
String:
SQL: <br/>UPDATE `ims_timer` SET `type` =  :type_1 WHERE `uniacid` =  :__uniacid_1 AND `id` =  :__id_2<hr/>Params: <br/>array (
  ':type_1' => '0',
  ':__uniacid_1' => 12,
  ':__id_2' => 13,
)<hr/>SQL Error: <br/>Unknown column 'uniacid' in 'where clause'<hr/>Traces: <br/>file: /framework/class/db.class.php; line: 115; <br />file: /framework/class/db.class.php; line: 278; <br />file: /framework/function/pdo.func.php; line: 66; <br />file: /addons/ewei_shopv2/core/mobile/member/mywallet.php; line: 155; <br />file: /addons/ewei_shopv2/core/model/route.php; line: 202; <br />file: /addons/ewei_shopv2/site.php; line: 38; <br />file: /app/source/entry/site.ctrl.php; line: 12; <br />file: /app/index.php; line: 115; <br />

2019-03-18 16:02:52 SQL Error :
------------
String:
SQL: <br/>UPDATE `ims_timer` SET type = 0 WHERE `uniacid` =  :__uniacid_1 AND `id` =  :__id_2<hr/>Params: <br/>array (
  ':__uniacid_1' => 12,
  ':__id_2' => 13,
)<hr/>SQL Error: <br/>Unknown column 'uniacid' in 'where clause'<hr/>Traces: <br/>file: /framework/class/db.class.php; line: 115; <br />file: /framework/class/db.class.php; line: 278; <br />file: /framework/function/pdo.func.php; line: 66; <br />file: /addons/ewei_shopv2/core/mobile/member/mywallet.php; line: 155; <br />file: /addons/ewei_shopv2/core/model/route.php; line: 202; <br />file: /addons/ewei_shopv2/site.php; line: 38; <br />file: /app/source/entry/site.ctrl.php; line: 12; <br />file: /app/index.php; line: 115; <br />

2019-03-18 16:03:25 SQL Error :
------------
String:
SQL: <br/>UPDATE `ims_timer` SET  type = 0  WHERE `uniacid` =  :__uniacid_1 AND `id` =  :__id_2<hr/>Params: <br/>array (
  ':__uniacid_1' => 12,
  ':__id_2' => 13,
)<hr/>SQL Error: <br/>Unknown column 'uniacid' in 'where clause'<hr/>Traces: <br/>file: /framework/class/db.class.php; line: 115; <br />file: /framework/class/db.class.php; line: 278; <br />file: /framework/function/pdo.func.php; line: 66; <br />file: /addons/ewei_shopv2/core/mobile/member/mywallet.php; line: 155; <br />file: /addons/ewei_shopv2/core/model/route.php; line: 202; <br />file: /addons/ewei_shopv2/site.php; line: 38; <br />file: /app/source/entry/site.ctrl.php; line: 12; <br />file: /app/index.php; line: 115; <br />

2019-03-18 16:05:41 SQL Error :
------------
String:
SQL: <br/>UPDATE `ims_timer` SET  type='123'  WHERE `openid` =  :__openid_1 AND `uniacid` =  :__uniacid_2<hr/>Params: <br/>array (
  ':__openid_1' => 'wap_user_12_17671252557',
  ':__uniacid_2' => 12,
)<hr/>SQL Error: <br/>Unknown column 'uniacid' in 'where clause'<hr/>Traces: <br/>file: /framework/class/db.class.php; line: 115; <br />file: /framework/class/db.class.php; line: 278; <br />file: /framework/function/pdo.func.php; line: 66; <br />file: /addons/ewei_shopv2/core/mobile/member/mywallet.php; line: 155; <br />file: /addons/ewei_shopv2/core/model/route.php; line: 202; <br />file: /addons/ewei_shopv2/site.php; line: 38; <br />file: /app/source/entry/site.ctrl.php; line: 12; <br />file: /app/index.php; line: 115; <br />

