2019-02-22 10:03:01 SQL Error :
------------
String:
SQL: <br/>select count(*) from `ims_ewei_shop_member_log` log  where 1  and log.uniacid=:uniacid and log.type=:type and log.money<>0  and openid IN (SELECT openid FROM ims_ewei_shop_member WHERE uniacid = :uniacid  and (m.realname like :keyword or m.nickname like :keyword or m.mobile like :keyword)) OR openid IN (SELECT CONCAT('sns_wa_',openid_wa) FROM ims_ewei_shop_member WHERE uniacid = :uniacid  and (m.realname like :keyword or m.nickname like :keyword or m.mobile like :keyword))<hr/>Params: <br/>array (
  ':uniacid' => 12,
  ':type' => 1,
  ':keyword' => '%小灰灰%',
)<hr/>SQL Error: <br/>Unknown column 'm.realname' in 'where clause'<hr/>Traces: <br/>file: /framework/class/db.class.php; line: 140; <br />file: /framework/function/pdo.func.php; line: 36; <br />file: /addons/ewei_shopv2/core/web/finance/log.php; line: 218; <br />file: /addons/ewei_shopv2/core/web/finance/log.php; line: 564; <br />file: /addons/ewei_shopv2/core/model/route.php; line: 202; <br />file: /addons/ewei_shopv2/site.php; line: 34; <br />file: /web/source/site/entry.ctrl.php; line: 81; <br />file: /web/index.php; line: 201; <br />

2019-02-22 10:03:02 SQL Error :
------------
String:
SQL: <br/>select count(*) from `ims_ewei_shop_member_log` log  where 1  and log.uniacid=:uniacid and log.type=:type and log.money<>0  and openid IN (SELECT openid FROM ims_ewei_shop_member WHERE uniacid = :uniacid  and (m.realname like :keyword or m.nickname like :keyword or m.mobile like :keyword)) OR openid IN (SELECT CONCAT('sns_wa_',openid_wa) FROM ims_ewei_shop_member WHERE uniacid = :uniacid  and (m.realname like :keyword or m.nickname like :keyword or m.mobile like :keyword))<hr/>Params: <br/>array (
  ':uniacid' => 12,
  ':type' => 1,
  ':keyword' => '%小灰灰%',
)<hr/>SQL Error: <br/>Unknown column 'm.realname' in 'where clause'<hr/>Traces: <br/>file: /framework/class/db.class.php; line: 140; <br />file: /framework/function/pdo.func.php; line: 36; <br />file: /addons/ewei_shopv2/core/web/finance/log.php; line: 218; <br />file: /addons/ewei_shopv2/core/web/finance/log.php; line: 564; <br />file: /addons/ewei_shopv2/core/model/route.php; line: 202; <br />file: /addons/ewei_shopv2/site.php; line: 34; <br />file: /web/source/site/entry.ctrl.php; line: 81; <br />file: /web/index.php; line: 201; <br />

2019-02-22 10:03:03 SQL Error :
------------
String:
SQL: <br/>select count(*) from `ims_ewei_shop_member_log` log  where 1  and log.uniacid=:uniacid and log.type=:type and log.money<>0  and openid IN (SELECT openid FROM ims_ewei_shop_member WHERE uniacid = :uniacid  and (m.realname like :keyword or m.nickname like :keyword or m.mobile like :keyword)) OR openid IN (SELECT CONCAT('sns_wa_',openid_wa) FROM ims_ewei_shop_member WHERE uniacid = :uniacid  and (m.realname like :keyword or m.nickname like :keyword or m.mobile like :keyword))<hr/>Params: <br/>array (
  ':uniacid' => 12,
  ':type' => 1,
  ':keyword' => '%小灰灰%',
)<hr/>SQL Error: <br/>Unknown column 'm.realname' in 'where clause'<hr/>Traces: <br/>file: /framework/class/db.class.php; line: 140; <br />file: /framework/function/pdo.func.php; line: 36; <br />file: /addons/ewei_shopv2/core/web/finance/log.php; line: 218; <br />file: /addons/ewei_shopv2/core/web/finance/log.php; line: 564; <br />file: /addons/ewei_shopv2/core/model/route.php; line: 202; <br />file: /addons/ewei_shopv2/site.php; line: 34; <br />file: /web/source/site/entry.ctrl.php; line: 81; <br />file: /web/index.php; line: 201; <br />

2019-02-22 10:03:11 SQL Error :
------------
String:
SQL: <br/>select count(*) from `ims_ewei_shop_member_log` log  where 1  and log.uniacid=:uniacid and log.type=:type and log.money<>0  and openid IN (SELECT openid FROM ims_ewei_shop_member WHERE uniacid = :uniacid  and (m.realname like :keyword or m.nickname like :keyword or m.mobile like :keyword)) OR openid IN (SELECT CONCAT('sns_wa_',openid_wa) FROM ims_ewei_shop_member WHERE uniacid = :uniacid  and (m.realname like :keyword or m.nickname like :keyword or m.mobile like :keyword))<hr/>Params: <br/>array (
  ':uniacid' => 12,
  ':type' => 1,
  ':keyword' => '%17671252556%',
)<hr/>SQL Error: <br/>Unknown column 'm.realname' in 'where clause'<hr/>Traces: <br/>file: /framework/class/db.class.php; line: 140; <br />file: /framework/function/pdo.func.php; line: 36; <br />file: /addons/ewei_shopv2/core/web/finance/log.php; line: 218; <br />file: /addons/ewei_shopv2/core/web/finance/log.php; line: 564; <br />file: /addons/ewei_shopv2/core/model/route.php; line: 202; <br />file: /addons/ewei_shopv2/site.php; line: 34; <br />file: /web/source/site/entry.ctrl.php; line: 81; <br />file: /web/index.php; line: 201; <br />

2019-02-22 10:03:45 SQL Error :
------------
String:
SQL: <br/>select log.url,log.id,log.openid,log.logno,log.type,log.status,log.rechargetype,log.sendmoney,log.money,log.createtime,log.realmoney,log.deductionmoney,log.charge,log.remark,log.alipay,log.bankname,log.bankcard,log.realname as applyrealname,log.applytype,m.nickname,m.id as mid,m.avatar,m.level,m.groupid,m.realname,m.mobile,g.groupname,l.levelname from `ims_ewei_shop_member_log` log  left join `ims_ewei_shop_member` m on m.openid = log.openid  left join `ims_ewei_shop_member_group` g on g.id = m.groupid  left join `ims_ewei_shop_member_level` l on l.id = m.level  where 1  and log.uniacid=:uniacid and log.type=:type and log.money<>0 and (realname like :keyword or nickname like :keyword or mobile like :keyword) ORDER BY log.createtime DESC LIMIT 0,20<hr/>Params: <br/>array (
  ':uniacid' => 12,
  ':type' => 1,
  ':keyword' => '%17671252556%',
)<hr/>SQL Error: <br/>Column 'realname' in where clause is ambiguous<hr/>Traces: <br/>file: /framework/class/db.class.php; line: 194; <br />file: /framework/function/pdo.func.php; line: 44; <br />file: /addons/ewei_shopv2/core/web/finance/log.php; line: 78; <br />file: /addons/ewei_shopv2/core/web/finance/log.php; line: 564; <br />file: /addons/ewei_shopv2/core/model/route.php; line: 202; <br />file: /addons/ewei_shopv2/site.php; line: 34; <br />file: /web/source/site/entry.ctrl.php; line: 81; <br />file: /web/index.php; line: 201; <br />

2019-02-22 10:03:45 SQL Error :
------------
String:
SQL: <br/>select count(*) from `ims_ewei_shop_member_log` log  where 1  and log.uniacid=:uniacid and log.type=:type and log.money<>0 and (realname like :keyword or nickname like :keyword or mobile like :keyword) <hr/>Params: <br/>array (
  ':uniacid' => 12,
  ':type' => 1,
  ':keyword' => '%17671252556%',
)<hr/>SQL Error: <br/>Unknown column 'nickname' in 'where clause'<hr/>Traces: <br/>file: /framework/class/db.class.php; line: 140; <br />file: /framework/function/pdo.func.php; line: 36; <br />file: /addons/ewei_shopv2/core/web/finance/log.php; line: 218; <br />file: /addons/ewei_shopv2/core/web/finance/log.php; line: 564; <br />file: /addons/ewei_shopv2/core/model/route.php; line: 202; <br />file: /addons/ewei_shopv2/site.php; line: 34; <br />file: /web/source/site/entry.ctrl.php; line: 81; <br />file: /web/index.php; line: 201; <br />

2019-02-22 10:03:46 SQL Error :
------------
String:
SQL: <br/>select log.url,log.id,log.openid,log.logno,log.type,log.status,log.rechargetype,log.sendmoney,log.money,log.createtime,log.realmoney,log.deductionmoney,log.charge,log.remark,log.alipay,log.bankname,log.bankcard,log.realname as applyrealname,log.applytype,m.nickname,m.id as mid,m.avatar,m.level,m.groupid,m.realname,m.mobile,g.groupname,l.levelname from `ims_ewei_shop_member_log` log  left join `ims_ewei_shop_member` m on m.openid = log.openid  left join `ims_ewei_shop_member_group` g on g.id = m.groupid  left join `ims_ewei_shop_member_level` l on l.id = m.level  where 1  and log.uniacid=:uniacid and log.type=:type and log.money<>0 and (realname like :keyword or nickname like :keyword or mobile like :keyword) ORDER BY log.createtime DESC LIMIT 0,20<hr/>Params: <br/>array (
  ':uniacid' => 12,
  ':type' => 1,
  ':keyword' => '%17671252556%',
)<hr/>SQL Error: <br/>Column 'realname' in where clause is ambiguous<hr/>Traces: <br/>file: /framework/class/db.class.php; line: 194; <br />file: /framework/function/pdo.func.php; line: 44; <br />file: /addons/ewei_shopv2/core/web/finance/log.php; line: 78; <br />file: /addons/ewei_shopv2/core/web/finance/log.php; line: 564; <br />file: /addons/ewei_shopv2/core/model/route.php; line: 202; <br />file: /addons/ewei_shopv2/site.php; line: 34; <br />file: /web/source/site/entry.ctrl.php; line: 81; <br />file: /web/index.php; line: 201; <br />

2019-02-22 10:03:46 SQL Error :
------------
String:
SQL: <br/>select count(*) from `ims_ewei_shop_member_log` log  where 1  and log.uniacid=:uniacid and log.type=:type and log.money<>0 and (realname like :keyword or nickname like :keyword or mobile like :keyword) <hr/>Params: <br/>array (
  ':uniacid' => 12,
  ':type' => 1,
  ':keyword' => '%17671252556%',
)<hr/>SQL Error: <br/>Unknown column 'nickname' in 'where clause'<hr/>Traces: <br/>file: /framework/class/db.class.php; line: 140; <br />file: /framework/function/pdo.func.php; line: 36; <br />file: /addons/ewei_shopv2/core/web/finance/log.php; line: 218; <br />file: /addons/ewei_shopv2/core/web/finance/log.php; line: 564; <br />file: /addons/ewei_shopv2/core/model/route.php; line: 202; <br />file: /addons/ewei_shopv2/site.php; line: 34; <br />file: /web/source/site/entry.ctrl.php; line: 81; <br />file: /web/index.php; line: 201; <br />

2019-02-22 10:05:00 SQL Error :
------------
String:
SQL: <br/>select log.url,log.id,log.openid,log.logno,log.type,log.status,log.rechargetype,log.sendmoney,log.money,log.createtime,log.realmoney,log.deductionmoney,log.charge,log.remark,log.alipay,log.bankname,log.bankcard,log.realname as applyrealname,log.applytype,m.nickname,m.id as mid,m.avatar,m.level,m.groupid,m.realname,m.mobile,g.groupname,l.levelname from `ims_ewei_shop_member_log` log  left join `ims_ewei_shop_member` m on m.openid = log.openid  left join `ims_ewei_shop_member_group` g on g.id = m.groupid  left join `ims_ewei_shop_member_level` l on l.id = m.level  where 1  and log.uniacid=:uniacid and log.type=:type and log.money<>0 and (realname like :keyword or nickname like :keyword or mobile like :keyword) ORDER BY log.createtime DESC LIMIT 0,20<hr/>Params: <br/>array (
  ':uniacid' => 12,
  ':type' => 1,
  ':keyword' => '%17671252556%',
)<hr/>SQL Error: <br/>Column 'realname' in where clause is ambiguous<hr/>Traces: <br/>file: /framework/class/db.class.php; line: 194; <br />file: /framework/function/pdo.func.php; line: 44; <br />file: /addons/ewei_shopv2/core/web/finance/log.php; line: 78; <br />file: /addons/ewei_shopv2/core/web/finance/log.php; line: 564; <br />file: /addons/ewei_shopv2/core/model/route.php; line: 202; <br />file: /addons/ewei_shopv2/site.php; line: 34; <br />file: /web/source/site/entry.ctrl.php; line: 81; <br />file: /web/index.php; line: 201; <br />

2019-02-22 10:05:00 SQL Error :
------------
String:
SQL: <br/>select count(*) from `ims_ewei_shop_member_log` log  where 1  and log.uniacid=:uniacid and log.type=:type and log.money<>0 and (realname like :keyword or nickname like :keyword or mobile like :keyword) <hr/>Params: <br/>array (
  ':uniacid' => 12,
  ':type' => 1,
  ':keyword' => '%17671252556%',
)<hr/>SQL Error: <br/>Unknown column 'nickname' in 'where clause'<hr/>Traces: <br/>file: /framework/class/db.class.php; line: 140; <br />file: /framework/function/pdo.func.php; line: 36; <br />file: /addons/ewei_shopv2/core/web/finance/log.php; line: 218; <br />file: /addons/ewei_shopv2/core/web/finance/log.php; line: 564; <br />file: /addons/ewei_shopv2/core/model/route.php; line: 202; <br />file: /addons/ewei_shopv2/site.php; line: 34; <br />file: /web/source/site/entry.ctrl.php; line: 81; <br />file: /web/index.php; line: 201; <br />

2019-02-22 10:05:00 SQL Error :
------------
String:
SQL: <br/>select log.url,log.id,log.openid,log.logno,log.type,log.status,log.rechargetype,log.sendmoney,log.money,log.createtime,log.realmoney,log.deductionmoney,log.charge,log.remark,log.alipay,log.bankname,log.bankcard,log.realname as applyrealname,log.applytype,m.nickname,m.id as mid,m.avatar,m.level,m.groupid,m.realname,m.mobile,g.groupname,l.levelname from `ims_ewei_shop_member_log` log  left join `ims_ewei_shop_member` m on m.openid = log.openid  left join `ims_ewei_shop_member_group` g on g.id = m.groupid  left join `ims_ewei_shop_member_level` l on l.id = m.level  where 1  and log.uniacid=:uniacid and log.type=:type and log.money<>0 and (realname like :keyword or nickname like :keyword or mobile like :keyword) ORDER BY log.createtime DESC LIMIT 0,20<hr/>Params: <br/>array (
  ':uniacid' => 12,
  ':type' => 1,
  ':keyword' => '%17671252556%',
)<hr/>SQL Error: <br/>Column 'realname' in where clause is ambiguous<hr/>Traces: <br/>file: /framework/class/db.class.php; line: 194; <br />file: /framework/function/pdo.func.php; line: 44; <br />file: /addons/ewei_shopv2/core/web/finance/log.php; line: 78; <br />file: /addons/ewei_shopv2/core/web/finance/log.php; line: 564; <br />file: /addons/ewei_shopv2/core/model/route.php; line: 202; <br />file: /addons/ewei_shopv2/site.php; line: 34; <br />file: /web/source/site/entry.ctrl.php; line: 81; <br />file: /web/index.php; line: 201; <br />

2019-02-22 10:05:00 SQL Error :
------------
String:
SQL: <br/>select count(*) from `ims_ewei_shop_member_log` log  where 1  and log.uniacid=:uniacid and log.type=:type and log.money<>0 and (realname like :keyword or nickname like :keyword or mobile like :keyword) <hr/>Params: <br/>array (
  ':uniacid' => 12,
  ':type' => 1,
  ':keyword' => '%17671252556%',
)<hr/>SQL Error: <br/>Unknown column 'nickname' in 'where clause'<hr/>Traces: <br/>file: /framework/class/db.class.php; line: 140; <br />file: /framework/function/pdo.func.php; line: 36; <br />file: /addons/ewei_shopv2/core/web/finance/log.php; line: 218; <br />file: /addons/ewei_shopv2/core/web/finance/log.php; line: 564; <br />file: /addons/ewei_shopv2/core/model/route.php; line: 202; <br />file: /addons/ewei_shopv2/site.php; line: 34; <br />file: /web/source/site/entry.ctrl.php; line: 81; <br />file: /web/index.php; line: 201; <br />

2019-02-22 11:19:00 SQL Error :
------------
String:
SQL: <br/>SELECT `value` FROM `ims_core_cache` WHERE `key` =  :__key_1  LIMIT 1<hr/>Params: <br/>array (
  ':__key_1' => 'we7:module_setting:12:ewei_shopv2',
)<hr/>SQL Error: <br/>MySQL server has gone away<hr/>Traces: <br/>file: /framework/class/db.class.php; line: 167; <br />file: /framework/class/db.class.php; line: 227; <br />file: /framework/class/db.class.php; line: 259; <br />file: /framework/function/pdo.func.php; line: 61; <br />file: /framework/function/cache.mysql.func.php; line: 10; <br />file: /framework/function/cache.func.php; line: 39; <br />file: /framework/model/module.mod.php; line: 304; <br />file: /framework/model/module.mod.php; line: 497; <br />file: /web/source/module/manage-account.ctrl.php; line: 22; <br />file: /web/index.php; line: 213; <br />

2019-02-22 11:19:00 SQL Error :
------------
String:
SQL: <br/>SELECT * FROM `ims_uni_account_modules` WHERE `module` =  :__module_1 AND `uniacid` =  :__uniacid_2  LIMIT 1<hr/>Params: <br/>array (
  ':__module_1' => 'ewei_shopv2',
  ':__uniacid_2' => 12,
)<hr/>SQL Error: <br/>MySQL server has gone away<hr/>Traces: <br/>file: /framework/class/db.class.php; line: 167; <br />file: /framework/class/db.class.php; line: 227; <br />file: /framework/function/pdo.func.php; line: 49; <br />file: /framework/model/module.mod.php; line: 306; <br />file: /framework/model/module.mod.php; line: 497; <br />file: /web/source/module/manage-account.ctrl.php; line: 22; <br />file: /web/index.php; line: 213; <br />

2019-02-22 11:19:05 SQL Error :
------------
String:
SQL: <br/>SELECT `value` FROM `ims_core_cache` WHERE `key` =  :__key_1  LIMIT 1<hr/>Params: <br/>array (
  ':__key_1' => 'we7:module_setting:12:ewei_shopv2',
)<hr/>SQL Error: <br/>MySQL server has gone away<hr/>Traces: <br/>file: /framework/class/db.class.php; line: 167; <br />file: /framework/class/db.class.php; line: 227; <br />file: /framework/class/db.class.php; line: 259; <br />file: /framework/function/pdo.func.php; line: 61; <br />file: /framework/function/cache.mysql.func.php; line: 10; <br />file: /framework/function/cache.func.php; line: 39; <br />file: /framework/model/module.mod.php; line: 304; <br />file: /framework/model/module.mod.php; line: 497; <br />file: /web/source/module/manage-account.ctrl.php; line: 22; <br />file: /web/index.php; line: 213; <br />

2019-02-22 11:19:05 SQL Error :
------------
String:
SQL: <br/>SELECT * FROM `ims_uni_account_modules` WHERE `module` =  :__module_1 AND `uniacid` =  :__uniacid_2  LIMIT 1<hr/>Params: <br/>array (
  ':__module_1' => 'ewei_shopv2',
  ':__uniacid_2' => 12,
)<hr/>SQL Error: <br/>MySQL server has gone away<hr/>Traces: <br/>file: /framework/class/db.class.php; line: 167; <br />file: /framework/class/db.class.php; line: 227; <br />file: /framework/function/pdo.func.php; line: 49; <br />file: /framework/model/module.mod.php; line: 306; <br />file: /framework/model/module.mod.php; line: 497; <br />file: /web/source/module/manage-account.ctrl.php; line: 22; <br />file: /web/index.php; line: 213; <br />

