2019-01-05 09:39:07 SQL Error :
------------
String:
SQL: <br/>select o.openid,og.*  from `ims_ewei_shop_order`o left join `ims_ewei_shop_order_goods`og on o.id=og.orderid left join where o.uniacid=:uniacid  and o.id=:id  <hr/>Params: <br/>array (
  ':uniacid' => 12,
  ':id' => '180',
)<hr/>SQL Error: <br/>You have an error in your SQL syntax; check the manual that corresponds to your MySQL server version for the right syntax to use near 'where o.uniacid='12'  and o.id='180'' at line 1<hr/>Traces: <br/>file: /framework/class/db.class.php; line: 194; <br />file: /framework/function/pdo.func.php; line: 44; <br />file: /addons/ewei_shopv2/core/web/order/op.php; line: 264; <br />file: /addons/ewei_shopv2/core/model/route.php; line: 202; <br />file: /addons/ewei_shopv2/site.php; line: 34; <br />file: /web/source/site/entry.ctrl.php; line: 81; <br />file: /web/index.php; line: 201; <br />

2019-01-05 09:39:08 SQL Error :
------------
String:
SQL: <br/>select o.openid,og.*  from `ims_ewei_shop_order`o left join `ims_ewei_shop_order_goods`og on o.id=og.orderid left join where o.uniacid=:uniacid  and o.id=:id  <hr/>Params: <br/>array (
  ':uniacid' => 12,
  ':id' => '180',
)<hr/>SQL Error: <br/>You have an error in your SQL syntax; check the manual that corresponds to your MySQL server version for the right syntax to use near 'where o.uniacid='12'  and o.id='180'' at line 1<hr/>Traces: <br/>file: /framework/class/db.class.php; line: 194; <br />file: /framework/function/pdo.func.php; line: 44; <br />file: /addons/ewei_shopv2/core/web/order/op.php; line: 264; <br />file: /addons/ewei_shopv2/core/model/route.php; line: 202; <br />file: /addons/ewei_shopv2/site.php; line: 34; <br />file: /web/source/site/entry.ctrl.php; line: 81; <br />file: /web/index.php; line: 201; <br />

2019-01-05 09:39:08 SQL Error :
------------
String:
SQL: <br/>select o.openid,og.*  from `ims_ewei_shop_order`o left join `ims_ewei_shop_order_goods`og on o.id=og.orderid left join where o.uniacid=:uniacid  and o.id=:id  <hr/>Params: <br/>array (
  ':uniacid' => 12,
  ':id' => '180',
)<hr/>SQL Error: <br/>You have an error in your SQL syntax; check the manual that corresponds to your MySQL server version for the right syntax to use near 'where o.uniacid='12'  and o.id='180'' at line 1<hr/>Traces: <br/>file: /framework/class/db.class.php; line: 194; <br />file: /framework/function/pdo.func.php; line: 44; <br />file: /addons/ewei_shopv2/core/web/order/op.php; line: 264; <br />file: /addons/ewei_shopv2/core/model/route.php; line: 202; <br />file: /addons/ewei_shopv2/site.php; line: 34; <br />file: /web/source/site/entry.ctrl.php; line: 81; <br />file: /web/index.php; line: 201; <br />

2019-01-05 09:39:08 SQL Error :
------------
String:
SQL: <br/>select o.openid,og.*  from `ims_ewei_shop_order`o left join `ims_ewei_shop_order_goods`og on o.id=og.orderid left join where o.uniacid=:uniacid  and o.id=:id  <hr/>Params: <br/>array (
  ':uniacid' => 12,
  ':id' => '180',
)<hr/>SQL Error: <br/>You have an error in your SQL syntax; check the manual that corresponds to your MySQL server version for the right syntax to use near 'where o.uniacid='12'  and o.id='180'' at line 1<hr/>Traces: <br/>file: /framework/class/db.class.php; line: 194; <br />file: /framework/function/pdo.func.php; line: 44; <br />file: /addons/ewei_shopv2/core/web/order/op.php; line: 264; <br />file: /addons/ewei_shopv2/core/model/route.php; line: 202; <br />file: /addons/ewei_shopv2/site.php; line: 34; <br />file: /web/source/site/entry.ctrl.php; line: 81; <br />file: /web/index.php; line: 201; <br />

2019-01-05 10:43:36 SQL Error :
------------
String:
SQL: <br/>select *  from `ims_ewei_shop_order_goods` where uniacid=:uniacid  id=:id  <hr/>Params: <br/>array (
  ':uniacid' => 12,
  ':id' => '185',
)<hr/>SQL Error: <br/>You have an error in your SQL syntax; check the manual that corresponds to your MySQL server version for the right syntax to use near 'id='185'' at line 1<hr/>Traces: <br/>file: /framework/class/db.class.php; line: 167; <br />file: /framework/function/pdo.func.php; line: 40; <br />file: /addons/ewei_shopv2/core/web/order/op.php; line: 311; <br />file: /addons/ewei_shopv2/core/model/route.php; line: 202; <br />file: /addons/ewei_shopv2/site.php; line: 34; <br />file: /web/source/site/entry.ctrl.php; line: 81; <br />file: /web/index.php; line: 201; <br />

2019-01-05 10:44:27 SQL Error :
------------
String:
SQL: <br/>select *  from `ims_ewei_shop_order_goods` where uniacid=:uniacid  id=:id  <hr/>Params: <br/>array (
  ':uniacid' => 12,
  ':id' => '185',
)<hr/>SQL Error: <br/>You have an error in your SQL syntax; check the manual that corresponds to your MySQL server version for the right syntax to use near 'id='185'' at line 1<hr/>Traces: <br/>file: /framework/class/db.class.php; line: 167; <br />file: /framework/function/pdo.func.php; line: 40; <br />file: /addons/ewei_shopv2/core/web/order/op.php; line: 311; <br />file: /addons/ewei_shopv2/core/model/route.php; line: 202; <br />file: /addons/ewei_shopv2/site.php; line: 34; <br />file: /web/source/site/entry.ctrl.php; line: 81; <br />file: /web/index.php; line: 201; <br />

2019-01-05 14:35:55 SQL Error :
------------
String:
SQL: <br/>select m.*,l.sum_yeji from `ims_ewei_shop_member` m left join `ims_ewei_shop_member_level`l on m.level=l.id where m.uniacid=:uniacid and l.levelname='商家' <hr/>Params: <br/>array (
  ':uniacid' => 12,
)<hr/>SQL Error: <br/>Unknown column 'l.sum_yeji' in 'field list'<hr/>Traces: <br/>file: /framework/class/db.class.php; line: 194; <br />file: /framework/function/pdo.func.php; line: 44; <br />file: /addons/ewei_shopv2/core/mobile/member/weekyeji.php; line: 24; <br />file: /addons/ewei_shopv2/core/model/route.php; line: 202; <br />file: /addons/ewei_shopv2/site.php; line: 38; <br />file: /app/source/entry/site.ctrl.php; line: 12; <br />file: /app/index.php; line: 115; <br />

2019-01-05 14:35:56 SQL Error :
------------
String:
SQL: <br/>select m.*,l.sum_yeji from `ims_ewei_shop_member` m left join `ims_ewei_shop_member_level`l on m.level=l.id where m.uniacid=:uniacid and l.levelname='商家' <hr/>Params: <br/>array (
  ':uniacid' => 12,
)<hr/>SQL Error: <br/>Unknown column 'l.sum_yeji' in 'field list'<hr/>Traces: <br/>file: /framework/class/db.class.php; line: 194; <br />file: /framework/function/pdo.func.php; line: 44; <br />file: /addons/ewei_shopv2/core/mobile/member/weekyeji.php; line: 24; <br />file: /addons/ewei_shopv2/core/model/route.php; line: 202; <br />file: /addons/ewei_shopv2/site.php; line: 38; <br />file: /app/source/entry/site.ctrl.php; line: 12; <br />file: /app/index.php; line: 115; <br />

2019-01-05 15:20:53 SQL Error :
------------
String:
SQL: <br/>SELECT `value` FROM `ims_core_cache` WHERE `key` =  :__key_1  LIMIT 1<hr/>Params: <br/>array (
  ':__key_1' => 'we7:module_setting:12:ewei_shopv2',
)<hr/>SQL Error: <br/>MySQL server has gone away<hr/>Traces: <br/>file: /framework/class/db.class.php; line: 167; <br />file: /framework/class/db.class.php; line: 227; <br />file: /framework/class/db.class.php; line: 259; <br />file: /framework/function/pdo.func.php; line: 61; <br />file: /framework/function/cache.mysql.func.php; line: 10; <br />file: /framework/function/cache.func.php; line: 39; <br />file: /framework/model/module.mod.php; line: 304; <br />file: /framework/model/module.mod.php; line: 497; <br />file: /web/source/module/manage-account.ctrl.php; line: 22; <br />file: /web/index.php; line: 213; <br />

2019-01-05 15:20:53 SQL Error :
------------
String:
SQL: <br/>SELECT * FROM `ims_uni_account_modules` WHERE `module` =  :__module_1 AND `uniacid` =  :__uniacid_2  LIMIT 1<hr/>Params: <br/>array (
  ':__module_1' => 'ewei_shopv2',
  ':__uniacid_2' => 12,
)<hr/>SQL Error: <br/>MySQL server has gone away<hr/>Traces: <br/>file: /framework/class/db.class.php; line: 167; <br />file: /framework/class/db.class.php; line: 227; <br />file: /framework/function/pdo.func.php; line: 49; <br />file: /framework/model/module.mod.php; line: 306; <br />file: /framework/model/module.mod.php; line: 497; <br />file: /web/source/module/manage-account.ctrl.php; line: 22; <br />file: /web/index.php; line: 213; <br />

