2019-01-15 17:52:40 trace :
------------
String:
<xml><ToUserName><![CDATA[gh_bee601829567]]></ToUserName>
<FromUserName><![CDATA[oUt5j51V6OswO_wjN2X-R0K80Dio]]></FromUserName>
<CreateTime>1547545960</CreateTime>
<MsgType><![CDATA[event]]></MsgType>
<Event><![CDATA[VIEW]]></Event>
<EventKey><![CDATA[http://hs5.zhouyewei.com/app/index.php?i=12&c=mc&]]></EventKey>
<MenuId>487915226</MenuId>
</xml>

2019-01-15 17:52:40 params :
------------
String:
array (
  'rule' => -2,
  'module' => '',
  'message' => 
  array (
    'tousername' => 'gh_bee601829567',
    'fromusername' => 'oUt5j51V6OswO_wjN2X-R0K80Dio',
    'createtime' => '1547545960',
    'msgtype' => 'event',
    'event' => 'VIEW',
    'eventkey' => 'http://hs5.zhouyewei.com/app/index.php?i=12&c=mc&',
    'menuid' => '487915226',
    'from' => 'oUt5j51V6OswO_wjN2X-R0K80Dio',
    'to' => 'gh_bee601829567',
    'time' => '1547545960',
    'type' => 'text',
    'content' => 'http://hs5.zhouyewei.com/app/index.php?i=12&c=mc&',
    'redirection' => true,
    'source' => 'VIEW',
  ),
)

2019-01-15 17:52:40 response :
------------

2019-01-15 17:53:28 trace :
------------
String:
<xml><ToUserName><![CDATA[gh_bee601829567]]></ToUserName>
<FromUserName><![CDATA[oUt5j51V6OswO_wjN2X-R0K80Dio]]></FromUserName>
<CreateTime>1547546008</CreateTime>
<MsgType><![CDATA[event]]></MsgType>
<Event><![CDATA[VIEW]]></Event>
<EventKey><![CDATA[http://hs5.zhouyewei.com/app/index.php?i=12&c=mc&]]></EventKey>
<MenuId>487915226</MenuId>
</xml>

2019-01-15 17:53:28 params :
------------
String:
array (
  'rule' => -2,
  'module' => '',
  'message' => 
  array (
    'tousername' => 'gh_bee601829567',
    'fromusername' => 'oUt5j51V6OswO_wjN2X-R0K80Dio',
    'createtime' => '1547546008',
    'msgtype' => 'event',
    'event' => 'VIEW',
    'eventkey' => 'http://hs5.zhouyewei.com/app/index.php?i=12&c=mc&',
    'menuid' => '487915226',
    'from' => 'oUt5j51V6OswO_wjN2X-R0K80Dio',
    'to' => 'gh_bee601829567',
    'time' => '1547546008',
    'type' => 'text',
    'content' => 'http://hs5.zhouyewei.com/app/index.php?i=12&c=mc&',
    'redirection' => true,
    'source' => 'VIEW',
  ),
)

2019-01-15 17:53:28 response :
------------

2019-01-15 17:53:44 trace :
------------
String:
<xml><ToUserName><![CDATA[gh_bee601829567]]></ToUserName>
<FromUserName><![CDATA[oUt5j51V6OswO_wjN2X-R0K80Dio]]></FromUserName>
<CreateTime>1547546024</CreateTime>
<MsgType><![CDATA[event]]></MsgType>
<Event><![CDATA[VIEW]]></Event>
<EventKey><![CDATA[http://hs5.zhouyewei.com/app/index.php?i=12&c=mc&]]></EventKey>
<MenuId>487915226</MenuId>
</xml>

2019-01-15 17:53:44 params :
------------
String:
array (
  'rule' => -2,
  'module' => '',
  'message' => 
  array (
    'tousername' => 'gh_bee601829567',
    'fromusername' => 'oUt5j51V6OswO_wjN2X-R0K80Dio',
    'createtime' => '1547546024',
    'msgtype' => 'event',
    'event' => 'VIEW',
    'eventkey' => 'http://hs5.zhouyewei.com/app/index.php?i=12&c=mc&',
    'menuid' => '487915226',
    'from' => 'oUt5j51V6OswO_wjN2X-R0K80Dio',
    'to' => 'gh_bee601829567',
    'time' => '1547546024',
    'type' => 'text',
    'content' => 'http://hs5.zhouyewei.com/app/index.php?i=12&c=mc&',
    'redirection' => true,
    'source' => 'VIEW',
  ),
)

2019-01-15 17:53:44 response :
------------

2019-01-15 17:53:49 trace :
------------
String:
<xml><ToUserName><![CDATA[gh_bee601829567]]></ToUserName>
<FromUserName><![CDATA[oUt5j51V6OswO_wjN2X-R0K80Dio]]></FromUserName>
<CreateTime>1547546029</CreateTime>
<MsgType><![CDATA[event]]></MsgType>
<Event><![CDATA[unsubscribe]]></Event>
<EventKey><![CDATA[]]></EventKey>
</xml>

2019-01-15 17:53:58 trace :
------------
String:
<xml><ToUserName><![CDATA[gh_bee601829567]]></ToUserName>
<FromUserName><![CDATA[oUt5j51V6OswO_wjN2X-R0K80Dio]]></FromUserName>
<CreateTime>1547546038</CreateTime>
<MsgType><![CDATA[event]]></MsgType>
<Event><![CDATA[subscribe]]></Event>
<EventKey><![CDATA[]]></EventKey>
</xml>

2019-01-15 17:53:58 params :
------------
String:
array (
  'rule' => -2,
  'module' => '',
  'message' => 
  array (
    'tousername' => 'gh_bee601829567',
    'fromusername' => 'oUt5j51V6OswO_wjN2X-R0K80Dio',
    'createtime' => '1547546038',
    'msgtype' => 'event',
    'event' => 'subscribe',
    'eventkey' => '',
    'from' => 'oUt5j51V6OswO_wjN2X-R0K80Dio',
    'to' => 'gh_bee601829567',
    'time' => '1547546038',
    'type' => 'text',
    'redirection' => true,
    'source' => 'subscribe',
  ),
)

2019-01-15 17:53:58 response :
------------

2019-01-15 17:54:00 trace :
------------
String:
<xml><ToUserName><![CDATA[gh_bee601829567]]></ToUserName>
<FromUserName><![CDATA[oUt5j51V6OswO_wjN2X-R0K80Dio]]></FromUserName>
<CreateTime>1547546040</CreateTime>
<MsgType><![CDATA[event]]></MsgType>
<Event><![CDATA[VIEW]]></Event>
<EventKey><![CDATA[http://hs5.zhouyewei.com/app/index.php?i=12&c=entry&m=ewei_shopv2&do=mobile]]></EventKey>
<MenuId>487915228</MenuId>
</xml>

2019-01-15 17:54:00 params :
------------
String:
array (
  'rule' => -2,
  'module' => '',
  'message' => 
  array (
    'tousername' => 'gh_bee601829567',
    'fromusername' => 'oUt5j51V6OswO_wjN2X-R0K80Dio',
    'createtime' => '1547546040',
    'msgtype' => 'event',
    'event' => 'VIEW',
    'eventkey' => 'http://hs5.zhouyewei.com/app/index.php?i=12&c=entry&m=ewei_shopv2&do=mobile',
    'menuid' => '487915228',
    'from' => 'oUt5j51V6OswO_wjN2X-R0K80Dio',
    'to' => 'gh_bee601829567',
    'time' => '1547546040',
    'type' => 'text',
    'content' => 'http://hs5.zhouyewei.com/app/index.php?i=12&c=entry&m=ewei_shopv2&do=mobile',
    'redirection' => true,
    'source' => 'VIEW',
  ),
)

2019-01-15 17:54:00 response :
------------

2019-01-15 18:12:46 trace :
------------
String:
<xml><ToUserName><![CDATA[gh_bee601829567]]></ToUserName>
<FromUserName><![CDATA[oUt5j51V6OswO_wjN2X-R0K80Dio]]></FromUserName>
<CreateTime>1547547166</CreateTime>
<MsgType><![CDATA[event]]></MsgType>
<Event><![CDATA[VIEW]]></Event>
<EventKey><![CDATA[http://hs5.zhouyewei.com/app/index.php?i=12&c=entry&m=ewei_shopv2&do=mobile]]></EventKey>
<MenuId>487915228</MenuId>
</xml>

2019-01-15 18:12:46 params :
------------
String:
array (
  'rule' => -2,
  'module' => '',
  'message' => 
  array (
    'tousername' => 'gh_bee601829567',
    'fromusername' => 'oUt5j51V6OswO_wjN2X-R0K80Dio',
    'createtime' => '1547547166',
    'msgtype' => 'event',
    'event' => 'VIEW',
    'eventkey' => 'http://hs5.zhouyewei.com/app/index.php?i=12&c=entry&m=ewei_shopv2&do=mobile',
    'menuid' => '487915228',
    'from' => 'oUt5j51V6OswO_wjN2X-R0K80Dio',
    'to' => 'gh_bee601829567',
    'time' => '1547547166',
    'type' => 'text',
    'content' => 'http://hs5.zhouyewei.com/app/index.php?i=12&c=entry&m=ewei_shopv2&do=mobile',
    'redirection' => true,
    'source' => 'VIEW',
  ),
)

2019-01-15 18:12:46 response :
------------

2019-01-15 18:24:50 trace :
------------
String:
<xml><ToUserName><![CDATA[gh_bee601829567]]></ToUserName>
<FromUserName><![CDATA[oUt5j51V6OswO_wjN2X-R0K80Dio]]></FromUserName>
<CreateTime>1547547890</CreateTime>
<MsgType><![CDATA[event]]></MsgType>
<Event><![CDATA[VIEW]]></Event>
<EventKey><![CDATA[http://hs5.zhouyewei.com/app/index.php?i=12&c=entry&m=ewei_shopv2&do=mobile]]></EventKey>
<MenuId>487915228</MenuId>
</xml>

2019-01-15 18:24:50 params :
------------
String:
array (
  'rule' => -2,
  'module' => '',
  'message' => 
  array (
    'tousername' => 'gh_bee601829567',
    'fromusername' => 'oUt5j51V6OswO_wjN2X-R0K80Dio',
    'createtime' => '1547547890',
    'msgtype' => 'event',
    'event' => 'VIEW',
    'eventkey' => 'http://hs5.zhouyewei.com/app/index.php?i=12&c=entry&m=ewei_shopv2&do=mobile',
    'menuid' => '487915228',
    'from' => 'oUt5j51V6OswO_wjN2X-R0K80Dio',
    'to' => 'gh_bee601829567',
    'time' => '1547547890',
    'type' => 'text',
    'content' => 'http://hs5.zhouyewei.com/app/index.php?i=12&c=entry&m=ewei_shopv2&do=mobile',
    'redirection' => true,
    'source' => 'VIEW',
  ),
)

2019-01-15 18:24:50 response :
------------

2019-01-15 18:32:00 trace :
------------
String:
<xml><ToUserName><![CDATA[gh_bee601829567]]></ToUserName>
<FromUserName><![CDATA[oUt5j5z4-hXaMSJLUZRNmnnP6RHE]]></FromUserName>
<CreateTime>1547548320</CreateTime>
<MsgType><![CDATA[event]]></MsgType>
<Event><![CDATA[subscribe]]></Event>
<EventKey><![CDATA[]]></EventKey>
</xml>

2019-01-15 18:32:00 params :
------------
String:
array (
  'rule' => -2,
  'module' => '',
  'message' => 
  array (
    'tousername' => 'gh_bee601829567',
    'fromusername' => 'oUt5j5z4-hXaMSJLUZRNmnnP6RHE',
    'createtime' => '1547548320',
    'msgtype' => 'event',
    'event' => 'subscribe',
    'eventkey' => '',
    'from' => 'oUt5j5z4-hXaMSJLUZRNmnnP6RHE',
    'to' => 'gh_bee601829567',
    'time' => '1547548320',
    'type' => 'text',
    'redirection' => true,
    'source' => 'subscribe',
  ),
)

2019-01-15 18:32:00 response :
------------

2019-01-15 18:32:02 trace :
------------
String:
<xml><ToUserName><![CDATA[gh_bee601829567]]></ToUserName>
<FromUserName><![CDATA[oUt5j5z4-hXaMSJLUZRNmnnP6RHE]]></FromUserName>
<CreateTime>1547548322</CreateTime>
<MsgType><![CDATA[event]]></MsgType>
<Event><![CDATA[VIEW]]></Event>
<EventKey><![CDATA[http://hs5.zhouyewei.com/app/index.php?i=12&c=entry&m=ewei_shopv2&do=mobile]]></EventKey>
<MenuId>487915228</MenuId>
</xml>

2019-01-15 18:32:02 params :
------------
String:
array (
  'rule' => -2,
  'module' => '',
  'message' => 
  array (
    'tousername' => 'gh_bee601829567',
    'fromusername' => 'oUt5j5z4-hXaMSJLUZRNmnnP6RHE',
    'createtime' => '1547548322',
    'msgtype' => 'event',
    'event' => 'VIEW',
    'eventkey' => 'http://hs5.zhouyewei.com/app/index.php?i=12&c=entry&m=ewei_shopv2&do=mobile',
    'menuid' => '487915228',
    'from' => 'oUt5j5z4-hXaMSJLUZRNmnnP6RHE',
    'to' => 'gh_bee601829567',
    'time' => '1547548322',
    'type' => 'text',
    'content' => 'http://hs5.zhouyewei.com/app/index.php?i=12&c=entry&m=ewei_shopv2&do=mobile',
    'redirection' => true,
    'source' => 'VIEW',
  ),
)

2019-01-15 18:32:02 response :
------------

2019-01-15 18:34:05 trace :
------------
String:
<xml><ToUserName><![CDATA[gh_bee601829567]]></ToUserName>
<FromUserName><![CDATA[oUt5j5z4-hXaMSJLUZRNmnnP6RHE]]></FromUserName>
<CreateTime>1547548445</CreateTime>
<MsgType><![CDATA[event]]></MsgType>
<Event><![CDATA[VIEW]]></Event>
<EventKey><![CDATA[http://hs5.zhouyewei.com/app/index.php?i=12&c=entry&m=ewei_shopv2&do=mobile]]></EventKey>
<MenuId>487915228</MenuId>
</xml>

2019-01-15 18:34:05 params :
------------
String:
array (
  'rule' => -2,
  'module' => '',
  'message' => 
  array (
    'tousername' => 'gh_bee601829567',
    'fromusername' => 'oUt5j5z4-hXaMSJLUZRNmnnP6RHE',
    'createtime' => '1547548445',
    'msgtype' => 'event',
    'event' => 'VIEW',
    'eventkey' => 'http://hs5.zhouyewei.com/app/index.php?i=12&c=entry&m=ewei_shopv2&do=mobile',
    'menuid' => '487915228',
    'from' => 'oUt5j5z4-hXaMSJLUZRNmnnP6RHE',
    'to' => 'gh_bee601829567',
    'time' => '1547548445',
    'type' => 'text',
    'content' => 'http://hs5.zhouyewei.com/app/index.php?i=12&c=entry&m=ewei_shopv2&do=mobile',
    'redirection' => true,
    'source' => 'VIEW',
  ),
)

2019-01-15 18:34:05 response :
------------

2019-01-15 20:49:33 SQL Error :
------------
String:
SQL: <br/>select * from `ims_ewei_shop_member` where uniacid = 12 and id in ()  ORDER BY isagent desc,id desc limit 0,20<hr/>Params: <br/>array (
)<hr/>SQL Error: <br/>You have an error in your SQL syntax; check the manual that corresponds to your MySQL server version for the right syntax to use near ')  ORDER BY isagent desc,id desc limit 0,20' at line 1<hr/>Traces: <br/>file: /framework/class/db.class.php; line: 194; <br />file: /framework/function/pdo.func.php; line: 44; <br />file: /addons/ewei_shopv2/plugin/commission/core/mobile/down.php; line: 109; <br />file: /addons/ewei_shopv2/core/model/route.php; line: 202; <br />file: /addons/ewei_shopv2/site.php; line: 38; <br />file: /app/source/entry/site.ctrl.php; line: 12; <br />file: /app/index.php; line: 115; <br />

2019-01-15 20:49:59 trace :
------------
String:
<xml><ToUserName><![CDATA[gh_bee601829567]]></ToUserName>
<FromUserName><![CDATA[oUt5j54JhYyTRDhDMT-hhR5T731o]]></FromUserName>
<CreateTime>1547556598</CreateTime>
<MsgType><![CDATA[event]]></MsgType>
<Event><![CDATA[subscribe]]></Event>
<EventKey><![CDATA[]]></EventKey>
</xml>

2019-01-15 20:49:59 params :
------------
String:
array (
  'rule' => -2,
  'module' => '',
  'message' => 
  array (
    'tousername' => 'gh_bee601829567',
    'fromusername' => 'oUt5j54JhYyTRDhDMT-hhR5T731o',
    'createtime' => '1547556598',
    'msgtype' => 'event',
    'event' => 'subscribe',
    'eventkey' => '',
    'from' => 'oUt5j54JhYyTRDhDMT-hhR5T731o',
    'to' => 'gh_bee601829567',
    'time' => '1547556598',
    'type' => 'text',
    'redirection' => true,
    'source' => 'subscribe',
  ),
)

2019-01-15 20:49:59 response :
------------

