2019-03-15 09:12:28 SQL Error :
------------
String:
SQL: <br/>REPLACE INTO `ims_core_settings` SET `key` =  :key_1 , `value` =  :value_2<hr/>Params: <br/>array (
  ':key_1' => 'cloudip',
  ':value_2' => 'a:0:{}',
)<hr/>SQL Error: <br/>MySQL server has gone away<hr/>Traces: <br/>file: /framework/class/db.class.php; line: 115; <br />file: /framework/class/db.class.php; line: 285; <br />file: /framework/function/pdo.func.php; line: 71; <br />file: /framework/model/setting.mod.php; line: 24; <br />file: /framework/model/cloud.mod.php; line: 138; <br />file: /framework/model/cloud.mod.php; line: 379; <br />file: /framework/model/module.mod.php; line: 492; <br />file: /web/source/module/manage-account.ctrl.php; line: 22; <br />file: /web/index.php; line: 213; <br />

2019-03-15 09:12:28 SQL Error :
------------
String:
SQL: <br/>REPLACE INTO `ims_core_cache` SET `key` =  :key_1 , `value` =  :value_2<hr/>Params: <br/>array (
  ':key_1' => 'setting',
  ':value_2' => 's:0:"";',
)<hr/>SQL Error: <br/>MySQL server has gone away<hr/>Traces: <br/>file: /framework/class/db.class.php; line: 115; <br />file: /framework/class/db.class.php; line: 285; <br />file: /framework/function/pdo.func.php; line: 71; <br />file: /framework/function/cache.mysql.func.php; line: 55; <br />file: /framework/model/setting.mod.php; line: 27; <br />file: /framework/model/cloud.mod.php; line: 138; <br />file: /framework/model/cloud.mod.php; line: 379; <br />file: /framework/model/module.mod.php; line: 492; <br />file: /web/source/module/manage-account.ctrl.php; line: 22; <br />file: /web/index.php; line: 213; <br />

2019-03-15 09:12:42 SQL Error :
------------
String:
SQL: <br/>SELECT `value` FROM `ims_core_cache` WHERE `key` =  :__key_1  LIMIT 1<hr/>Params: <br/>array (
  ':__key_1' => 'we7:module_setting:12:ewei_shopv2',
)<hr/>SQL Error: <br/>MySQL server has gone away<hr/>Traces: <br/>file: /framework/class/db.class.php; line: 167; <br />file: /framework/class/db.class.php; line: 227; <br />file: /framework/class/db.class.php; line: 259; <br />file: /framework/function/pdo.func.php; line: 61; <br />file: /framework/function/cache.mysql.func.php; line: 10; <br />file: /framework/function/cache.func.php; line: 39; <br />file: /framework/model/module.mod.php; line: 304; <br />file: /framework/model/module.mod.php; line: 497; <br />file: /web/source/module/manage-account.ctrl.php; line: 22; <br />file: /web/index.php; line: 213; <br />

2019-03-15 09:12:42 SQL Error :
------------
String:
SQL: <br/>SELECT * FROM `ims_uni_account_modules` WHERE `module` =  :__module_1 AND `uniacid` =  :__uniacid_2  LIMIT 1<hr/>Params: <br/>array (
  ':__module_1' => 'ewei_shopv2',
  ':__uniacid_2' => 12,
)<hr/>SQL Error: <br/>MySQL server has gone away<hr/>Traces: <br/>file: /framework/class/db.class.php; line: 167; <br />file: /framework/class/db.class.php; line: 227; <br />file: /framework/function/pdo.func.php; line: 49; <br />file: /framework/model/module.mod.php; line: 306; <br />file: /framework/model/module.mod.php; line: 497; <br />file: /web/source/module/manage-account.ctrl.php; line: 22; <br />file: /web/index.php; line: 213; <br />

2019-03-15 09:13:03 SQL Error :
------------
String:
SQL: <br/>REPLACE INTO `ims_core_settings` SET `key` =  :key_1 , `value` =  :value_2<hr/>Params: <br/>array (
  ':key_1' => 'cloudip',
  ':value_2' => 'a:0:{}',
)<hr/>SQL Error: <br/>MySQL server has gone away<hr/>Traces: <br/>file: /framework/class/db.class.php; line: 115; <br />file: /framework/class/db.class.php; line: 285; <br />file: /framework/function/pdo.func.php; line: 71; <br />file: /framework/model/setting.mod.php; line: 24; <br />file: /framework/model/cloud.mod.php; line: 138; <br />file: /framework/model/cloud.mod.php; line: 379; <br />file: /framework/model/module.mod.php; line: 492; <br />file: /web/source/module/manage-account.ctrl.php; line: 22; <br />file: /web/index.php; line: 213; <br />

2019-03-15 09:13:03 SQL Error :
------------
String:
SQL: <br/>REPLACE INTO `ims_core_cache` SET `key` =  :key_1 , `value` =  :value_2<hr/>Params: <br/>array (
  ':key_1' => 'setting',
  ':value_2' => 's:0:"";',
)<hr/>SQL Error: <br/>MySQL server has gone away<hr/>Traces: <br/>file: /framework/class/db.class.php; line: 115; <br />file: /framework/class/db.class.php; line: 285; <br />file: /framework/function/pdo.func.php; line: 71; <br />file: /framework/function/cache.mysql.func.php; line: 55; <br />file: /framework/model/setting.mod.php; line: 27; <br />file: /framework/model/cloud.mod.php; line: 138; <br />file: /framework/model/cloud.mod.php; line: 379; <br />file: /framework/model/module.mod.php; line: 492; <br />file: /web/source/module/manage-account.ctrl.php; line: 22; <br />file: /web/index.php; line: 213; <br />

2019-03-15 09:13:03 SQL Error :
------------
String:
SQL: <br/>SELECT `value` FROM `ims_core_cache` WHERE `key` =  :__key_1  LIMIT 1<hr/>Params: <br/>array (
  ':__key_1' => 'we7:module_setting:12:ewei_shopv2',
)<hr/>SQL Error: <br/>MySQL server has gone away<hr/>Traces: <br/>file: /framework/class/db.class.php; line: 167; <br />file: /framework/class/db.class.php; line: 227; <br />file: /framework/class/db.class.php; line: 259; <br />file: /framework/function/pdo.func.php; line: 61; <br />file: /framework/function/cache.mysql.func.php; line: 10; <br />file: /framework/function/cache.func.php; line: 39; <br />file: /framework/model/module.mod.php; line: 304; <br />file: /framework/model/module.mod.php; line: 497; <br />file: /web/source/module/manage-account.ctrl.php; line: 22; <br />file: /web/index.php; line: 213; <br />

2019-03-15 09:13:03 SQL Error :
------------
String:
SQL: <br/>SELECT * FROM `ims_uni_account_modules` WHERE `module` =  :__module_1 AND `uniacid` =  :__uniacid_2  LIMIT 1<hr/>Params: <br/>array (
  ':__module_1' => 'ewei_shopv2',
  ':__uniacid_2' => 12,
)<hr/>SQL Error: <br/>MySQL server has gone away<hr/>Traces: <br/>file: /framework/class/db.class.php; line: 167; <br />file: /framework/class/db.class.php; line: 227; <br />file: /framework/function/pdo.func.php; line: 49; <br />file: /framework/model/module.mod.php; line: 306; <br />file: /framework/model/module.mod.php; line: 497; <br />file: /web/source/module/manage-account.ctrl.php; line: 22; <br />file: /web/index.php; line: 213; <br />

2019-03-15 09:13:07 SQL Error :
------------
String:
SQL: <br/>REPLACE INTO `ims_core_settings` SET `key` =  :key_1 , `value` =  :value_2<hr/>Params: <br/>array (
  ':key_1' => 'cloudip',
  ':value_2' => 'a:0:{}',
)<hr/>SQL Error: <br/>MySQL server has gone away<hr/>Traces: <br/>file: /framework/class/db.class.php; line: 115; <br />file: /framework/class/db.class.php; line: 285; <br />file: /framework/function/pdo.func.php; line: 71; <br />file: /framework/model/setting.mod.php; line: 24; <br />file: /framework/model/cloud.mod.php; line: 138; <br />file: /framework/model/cloud.mod.php; line: 379; <br />file: /framework/model/module.mod.php; line: 492; <br />file: /web/source/module/manage-account.ctrl.php; line: 22; <br />file: /web/index.php; line: 213; <br />

2019-03-15 09:13:07 SQL Error :
------------
String:
SQL: <br/>REPLACE INTO `ims_core_cache` SET `key` =  :key_1 , `value` =  :value_2<hr/>Params: <br/>array (
  ':key_1' => 'setting',
  ':value_2' => 's:0:"";',
)<hr/>SQL Error: <br/>MySQL server has gone away<hr/>Traces: <br/>file: /framework/class/db.class.php; line: 115; <br />file: /framework/class/db.class.php; line: 285; <br />file: /framework/function/pdo.func.php; line: 71; <br />file: /framework/function/cache.mysql.func.php; line: 55; <br />file: /framework/model/setting.mod.php; line: 27; <br />file: /framework/model/cloud.mod.php; line: 138; <br />file: /framework/model/cloud.mod.php; line: 379; <br />file: /framework/model/module.mod.php; line: 492; <br />file: /web/source/module/manage-account.ctrl.php; line: 22; <br />file: /web/index.php; line: 213; <br />

2019-03-15 09:13:07 SQL Error :
------------
String:
SQL: <br/>SELECT `value` FROM `ims_core_cache` WHERE `key` =  :__key_1  LIMIT 1<hr/>Params: <br/>array (
  ':__key_1' => 'we7:module_setting:12:ewei_shopv2',
)<hr/>SQL Error: <br/>MySQL server has gone away<hr/>Traces: <br/>file: /framework/class/db.class.php; line: 167; <br />file: /framework/class/db.class.php; line: 227; <br />file: /framework/class/db.class.php; line: 259; <br />file: /framework/function/pdo.func.php; line: 61; <br />file: /framework/function/cache.mysql.func.php; line: 10; <br />file: /framework/function/cache.func.php; line: 39; <br />file: /framework/model/module.mod.php; line: 304; <br />file: /framework/model/module.mod.php; line: 497; <br />file: /web/source/module/manage-account.ctrl.php; line: 22; <br />file: /web/index.php; line: 213; <br />

2019-03-15 09:13:07 SQL Error :
------------
String:
SQL: <br/>SELECT * FROM `ims_uni_account_modules` WHERE `module` =  :__module_1 AND `uniacid` =  :__uniacid_2  LIMIT 1<hr/>Params: <br/>array (
  ':__module_1' => 'ewei_shopv2',
  ':__uniacid_2' => 12,
)<hr/>SQL Error: <br/>MySQL server has gone away<hr/>Traces: <br/>file: /framework/class/db.class.php; line: 167; <br />file: /framework/class/db.class.php; line: 227; <br />file: /framework/function/pdo.func.php; line: 49; <br />file: /framework/model/module.mod.php; line: 306; <br />file: /framework/model/module.mod.php; line: 497; <br />file: /web/source/module/manage-account.ctrl.php; line: 22; <br />file: /web/index.php; line: 213; <br />

2019-03-15 09:13:53 SQL Error :
------------
String:
SQL: <br/>REPLACE INTO `ims_core_settings` SET `key` =  :key_1 , `value` =  :value_2<hr/>Params: <br/>array (
  ':key_1' => 'cloudip',
  ':value_2' => 'a:0:{}',
)<hr/>SQL Error: <br/>MySQL server has gone away<hr/>Traces: <br/>file: /framework/class/db.class.php; line: 115; <br />file: /framework/class/db.class.php; line: 285; <br />file: /framework/function/pdo.func.php; line: 71; <br />file: /framework/model/setting.mod.php; line: 24; <br />file: /framework/model/cloud.mod.php; line: 138; <br />file: /framework/model/cloud.mod.php; line: 379; <br />file: /framework/model/module.mod.php; line: 492; <br />file: /web/source/module/manage-account.ctrl.php; line: 22; <br />file: /web/index.php; line: 213; <br />

2019-03-15 09:13:53 SQL Error :
------------
String:
SQL: <br/>REPLACE INTO `ims_core_cache` SET `key` =  :key_1 , `value` =  :value_2<hr/>Params: <br/>array (
  ':key_1' => 'setting',
  ':value_2' => 's:0:"";',
)<hr/>SQL Error: <br/>MySQL server has gone away<hr/>Traces: <br/>file: /framework/class/db.class.php; line: 115; <br />file: /framework/class/db.class.php; line: 285; <br />file: /framework/function/pdo.func.php; line: 71; <br />file: /framework/function/cache.mysql.func.php; line: 55; <br />file: /framework/model/setting.mod.php; line: 27; <br />file: /framework/model/cloud.mod.php; line: 138; <br />file: /framework/model/cloud.mod.php; line: 379; <br />file: /framework/model/module.mod.php; line: 492; <br />file: /web/source/module/manage-account.ctrl.php; line: 22; <br />file: /web/index.php; line: 213; <br />

2019-03-15 09:13:53 SQL Error :
------------
String:
SQL: <br/>SELECT `value` FROM `ims_core_cache` WHERE `key` =  :__key_1  LIMIT 1<hr/>Params: <br/>array (
  ':__key_1' => 'we7:module_setting:12:ewei_shopv2',
)<hr/>SQL Error: <br/>MySQL server has gone away<hr/>Traces: <br/>file: /framework/class/db.class.php; line: 167; <br />file: /framework/class/db.class.php; line: 227; <br />file: /framework/class/db.class.php; line: 259; <br />file: /framework/function/pdo.func.php; line: 61; <br />file: /framework/function/cache.mysql.func.php; line: 10; <br />file: /framework/function/cache.func.php; line: 39; <br />file: /framework/model/module.mod.php; line: 304; <br />file: /framework/model/module.mod.php; line: 497; <br />file: /web/source/module/manage-account.ctrl.php; line: 22; <br />file: /web/index.php; line: 213; <br />

2019-03-15 09:13:53 SQL Error :
------------
String:
SQL: <br/>SELECT * FROM `ims_uni_account_modules` WHERE `module` =  :__module_1 AND `uniacid` =  :__uniacid_2  LIMIT 1<hr/>Params: <br/>array (
  ':__module_1' => 'ewei_shopv2',
  ':__uniacid_2' => 12,
)<hr/>SQL Error: <br/>MySQL server has gone away<hr/>Traces: <br/>file: /framework/class/db.class.php; line: 167; <br />file: /framework/class/db.class.php; line: 227; <br />file: /framework/function/pdo.func.php; line: 49; <br />file: /framework/model/module.mod.php; line: 306; <br />file: /framework/model/module.mod.php; line: 497; <br />file: /web/source/module/manage-account.ctrl.php; line: 22; <br />file: /web/index.php; line: 213; <br />

2019-03-15 09:14:59 SQL Error :
------------
String:
SQL: <br/>REPLACE INTO `ims_core_settings` SET `key` =  :key_1 , `value` =  :value_2<hr/>Params: <br/>array (
  ':key_1' => 'cloudip',
  ':value_2' => 'a:0:{}',
)<hr/>SQL Error: <br/>MySQL server has gone away<hr/>Traces: <br/>file: /framework/class/db.class.php; line: 115; <br />file: /framework/class/db.class.php; line: 285; <br />file: /framework/function/pdo.func.php; line: 71; <br />file: /framework/model/setting.mod.php; line: 24; <br />file: /framework/model/cloud.mod.php; line: 138; <br />file: /framework/model/cloud.mod.php; line: 379; <br />file: /framework/model/module.mod.php; line: 492; <br />file: /web/source/module/manage-account.ctrl.php; line: 22; <br />file: /web/index.php; line: 213; <br />

2019-03-15 09:14:59 SQL Error :
------------
String:
SQL: <br/>REPLACE INTO `ims_core_cache` SET `key` =  :key_1 , `value` =  :value_2<hr/>Params: <br/>array (
  ':key_1' => 'setting',
  ':value_2' => 's:0:"";',
)<hr/>SQL Error: <br/>MySQL server has gone away<hr/>Traces: <br/>file: /framework/class/db.class.php; line: 115; <br />file: /framework/class/db.class.php; line: 285; <br />file: /framework/function/pdo.func.php; line: 71; <br />file: /framework/function/cache.mysql.func.php; line: 55; <br />file: /framework/model/setting.mod.php; line: 27; <br />file: /framework/model/cloud.mod.php; line: 138; <br />file: /framework/model/cloud.mod.php; line: 379; <br />file: /framework/model/module.mod.php; line: 492; <br />file: /web/source/module/manage-account.ctrl.php; line: 22; <br />file: /web/index.php; line: 213; <br />

2019-03-15 09:15:00 SQL Error :
------------
String:
SQL: <br/>SELECT `value` FROM `ims_core_cache` WHERE `key` =  :__key_1  LIMIT 1<hr/>Params: <br/>array (
  ':__key_1' => 'we7:module_setting:12:ewei_shopv2',
)<hr/>SQL Error: <br/>MySQL server has gone away<hr/>Traces: <br/>file: /framework/class/db.class.php; line: 167; <br />file: /framework/class/db.class.php; line: 227; <br />file: /framework/class/db.class.php; line: 259; <br />file: /framework/function/pdo.func.php; line: 61; <br />file: /framework/function/cache.mysql.func.php; line: 10; <br />file: /framework/function/cache.func.php; line: 39; <br />file: /framework/model/module.mod.php; line: 304; <br />file: /framework/model/module.mod.php; line: 497; <br />file: /web/source/module/manage-account.ctrl.php; line: 22; <br />file: /web/index.php; line: 213; <br />

2019-03-15 09:15:00 SQL Error :
------------
String:
SQL: <br/>SELECT * FROM `ims_uni_account_modules` WHERE `module` =  :__module_1 AND `uniacid` =  :__uniacid_2  LIMIT 1<hr/>Params: <br/>array (
  ':__module_1' => 'ewei_shopv2',
  ':__uniacid_2' => 12,
)<hr/>SQL Error: <br/>MySQL server has gone away<hr/>Traces: <br/>file: /framework/class/db.class.php; line: 167; <br />file: /framework/class/db.class.php; line: 227; <br />file: /framework/function/pdo.func.php; line: 49; <br />file: /framework/model/module.mod.php; line: 306; <br />file: /framework/model/module.mod.php; line: 497; <br />file: /web/source/module/manage-account.ctrl.php; line: 22; <br />file: /web/index.php; line: 213; <br />

2019-03-15 09:16:45 SQL Error :
------------
String:
SQL: <br/>REPLACE INTO `ims_core_settings` SET `key` =  :key_1 , `value` =  :value_2<hr/>Params: <br/>array (
  ':key_1' => 'cloudip',
  ':value_2' => 'a:0:{}',
)<hr/>SQL Error: <br/>MySQL server has gone away<hr/>Traces: <br/>file: /framework/class/db.class.php; line: 115; <br />file: /framework/class/db.class.php; line: 285; <br />file: /framework/function/pdo.func.php; line: 71; <br />file: /framework/model/setting.mod.php; line: 24; <br />file: /framework/model/cloud.mod.php; line: 138; <br />file: /framework/model/cloud.mod.php; line: 379; <br />file: /framework/model/module.mod.php; line: 492; <br />file: /web/source/module/manage-account.ctrl.php; line: 22; <br />file: /web/index.php; line: 213; <br />

2019-03-15 09:16:45 SQL Error :
------------
String:
SQL: <br/>REPLACE INTO `ims_core_cache` SET `key` =  :key_1 , `value` =  :value_2<hr/>Params: <br/>array (
  ':key_1' => 'setting',
  ':value_2' => 's:0:"";',
)<hr/>SQL Error: <br/>MySQL server has gone away<hr/>Traces: <br/>file: /framework/class/db.class.php; line: 115; <br />file: /framework/class/db.class.php; line: 285; <br />file: /framework/function/pdo.func.php; line: 71; <br />file: /framework/function/cache.mysql.func.php; line: 55; <br />file: /framework/model/setting.mod.php; line: 27; <br />file: /framework/model/cloud.mod.php; line: 138; <br />file: /framework/model/cloud.mod.php; line: 379; <br />file: /framework/model/module.mod.php; line: 492; <br />file: /web/source/module/manage-account.ctrl.php; line: 22; <br />file: /web/index.php; line: 213; <br />

2019-03-15 09:16:45 SQL Error :
------------
String:
SQL: <br/>SELECT `value` FROM `ims_core_cache` WHERE `key` =  :__key_1  LIMIT 1<hr/>Params: <br/>array (
  ':__key_1' => 'we7:module_setting:12:ewei_shopv2',
)<hr/>SQL Error: <br/>MySQL server has gone away<hr/>Traces: <br/>file: /framework/class/db.class.php; line: 167; <br />file: /framework/class/db.class.php; line: 227; <br />file: /framework/class/db.class.php; line: 259; <br />file: /framework/function/pdo.func.php; line: 61; <br />file: /framework/function/cache.mysql.func.php; line: 10; <br />file: /framework/function/cache.func.php; line: 39; <br />file: /framework/model/module.mod.php; line: 304; <br />file: /framework/model/module.mod.php; line: 497; <br />file: /web/source/module/manage-account.ctrl.php; line: 22; <br />file: /web/index.php; line: 213; <br />

2019-03-15 09:16:45 SQL Error :
------------
String:
SQL: <br/>SELECT * FROM `ims_uni_account_modules` WHERE `module` =  :__module_1 AND `uniacid` =  :__uniacid_2  LIMIT 1<hr/>Params: <br/>array (
  ':__module_1' => 'ewei_shopv2',
  ':__uniacid_2' => 12,
)<hr/>SQL Error: <br/>MySQL server has gone away<hr/>Traces: <br/>file: /framework/class/db.class.php; line: 167; <br />file: /framework/class/db.class.php; line: 227; <br />file: /framework/function/pdo.func.php; line: 49; <br />file: /framework/model/module.mod.php; line: 306; <br />file: /framework/model/module.mod.php; line: 497; <br />file: /web/source/module/manage-account.ctrl.php; line: 22; <br />file: /web/index.php; line: 213; <br />

2019-03-15 09:17:13 SQL Error :
------------
String:
SQL: <br/>REPLACE INTO `ims_core_settings` SET `key` =  :key_1 , `value` =  :value_2<hr/>Params: <br/>array (
  ':key_1' => 'cloudip',
  ':value_2' => 'a:0:{}',
)<hr/>SQL Error: <br/>MySQL server has gone away<hr/>Traces: <br/>file: /framework/class/db.class.php; line: 115; <br />file: /framework/class/db.class.php; line: 285; <br />file: /framework/function/pdo.func.php; line: 71; <br />file: /framework/model/setting.mod.php; line: 24; <br />file: /framework/model/cloud.mod.php; line: 138; <br />file: /framework/model/cloud.mod.php; line: 379; <br />file: /framework/model/module.mod.php; line: 492; <br />file: /web/source/module/manage-account.ctrl.php; line: 22; <br />file: /web/index.php; line: 213; <br />

2019-03-15 09:17:13 SQL Error :
------------
String:
SQL: <br/>REPLACE INTO `ims_core_cache` SET `key` =  :key_1 , `value` =  :value_2<hr/>Params: <br/>array (
  ':key_1' => 'setting',
  ':value_2' => 's:0:"";',
)<hr/>SQL Error: <br/>MySQL server has gone away<hr/>Traces: <br/>file: /framework/class/db.class.php; line: 115; <br />file: /framework/class/db.class.php; line: 285; <br />file: /framework/function/pdo.func.php; line: 71; <br />file: /framework/function/cache.mysql.func.php; line: 55; <br />file: /framework/model/setting.mod.php; line: 27; <br />file: /framework/model/cloud.mod.php; line: 138; <br />file: /framework/model/cloud.mod.php; line: 379; <br />file: /framework/model/module.mod.php; line: 492; <br />file: /web/source/module/manage-account.ctrl.php; line: 22; <br />file: /web/index.php; line: 213; <br />

2019-03-15 09:17:19 SQL Error :
------------
String:
SQL: <br/>SELECT `value` FROM `ims_core_cache` WHERE `key` =  :__key_1  LIMIT 1<hr/>Params: <br/>array (
  ':__key_1' => 'we7:module_setting:12:ewei_shopv2',
)<hr/>SQL Error: <br/>MySQL server has gone away<hr/>Traces: <br/>file: /framework/class/db.class.php; line: 167; <br />file: /framework/class/db.class.php; line: 227; <br />file: /framework/class/db.class.php; line: 259; <br />file: /framework/function/pdo.func.php; line: 61; <br />file: /framework/function/cache.mysql.func.php; line: 10; <br />file: /framework/function/cache.func.php; line: 39; <br />file: /framework/model/module.mod.php; line: 304; <br />file: /framework/model/module.mod.php; line: 497; <br />file: /web/source/module/manage-account.ctrl.php; line: 22; <br />file: /web/index.php; line: 213; <br />

2019-03-15 09:17:19 SQL Error :
------------
String:
SQL: <br/>SELECT * FROM `ims_uni_account_modules` WHERE `module` =  :__module_1 AND `uniacid` =  :__uniacid_2  LIMIT 1<hr/>Params: <br/>array (
  ':__module_1' => 'ewei_shopv2',
  ':__uniacid_2' => 12,
)<hr/>SQL Error: <br/>MySQL server has gone away<hr/>Traces: <br/>file: /framework/class/db.class.php; line: 167; <br />file: /framework/class/db.class.php; line: 227; <br />file: /framework/function/pdo.func.php; line: 49; <br />file: /framework/model/module.mod.php; line: 306; <br />file: /framework/model/module.mod.php; line: 497; <br />file: /web/source/module/manage-account.ctrl.php; line: 22; <br />file: /web/index.php; line: 213; <br />

2019-03-15 09:17:21 SQL Error :
------------
String:
SQL: <br/>REPLACE INTO `ims_core_settings` SET `key` =  :key_1 , `value` =  :value_2<hr/>Params: <br/>array (
  ':key_1' => 'cloudip',
  ':value_2' => 'a:0:{}',
)<hr/>SQL Error: <br/>MySQL server has gone away<hr/>Traces: <br/>file: /framework/class/db.class.php; line: 115; <br />file: /framework/class/db.class.php; line: 285; <br />file: /framework/function/pdo.func.php; line: 71; <br />file: /framework/model/setting.mod.php; line: 24; <br />file: /framework/model/cloud.mod.php; line: 138; <br />file: /framework/model/cloud.mod.php; line: 379; <br />file: /framework/model/module.mod.php; line: 492; <br />file: /web/source/module/manage-account.ctrl.php; line: 22; <br />file: /web/index.php; line: 213; <br />

2019-03-15 09:17:21 SQL Error :
------------
String:
SQL: <br/>REPLACE INTO `ims_core_cache` SET `key` =  :key_1 , `value` =  :value_2<hr/>Params: <br/>array (
  ':key_1' => 'setting',
  ':value_2' => 's:0:"";',
)<hr/>SQL Error: <br/>MySQL server has gone away<hr/>Traces: <br/>file: /framework/class/db.class.php; line: 115; <br />file: /framework/class/db.class.php; line: 285; <br />file: /framework/function/pdo.func.php; line: 71; <br />file: /framework/function/cache.mysql.func.php; line: 55; <br />file: /framework/model/setting.mod.php; line: 27; <br />file: /framework/model/cloud.mod.php; line: 138; <br />file: /framework/model/cloud.mod.php; line: 379; <br />file: /framework/model/module.mod.php; line: 492; <br />file: /web/source/module/manage-account.ctrl.php; line: 22; <br />file: /web/index.php; line: 213; <br />

2019-03-15 09:17:21 SQL Error :
------------
String:
SQL: <br/>SELECT `value` FROM `ims_core_cache` WHERE `key` =  :__key_1  LIMIT 1<hr/>Params: <br/>array (
  ':__key_1' => 'we7:module_setting:12:ewei_shopv2',
)<hr/>SQL Error: <br/>MySQL server has gone away<hr/>Traces: <br/>file: /framework/class/db.class.php; line: 167; <br />file: /framework/class/db.class.php; line: 227; <br />file: /framework/class/db.class.php; line: 259; <br />file: /framework/function/pdo.func.php; line: 61; <br />file: /framework/function/cache.mysql.func.php; line: 10; <br />file: /framework/function/cache.func.php; line: 39; <br />file: /framework/model/module.mod.php; line: 304; <br />file: /framework/model/module.mod.php; line: 497; <br />file: /web/source/module/manage-account.ctrl.php; line: 22; <br />file: /web/index.php; line: 213; <br />

2019-03-15 09:17:21 SQL Error :
------------
String:
SQL: <br/>SELECT * FROM `ims_uni_account_modules` WHERE `module` =  :__module_1 AND `uniacid` =  :__uniacid_2  LIMIT 1<hr/>Params: <br/>array (
  ':__module_1' => 'ewei_shopv2',
  ':__uniacid_2' => 12,
)<hr/>SQL Error: <br/>MySQL server has gone away<hr/>Traces: <br/>file: /framework/class/db.class.php; line: 167; <br />file: /framework/class/db.class.php; line: 227; <br />file: /framework/function/pdo.func.php; line: 49; <br />file: /framework/model/module.mod.php; line: 306; <br />file: /framework/model/module.mod.php; line: 497; <br />file: /web/source/module/manage-account.ctrl.php; line: 22; <br />file: /web/index.php; line: 213; <br />

2019-03-15 09:22:44 SQL Error :
------------
String:
SQL: <br/>REPLACE INTO `ims_core_settings` SET `key` =  :key_1 , `value` =  :value_2<hr/>Params: <br/>array (
  ':key_1' => 'cloudip',
  ':value_2' => 'a:0:{}',
)<hr/>SQL Error: <br/>MySQL server has gone away<hr/>Traces: <br/>file: /framework/class/db.class.php; line: 115; <br />file: /framework/class/db.class.php; line: 285; <br />file: /framework/function/pdo.func.php; line: 71; <br />file: /framework/model/setting.mod.php; line: 24; <br />file: /framework/model/cloud.mod.php; line: 138; <br />file: /framework/model/cloud.mod.php; line: 379; <br />file: /framework/model/module.mod.php; line: 492; <br />file: /web/source/module/manage-account.ctrl.php; line: 22; <br />file: /web/index.php; line: 213; <br />

2019-03-15 09:22:44 SQL Error :
------------
String:
SQL: <br/>REPLACE INTO `ims_core_cache` SET `key` =  :key_1 , `value` =  :value_2<hr/>Params: <br/>array (
  ':key_1' => 'setting',
  ':value_2' => 's:0:"";',
)<hr/>SQL Error: <br/>MySQL server has gone away<hr/>Traces: <br/>file: /framework/class/db.class.php; line: 115; <br />file: /framework/class/db.class.php; line: 285; <br />file: /framework/function/pdo.func.php; line: 71; <br />file: /framework/function/cache.mysql.func.php; line: 55; <br />file: /framework/model/setting.mod.php; line: 27; <br />file: /framework/model/cloud.mod.php; line: 138; <br />file: /framework/model/cloud.mod.php; line: 379; <br />file: /framework/model/module.mod.php; line: 492; <br />file: /web/source/module/manage-account.ctrl.php; line: 22; <br />file: /web/index.php; line: 213; <br />

2019-03-15 09:22:44 SQL Error :
------------
String:
SQL: <br/>SELECT `value` FROM `ims_core_cache` WHERE `key` =  :__key_1  LIMIT 1<hr/>Params: <br/>array (
  ':__key_1' => 'we7:module_setting:12:ewei_shopv2',
)<hr/>SQL Error: <br/>MySQL server has gone away<hr/>Traces: <br/>file: /framework/class/db.class.php; line: 167; <br />file: /framework/class/db.class.php; line: 227; <br />file: /framework/class/db.class.php; line: 259; <br />file: /framework/function/pdo.func.php; line: 61; <br />file: /framework/function/cache.mysql.func.php; line: 10; <br />file: /framework/function/cache.func.php; line: 39; <br />file: /framework/model/module.mod.php; line: 304; <br />file: /framework/model/module.mod.php; line: 497; <br />file: /web/source/module/manage-account.ctrl.php; line: 22; <br />file: /web/index.php; line: 213; <br />

2019-03-15 09:22:44 SQL Error :
------------
String:
SQL: <br/>SELECT * FROM `ims_uni_account_modules` WHERE `module` =  :__module_1 AND `uniacid` =  :__uniacid_2  LIMIT 1<hr/>Params: <br/>array (
  ':__module_1' => 'ewei_shopv2',
  ':__uniacid_2' => 12,
)<hr/>SQL Error: <br/>MySQL server has gone away<hr/>Traces: <br/>file: /framework/class/db.class.php; line: 167; <br />file: /framework/class/db.class.php; line: 227; <br />file: /framework/function/pdo.func.php; line: 49; <br />file: /framework/model/module.mod.php; line: 306; <br />file: /framework/model/module.mod.php; line: 497; <br />file: /web/source/module/manage-account.ctrl.php; line: 22; <br />file: /web/index.php; line: 213; <br />

2019-03-15 09:33:09 SQL Error :
------------
String:
SQL: <br/>REPLACE INTO `ims_core_settings` SET `key` =  :key_1 , `value` =  :value_2<hr/>Params: <br/>array (
  ':key_1' => 'cloudip',
  ':value_2' => 'a:0:{}',
)<hr/>SQL Error: <br/>MySQL server has gone away<hr/>Traces: <br/>file: /framework/class/db.class.php; line: 115; <br />file: /framework/class/db.class.php; line: 285; <br />file: /framework/function/pdo.func.php; line: 71; <br />file: /framework/model/setting.mod.php; line: 24; <br />file: /framework/model/cloud.mod.php; line: 138; <br />file: /framework/model/cloud.mod.php; line: 379; <br />file: /framework/model/module.mod.php; line: 492; <br />file: /web/source/module/manage-account.ctrl.php; line: 22; <br />file: /web/index.php; line: 213; <br />

2019-03-15 09:33:09 SQL Error :
------------
String:
SQL: <br/>REPLACE INTO `ims_core_cache` SET `key` =  :key_1 , `value` =  :value_2<hr/>Params: <br/>array (
  ':key_1' => 'setting',
  ':value_2' => 's:0:"";',
)<hr/>SQL Error: <br/>MySQL server has gone away<hr/>Traces: <br/>file: /framework/class/db.class.php; line: 115; <br />file: /framework/class/db.class.php; line: 285; <br />file: /framework/function/pdo.func.php; line: 71; <br />file: /framework/function/cache.mysql.func.php; line: 55; <br />file: /framework/model/setting.mod.php; line: 27; <br />file: /framework/model/cloud.mod.php; line: 138; <br />file: /framework/model/cloud.mod.php; line: 379; <br />file: /framework/model/module.mod.php; line: 492; <br />file: /web/source/module/manage-account.ctrl.php; line: 22; <br />file: /web/index.php; line: 213; <br />

2019-03-15 09:33:09 SQL Error :
------------
String:
SQL: <br/>SELECT `value` FROM `ims_core_cache` WHERE `key` =  :__key_1  LIMIT 1<hr/>Params: <br/>array (
  ':__key_1' => 'we7:module_setting:12:ewei_shopv2',
)<hr/>SQL Error: <br/>MySQL server has gone away<hr/>Traces: <br/>file: /framework/class/db.class.php; line: 167; <br />file: /framework/class/db.class.php; line: 227; <br />file: /framework/class/db.class.php; line: 259; <br />file: /framework/function/pdo.func.php; line: 61; <br />file: /framework/function/cache.mysql.func.php; line: 10; <br />file: /framework/function/cache.func.php; line: 39; <br />file: /framework/model/module.mod.php; line: 304; <br />file: /framework/model/module.mod.php; line: 497; <br />file: /web/source/module/manage-account.ctrl.php; line: 22; <br />file: /web/index.php; line: 213; <br />

2019-03-15 09:33:09 SQL Error :
------------
String:
SQL: <br/>SELECT * FROM `ims_uni_account_modules` WHERE `module` =  :__module_1 AND `uniacid` =  :__uniacid_2  LIMIT 1<hr/>Params: <br/>array (
  ':__module_1' => 'ewei_shopv2',
  ':__uniacid_2' => 12,
)<hr/>SQL Error: <br/>MySQL server has gone away<hr/>Traces: <br/>file: /framework/class/db.class.php; line: 167; <br />file: /framework/class/db.class.php; line: 227; <br />file: /framework/function/pdo.func.php; line: 49; <br />file: /framework/model/module.mod.php; line: 306; <br />file: /framework/model/module.mod.php; line: 497; <br />file: /web/source/module/manage-account.ctrl.php; line: 22; <br />file: /web/index.php; line: 213; <br />

2019-03-15 09:38:41 SQL Error :
------------
String:
SQL: <br/>REPLACE INTO `ims_core_settings` SET `key` =  :key_1 , `value` =  :value_2<hr/>Params: <br/>array (
  ':key_1' => 'cloudip',
  ':value_2' => 'a:0:{}',
)<hr/>SQL Error: <br/>MySQL server has gone away<hr/>Traces: <br/>file: /framework/class/db.class.php; line: 115; <br />file: /framework/class/db.class.php; line: 285; <br />file: /framework/function/pdo.func.php; line: 71; <br />file: /framework/model/setting.mod.php; line: 24; <br />file: /framework/model/cloud.mod.php; line: 138; <br />file: /framework/model/cloud.mod.php; line: 379; <br />file: /framework/model/module.mod.php; line: 492; <br />file: /web/source/module/manage-account.ctrl.php; line: 22; <br />file: /web/index.php; line: 213; <br />

2019-03-15 09:38:41 SQL Error :
------------
String:
SQL: <br/>REPLACE INTO `ims_core_cache` SET `key` =  :key_1 , `value` =  :value_2<hr/>Params: <br/>array (
  ':key_1' => 'setting',
  ':value_2' => 's:0:"";',
)<hr/>SQL Error: <br/>MySQL server has gone away<hr/>Traces: <br/>file: /framework/class/db.class.php; line: 115; <br />file: /framework/class/db.class.php; line: 285; <br />file: /framework/function/pdo.func.php; line: 71; <br />file: /framework/function/cache.mysql.func.php; line: 55; <br />file: /framework/model/setting.mod.php; line: 27; <br />file: /framework/model/cloud.mod.php; line: 138; <br />file: /framework/model/cloud.mod.php; line: 379; <br />file: /framework/model/module.mod.php; line: 492; <br />file: /web/source/module/manage-account.ctrl.php; line: 22; <br />file: /web/index.php; line: 213; <br />

2019-03-15 09:38:42 SQL Error :
------------
String:
SQL: <br/>SELECT `value` FROM `ims_core_cache` WHERE `key` =  :__key_1  LIMIT 1<hr/>Params: <br/>array (
  ':__key_1' => 'we7:module_setting:12:ewei_shopv2',
)<hr/>SQL Error: <br/>MySQL server has gone away<hr/>Traces: <br/>file: /framework/class/db.class.php; line: 167; <br />file: /framework/class/db.class.php; line: 227; <br />file: /framework/class/db.class.php; line: 259; <br />file: /framework/function/pdo.func.php; line: 61; <br />file: /framework/function/cache.mysql.func.php; line: 10; <br />file: /framework/function/cache.func.php; line: 39; <br />file: /framework/model/module.mod.php; line: 304; <br />file: /framework/model/module.mod.php; line: 497; <br />file: /web/source/module/manage-account.ctrl.php; line: 22; <br />file: /web/index.php; line: 213; <br />

2019-03-15 09:38:42 SQL Error :
------------
String:
SQL: <br/>SELECT * FROM `ims_uni_account_modules` WHERE `module` =  :__module_1 AND `uniacid` =  :__uniacid_2  LIMIT 1<hr/>Params: <br/>array (
  ':__module_1' => 'ewei_shopv2',
  ':__uniacid_2' => 12,
)<hr/>SQL Error: <br/>MySQL server has gone away<hr/>Traces: <br/>file: /framework/class/db.class.php; line: 167; <br />file: /framework/class/db.class.php; line: 227; <br />file: /framework/function/pdo.func.php; line: 49; <br />file: /framework/model/module.mod.php; line: 306; <br />file: /framework/model/module.mod.php; line: 497; <br />file: /web/source/module/manage-account.ctrl.php; line: 22; <br />file: /web/index.php; line: 213; <br />

2019-03-15 09:38:59 SQL Error :
------------
String:
SQL: <br/>REPLACE INTO `ims_core_settings` SET `key` =  :key_1 , `value` =  :value_2<hr/>Params: <br/>array (
  ':key_1' => 'cloudip',
  ':value_2' => 'a:0:{}',
)<hr/>SQL Error: <br/>MySQL server has gone away<hr/>Traces: <br/>file: /framework/class/db.class.php; line: 115; <br />file: /framework/class/db.class.php; line: 285; <br />file: /framework/function/pdo.func.php; line: 71; <br />file: /framework/model/setting.mod.php; line: 24; <br />file: /framework/model/cloud.mod.php; line: 138; <br />file: /framework/model/cloud.mod.php; line: 379; <br />file: /framework/model/module.mod.php; line: 492; <br />file: /web/source/module/manage-account.ctrl.php; line: 22; <br />file: /web/index.php; line: 213; <br />

2019-03-15 09:38:59 SQL Error :
------------
String:
SQL: <br/>REPLACE INTO `ims_core_cache` SET `key` =  :key_1 , `value` =  :value_2<hr/>Params: <br/>array (
  ':key_1' => 'setting',
  ':value_2' => 's:0:"";',
)<hr/>SQL Error: <br/>MySQL server has gone away<hr/>Traces: <br/>file: /framework/class/db.class.php; line: 115; <br />file: /framework/class/db.class.php; line: 285; <br />file: /framework/function/pdo.func.php; line: 71; <br />file: /framework/function/cache.mysql.func.php; line: 55; <br />file: /framework/model/setting.mod.php; line: 27; <br />file: /framework/model/cloud.mod.php; line: 138; <br />file: /framework/model/cloud.mod.php; line: 379; <br />file: /framework/model/module.mod.php; line: 492; <br />file: /web/source/module/manage-account.ctrl.php; line: 22; <br />file: /web/index.php; line: 213; <br />

2019-03-15 09:39:00 SQL Error :
------------
String:
SQL: <br/>SELECT `value` FROM `ims_core_cache` WHERE `key` =  :__key_1  LIMIT 1<hr/>Params: <br/>array (
  ':__key_1' => 'we7:module_setting:12:ewei_shopv2',
)<hr/>SQL Error: <br/>MySQL server has gone away<hr/>Traces: <br/>file: /framework/class/db.class.php; line: 167; <br />file: /framework/class/db.class.php; line: 227; <br />file: /framework/class/db.class.php; line: 259; <br />file: /framework/function/pdo.func.php; line: 61; <br />file: /framework/function/cache.mysql.func.php; line: 10; <br />file: /framework/function/cache.func.php; line: 39; <br />file: /framework/model/module.mod.php; line: 304; <br />file: /framework/model/module.mod.php; line: 497; <br />file: /web/source/module/manage-account.ctrl.php; line: 22; <br />file: /web/index.php; line: 213; <br />

2019-03-15 09:39:00 SQL Error :
------------
String:
SQL: <br/>SELECT * FROM `ims_uni_account_modules` WHERE `module` =  :__module_1 AND `uniacid` =  :__uniacid_2  LIMIT 1<hr/>Params: <br/>array (
  ':__module_1' => 'ewei_shopv2',
  ':__uniacid_2' => 12,
)<hr/>SQL Error: <br/>MySQL server has gone away<hr/>Traces: <br/>file: /framework/class/db.class.php; line: 167; <br />file: /framework/class/db.class.php; line: 227; <br />file: /framework/function/pdo.func.php; line: 49; <br />file: /framework/model/module.mod.php; line: 306; <br />file: /framework/model/module.mod.php; line: 497; <br />file: /web/source/module/manage-account.ctrl.php; line: 22; <br />file: /web/index.php; line: 213; <br />

2019-03-15 09:45:26 SQL Error :
------------
String:
SQL: <br/>REPLACE INTO `ims_core_settings` SET `key` =  :key_1 , `value` =  :value_2<hr/>Params: <br/>array (
  ':key_1' => 'cloudip',
  ':value_2' => 'a:0:{}',
)<hr/>SQL Error: <br/>MySQL server has gone away<hr/>Traces: <br/>file: /framework/class/db.class.php; line: 115; <br />file: /framework/class/db.class.php; line: 285; <br />file: /framework/function/pdo.func.php; line: 71; <br />file: /framework/model/setting.mod.php; line: 24; <br />file: /framework/model/cloud.mod.php; line: 138; <br />file: /framework/model/cloud.mod.php; line: 379; <br />file: /framework/model/module.mod.php; line: 492; <br />file: /web/source/module/manage-account.ctrl.php; line: 22; <br />file: /web/index.php; line: 213; <br />

2019-03-15 09:45:26 SQL Error :
------------
String:
SQL: <br/>REPLACE INTO `ims_core_cache` SET `key` =  :key_1 , `value` =  :value_2<hr/>Params: <br/>array (
  ':key_1' => 'setting',
  ':value_2' => 's:0:"";',
)<hr/>SQL Error: <br/>MySQL server has gone away<hr/>Traces: <br/>file: /framework/class/db.class.php; line: 115; <br />file: /framework/class/db.class.php; line: 285; <br />file: /framework/function/pdo.func.php; line: 71; <br />file: /framework/function/cache.mysql.func.php; line: 55; <br />file: /framework/model/setting.mod.php; line: 27; <br />file: /framework/model/cloud.mod.php; line: 138; <br />file: /framework/model/cloud.mod.php; line: 379; <br />file: /framework/model/module.mod.php; line: 492; <br />file: /web/source/module/manage-account.ctrl.php; line: 22; <br />file: /web/index.php; line: 213; <br />

2019-03-15 09:45:27 SQL Error :
------------
String:
SQL: <br/>SELECT `value` FROM `ims_core_cache` WHERE `key` =  :__key_1  LIMIT 1<hr/>Params: <br/>array (
  ':__key_1' => 'we7:module_setting:12:ewei_shopv2',
)<hr/>SQL Error: <br/>MySQL server has gone away<hr/>Traces: <br/>file: /framework/class/db.class.php; line: 167; <br />file: /framework/class/db.class.php; line: 227; <br />file: /framework/class/db.class.php; line: 259; <br />file: /framework/function/pdo.func.php; line: 61; <br />file: /framework/function/cache.mysql.func.php; line: 10; <br />file: /framework/function/cache.func.php; line: 39; <br />file: /framework/model/module.mod.php; line: 304; <br />file: /framework/model/module.mod.php; line: 497; <br />file: /web/source/module/manage-account.ctrl.php; line: 22; <br />file: /web/index.php; line: 213; <br />

2019-03-15 09:45:27 SQL Error :
------------
String:
SQL: <br/>SELECT * FROM `ims_uni_account_modules` WHERE `module` =  :__module_1 AND `uniacid` =  :__uniacid_2  LIMIT 1<hr/>Params: <br/>array (
  ':__module_1' => 'ewei_shopv2',
  ':__uniacid_2' => 12,
)<hr/>SQL Error: <br/>MySQL server has gone away<hr/>Traces: <br/>file: /framework/class/db.class.php; line: 167; <br />file: /framework/class/db.class.php; line: 227; <br />file: /framework/function/pdo.func.php; line: 49; <br />file: /framework/model/module.mod.php; line: 306; <br />file: /framework/model/module.mod.php; line: 497; <br />file: /web/source/module/manage-account.ctrl.php; line: 22; <br />file: /web/index.php; line: 213; <br />

2019-03-15 09:47:03 SQL Error :
------------
String:
SQL: <br/>REPLACE INTO `ims_core_settings` SET `key` =  :key_1 , `value` =  :value_2<hr/>Params: <br/>array (
  ':key_1' => 'cloudip',
  ':value_2' => 'a:0:{}',
)<hr/>SQL Error: <br/>MySQL server has gone away<hr/>Traces: <br/>file: /framework/class/db.class.php; line: 115; <br />file: /framework/class/db.class.php; line: 285; <br />file: /framework/function/pdo.func.php; line: 71; <br />file: /framework/model/setting.mod.php; line: 24; <br />file: /framework/model/cloud.mod.php; line: 138; <br />file: /framework/model/cloud.mod.php; line: 379; <br />file: /framework/model/module.mod.php; line: 492; <br />file: /web/source/module/manage-account.ctrl.php; line: 22; <br />file: /web/index.php; line: 213; <br />

2019-03-15 09:47:03 SQL Error :
------------
String:
SQL: <br/>REPLACE INTO `ims_core_cache` SET `key` =  :key_1 , `value` =  :value_2<hr/>Params: <br/>array (
  ':key_1' => 'setting',
  ':value_2' => 's:0:"";',
)<hr/>SQL Error: <br/>MySQL server has gone away<hr/>Traces: <br/>file: /framework/class/db.class.php; line: 115; <br />file: /framework/class/db.class.php; line: 285; <br />file: /framework/function/pdo.func.php; line: 71; <br />file: /framework/function/cache.mysql.func.php; line: 55; <br />file: /framework/model/setting.mod.php; line: 27; <br />file: /framework/model/cloud.mod.php; line: 138; <br />file: /framework/model/cloud.mod.php; line: 379; <br />file: /framework/model/module.mod.php; line: 492; <br />file: /web/source/module/manage-account.ctrl.php; line: 22; <br />file: /web/index.php; line: 213; <br />

2019-03-15 09:47:03 SQL Error :
------------
String:
SQL: <br/>SELECT `value` FROM `ims_core_cache` WHERE `key` =  :__key_1  LIMIT 1<hr/>Params: <br/>array (
  ':__key_1' => 'we7:module_setting:12:ewei_shopv2',
)<hr/>SQL Error: <br/>MySQL server has gone away<hr/>Traces: <br/>file: /framework/class/db.class.php; line: 167; <br />file: /framework/class/db.class.php; line: 227; <br />file: /framework/class/db.class.php; line: 259; <br />file: /framework/function/pdo.func.php; line: 61; <br />file: /framework/function/cache.mysql.func.php; line: 10; <br />file: /framework/function/cache.func.php; line: 39; <br />file: /framework/model/module.mod.php; line: 304; <br />file: /framework/model/module.mod.php; line: 497; <br />file: /web/source/module/manage-account.ctrl.php; line: 22; <br />file: /web/index.php; line: 213; <br />

2019-03-15 09:47:03 SQL Error :
------------
String:
SQL: <br/>SELECT * FROM `ims_uni_account_modules` WHERE `module` =  :__module_1 AND `uniacid` =  :__uniacid_2  LIMIT 1<hr/>Params: <br/>array (
  ':__module_1' => 'ewei_shopv2',
  ':__uniacid_2' => 12,
)<hr/>SQL Error: <br/>MySQL server has gone away<hr/>Traces: <br/>file: /framework/class/db.class.php; line: 167; <br />file: /framework/class/db.class.php; line: 227; <br />file: /framework/function/pdo.func.php; line: 49; <br />file: /framework/model/module.mod.php; line: 306; <br />file: /framework/model/module.mod.php; line: 497; <br />file: /web/source/module/manage-account.ctrl.php; line: 22; <br />file: /web/index.php; line: 213; <br />

2019-03-15 10:06:40 SQL Error :
------------
String:
SQL: <br/>REPLACE INTO `ims_core_settings` SET `key` =  :key_1 , `value` =  :value_2<hr/>Params: <br/>array (
  ':key_1' => 'cloudip',
  ':value_2' => 'a:0:{}',
)<hr/>SQL Error: <br/>MySQL server has gone away<hr/>Traces: <br/>file: /framework/class/db.class.php; line: 115; <br />file: /framework/class/db.class.php; line: 285; <br />file: /framework/function/pdo.func.php; line: 71; <br />file: /framework/model/setting.mod.php; line: 24; <br />file: /framework/model/cloud.mod.php; line: 138; <br />file: /framework/model/cloud.mod.php; line: 379; <br />file: /framework/model/module.mod.php; line: 492; <br />file: /web/source/module/manage-account.ctrl.php; line: 22; <br />file: /web/index.php; line: 213; <br />

2019-03-15 10:06:40 SQL Error :
------------
String:
SQL: <br/>REPLACE INTO `ims_core_cache` SET `key` =  :key_1 , `value` =  :value_2<hr/>Params: <br/>array (
  ':key_1' => 'setting',
  ':value_2' => 's:0:"";',
)<hr/>SQL Error: <br/>MySQL server has gone away<hr/>Traces: <br/>file: /framework/class/db.class.php; line: 115; <br />file: /framework/class/db.class.php; line: 285; <br />file: /framework/function/pdo.func.php; line: 71; <br />file: /framework/function/cache.mysql.func.php; line: 55; <br />file: /framework/model/setting.mod.php; line: 27; <br />file: /framework/model/cloud.mod.php; line: 138; <br />file: /framework/model/cloud.mod.php; line: 379; <br />file: /framework/model/module.mod.php; line: 492; <br />file: /web/source/module/manage-account.ctrl.php; line: 22; <br />file: /web/index.php; line: 213; <br />

2019-03-15 10:06:40 SQL Error :
------------
String:
SQL: <br/>SELECT `value` FROM `ims_core_cache` WHERE `key` =  :__key_1  LIMIT 1<hr/>Params: <br/>array (
  ':__key_1' => 'we7:module_setting:12:ewei_shopv2',
)<hr/>SQL Error: <br/>MySQL server has gone away<hr/>Traces: <br/>file: /framework/class/db.class.php; line: 167; <br />file: /framework/class/db.class.php; line: 227; <br />file: /framework/class/db.class.php; line: 259; <br />file: /framework/function/pdo.func.php; line: 61; <br />file: /framework/function/cache.mysql.func.php; line: 10; <br />file: /framework/function/cache.func.php; line: 39; <br />file: /framework/model/module.mod.php; line: 304; <br />file: /framework/model/module.mod.php; line: 497; <br />file: /web/source/module/manage-account.ctrl.php; line: 22; <br />file: /web/index.php; line: 213; <br />

2019-03-15 10:06:40 SQL Error :
------------
String:
SQL: <br/>SELECT * FROM `ims_uni_account_modules` WHERE `module` =  :__module_1 AND `uniacid` =  :__uniacid_2  LIMIT 1<hr/>Params: <br/>array (
  ':__module_1' => 'ewei_shopv2',
  ':__uniacid_2' => 12,
)<hr/>SQL Error: <br/>MySQL server has gone away<hr/>Traces: <br/>file: /framework/class/db.class.php; line: 167; <br />file: /framework/class/db.class.php; line: 227; <br />file: /framework/function/pdo.func.php; line: 49; <br />file: /framework/model/module.mod.php; line: 306; <br />file: /framework/model/module.mod.php; line: 497; <br />file: /web/source/module/manage-account.ctrl.php; line: 22; <br />file: /web/index.php; line: 213; <br />

2019-03-15 10:06:41 SQL Error :
------------
String:
SQL: <br/>REPLACE INTO `ims_core_settings` SET `key` =  :key_1 , `value` =  :value_2<hr/>Params: <br/>array (
  ':key_1' => 'cloudip',
  ':value_2' => 'a:0:{}',
)<hr/>SQL Error: <br/>MySQL server has gone away<hr/>Traces: <br/>file: /framework/class/db.class.php; line: 115; <br />file: /framework/class/db.class.php; line: 285; <br />file: /framework/function/pdo.func.php; line: 71; <br />file: /framework/model/setting.mod.php; line: 24; <br />file: /framework/model/cloud.mod.php; line: 138; <br />file: /framework/model/cloud.mod.php; line: 379; <br />file: /framework/model/module.mod.php; line: 492; <br />file: /web/source/module/manage-account.ctrl.php; line: 22; <br />file: /web/index.php; line: 213; <br />

2019-03-15 10:06:41 SQL Error :
------------
String:
SQL: <br/>REPLACE INTO `ims_core_cache` SET `key` =  :key_1 , `value` =  :value_2<hr/>Params: <br/>array (
  ':key_1' => 'setting',
  ':value_2' => 's:0:"";',
)<hr/>SQL Error: <br/>MySQL server has gone away<hr/>Traces: <br/>file: /framework/class/db.class.php; line: 115; <br />file: /framework/class/db.class.php; line: 285; <br />file: /framework/function/pdo.func.php; line: 71; <br />file: /framework/function/cache.mysql.func.php; line: 55; <br />file: /framework/model/setting.mod.php; line: 27; <br />file: /framework/model/cloud.mod.php; line: 138; <br />file: /framework/model/cloud.mod.php; line: 379; <br />file: /framework/model/module.mod.php; line: 492; <br />file: /web/source/module/manage-account.ctrl.php; line: 22; <br />file: /web/index.php; line: 213; <br />

2019-03-15 10:06:41 SQL Error :
------------
String:
SQL: <br/>SELECT `value` FROM `ims_core_cache` WHERE `key` =  :__key_1  LIMIT 1<hr/>Params: <br/>array (
  ':__key_1' => 'we7:module_setting:12:ewei_shopv2',
)<hr/>SQL Error: <br/>MySQL server has gone away<hr/>Traces: <br/>file: /framework/class/db.class.php; line: 167; <br />file: /framework/class/db.class.php; line: 227; <br />file: /framework/class/db.class.php; line: 259; <br />file: /framework/function/pdo.func.php; line: 61; <br />file: /framework/function/cache.mysql.func.php; line: 10; <br />file: /framework/function/cache.func.php; line: 39; <br />file: /framework/model/module.mod.php; line: 304; <br />file: /framework/model/module.mod.php; line: 497; <br />file: /web/source/module/manage-account.ctrl.php; line: 22; <br />file: /web/index.php; line: 213; <br />

2019-03-15 10:06:41 SQL Error :
------------
String:
SQL: <br/>SELECT * FROM `ims_uni_account_modules` WHERE `module` =  :__module_1 AND `uniacid` =  :__uniacid_2  LIMIT 1<hr/>Params: <br/>array (
  ':__module_1' => 'ewei_shopv2',
  ':__uniacid_2' => 12,
)<hr/>SQL Error: <br/>MySQL server has gone away<hr/>Traces: <br/>file: /framework/class/db.class.php; line: 167; <br />file: /framework/class/db.class.php; line: 227; <br />file: /framework/function/pdo.func.php; line: 49; <br />file: /framework/model/module.mod.php; line: 306; <br />file: /framework/model/module.mod.php; line: 497; <br />file: /web/source/module/manage-account.ctrl.php; line: 22; <br />file: /web/index.php; line: 213; <br />

2019-03-15 10:09:54 SQL Error :
------------
String:
SQL: <br/>REPLACE INTO `ims_core_settings` SET `key` =  :key_1 , `value` =  :value_2<hr/>Params: <br/>array (
  ':key_1' => 'cloudip',
  ':value_2' => 'a:0:{}',
)<hr/>SQL Error: <br/>MySQL server has gone away<hr/>Traces: <br/>file: /framework/class/db.class.php; line: 115; <br />file: /framework/class/db.class.php; line: 285; <br />file: /framework/function/pdo.func.php; line: 71; <br />file: /framework/model/setting.mod.php; line: 24; <br />file: /framework/model/cloud.mod.php; line: 138; <br />file: /framework/model/cloud.mod.php; line: 379; <br />file: /framework/model/module.mod.php; line: 492; <br />file: /web/source/module/manage-account.ctrl.php; line: 22; <br />file: /web/index.php; line: 213; <br />

2019-03-15 10:09:54 SQL Error :
------------
String:
SQL: <br/>REPLACE INTO `ims_core_cache` SET `key` =  :key_1 , `value` =  :value_2<hr/>Params: <br/>array (
  ':key_1' => 'setting',
  ':value_2' => 's:0:"";',
)<hr/>SQL Error: <br/>MySQL server has gone away<hr/>Traces: <br/>file: /framework/class/db.class.php; line: 115; <br />file: /framework/class/db.class.php; line: 285; <br />file: /framework/function/pdo.func.php; line: 71; <br />file: /framework/function/cache.mysql.func.php; line: 55; <br />file: /framework/model/setting.mod.php; line: 27; <br />file: /framework/model/cloud.mod.php; line: 138; <br />file: /framework/model/cloud.mod.php; line: 379; <br />file: /framework/model/module.mod.php; line: 492; <br />file: /web/source/module/manage-account.ctrl.php; line: 22; <br />file: /web/index.php; line: 213; <br />

2019-03-15 10:10:06 SQL Error :
------------
String:
SQL: <br/>SELECT `value` FROM `ims_core_cache` WHERE `key` =  :__key_1  LIMIT 1<hr/>Params: <br/>array (
  ':__key_1' => 'we7:module_setting:12:ewei_shopv2',
)<hr/>SQL Error: <br/>MySQL server has gone away<hr/>Traces: <br/>file: /framework/class/db.class.php; line: 167; <br />file: /framework/class/db.class.php; line: 227; <br />file: /framework/class/db.class.php; line: 259; <br />file: /framework/function/pdo.func.php; line: 61; <br />file: /framework/function/cache.mysql.func.php; line: 10; <br />file: /framework/function/cache.func.php; line: 39; <br />file: /framework/model/module.mod.php; line: 304; <br />file: /framework/model/module.mod.php; line: 497; <br />file: /web/source/module/manage-account.ctrl.php; line: 22; <br />file: /web/index.php; line: 213; <br />

2019-03-15 10:10:06 SQL Error :
------------
String:
SQL: <br/>SELECT * FROM `ims_uni_account_modules` WHERE `module` =  :__module_1 AND `uniacid` =  :__uniacid_2  LIMIT 1<hr/>Params: <br/>array (
  ':__module_1' => 'ewei_shopv2',
  ':__uniacid_2' => 12,
)<hr/>SQL Error: <br/>MySQL server has gone away<hr/>Traces: <br/>file: /framework/class/db.class.php; line: 167; <br />file: /framework/class/db.class.php; line: 227; <br />file: /framework/function/pdo.func.php; line: 49; <br />file: /framework/model/module.mod.php; line: 306; <br />file: /framework/model/module.mod.php; line: 497; <br />file: /web/source/module/manage-account.ctrl.php; line: 22; <br />file: /web/index.php; line: 213; <br />

2019-03-15 10:19:28 SQL Error :
------------
String:
SQL: <br/>REPLACE INTO `ims_core_settings` SET `key` =  :key_1 , `value` =  :value_2<hr/>Params: <br/>array (
  ':key_1' => 'cloudip',
  ':value_2' => 'a:0:{}',
)<hr/>SQL Error: <br/>MySQL server has gone away<hr/>Traces: <br/>file: /framework/class/db.class.php; line: 115; <br />file: /framework/class/db.class.php; line: 285; <br />file: /framework/function/pdo.func.php; line: 71; <br />file: /framework/model/setting.mod.php; line: 24; <br />file: /framework/model/cloud.mod.php; line: 138; <br />file: /framework/model/cloud.mod.php; line: 379; <br />file: /framework/model/module.mod.php; line: 492; <br />file: /web/source/module/manage-account.ctrl.php; line: 22; <br />file: /web/index.php; line: 213; <br />

2019-03-15 10:19:28 SQL Error :
------------
String:
SQL: <br/>REPLACE INTO `ims_core_cache` SET `key` =  :key_1 , `value` =  :value_2<hr/>Params: <br/>array (
  ':key_1' => 'setting',
  ':value_2' => 's:0:"";',
)<hr/>SQL Error: <br/>MySQL server has gone away<hr/>Traces: <br/>file: /framework/class/db.class.php; line: 115; <br />file: /framework/class/db.class.php; line: 285; <br />file: /framework/function/pdo.func.php; line: 71; <br />file: /framework/function/cache.mysql.func.php; line: 55; <br />file: /framework/model/setting.mod.php; line: 27; <br />file: /framework/model/cloud.mod.php; line: 138; <br />file: /framework/model/cloud.mod.php; line: 379; <br />file: /framework/model/module.mod.php; line: 492; <br />file: /web/source/module/manage-account.ctrl.php; line: 22; <br />file: /web/index.php; line: 213; <br />

2019-03-15 10:19:28 SQL Error :
------------
String:
SQL: <br/>SELECT `value` FROM `ims_core_cache` WHERE `key` =  :__key_1  LIMIT 1<hr/>Params: <br/>array (
  ':__key_1' => 'we7:module_setting:12:ewei_shopv2',
)<hr/>SQL Error: <br/>MySQL server has gone away<hr/>Traces: <br/>file: /framework/class/db.class.php; line: 167; <br />file: /framework/class/db.class.php; line: 227; <br />file: /framework/class/db.class.php; line: 259; <br />file: /framework/function/pdo.func.php; line: 61; <br />file: /framework/function/cache.mysql.func.php; line: 10; <br />file: /framework/function/cache.func.php; line: 39; <br />file: /framework/model/module.mod.php; line: 304; <br />file: /framework/model/module.mod.php; line: 497; <br />file: /web/source/module/manage-account.ctrl.php; line: 22; <br />file: /web/index.php; line: 213; <br />

2019-03-15 10:19:28 SQL Error :
------------
String:
SQL: <br/>SELECT * FROM `ims_uni_account_modules` WHERE `module` =  :__module_1 AND `uniacid` =  :__uniacid_2  LIMIT 1<hr/>Params: <br/>array (
  ':__module_1' => 'ewei_shopv2',
  ':__uniacid_2' => 12,
)<hr/>SQL Error: <br/>MySQL server has gone away<hr/>Traces: <br/>file: /framework/class/db.class.php; line: 167; <br />file: /framework/class/db.class.php; line: 227; <br />file: /framework/function/pdo.func.php; line: 49; <br />file: /framework/model/module.mod.php; line: 306; <br />file: /framework/model/module.mod.php; line: 497; <br />file: /web/source/module/manage-account.ctrl.php; line: 22; <br />file: /web/index.php; line: 213; <br />

2019-03-15 10:19:56 SQL Error :
------------
String:
SQL: <br/>REPLACE INTO `ims_core_settings` SET `key` =  :key_1 , `value` =  :value_2<hr/>Params: <br/>array (
  ':key_1' => 'cloudip',
  ':value_2' => 'a:0:{}',
)<hr/>SQL Error: <br/>MySQL server has gone away<hr/>Traces: <br/>file: /framework/class/db.class.php; line: 115; <br />file: /framework/class/db.class.php; line: 285; <br />file: /framework/function/pdo.func.php; line: 71; <br />file: /framework/model/setting.mod.php; line: 24; <br />file: /framework/model/cloud.mod.php; line: 138; <br />file: /framework/model/cloud.mod.php; line: 379; <br />file: /web/source/module/manage-system.ctrl.php; line: 490; <br />file: /web/index.php; line: 213; <br />

2019-03-15 10:19:56 SQL Error :
------------
String:
SQL: <br/>REPLACE INTO `ims_core_cache` SET `key` =  :key_1 , `value` =  :value_2<hr/>Params: <br/>array (
  ':key_1' => 'setting',
  ':value_2' => 's:0:"";',
)<hr/>SQL Error: <br/>MySQL server has gone away<hr/>Traces: <br/>file: /framework/class/db.class.php; line: 115; <br />file: /framework/class/db.class.php; line: 285; <br />file: /framework/function/pdo.func.php; line: 71; <br />file: /framework/function/cache.mysql.func.php; line: 55; <br />file: /framework/model/setting.mod.php; line: 27; <br />file: /framework/model/cloud.mod.php; line: 138; <br />file: /framework/model/cloud.mod.php; line: 379; <br />file: /web/source/module/manage-system.ctrl.php; line: 490; <br />file: /web/index.php; line: 213; <br />

2019-03-15 10:19:56 SQL Error :
------------
String:
SQL: <br/>SELECT * FROM `ims_uni_group` WHERE `uniacid` =  :__uniacid_1<hr/>Params: <br/>array (
  ':__uniacid_1' => 0,
)<hr/>SQL Error: <br/>MySQL server has gone away<hr/>Traces: <br/>file: /framework/class/db.class.php; line: 194; <br />file: /framework/class/db.class.php; line: 238; <br />file: /framework/function/pdo.func.php; line: 53; <br />file: /web/source/module/manage-system.ctrl.php; line: 526; <br />file: /web/index.php; line: 213; <br />

2019-03-15 10:19:56 SQL Error :
------------
String:
SQL: <br/>SELECT `value` FROM `ims_core_cache` WHERE `key` =  :__key_1  LIMIT 1<hr/>Params: <br/>array (
  ':__key_1' => 'system_frame',
)<hr/>SQL Error: <br/>MySQL server has gone away<hr/>Traces: <br/>file: /framework/class/db.class.php; line: 167; <br />file: /framework/class/db.class.php; line: 227; <br />file: /framework/class/db.class.php; line: 259; <br />file: /framework/function/pdo.func.php; line: 61; <br />file: /framework/function/cache.mysql.func.php; line: 10; <br />file: /framework/function/cache.func.php; line: 39; <br />file: /web/common/common.func.php; line: 142; <br />file: /data/tpl/web/affordable/common/header.tpl.php; line: 3; <br />file: /data/tpl/web/default/module/manage-system.tpl.php; line: 1; <br />file: /web/common/template.func.php; line: 29; <br />file: /web/source/module/manage-system.ctrl.php; line: 726; <br />file: /web/index.php; line: 213; <br />

2019-03-15 10:19:56 SQL Error :
------------
String:
SQL: <br/>SELECT * FROM `ims_core_menu` WHERE `permission_name` !=  :__permission_name_1<hr/>Params: <br/>array (
  ':__permission_name_1' => '',
)<hr/>SQL Error: <br/>MySQL server has gone away<hr/>Traces: <br/>file: /framework/class/db.class.php; line: 194; <br />file: /framework/class/db.class.php; line: 238; <br />file: /framework/function/pdo.func.php; line: 53; <br />file: /framework/model/cache.mod.php; line: 160; <br />file: /web/common/common.func.php; line: 144; <br />file: /data/tpl/web/affordable/common/header.tpl.php; line: 3; <br />file: /data/tpl/web/default/module/manage-system.tpl.php; line: 1; <br />file: /web/common/template.func.php; line: 29; <br />file: /web/source/module/manage-system.ctrl.php; line: 726; <br />file: /web/index.php; line: 213; <br />

2019-03-15 10:19:56 SQL Error :
------------
String:
SQL: <br/>SELECT `id`,`title`,`url`,`is_display`,`is_system`,`permission_name`,`displayorder`,`icon` FROM `ims_core_menu` WHERE `group_name` =  :__group_name_1 ORDER BY displayorder DESC <hr/>Params: <br/>array (
  ':__group_name_1' => 'platform_plus',
)<hr/>SQL Error: <br/>MySQL server has gone away<hr/>Traces: <br/>file: /framework/class/db.class.php; line: 194; <br />file: /framework/class/db.class.php; line: 238; <br />file: /framework/function/pdo.func.php; line: 53; <br />file: /framework/model/cache.mod.php; line: 175; <br />file: /web/common/common.func.php; line: 144; <br />file: /data/tpl/web/affordable/common/header.tpl.php; line: 3; <br />file: /data/tpl/web/default/module/manage-system.tpl.php; line: 1; <br />file: /web/common/template.func.php; line: 29; <br />file: /web/source/module/manage-system.ctrl.php; line: 726; <br />file: /web/index.php; line: 213; <br />

2019-03-15 10:19:56 SQL Error :
------------
String:
SQL: <br/>SELECT `id`,`title`,`url`,`is_display`,`is_system`,`permission_name`,`displayorder`,`icon` FROM `ims_core_menu` WHERE `group_name` =  :__group_name_1 ORDER BY displayorder DESC <hr/>Params: <br/>array (
  ':__group_name_1' => 'platform_module',
)<hr/>SQL Error: <br/>MySQL server has gone away<hr/>Traces: <br/>file: /framework/class/db.class.php; line: 194; <br />file: /framework/class/db.class.php; line: 238; <br />file: /framework/function/pdo.func.php; line: 53; <br />file: /framework/model/cache.mod.php; line: 175; <br />file: /web/common/common.func.php; line: 144; <br />file: /data/tpl/web/affordable/common/header.tpl.php; line: 3; <br />file: /data/tpl/web/default/module/manage-system.tpl.php; line: 1; <br />file: /web/common/template.func.php; line: 29; <br />file: /web/source/module/manage-system.ctrl.php; line: 726; <br />file: /web/index.php; line: 213; <br />

2019-03-15 10:19:56 SQL Error :
------------
String:
SQL: <br/>SELECT `id`,`title`,`url`,`is_display`,`is_system`,`permission_name`,`displayorder`,`icon` FROM `ims_core_menu` WHERE `group_name` =  :__group_name_1 ORDER BY displayorder DESC <hr/>Params: <br/>array (
  ':__group_name_1' => 'mc',
)<hr/>SQL Error: <br/>MySQL server has gone away<hr/>Traces: <br/>file: /framework/class/db.class.php; line: 194; <br />file: /framework/class/db.class.php; line: 238; <br />file: /framework/function/pdo.func.php; line: 53; <br />file: /framework/model/cache.mod.php; line: 175; <br />file: /web/common/common.func.php; line: 144; <br />file: /data/tpl/web/affordable/common/header.tpl.php; line: 3; <br />file: /data/tpl/web/default/module/manage-system.tpl.php; line: 1; <br />file: /web/common/template.func.php; line: 29; <br />file: /web/source/module/manage-system.ctrl.php; line: 726; <br />file: /web/index.php; line: 213; <br />

2019-03-15 10:19:56 SQL Error :
------------
String:
SQL: <br/>SELECT `id`,`title`,`url`,`is_display`,`is_system`,`permission_name`,`displayorder`,`icon` FROM `ims_core_menu` WHERE `group_name` =  :__group_name_1 ORDER BY displayorder DESC <hr/>Params: <br/>array (
  ':__group_name_1' => 'profile',
)<hr/>SQL Error: <br/>MySQL server has gone away<hr/>Traces: <br/>file: /framework/class/db.class.php; line: 194; <br />file: /framework/class/db.class.php; line: 238; <br />file: /framework/function/pdo.func.php; line: 53; <br />file: /framework/model/cache.mod.php; line: 175; <br />file: /web/common/common.func.php; line: 144; <br />file: /data/tpl/web/affordable/common/header.tpl.php; line: 3; <br />file: /data/tpl/web/default/module/manage-system.tpl.php; line: 1; <br />file: /web/common/template.func.php; line: 29; <br />file: /web/source/module/manage-system.ctrl.php; line: 726; <br />file: /web/index.php; line: 213; <br />

2019-03-15 10:19:56 SQL Error :
------------
String:
SQL: <br/>SELECT `id`,`title`,`url`,`is_display`,`is_system`,`permission_name`,`displayorder`,`icon` FROM `ims_core_menu` WHERE `group_name` =  :__group_name_1 ORDER BY displayorder DESC <hr/>Params: <br/>array (
  ':__group_name_1' => 'wxapp_module',
)<hr/>SQL Error: <br/>MySQL server has gone away<hr/>Traces: <br/>file: /framework/class/db.class.php; line: 194; <br />file: /framework/class/db.class.php; line: 238; <br />file: /framework/function/pdo.func.php; line: 53; <br />file: /framework/model/cache.mod.php; line: 175; <br />file: /web/common/common.func.php; line: 144; <br />file: /data/tpl/web/affordable/common/header.tpl.php; line: 3; <br />file: /data/tpl/web/default/module/manage-system.tpl.php; line: 1; <br />file: /web/common/template.func.php; line: 29; <br />file: /web/source/module/manage-system.ctrl.php; line: 726; <br />file: /web/index.php; line: 213; <br />

2019-03-15 10:19:56 SQL Error :
------------
String:
SQL: <br/>SELECT `id`,`title`,`url`,`is_display`,`is_system`,`permission_name`,`displayorder`,`icon` FROM `ims_core_menu` WHERE `group_name` =  :__group_name_1 ORDER BY displayorder DESC <hr/>Params: <br/>array (
  ':__group_name_1' => 'platform_manage_menu',
)<hr/>SQL Error: <br/>MySQL server has gone away<hr/>Traces: <br/>file: /framework/class/db.class.php; line: 194; <br />file: /framework/class/db.class.php; line: 238; <br />file: /framework/function/pdo.func.php; line: 53; <br />file: /framework/model/cache.mod.php; line: 175; <br />file: /web/common/common.func.php; line: 144; <br />file: /data/tpl/web/affordable/common/header.tpl.php; line: 3; <br />file: /data/tpl/web/default/module/manage-system.tpl.php; line: 1; <br />file: /web/common/template.func.php; line: 29; <br />file: /web/source/module/manage-system.ctrl.php; line: 726; <br />file: /web/index.php; line: 213; <br />

2019-03-15 10:19:56 SQL Error :
------------
String:
SQL: <br/>SELECT `id`,`title`,`url`,`is_display`,`is_system`,`permission_name`,`displayorder`,`icon` FROM `ims_core_menu` WHERE `group_name` =  :__group_name_1 ORDER BY displayorder DESC <hr/>Params: <br/>array (
  ':__group_name_1' => 'wxplatform',
)<hr/>SQL Error: <br/>MySQL server has gone away<hr/>Traces: <br/>file: /framework/class/db.class.php; line: 194; <br />file: /framework/class/db.class.php; line: 238; <br />file: /framework/function/pdo.func.php; line: 53; <br />file: /framework/model/cache.mod.php; line: 175; <br />file: /web/common/common.func.php; line: 144; <br />file: /data/tpl/web/affordable/common/header.tpl.php; line: 3; <br />file: /data/tpl/web/default/module/manage-system.tpl.php; line: 1; <br />file: /web/common/template.func.php; line: 29; <br />file: /web/source/module/manage-system.ctrl.php; line: 726; <br />file: /web/index.php; line: 213; <br />

2019-03-15 10:19:56 SQL Error :
------------
String:
SQL: <br/>SELECT `id`,`title`,`url`,`is_display`,`is_system`,`permission_name`,`displayorder`,`icon` FROM `ims_core_menu` WHERE `group_name` =  :__group_name_1 ORDER BY displayorder DESC <hr/>Params: <br/>array (
  ':__group_name_1' => 'module',
)<hr/>SQL Error: <br/>MySQL server has gone away<hr/>Traces: <br/>file: /framework/class/db.class.php; line: 194; <br />file: /framework/class/db.class.php; line: 238; <br />file: /framework/function/pdo.func.php; line: 53; <br />file: /framework/model/cache.mod.php; line: 175; <br />file: /web/common/common.func.php; line: 144; <br />file: /data/tpl/web/affordable/common/header.tpl.php; line: 3; <br />file: /data/tpl/web/default/module/manage-system.tpl.php; line: 1; <br />file: /web/common/template.func.php; line: 29; <br />file: /web/source/module/manage-system.ctrl.php; line: 726; <br />file: /web/index.php; line: 213; <br />

2019-03-15 10:19:56 SQL Error :
------------
String:
SQL: <br/>SELECT `id`,`title`,`url`,`is_display`,`is_system`,`permission_name`,`displayorder`,`icon` FROM `ims_core_menu` WHERE `group_name` =  :__group_name_1 ORDER BY displayorder DESC <hr/>Params: <br/>array (
  ':__group_name_1' => 'user',
)<hr/>SQL Error: <br/>MySQL server has gone away<hr/>Traces: <br/>file: /framework/class/db.class.php; line: 194; <br />file: /framework/class/db.class.php; line: 238; <br />file: /framework/function/pdo.func.php; line: 53; <br />file: /framework/model/cache.mod.php; line: 175; <br />file: /web/common/common.func.php; line: 144; <br />file: /data/tpl/web/affordable/common/header.tpl.php; line: 3; <br />file: /data/tpl/web/default/module/manage-system.tpl.php; line: 1; <br />file: /web/common/template.func.php; line: 29; <br />file: /web/source/module/manage-system.ctrl.php; line: 726; <br />file: /web/index.php; line: 213; <br />

2019-03-15 10:19:56 SQL Error :
------------
String:
SQL: <br/>SELECT `id`,`title`,`url`,`is_display`,`is_system`,`permission_name`,`displayorder`,`icon` FROM `ims_core_menu` WHERE `group_name` =  :__group_name_1 ORDER BY displayorder DESC <hr/>Params: <br/>array (
  ':__group_name_1' => 'permission',
)<hr/>SQL Error: <br/>MySQL server has gone away<hr/>Traces: <br/>file: /framework/class/db.class.php; line: 194; <br />file: /framework/class/db.class.php; line: 238; <br />file: /framework/function/pdo.func.php; line: 53; <br />file: /framework/model/cache.mod.php; line: 175; <br />file: /web/common/common.func.php; line: 144; <br />file: /data/tpl/web/affordable/common/header.tpl.php; line: 3; <br />file: /data/tpl/web/default/module/manage-system.tpl.php; line: 1; <br />file: /web/common/template.func.php; line: 29; <br />file: /web/source/module/manage-system.ctrl.php; line: 726; <br />file: /web/index.php; line: 213; <br />

2019-03-15 10:19:56 SQL Error :
------------
String:
SQL: <br/>SELECT `id`,`title`,`url`,`is_display`,`is_system`,`permission_name`,`displayorder`,`icon` FROM `ims_core_menu` WHERE `group_name` =  :__group_name_1 ORDER BY displayorder DESC <hr/>Params: <br/>array (
  ':__group_name_1' => 'cache',
)<hr/>SQL Error: <br/>MySQL server has gone away<hr/>Traces: <br/>file: /framework/class/db.class.php; line: 194; <br />file: /framework/class/db.class.php; line: 238; <br />file: /framework/function/pdo.func.php; line: 53; <br />file: /framework/model/cache.mod.php; line: 175; <br />file: /web/common/common.func.php; line: 144; <br />file: /data/tpl/web/affordable/common/header.tpl.php; line: 3; <br />file: /data/tpl/web/default/module/manage-system.tpl.php; line: 1; <br />file: /web/common/template.func.php; line: 29; <br />file: /web/source/module/manage-system.ctrl.php; line: 726; <br />file: /web/index.php; line: 213; <br />

2019-03-15 10:19:56 SQL Error :
------------
String:
SQL: <br/>SELECT `id`,`title`,`url`,`is_display`,`is_system`,`permission_name`,`displayorder`,`icon` FROM `ims_core_menu` WHERE `group_name` =  :__group_name_1 ORDER BY displayorder DESC <hr/>Params: <br/>array (
  ':__group_name_1' => 'cloud',
)<hr/>SQL Error: <br/>MySQL server has gone away<hr/>Traces: <br/>file: /framework/class/db.class.php; line: 194; <br />file: /framework/class/db.class.php; line: 238; <br />file: /framework/function/pdo.func.php; line: 53; <br />file: /framework/model/cache.mod.php; line: 175; <br />file: /web/common/common.func.php; line: 144; <br />file: /data/tpl/web/affordable/common/header.tpl.php; line: 3; <br />file: /data/tpl/web/default/module/manage-system.tpl.php; line: 1; <br />file: /web/common/template.func.php; line: 29; <br />file: /web/source/module/manage-system.ctrl.php; line: 726; <br />file: /web/index.php; line: 213; <br />

2019-03-15 10:19:56 SQL Error :
------------
String:
SQL: <br/>SELECT `id`,`title`,`url`,`is_display`,`is_system`,`permission_name`,`displayorder`,`icon` FROM `ims_core_menu` WHERE `group_name` =  :__group_name_1 ORDER BY displayorder DESC <hr/>Params: <br/>array (
  ':__group_name_1' => 'setting',
)<hr/>SQL Error: <br/>MySQL server has gone away<hr/>Traces: <br/>file: /framework/class/db.class.php; line: 194; <br />file: /framework/class/db.class.php; line: 238; <br />file: /framework/function/pdo.func.php; line: 53; <br />file: /framework/model/cache.mod.php; line: 175; <br />file: /web/common/common.func.php; line: 144; <br />file: /data/tpl/web/affordable/common/header.tpl.php; line: 3; <br />file: /data/tpl/web/default/module/manage-system.tpl.php; line: 1; <br />file: /web/common/template.func.php; line: 29; <br />file: /web/source/module/manage-system.ctrl.php; line: 726; <br />file: /web/index.php; line: 213; <br />

2019-03-15 10:19:56 SQL Error :
------------
String:
SQL: <br/>SELECT `id`,`title`,`url`,`is_display`,`is_system`,`permission_name`,`displayorder`,`icon` FROM `ims_core_menu` WHERE `group_name` =  :__group_name_1 ORDER BY displayorder DESC <hr/>Params: <br/>array (
  ':__group_name_1' => 'utility',
)<hr/>SQL Error: <br/>MySQL server has gone away<hr/>Traces: <br/>file: /framework/class/db.class.php; line: 194; <br />file: /framework/class/db.class.php; line: 238; <br />file: /framework/function/pdo.func.php; line: 53; <br />file: /framework/model/cache.mod.php; line: 175; <br />file: /web/common/common.func.php; line: 144; <br />file: /data/tpl/web/affordable/common/header.tpl.php; line: 3; <br />file: /data/tpl/web/default/module/manage-system.tpl.php; line: 1; <br />file: /web/common/template.func.php; line: 29; <br />file: /web/source/module/manage-system.ctrl.php; line: 726; <br />file: /web/index.php; line: 213; <br />

2019-03-15 10:19:56 SQL Error :
------------
String:
SQL: <br/>SELECT `title`,`url`,`permission_name` FROM `ims_core_menu` WHERE `group_name` =  :__group_name_1<hr/>Params: <br/>array (
  ':__group_name_1' => 'frame',
)<hr/>SQL Error: <br/>MySQL server has gone away<hr/>Traces: <br/>file: /framework/class/db.class.php; line: 194; <br />file: /framework/class/db.class.php; line: 238; <br />file: /framework/function/pdo.func.php; line: 53; <br />file: /framework/model/cache.mod.php; line: 201; <br />file: /web/common/common.func.php; line: 144; <br />file: /data/tpl/web/affordable/common/header.tpl.php; line: 3; <br />file: /data/tpl/web/default/module/manage-system.tpl.php; line: 1; <br />file: /web/common/template.func.php; line: 29; <br />file: /web/source/module/manage-system.ctrl.php; line: 726; <br />file: /web/index.php; line: 213; <br />

2019-03-15 10:19:56 SQL Error :
------------
String:
SQL: <br/>DELETE FROM `ims_core_cache` WHERE `key`=:key<hr/>Params: <br/>array (
  ':key' => 'system_frame',
)<hr/>SQL Error: <br/>MySQL server has gone away<hr/>Traces: <br/>file: /framework/class/db.class.php; line: 115; <br />file: /framework/function/pdo.func.php; line: 31; <br />file: /framework/function/cache.mysql.func.php; line: 63; <br />file: /framework/model/cache.mod.php; line: 209; <br />file: /web/common/common.func.php; line: 144; <br />file: /data/tpl/web/affordable/common/header.tpl.php; line: 3; <br />file: /data/tpl/web/default/module/manage-system.tpl.php; line: 1; <br />file: /web/common/template.func.php; line: 29; <br />file: /web/source/module/manage-system.ctrl.php; line: 726; <br />file: /web/index.php; line: 213; <br />

2019-03-15 10:19:56 SQL Error :
------------
String:
SQL: <br/>REPLACE INTO `ims_core_cache` SET `key` =  :key_1 , `value` =  :value_2<hr/>Params: <br/>array (
  ':key_1' => 'system_frame',
  ':value_2' => 'a:4:{s:7:"account";a:6:{s:5:"title";s:9:"";s:4:"icon";s:18:"wi wi-white-collar";s:3:"url";s:41:"./index.php?c=home&a=welcome&do=platform&";s:7:"section";a:4:{s:13:"platform_plus";a:2:{s:5:"title";s:12:"";s:4:"menu";a:5:{s:14:"platform_reply";a:9:{s:9:"is_system";i:1;s:10:"is_display";i:1;s:5:"title";s:12:"";s:3:"url";s:31:"./index.php?c=platform&a=reply&";s:15:"permission_name";s:14:"platform_reply";s:4:"icon";s:11:"wi wi-reply";s:12:"displayorder";i:5;s:2:"id";N;s:14:"sub_permission";a:0:{}}s:13:"platform_menu";a:9:{s:9:"is_system";i:1;s:10:"is_display";i:1;s:5:"title";s:15:"";s:3:"url";s:30:"./index.php?c=platform&a=menu&";s:15:"permission_name";s:13:"platform_menu";s:4:"icon";s:16:"wi wi-custommenu";s:12:"displayorder";i:4;s:2:"id";N;s:14:"sub_permission";N;}s:11:"platform_qr";a:9:{s:9:"is_system";i:1;s:10:"is_display";i:1;s:5:"title";s:22:"/";s:3:"url";s:28:"./index.php?c=platform&a=qr&";s:15:"permission_name";s:11:"platform_qr";s:4:"icon";s:12:"wi wi-qrcode";s:12:"displayorder";i:3;s:2:"id";N;s:14:"sub_permission";a:0:{}}s:18:"platform_mass_task";a:9:{s:9:"is_system";i:1;s:10:"is_display";i:1;s:5:"title";s:12:"";s:3:"url";s:30:"./index.php?c=platform&a=mass&";s:15:"permission_name";s:18:"platform_mass_task";s:4:"icon";s:13:"wi wi-crontab";s:12:"displayorder";i:2;s:2:"id";N;s:14:"sub_permission";N;}s:17:"platform_material";a:9:{s:9:"is_system";i:1;s:10:"is_display";i:1;s:5:"title";s:16:"/";s:3:"url";s:34:"./index.php?c=platform&a=material&";s:15:"permission_name";s:17:"platform_material";s:4:"icon";s:12:"wi wi-redact";s:12:"displayorder";i:1;s:2:"id";N;s:14:"sub_permission";N;}}}s:15:"platform_module";a:3:{s:5:"title";s:12:"";s:4:"menu";a:0:{}s:10:"is_display";b:1;}s:2:"mc";a:2:{s:5:"title";s:6:"";s:4:"menu";a:2:{s:7:"mc_fans";a:9:{s:9:"is_system";i:1;s:10:"is_display";i:1;s:5:"title";s:12:"";s:3:"url";s:24:"./index.php?c=mc&a=fans&";s:15:"permission_name";s:7:"mc_fans";s:4:"icon";s:16:"wi wi-fansmanage";s:12:"displayorder";i:2;s:2:"id";N;s:14:"sub_permission";N;}s:9:"mc_member";a:9:{s:9:"is_system";i:1;s:10:"is_display";i:1;s:5:"title";s:12:"";s:3:"url";s:26:"./index.php?c=mc&a=member&";s:15:"permission_name";s:9:"mc_member";s:4:"icon";s:10:"wi wi-fans";s:12:"displayorder";i:1;s:2:"id";N;s:14:"sub_permission";N;}}}s:7:"profile";a:2:{s:5:"title";s:6:"";s:4:"menu";a:2:{s:7:"profile";a:9:{s:9:"is_system";i:1;s:10:"is_display";i:1;s:5:"title";s:12:"";s:3:"url";s:33:"./index.php?c=profile&a=passport&";s:15:"permission_name";s:15:"profile_setting";s:4:"icon";s:22:"wi wi-parameter-stting";s:12:"displayorder";i:2;s:2:"id";N;s:14:"sub_permission";N;}s:7:"payment";a:9:{s:9:"is_system";i:1;s:10:"is_display";i:1;s:5:"title";s:12:"";s:3:"url";s:32:"./index.php?c=profile&a=payment&";s:15:"permission_name";s:15:"profile_setting";s:4:"icon";s:22:"wi wi-parameter-stting";s:12:"displayorder";i:1;s:2:"id";N;s:14:"sub_permission";N;}}}}s:9:"is_system";b:1;s:10:"is_display";b:1;}s:5:"wxapp";a:6:{s:5:"title";s:9:"";s:4:"icon";s:19:"wi wi-small-routine";s:3:"url";s:38:"./index.php?c=wxapp&a=display&do=home&";s:7:"section";a:2:{s:12:"wxapp_module";a:3:{s:5:"title";s:6:"";s:4:"menu";a:0:{}s:10:"is_display";b:1;}s:20:"platform_manage_menu";a:2:{s:5:"title";s:6:"";s:4:"menu";a:3:{s:11:"module_link";a:9:{s:9:"is_system";i:1;s:10:"is_display";i:1;s:5:"title";s:12:"";s:3:"url";s:53:"./index.php?c=wxapp&a=version&do=module_link_uniacid&";s:15:"permission_name";s:25:"wxapp_module_link_uniacid";s:4:"icon";s:18:"wi wi-data-synchro";s:12:"displayorder";i:3;s:2:"id";N;s:14:"sub_permission";N;}s:13:"wxapp_profile";a:9:{s:9:"is_system";i:1;s:10:"is_display";i:1;s:5:"title";s:12:"";s:3:"url";s:30:"./index.php?c=wxapp&a=payment&";s:15:"permission_name";s:13:"wxapp_payment";s:4:"icon";s:16:"wi wi-appsetting";s:12:"displayorder";i:2;s:2:"id";N;s:14:"sub_permission";N;}s:14:"front_download";a:9:{s:9:"is_system";i:1;s:10:"is_display";i:1;s:5:"title";s:15:"";s:3:"url";s:48:"./index.php?c=wxapp&a=version&do=front_download&";s:15:"permission_name";s:20:"wxapp_front_download";s:4:"icon";s:20:"wi wi-wxapp-download";s:12:"displayorder";i:1;s:2:"id";N;s:14:"sub_permission";N;}}}}s:9:"is_system";b:1;s:10:"is_display";b:1;}s:6:"system";a:6:{s:5:"title";s:12:"";s:4:"icon";s:13:"wi wi-setting";s:3:"url";s:39:"./index.php?c=home&a=welcome&do=system&";s:7:"section";a:5:{s:10:"wxplatform";a:2:{s:5:"title";s:9:"";s:4:"menu";a:2:{s:14:"system_account";a:9:{s:9:"is_system";i:1;s:10:"is_display";i:1;s:5:"title";s:16:" ";s:3:"url";s:45:"./index.php?c=account&a=manage&account_type=1";s:15:"permission_name";s:14:"system_account";s:4:"icon";s:12:"wi wi-wechat";s:12:"displayorder";i:2;s:2:"id";N;s:14:"sub_permission";a:6:{i:0;a:2:{s:5:"title";s:21:"";s:15:"permission_name";s:21:"system_account_manage";}i:1;a:2:{s:5:"title";s:15:"";s:15:"permission_name";s:19:"system_account_post";}i:2;a:2:{s:5:"title";s:15:"";s:15:"permission_name";s:19:"system_account_stop";}i:3;a:2:{s:5:"title";s:18:"";s:15:"permission_name";s:22:"system_account_recycle";}i:4;a:2:{s:5:"title";s:15:"";s:15:"permission_name";s:21:"system_account_delete";}i:5;a:2:{s:5:"title";s:15:"";s:15:"permission_name";s:22:"system_account_recover";}}}s:15:"system_platform";a:9:{s:9:"is_system";i:1;s:10:"is_display";i:1;s:5:"title";s:19:" ";s:3:"url";s:32:"./index.php?c=system&a=platform&";s:15:"permission_name";s:15:"system_platform";s:4:"icon";s:20:"wi wi-exploitsetting";s:12:"displayorder";i:1;s:2:"id";N;s:14:"sub_permission";N;}}}s:6:"module";a:2:{s:5:"title";s:9:"";s:4:"menu";a:2:{s:12:"system_wxapp";a:9:{s:9:"is_system";i:1;s:10:"is_display";i:1;s:5:"title";s:15:"";s:3:"url";s:45:"./index.php?c=account&a=manage&account_type=4";s:15:"permission_name";s:12:"system_wxapp";s:4:"icon";s:11:"wi wi-wxapp";s:12:"displayorder";i:2;s:2:"id";N;s:14:"sub_permission";N;}s:19:"system_module_wxapp";a:9:{s:9:"is_system";i:1;s:10:"is_display";i:1;s:5:"title";s:15:"";s:3:"url";s:51:"./index.php?c=module&a=manage-system&account_type=4";s:15:"permission_name";s:19:"system_module_wxapp";s:4:"icon";s:17:"wi wi-wxapp-apply";s:12:"displayorder";i:1;s:2:"id";N;s:14:"sub_permission";N;}}}s:4:"user";a:2:{s:5:"title";s:13:"/";s:4:"menu";a:2:{s:9:"system_my";a:9:{s:9:"is_system";i:1;s:10:"is_display";i:1;s:5:"title";s:12:"";s:3:"url";s:29:"./index.php?c=user&a=profile&";s:15:"permission_name";s:9:"system_my";s:4:"icon";s:10:"wi wi-user";s:12:"displayorder";i:2;s:2:"id";N;s:14:"sub_permission";N;}s:11:"system_user";a:9:{s:9:"is_system";i:1;s:10:"is_display";i:1;s:5:"title";s:12:"";s:3:"url";s:29:"./index.php?c=user&a=display&";s:15:"permission_name";s:11:"system_user";s:4:"icon";s:16:"wi wi-user-group";s:12:"displayorder";i:1;s:2:"id";N;s:14:"sub_permission";a:6:{i:0;a:2:{s:5:"title";s:12:"";s:15:"permission_name";s:16:"system_user_post";}i:1;a:2:{s:5:"title";s:12:"";s:15:"permission_name";s:17:"system_user_check";}i:2;a:2:{s:5:"title";s:15:"";s:15:"permission_name";s:19:"system_user_recycle";}i:3;a:2:{s:5:"title";s:18:"";s:15:"permission_name";s:18:"system_user_fields";}i:4;a:2:{s:5:"title";s:31:"-";s:15:"permission_name";s:23:"system_user_fields_post";}i:5;a:2:{s:5:"title";s:18:"";s:15:"permission_name";s:23:"system_user_registerset";}}}}}s:10:"permission";a:2:{s:5:"title";s:12:"";s:4:"menu";a:2:{s:19:"system_module_group";a:9:{s:9:"is_system";i:1;s:10:"is_display";i:1;s:5:"title";s:15:"";s:3:"url";s:29:"./index.php?c=module&a=group&";s:15:"permission_name";s:19:"system_module_group";s:4:"icon";s:21:"wi wi-appjurisdiction";s:12:"displayorder";i:2;s:2:"id";N;s:14:"sub_permission";N;}s:17:"system_user_group";a:9:{s:9:"is_system";i:1;s:10:"is_display";i:1;s:5:"title";s:15:"";s:3:"url";s:27:"./index.php?c=user&a=group&";s:15:"permission_name";s:17:"system_user_group";s:4:"icon";s:22:"wi wi-userjurisdiction";s:12:"displayorder";i:1;s:2:"id";N;s:14:"sub_permission";a:2:{i:0;a:2:{s:5:"title";s:15:"";s:15:"permission_name";s:22:"system_user_group_post";}i:1;a:2:{s:5:"title";s:15:"";s:15:"permission_name";s:21:"system_user_group_del";}}}}}s:5:"cache";a:2:{s:5:"title";s:6:"";s:4:"menu";a:1:{s:26:"system_setting_updatecache";a:9:{s:9:"is_system";i:1;s:10:"is_display";i:1;s:5:"title";s:12:"";s:3:"url";s:35:"./index.php?c=system&a=updatecache&";s:15:"permission_name";s:26:"system_setting_updatecache";s:4:"icon";s:12:"wi wi-update";s:12:"displayorder";i:1;s:2:"id";N;s:14:"sub_permission";N;}}}}s:9:"is_system";b:1;s:10:"is_display";b:1;}s:4:"site";a:6:{s:5:"title";s:12:"";s:3:"url";s:28:"./index.php?c=system&a=site&";s:7:"section";a:3:{s:5:"cloud";a:1:{s:4:"menu";a:1:{s:16:"system_cloud_sms";a:9:{s:9:"is_system";i:1;s:10:"is_display";i:1;s:5:"title";N;s:3:"url";N;s:15:"permission_name";N;s:4:"icon";N;s:12:"displayorder";i:1;s:2:"id";N;s:14:"sub_permission";N;}}}s:7:"setting";a:2:{s:5:"title";s:6:"";s:4:"menu";a:5:{s:19:"system_setting_site";a:9:{s:9:"is_system";i:1;s:10:"is_display";i:1;s:5:"title";s:12:"";s:3:"url";s:28:"./index.php?c=system&a=site&";s:15:"permission_name";s:19:"system_setting_site";s:4:"icon";s:18:"wi wi-site-setting";s:12:"displayorder";i:5;s:2:"id";N;s:14:"sub_permission";N;}s:19:"system_setting_menu";a:9:{s:9:"is_system";i:1;s:10:"is_display";i:1;s:5:"title";s:12:"";s:3:"url";s:28:"./index.php?c=system&a=menu&";s:15:"permission_name";s:19:"system_setting_menu";s:4:"icon";s:18:"wi wi-menu-setting";s:12:"displayorder";i:4;s:2:"id";N;s:14:"sub_permission";N;}s:25:"system_setting_attachment";a:9:{s:9:"is_system";i:1;s:10:"is_display";i:1;s:5:"title";s:12:"";s:3:"url";s:34:"./index.php?c=system&a=attachment&";s:15:"permission_name";s:25:"system_setting_attachment";s:4:"icon";s:16:"wi wi-attachment";s:12:"displayorder";i:3;s:2:"id";N;s:14:"sub_permission";N;}s:25:"system_setting_systeminfo";a:9:{s:9:"is_system";i:1;s:10:"is_display";i:1;s:5:"title";s:12:"";s:3:"url";s:34:"./index.php?c=system&a=systeminfo&";s:15:"permission_name";s:25:"system_setting_systeminfo";s:4:"icon";s:17:"wi wi-system-info";s:12:"displayorder";i:2;s:2:"id";N;s:14:"sub_permission";N;}s:19:"system_setting_logs";a:9:{s:9:"is_system";i:1;s:10:"is_display";i:1;s:5:"title";s:12:"";s:3:"url";s:28:"./index.php?c=system&a=logs&";s:15:"permission_name";s:19:"system_setting_logs";s:4:"icon";s:9:"wi wi-log";s:12:"displayorder";i:1;s:2:"id";N;s:14:"sub_permission";N;}}}s:7:"utility";a:2:{s:5:"title";s:12:"";s:4:"menu";a:5:{s:24:"system_utility_filecheck";a:9:{s:9:"is_system";i:1;s:10:"is_display";i:1;s:5:"title";s:18:"";s:3:"url";s:33:"./index.php?c=system&a=filecheck&";s:15:"permission_name";s:24:"system_utility_filecheck";s:4:"icon";s:10:"wi wi-file";s:12:"displayorder";i:5;s:2:"id";N;s:14:"sub_permission";N;}s:23:"system_utility_optimize";a:9:{s:9:"is_system";i:1;s:10:"is_display";i:1;s:5:"title";s:12:"";s:3:"url";s:32:"./index.php?c=system&a=optimize&";s:15:"permission_name";s:23:"system_utility_optimize";s:4:"icon";s:14:"wi wi-optimize";s:12:"displayorder";i:4;s:2:"id";N;s:14:"sub_permission";N;}s:23:"system_utility_database";a:9:{s:9:"is_system";i:1;s:10:"is_display";i:1;s:5:"title";s:9:"";s:3:"url";s:32:"./index.php?c=system&a=database&";s:15:"permission_name";s:23:"system_utility_database";s:4:"icon";s:9:"wi wi-sql";s:12:"displayorder";i:3;s:2:"id";N;s:14:"sub_permission";N;}s:19:"system_utility_scan";a:9:{s:9:"is_system";i:1;s:10:"is_display";i:1;s:5:"title";s:12:"";s:3:"url";s:28:"./index.php?c=system&a=scan&";s:15:"permission_name";s:19:"system_utility_scan";s:4:"icon";s:12:"wi wi-safety";s:12:"displayorder";i:2;s:2:"id";N;s:14:"sub_permission";N;}s:18:"system_utility_bom";a:9:{s:9:"is_system";i:1;s:10:"is_display";i:1;s:5:"title";s:15:"BOM";s:3:"url";s:27:"./index.php?c=system&a=bom&";s:15:"permission_name";s:18:"system_utility_bom";s:4:"icon";s:9:"wi wi-bom";s:12:"displayorder";i:1;s:2:"id";N;s:14:"sub_permission";N;}}}}s:7:"founder";b:1;s:9:"is_system";b:1;s:10:"is_display";b:1;}}',
)<hr/>SQL Error: <br/>MySQL server has gone away<hr/>Traces: <br/>file: /framework/class/db.class.php; line: 115; <br />file: /framework/class/db.class.php; line: 285; <br />file: /framework/function/pdo.func.php; line: 71; <br />file: /framework/function/cache.mysql.func.php; line: 55; <br />file: /framework/model/cache.mod.php; line: 210; <br />file: /web/common/common.func.php; line: 144; <br />file: /data/tpl/web/affordable/common/header.tpl.php; line: 3; <br />file: /data/tpl/web/default/module/manage-system.tpl.php; line: 1; <br />file: /web/common/template.func.php; line: 29; <br />file: /web/source/module/manage-system.ctrl.php; line: 726; <br />file: /web/index.php; line: 213; <br />

2019-03-15 10:19:56 SQL Error :
------------
String:
SQL: <br/>SELECT `value` FROM `ims_core_cache` WHERE `key` =  :__key_1  LIMIT 1<hr/>Params: <br/>array (
  ':__key_1' => 'system_frame',
)<hr/>SQL Error: <br/>MySQL server has gone away<hr/>Traces: <br/>file: /framework/class/db.class.php; line: 167; <br />file: /framework/class/db.class.php; line: 227; <br />file: /framework/class/db.class.php; line: 259; <br />file: /framework/function/pdo.func.php; line: 61; <br />file: /framework/function/cache.mysql.func.php; line: 10; <br />file: /framework/function/cache.func.php; line: 39; <br />file: /web/common/common.func.php; line: 145; <br />file: /data/tpl/web/affordable/common/header.tpl.php; line: 3; <br />file: /data/tpl/web/default/module/manage-system.tpl.php; line: 1; <br />file: /web/common/template.func.php; line: 29; <br />file: /web/source/module/manage-system.ctrl.php; line: 726; <br />file: /web/index.php; line: 213; <br />

2019-03-15 10:19:56 SQL Error :
------------
String:
SQL: <br/>SELECT `value` FROM `ims_core_cache` WHERE `key` =  :__key_1  LIMIT 1<hr/>Params: <br/>array (
  ':__key_1' => 'we7:unimodules:12:',
)<hr/>SQL Error: <br/>MySQL server has gone away<hr/>Traces: <br/>file: /framework/class/db.class.php; line: 167; <br />file: /framework/class/db.class.php; line: 227; <br />file: /framework/class/db.class.php; line: 259; <br />file: /framework/function/pdo.func.php; line: 61; <br />file: /framework/function/cache.mysql.func.php; line: 10; <br />file: /framework/function/cache.func.php; line: 39; <br />file: /framework/model/account.mod.php; line: 121; <br />file: /framework/model/account.mod.php; line: 172; <br />file: /web/common/common.func.php; line: 147; <br />file: /data/tpl/web/affordable/common/header.tpl.php; line: 3; <br />file: /data/tpl/web/default/module/manage-system.tpl.php; line: 1; <br />file: /web/common/template.func.php; line: 29; <br />file: /web/source/module/manage-system.ctrl.php; line: 726; <br />file: /web/index.php; line: 213; <br />

2019-03-15 10:19:56 SQL Error :
------------
String:
SQL: <br/>SELECT `uid` FROM `ims_uni_account_users` WHERE `uniacid` =  :__uniacid_1 AND `role` =  :__role_2  LIMIT 1<hr/>Params: <br/>array (
  ':__uniacid_1' => 12,
  ':__role_2' => 'owner',
)<hr/>SQL Error: <br/>MySQL server has gone away<hr/>Traces: <br/>file: /framework/class/db.class.php; line: 167; <br />file: /framework/class/db.class.php; line: 227; <br />file: /framework/class/db.class.php; line: 259; <br />file: /framework/function/pdo.func.php; line: 61; <br />file: /framework/model/account.mod.php; line: 125; <br />file: /framework/model/account.mod.php; line: 172; <br />file: /web/common/common.func.php; line: 147; <br />file: /data/tpl/web/affordable/common/header.tpl.php; line: 3; <br />file: /data/tpl/web/default/module/manage-system.tpl.php; line: 1; <br />file: /web/common/template.func.php; line: 29; <br />file: /web/source/module/manage-system.ctrl.php; line: 726; <br />file: /web/index.php; line: 213; <br />

2019-03-15 10:19:56 SQL Error :
------------
String:
SQL: <br/>SELECT a.name FROM `ims_modules` AS a LEFT JOIN `ims_uni_account_modules` AS b ON a.name = b.module AND b.uniacid = :uniacid WHERE 1 OR a.issystem = 1 ORDER BY b.displayorder DESC, b.id DESC<hr/>Params: <br/>array (
  ':uniacid' => 12,
)<hr/>SQL Error: <br/>MySQL server has gone away<hr/>Traces: <br/>file: /framework/class/db.class.php; line: 194; <br />file: /framework/function/pdo.func.php; line: 44; <br />file: /framework/model/account.mod.php; line: 152; <br />file: /framework/model/account.mod.php; line: 172; <br />file: /web/common/common.func.php; line: 147; <br />file: /data/tpl/web/affordable/common/header.tpl.php; line: 3; <br />file: /data/tpl/web/default/module/manage-system.tpl.php; line: 1; <br />file: /web/common/template.func.php; line: 29; <br />file: /web/source/module/manage-system.ctrl.php; line: 726; <br />file: /web/index.php; line: 213; <br />

2019-03-15 10:19:56 SQL Error :
------------
String:
SQL: <br/>REPLACE INTO `ims_core_cache` SET `key` =  :key_1 , `value` =  :value_2<hr/>Params: <br/>array (
  ':key_1' => 'we7:unimodules:12:',
  ':value_2' => 'b:0;',
)<hr/>SQL Error: <br/>MySQL server has gone away<hr/>Traces: <br/>file: /framework/class/db.class.php; line: 115; <br />file: /framework/class/db.class.php; line: 285; <br />file: /framework/function/pdo.func.php; line: 71; <br />file: /framework/function/cache.mysql.func.php; line: 55; <br />file: /framework/model/account.mod.php; line: 153; <br />file: /framework/model/account.mod.php; line: 172; <br />file: /web/common/common.func.php; line: 147; <br />file: /data/tpl/web/affordable/common/header.tpl.php; line: 3; <br />file: /data/tpl/web/default/module/manage-system.tpl.php; line: 1; <br />file: /web/common/template.func.php; line: 29; <br />file: /web/source/module/manage-system.ctrl.php; line: 726; <br />file: /web/index.php; line: 213; <br />

2019-03-15 10:19:56 SQL Error :
------------
String:
SQL: <br/>SELECT `module` FROM `ims_uni_account_modules` WHERE `uniacid` =  :__uniacid_1 AND `shortcut` =  :__shortcut_2 ORDER BY displayorder DESC, id DESC <hr/>Params: <br/>array (
  ':__uniacid_1' => 12,
  ':__shortcut_2' => 1,
)<hr/>SQL Error: <br/>MySQL server has gone away<hr/>Traces: <br/>file: /framework/class/db.class.php; line: 194; <br />file: /framework/class/db.class.php; line: 238; <br />file: /framework/function/pdo.func.php; line: 53; <br />file: /web/common/common.func.php; line: 173; <br />file: /data/tpl/web/affordable/common/header.tpl.php; line: 3; <br />file: /data/tpl/web/default/module/manage-system.tpl.php; line: 1; <br />file: /web/common/template.func.php; line: 29; <br />file: /web/source/module/manage-system.ctrl.php; line: 726; <br />file: /web/index.php; line: 213; <br />

