2019-03-06 09:45:20 SQL Error :
------------
String:
SQL: <br/>select * from `ims_ewei_shop_member` where uniacid = 12 and id in ()  ORDER BY isagent desc,id desc limit 0,10<hr/>Params: <br/>array (
)<hr/>SQL Error: <br/>You have an error in your SQL syntax; check the manual that corresponds to your MySQL server version for the right syntax to use near ')  ORDER BY isagent desc,id desc limit 0,10' at line 1<hr/>Traces: <br/>file: /framework/class/db.class.php; line: 194; <br />file: /framework/function/pdo.func.php; line: 44; <br />file: /addons/ewei_shopv2/plugin/commission/core/mobile/down.php; line: 215; <br />file: /addons/ewei_shopv2/core/model/route.php; line: 202; <br />file: /addons/ewei_shopv2/site.php; line: 38; <br />file: /app/source/entry/site.ctrl.php; line: 12; <br />file: /app/index.php; line: 115; <br />

2019-03-06 11:21:31 SQL Error :
------------
String:
SQL: <br/>select kefufile,wxfufile from`ims_ewei_shop_sysset`where uniacid=12<hr/>Params: <br/>array (
)<hr/>SQL Error: <br/>Unknown column 'wxfufile' in 'field list'<hr/>Traces: <br/>file: /framework/class/db.class.php; line: 167; <br />file: /framework/function/pdo.func.php; line: 40; <br />file: /addons/ewei_shopv2/core/mobile/member/index.php; line: 247; <br />file: /addons/ewei_shopv2/core/model/route.php; line: 202; <br />file: /addons/ewei_shopv2/site.php; line: 38; <br />file: /app/source/entry/site.ctrl.php; line: 12; <br />file: /app/index.php; line: 115; <br />

2019-03-06 11:32:29 SQL Error :
------------
String:
SQL: <br/>select kefufile,wxfufile from`ims_ewei_shop_sysset`where uniacid=12<hr/>Params: <br/>array (
)<hr/>SQL Error: <br/>Unknown column 'wxfufile' in 'field list'<hr/>Traces: <br/>file: /framework/class/db.class.php; line: 167; <br />file: /framework/function/pdo.func.php; line: 40; <br />file: /addons/ewei_shopv2/core/mobile/member/index.php; line: 247; <br />file: /addons/ewei_shopv2/core/model/route.php; line: 202; <br />file: /addons/ewei_shopv2/site.php; line: 38; <br />file: /app/source/entry/site.ctrl.php; line: 12; <br />file: /app/index.php; line: 115; <br />

2019-03-06 11:32:43 SQL Error :
------------
String:
SQL: <br/>select kefufile,wxfufile from`ims_ewei_shop_sysset`where uniacid=12<hr/>Params: <br/>array (
)<hr/>SQL Error: <br/>Unknown column 'wxfufile' in 'field list'<hr/>Traces: <br/>file: /framework/class/db.class.php; line: 167; <br />file: /framework/function/pdo.func.php; line: 40; <br />file: /addons/ewei_shopv2/core/mobile/member/index.php; line: 247; <br />file: /addons/ewei_shopv2/core/model/route.php; line: 202; <br />file: /addons/ewei_shopv2/site.php; line: 38; <br />file: /app/source/entry/site.ctrl.php; line: 12; <br />file: /app/index.php; line: 115; <br />

2019-03-06 11:33:43 SQL Error :
------------
String:
SQL: <br/>select kefufile,wxfufile from`ims_ewei_shop_sysset`where uniacid=12<hr/>Params: <br/>array (
)<hr/>SQL Error: <br/>Unknown column 'wxfufile' in 'field list'<hr/>Traces: <br/>file: /framework/class/db.class.php; line: 167; <br />file: /framework/function/pdo.func.php; line: 40; <br />file: /addons/ewei_shopv2/core/mobile/shop/test.php; line: 23; <br />file: /addons/ewei_shopv2/core/model/route.php; line: 202; <br />file: /addons/ewei_shopv2/site.php; line: 38; <br />file: /app/source/entry/site.ctrl.php; line: 12; <br />file: /app/index.php; line: 115; <br />

2019-03-06 11:35:49 SQL Error :
------------
String:
SQL: <br/>select kefufile,wxfufile from`ims_ewei_shop_sysset`where uniacid=12<hr/>Params: <br/>array (
)<hr/>SQL Error: <br/>Unknown column 'wxfufile' in 'field list'<hr/>Traces: <br/>file: /framework/class/db.class.php; line: 167; <br />file: /framework/function/pdo.func.php; line: 40; <br />file: /addons/ewei_shopv2/core/mobile/shop/test.php; line: 23; <br />file: /addons/ewei_shopv2/core/model/route.php; line: 202; <br />file: /addons/ewei_shopv2/site.php; line: 38; <br />file: /app/source/entry/site.ctrl.php; line: 12; <br />file: /app/index.php; line: 115; <br />

2019-03-06 11:55:56 SQL Error :
------------
String:
SQL: <br/>select kefufile,wxfufile from`ims_ewei_shop_sysset`where uniacid=12<hr/>Params: <br/>array (
)<hr/>SQL Error: <br/>Unknown column 'wxfufile' in 'field list'<hr/>Traces: <br/>file: /framework/class/db.class.php; line: 167; <br />file: /framework/function/pdo.func.php; line: 40; <br />file: /addons/ewei_shopv2/core/mobile/shop/test.php; line: 23; <br />file: /addons/ewei_shopv2/core/model/route.php; line: 202; <br />file: /addons/ewei_shopv2/site.php; line: 38; <br />file: /app/source/entry/site.ctrl.php; line: 12; <br />file: /app/index.php; line: 115; <br />

2019-03-06 12:01:55 SQL Error :
------------
String:
SQL: <br/>select kefufile,wxfufile from`ims_ewei_shop_sysset`where uniacid=12<hr/>Params: <br/>array (
)<hr/>SQL Error: <br/>Unknown column 'wxfufile' in 'field list'<hr/>Traces: <br/>file: /framework/class/db.class.php; line: 167; <br />file: /framework/function/pdo.func.php; line: 40; <br />file: /addons/ewei_shopv2/core/mobile/member/androidapi.php; line: 20; <br />file: /addons/ewei_shopv2/core/model/route.php; line: 202; <br />file: /addons/ewei_shopv2/site.php; line: 38; <br />file: /app/source/entry/site.ctrl.php; line: 12; <br />file: /app/index.php; line: 115; <br />

2019-03-06 12:02:02 SQL Error :
------------
String:
SQL: <br/>select kefufile,wxfufile from`ims_ewei_shop_sysset`where uniacid=12<hr/>Params: <br/>array (
)<hr/>SQL Error: <br/>Unknown column 'wxfufile' in 'field list'<hr/>Traces: <br/>file: /framework/class/db.class.php; line: 167; <br />file: /framework/function/pdo.func.php; line: 40; <br />file: /addons/ewei_shopv2/core/mobile/member/androidapi.php; line: 20; <br />file: /addons/ewei_shopv2/core/model/route.php; line: 202; <br />file: /addons/ewei_shopv2/site.php; line: 38; <br />file: /app/source/entry/site.ctrl.php; line: 12; <br />file: /app/index.php; line: 115; <br />

2019-03-06 12:02:09 SQL Error :
------------
String:
SQL: <br/>select kefufile,wxfufile from`ims_ewei_shop_sysset`where uniacid=12<hr/>Params: <br/>array (
)<hr/>SQL Error: <br/>Unknown column 'wxfufile' in 'field list'<hr/>Traces: <br/>file: /framework/class/db.class.php; line: 167; <br />file: /framework/function/pdo.func.php; line: 40; <br />file: /addons/ewei_shopv2/core/mobile/member/androidapi.php; line: 20; <br />file: /addons/ewei_shopv2/core/model/route.php; line: 202; <br />file: /addons/ewei_shopv2/site.php; line: 38; <br />file: /app/source/entry/site.ctrl.php; line: 12; <br />file: /app/index.php; line: 115; <br />

