2019-03-04 09:35:58 SQL Error :
------------
String:
SQL: <br/>select * from `ims_ewei_shop_member` where uniacid = 12 and id in ()  ORDER BY isagent desc,id desc limit 0,20<hr/>Params: <br/>array (
)<hr/>SQL Error: <br/>You have an error in your SQL syntax; check the manual that corresponds to your MySQL server version for the right syntax to use near ')  ORDER BY isagent desc,id desc limit 0,20' at line 1<hr/>Traces: <br/>file: /framework/class/db.class.php; line: 194; <br />file: /framework/function/pdo.func.php; line: 44; <br />file: /addons/ewei_shopv2/plugin/commission/core/mobile/down.php; line: 109; <br />file: /addons/ewei_shopv2/core/model/route.php; line: 202; <br />file: /addons/ewei_shopv2/site.php; line: 38; <br />file: /app/source/entry/site.ctrl.php; line: 12; <br />file: /app/index.php; line: 115; <br />

2019-03-04 09:36:13 SQL Error :
------------
String:
SQL: <br/>select * from `ims_ewei_shop_member` where uniacid = 12 and id in ()  ORDER BY isagent desc,id desc limit 0,20<hr/>Params: <br/>array (
)<hr/>SQL Error: <br/>You have an error in your SQL syntax; check the manual that corresponds to your MySQL server version for the right syntax to use near ')  ORDER BY isagent desc,id desc limit 0,20' at line 1<hr/>Traces: <br/>file: /framework/class/db.class.php; line: 194; <br />file: /framework/function/pdo.func.php; line: 44; <br />file: /addons/ewei_shopv2/plugin/commission/core/mobile/down.php; line: 109; <br />file: /addons/ewei_shopv2/core/model/route.php; line: 202; <br />file: /addons/ewei_shopv2/site.php; line: 38; <br />file: /app/source/entry/site.ctrl.php; line: 12; <br />file: /app/index.php; line: 115; <br />

2019-03-04 09:36:17 SQL Error :
------------
String:
SQL: <br/>select * from `ims_ewei_shop_member` where uniacid = 12 and id in ()  ORDER BY isagent desc,id desc limit 0,20<hr/>Params: <br/>array (
)<hr/>SQL Error: <br/>You have an error in your SQL syntax; check the manual that corresponds to your MySQL server version for the right syntax to use near ')  ORDER BY isagent desc,id desc limit 0,20' at line 1<hr/>Traces: <br/>file: /framework/class/db.class.php; line: 194; <br />file: /framework/function/pdo.func.php; line: 44; <br />file: /addons/ewei_shopv2/plugin/commission/core/mobile/down.php; line: 109; <br />file: /addons/ewei_shopv2/core/model/route.php; line: 202; <br />file: /addons/ewei_shopv2/site.php; line: 38; <br />file: /app/source/entry/site.ctrl.php; line: 12; <br />file: /app/index.php; line: 115; <br />

2019-03-04 09:36:23 SQL Error :
------------
String:
SQL: <br/>select * from `ims_ewei_shop_member` where uniacid = 12 and id in ()  ORDER BY isagent desc,id desc limit 0,20<hr/>Params: <br/>array (
)<hr/>SQL Error: <br/>You have an error in your SQL syntax; check the manual that corresponds to your MySQL server version for the right syntax to use near ')  ORDER BY isagent desc,id desc limit 0,20' at line 1<hr/>Traces: <br/>file: /framework/class/db.class.php; line: 194; <br />file: /framework/function/pdo.func.php; line: 44; <br />file: /addons/ewei_shopv2/plugin/commission/core/mobile/down.php; line: 109; <br />file: /addons/ewei_shopv2/core/model/route.php; line: 202; <br />file: /addons/ewei_shopv2/site.php; line: 38; <br />file: /app/source/entry/site.ctrl.php; line: 12; <br />file: /app/index.php; line: 115; <br />

2019-03-04 09:36:27 SQL Error :
------------
String:
SQL: <br/>select * from `ims_ewei_shop_member` where uniacid = 12 and id in ()  ORDER BY isagent desc,id desc limit 0,20<hr/>Params: <br/>array (
)<hr/>SQL Error: <br/>You have an error in your SQL syntax; check the manual that corresponds to your MySQL server version for the right syntax to use near ')  ORDER BY isagent desc,id desc limit 0,20' at line 1<hr/>Traces: <br/>file: /framework/class/db.class.php; line: 194; <br />file: /framework/function/pdo.func.php; line: 44; <br />file: /addons/ewei_shopv2/plugin/commission/core/mobile/down.php; line: 109; <br />file: /addons/ewei_shopv2/core/model/route.php; line: 202; <br />file: /addons/ewei_shopv2/site.php; line: 38; <br />file: /app/source/entry/site.ctrl.php; line: 12; <br />file: /app/index.php; line: 115; <br />

2019-03-04 09:36:34 SQL Error :
------------
String:
SQL: <br/>select * from `ims_ewei_shop_member` where uniacid = 12 and id in ()  ORDER BY isagent desc,id desc limit 0,20<hr/>Params: <br/>array (
)<hr/>SQL Error: <br/>You have an error in your SQL syntax; check the manual that corresponds to your MySQL server version for the right syntax to use near ')  ORDER BY isagent desc,id desc limit 0,20' at line 1<hr/>Traces: <br/>file: /framework/class/db.class.php; line: 194; <br />file: /framework/function/pdo.func.php; line: 44; <br />file: /addons/ewei_shopv2/plugin/commission/core/mobile/down.php; line: 109; <br />file: /addons/ewei_shopv2/core/model/route.php; line: 202; <br />file: /addons/ewei_shopv2/site.php; line: 38; <br />file: /app/source/entry/site.ctrl.php; line: 12; <br />file: /app/index.php; line: 115; <br />

2019-03-04 09:38:04 SQL Error :
------------
String:
SQL: <br/>select * from `ims_ewei_shop_member` where uniacid = 12 and id in ()  ORDER BY isagent desc,id desc limit 0,20<hr/>Params: <br/>array (
)<hr/>SQL Error: <br/>You have an error in your SQL syntax; check the manual that corresponds to your MySQL server version for the right syntax to use near ')  ORDER BY isagent desc,id desc limit 0,20' at line 1<hr/>Traces: <br/>file: /framework/class/db.class.php; line: 194; <br />file: /framework/function/pdo.func.php; line: 44; <br />file: /addons/ewei_shopv2/plugin/commission/core/mobile/down.php; line: 109; <br />file: /addons/ewei_shopv2/core/model/route.php; line: 202; <br />file: /addons/ewei_shopv2/site.php; line: 38; <br />file: /app/source/entry/site.ctrl.php; line: 12; <br />file: /app/index.php; line: 115; <br />

2019-03-04 09:38:05 SQL Error :
------------
String:
SQL: <br/>select * from `ims_ewei_shop_member` where uniacid = 12 and id in ()  ORDER BY isagent desc,id desc limit 0,20<hr/>Params: <br/>array (
)<hr/>SQL Error: <br/>You have an error in your SQL syntax; check the manual that corresponds to your MySQL server version for the right syntax to use near ')  ORDER BY isagent desc,id desc limit 0,20' at line 1<hr/>Traces: <br/>file: /framework/class/db.class.php; line: 194; <br />file: /framework/function/pdo.func.php; line: 44; <br />file: /addons/ewei_shopv2/plugin/commission/core/mobile/down.php; line: 109; <br />file: /addons/ewei_shopv2/core/model/route.php; line: 202; <br />file: /addons/ewei_shopv2/site.php; line: 38; <br />file: /app/source/entry/site.ctrl.php; line: 12; <br />file: /app/index.php; line: 115; <br />

2019-03-04 09:38:06 SQL Error :
------------
String:
SQL: <br/>select * from `ims_ewei_shop_member` where uniacid = 12 and id in ()  ORDER BY isagent desc,id desc limit 0,20<hr/>Params: <br/>array (
)<hr/>SQL Error: <br/>You have an error in your SQL syntax; check the manual that corresponds to your MySQL server version for the right syntax to use near ')  ORDER BY isagent desc,id desc limit 0,20' at line 1<hr/>Traces: <br/>file: /framework/class/db.class.php; line: 194; <br />file: /framework/function/pdo.func.php; line: 44; <br />file: /addons/ewei_shopv2/plugin/commission/core/mobile/down.php; line: 109; <br />file: /addons/ewei_shopv2/core/model/route.php; line: 202; <br />file: /addons/ewei_shopv2/site.php; line: 38; <br />file: /app/source/entry/site.ctrl.php; line: 12; <br />file: /app/index.php; line: 115; <br />

2019-03-04 09:38:14 SQL Error :
------------
String:
SQL: <br/>select * from `ims_ewei_shop_member` where uniacid = 12 and id in ()  ORDER BY isagent desc,id desc limit 0,20<hr/>Params: <br/>array (
)<hr/>SQL Error: <br/>You have an error in your SQL syntax; check the manual that corresponds to your MySQL server version for the right syntax to use near ')  ORDER BY isagent desc,id desc limit 0,20' at line 1<hr/>Traces: <br/>file: /framework/class/db.class.php; line: 194; <br />file: /framework/function/pdo.func.php; line: 44; <br />file: /addons/ewei_shopv2/plugin/commission/core/mobile/down.php; line: 109; <br />file: /addons/ewei_shopv2/core/model/route.php; line: 202; <br />file: /addons/ewei_shopv2/site.php; line: 38; <br />file: /app/source/entry/site.ctrl.php; line: 12; <br />file: /app/index.php; line: 115; <br />

2019-03-04 09:41:36 SQL Error :
------------
String:
SQL: <br/>select * from `ims_ewei_shop_member` where uniacid = 12 and id in ()  ORDER BY isagent desc,id desc limit 0,20<hr/>Params: <br/>array (
)<hr/>SQL Error: <br/>You have an error in your SQL syntax; check the manual that corresponds to your MySQL server version for the right syntax to use near ')  ORDER BY isagent desc,id desc limit 0,20' at line 1<hr/>Traces: <br/>file: /framework/class/db.class.php; line: 194; <br />file: /framework/function/pdo.func.php; line: 44; <br />file: /addons/ewei_shopv2/plugin/commission/core/mobile/down.php; line: 217; <br />file: /addons/ewei_shopv2/core/model/route.php; line: 202; <br />file: /addons/ewei_shopv2/site.php; line: 38; <br />file: /app/source/entry/site.ctrl.php; line: 12; <br />file: /app/index.php; line: 115; <br />

2019-03-04 09:42:07 SQL Error :
------------
String:
SQL: <br/>select * from `ims_ewei_shop_member` where uniacid = 12 and id in ()  ORDER BY isagent desc,id desc limit 0,20<hr/>Params: <br/>array (
)<hr/>SQL Error: <br/>You have an error in your SQL syntax; check the manual that corresponds to your MySQL server version for the right syntax to use near ')  ORDER BY isagent desc,id desc limit 0,20' at line 1<hr/>Traces: <br/>file: /framework/class/db.class.php; line: 194; <br />file: /framework/function/pdo.func.php; line: 44; <br />file: /addons/ewei_shopv2/plugin/commission/core/mobile/down.php; line: 217; <br />file: /addons/ewei_shopv2/core/model/route.php; line: 202; <br />file: /addons/ewei_shopv2/site.php; line: 38; <br />file: /app/source/entry/site.ctrl.php; line: 12; <br />file: /app/index.php; line: 115; <br />

2019-03-04 09:57:22 SQL Error :
------------
String:
SQL: <br/>select * from `ims_ewei_shop_member` where uniacid = 12 and id in ()  ORDER BY isagent desc,id desc limit 0,10<hr/>Params: <br/>array (
)<hr/>SQL Error: <br/>You have an error in your SQL syntax; check the manual that corresponds to your MySQL server version for the right syntax to use near ')  ORDER BY isagent desc,id desc limit 0,10' at line 1<hr/>Traces: <br/>file: /framework/class/db.class.php; line: 194; <br />file: /framework/function/pdo.func.php; line: 44; <br />file: /addons/ewei_shopv2/plugin/commission/core/mobile/down.php; line: 215; <br />file: /addons/ewei_shopv2/core/model/route.php; line: 202; <br />file: /addons/ewei_shopv2/site.php; line: 38; <br />file: /app/source/entry/site.ctrl.php; line: 12; <br />file: /app/index.php; line: 115; <br />

2019-03-04 10:21:23 SQL Error :
------------
String:
SQL: <br/>select openid,avatar,nickname,mobile,sum(money) as money from `ims_ewei_shop_member_log`where uniacid=12 and type=1 and createtime>'1551628800' and createtime<'1551715199' group by openid order by money desc limit 0,10<hr/>Params: <br/>array (
)<hr/>SQL Error: <br/>Unknown column 'avatar' in 'field list'<hr/>Traces: <br/>file: /framework/class/db.class.php; line: 194; <br />file: /framework/function/pdo.func.php; line: 44; <br />file: /addons/ewei_shopv2/core/mobile/member/lottery.php; line: 229; <br />file: /addons/ewei_shopv2/core/model/route.php; line: 202; <br />file: /addons/ewei_shopv2/site.php; line: 38; <br />file: /app/source/entry/site.ctrl.php; line: 12; <br />file: /app/index.php; line: 115; <br />

2019-03-04 10:21:24 SQL Error :
------------
String:
SQL: <br/>select openid,avatar,nickname,mobile,sum(money) as money from `ims_ewei_shop_member_log`where uniacid=12 and type=1 and createtime>'1551628800' and createtime<'1551715199' group by openid order by money desc limit 0,10<hr/>Params: <br/>array (
)<hr/>SQL Error: <br/>Unknown column 'avatar' in 'field list'<hr/>Traces: <br/>file: /framework/class/db.class.php; line: 194; <br />file: /framework/function/pdo.func.php; line: 44; <br />file: /addons/ewei_shopv2/core/mobile/member/lottery.php; line: 229; <br />file: /addons/ewei_shopv2/core/model/route.php; line: 202; <br />file: /addons/ewei_shopv2/site.php; line: 38; <br />file: /app/source/entry/site.ctrl.php; line: 12; <br />file: /app/index.php; line: 115; <br />

2019-03-04 10:21:24 SQL Error :
------------
String:
SQL: <br/>select openid,avatar,nickname,mobile,sum(money) as money from `ims_ewei_shop_member_log`where uniacid=12 and type=1 and createtime>'1551628800' and createtime<'1551715199' group by openid order by money desc limit 0,10<hr/>Params: <br/>array (
)<hr/>SQL Error: <br/>Unknown column 'avatar' in 'field list'<hr/>Traces: <br/>file: /framework/class/db.class.php; line: 194; <br />file: /framework/function/pdo.func.php; line: 44; <br />file: /addons/ewei_shopv2/core/mobile/member/lottery.php; line: 229; <br />file: /addons/ewei_shopv2/core/model/route.php; line: 202; <br />file: /addons/ewei_shopv2/site.php; line: 38; <br />file: /app/source/entry/site.ctrl.php; line: 12; <br />file: /app/index.php; line: 115; <br />

2019-03-04 10:21:24 SQL Error :
------------
String:
SQL: <br/>select openid,avatar,nickname,mobile,sum(money) as money from `ims_ewei_shop_member_log`where uniacid=12 and type=1 and createtime>'1551628800' and createtime<'1551715199' group by openid order by money desc limit 0,10<hr/>Params: <br/>array (
)<hr/>SQL Error: <br/>Unknown column 'avatar' in 'field list'<hr/>Traces: <br/>file: /framework/class/db.class.php; line: 194; <br />file: /framework/function/pdo.func.php; line: 44; <br />file: /addons/ewei_shopv2/core/mobile/member/lottery.php; line: 229; <br />file: /addons/ewei_shopv2/core/model/route.php; line: 202; <br />file: /addons/ewei_shopv2/site.php; line: 38; <br />file: /app/source/entry/site.ctrl.php; line: 12; <br />file: /app/index.php; line: 115; <br />

2019-03-04 10:21:24 SQL Error :
------------
String:
SQL: <br/>select openid,avatar,nickname,mobile,sum(money) as money from `ims_ewei_shop_member_log`where uniacid=12 and type=1 and createtime>'1551628800' and createtime<'1551715199' group by openid order by money desc limit 0,10<hr/>Params: <br/>array (
)<hr/>SQL Error: <br/>Unknown column 'avatar' in 'field list'<hr/>Traces: <br/>file: /framework/class/db.class.php; line: 194; <br />file: /framework/function/pdo.func.php; line: 44; <br />file: /addons/ewei_shopv2/core/mobile/member/lottery.php; line: 229; <br />file: /addons/ewei_shopv2/core/model/route.php; line: 202; <br />file: /addons/ewei_shopv2/site.php; line: 38; <br />file: /app/source/entry/site.ctrl.php; line: 12; <br />file: /app/index.php; line: 115; <br />

2019-03-04 10:21:37 SQL Error :
------------
String:
SQL: <br/>select openid,avatar,nickname,mobile,sum(money) as money from `ims_ewei_shop_member_log`where uniacid=12 and type=1 and createtime>'1551628800' and createtime<'1551715199' group by openid order by money desc limit 0,10<hr/>Params: <br/>array (
)<hr/>SQL Error: <br/>Unknown column 'avatar' in 'field list'<hr/>Traces: <br/>file: /framework/class/db.class.php; line: 194; <br />file: /framework/function/pdo.func.php; line: 44; <br />file: /addons/ewei_shopv2/core/mobile/member/lottery.php; line: 229; <br />file: /addons/ewei_shopv2/core/model/route.php; line: 202; <br />file: /addons/ewei_shopv2/site.php; line: 38; <br />file: /app/source/entry/site.ctrl.php; line: 12; <br />file: /app/index.php; line: 115; <br />

2019-03-04 10:21:37 SQL Error :
------------
String:
SQL: <br/>select openid,avatar,nickname,mobile,sum(money) as money from `ims_ewei_shop_member_log`where uniacid=12 and type=1 and createtime>'1551628800' and createtime<'1551715199' group by openid order by money desc limit 0,10<hr/>Params: <br/>array (
)<hr/>SQL Error: <br/>Unknown column 'avatar' in 'field list'<hr/>Traces: <br/>file: /framework/class/db.class.php; line: 194; <br />file: /framework/function/pdo.func.php; line: 44; <br />file: /addons/ewei_shopv2/core/mobile/member/lottery.php; line: 229; <br />file: /addons/ewei_shopv2/core/model/route.php; line: 202; <br />file: /addons/ewei_shopv2/site.php; line: 38; <br />file: /app/source/entry/site.ctrl.php; line: 12; <br />file: /app/index.php; line: 115; <br />

2019-03-04 10:21:37 SQL Error :
------------
String:
SQL: <br/>select openid,avatar,nickname,mobile,sum(money) as money from `ims_ewei_shop_member_log`where uniacid=12 and type=1 and createtime>'1551628800' and createtime<'1551715199' group by openid order by money desc limit 0,10<hr/>Params: <br/>array (
)<hr/>SQL Error: <br/>Unknown column 'avatar' in 'field list'<hr/>Traces: <br/>file: /framework/class/db.class.php; line: 194; <br />file: /framework/function/pdo.func.php; line: 44; <br />file: /addons/ewei_shopv2/core/mobile/member/lottery.php; line: 229; <br />file: /addons/ewei_shopv2/core/model/route.php; line: 202; <br />file: /addons/ewei_shopv2/site.php; line: 38; <br />file: /app/source/entry/site.ctrl.php; line: 12; <br />file: /app/index.php; line: 115; <br />

2019-03-04 10:21:37 SQL Error :
------------
String:
SQL: <br/>select openid,avatar,nickname,mobile,sum(money) as money from `ims_ewei_shop_member_log`where uniacid=12 and type=1 and createtime>'1551628800' and createtime<'1551715199' group by openid order by money desc limit 0,10<hr/>Params: <br/>array (
)<hr/>SQL Error: <br/>Unknown column 'avatar' in 'field list'<hr/>Traces: <br/>file: /framework/class/db.class.php; line: 194; <br />file: /framework/function/pdo.func.php; line: 44; <br />file: /addons/ewei_shopv2/core/mobile/member/lottery.php; line: 229; <br />file: /addons/ewei_shopv2/core/model/route.php; line: 202; <br />file: /addons/ewei_shopv2/site.php; line: 38; <br />file: /app/source/entry/site.ctrl.php; line: 12; <br />file: /app/index.php; line: 115; <br />

2019-03-04 10:25:44 SQL Error :
------------
String:
SQL: <br/>select openid,avatar,nickname,mobile,sum(money) as money from `ims_ewei_shop_member_log`where uniacid=12 and type=1 and createtime>'1551628800' and createtime<'1551715199' group by openid order by money desc limit 0,10<hr/>Params: <br/>array (
)<hr/>SQL Error: <br/>Unknown column 'avatar' in 'field list'<hr/>Traces: <br/>file: /framework/class/db.class.php; line: 194; <br />file: /framework/function/pdo.func.php; line: 44; <br />file: /addons/ewei_shopv2/core/mobile/member/lottery.php; line: 229; <br />file: /addons/ewei_shopv2/core/model/route.php; line: 202; <br />file: /addons/ewei_shopv2/site.php; line: 38; <br />file: /app/source/entry/site.ctrl.php; line: 12; <br />file: /app/index.php; line: 115; <br />

2019-03-04 10:25:45 SQL Error :
------------
String:
SQL: <br/>select openid,avatar,nickname,mobile,sum(money) as money from `ims_ewei_shop_member_log`where uniacid=12 and type=1 and createtime>'1551628800' and createtime<'1551715199' group by openid order by money desc limit 0,10<hr/>Params: <br/>array (
)<hr/>SQL Error: <br/>Unknown column 'avatar' in 'field list'<hr/>Traces: <br/>file: /framework/class/db.class.php; line: 194; <br />file: /framework/function/pdo.func.php; line: 44; <br />file: /addons/ewei_shopv2/core/mobile/member/lottery.php; line: 229; <br />file: /addons/ewei_shopv2/core/model/route.php; line: 202; <br />file: /addons/ewei_shopv2/site.php; line: 38; <br />file: /app/source/entry/site.ctrl.php; line: 12; <br />file: /app/index.php; line: 115; <br />

2019-03-04 10:25:45 SQL Error :
------------
String:
SQL: <br/>select openid,avatar,nickname,mobile,sum(money) as money from `ims_ewei_shop_member_log`where uniacid=12 and type=1 and createtime>'1551628800' and createtime<'1551715199' group by openid order by money desc limit 0,10<hr/>Params: <br/>array (
)<hr/>SQL Error: <br/>Unknown column 'avatar' in 'field list'<hr/>Traces: <br/>file: /framework/class/db.class.php; line: 194; <br />file: /framework/function/pdo.func.php; line: 44; <br />file: /addons/ewei_shopv2/core/mobile/member/lottery.php; line: 229; <br />file: /addons/ewei_shopv2/core/model/route.php; line: 202; <br />file: /addons/ewei_shopv2/site.php; line: 38; <br />file: /app/source/entry/site.ctrl.php; line: 12; <br />file: /app/index.php; line: 115; <br />

2019-03-04 10:25:45 SQL Error :
------------
String:
SQL: <br/>select openid,avatar,nickname,mobile,sum(money) as money from `ims_ewei_shop_member_log`where uniacid=12 and type=1 and createtime>'1551628800' and createtime<'1551715199' group by openid order by money desc limit 0,10<hr/>Params: <br/>array (
)<hr/>SQL Error: <br/>Unknown column 'avatar' in 'field list'<hr/>Traces: <br/>file: /framework/class/db.class.php; line: 194; <br />file: /framework/function/pdo.func.php; line: 44; <br />file: /addons/ewei_shopv2/core/mobile/member/lottery.php; line: 229; <br />file: /addons/ewei_shopv2/core/model/route.php; line: 202; <br />file: /addons/ewei_shopv2/site.php; line: 38; <br />file: /app/source/entry/site.ctrl.php; line: 12; <br />file: /app/index.php; line: 115; <br />

2019-03-04 10:25:46 SQL Error :
------------
String:
SQL: <br/>select openid,avatar,nickname,mobile,sum(money) as money from `ims_ewei_shop_member_log`where uniacid=12 and type=1 and createtime>'1551628800' and createtime<'1551715199' group by openid order by money desc limit 0,10<hr/>Params: <br/>array (
)<hr/>SQL Error: <br/>Unknown column 'avatar' in 'field list'<hr/>Traces: <br/>file: /framework/class/db.class.php; line: 194; <br />file: /framework/function/pdo.func.php; line: 44; <br />file: /addons/ewei_shopv2/core/mobile/member/lottery.php; line: 229; <br />file: /addons/ewei_shopv2/core/model/route.php; line: 202; <br />file: /addons/ewei_shopv2/site.php; line: 38; <br />file: /app/source/entry/site.ctrl.php; line: 12; <br />file: /app/index.php; line: 115; <br />

2019-03-04 10:25:46 SQL Error :
------------
String:
SQL: <br/>select openid,avatar,nickname,mobile,sum(money) as money from `ims_ewei_shop_member_log`where uniacid=12 and type=1 and createtime>'1551628800' and createtime<'1551715199' group by openid order by money desc limit 0,10<hr/>Params: <br/>array (
)<hr/>SQL Error: <br/>Unknown column 'avatar' in 'field list'<hr/>Traces: <br/>file: /framework/class/db.class.php; line: 194; <br />file: /framework/function/pdo.func.php; line: 44; <br />file: /addons/ewei_shopv2/core/mobile/member/lottery.php; line: 229; <br />file: /addons/ewei_shopv2/core/model/route.php; line: 202; <br />file: /addons/ewei_shopv2/site.php; line: 38; <br />file: /app/source/entry/site.ctrl.php; line: 12; <br />file: /app/index.php; line: 115; <br />

2019-03-04 10:25:46 SQL Error :
------------
String:
SQL: <br/>select openid,avatar,nickname,mobile,sum(money) as money from `ims_ewei_shop_member_log`where uniacid=12 and type=1 and createtime>'1551628800' and createtime<'1551715199' group by openid order by money desc limit 0,10<hr/>Params: <br/>array (
)<hr/>SQL Error: <br/>Unknown column 'avatar' in 'field list'<hr/>Traces: <br/>file: /framework/class/db.class.php; line: 194; <br />file: /framework/function/pdo.func.php; line: 44; <br />file: /addons/ewei_shopv2/core/mobile/member/lottery.php; line: 229; <br />file: /addons/ewei_shopv2/core/model/route.php; line: 202; <br />file: /addons/ewei_shopv2/site.php; line: 38; <br />file: /app/source/entry/site.ctrl.php; line: 12; <br />file: /app/index.php; line: 115; <br />

2019-03-04 10:25:46 SQL Error :
------------
String:
SQL: <br/>select openid,avatar,nickname,mobile,sum(money) as money from `ims_ewei_shop_member_log`where uniacid=12 and type=1 and createtime>'1551628800' and createtime<'1551715199' group by openid order by money desc limit 0,10<hr/>Params: <br/>array (
)<hr/>SQL Error: <br/>Unknown column 'avatar' in 'field list'<hr/>Traces: <br/>file: /framework/class/db.class.php; line: 194; <br />file: /framework/function/pdo.func.php; line: 44; <br />file: /addons/ewei_shopv2/core/mobile/member/lottery.php; line: 229; <br />file: /addons/ewei_shopv2/core/model/route.php; line: 202; <br />file: /addons/ewei_shopv2/site.php; line: 38; <br />file: /app/source/entry/site.ctrl.php; line: 12; <br />file: /app/index.php; line: 115; <br />

2019-03-04 10:25:47 SQL Error :
------------
String:
SQL: <br/>select openid,avatar,nickname,mobile,sum(money) as money from `ims_ewei_shop_member_log`where uniacid=12 and type=1 and createtime>'1551628800' and createtime<'1551715199' group by openid order by money desc limit 0,10<hr/>Params: <br/>array (
)<hr/>SQL Error: <br/>Unknown column 'avatar' in 'field list'<hr/>Traces: <br/>file: /framework/class/db.class.php; line: 194; <br />file: /framework/function/pdo.func.php; line: 44; <br />file: /addons/ewei_shopv2/core/mobile/member/lottery.php; line: 229; <br />file: /addons/ewei_shopv2/core/model/route.php; line: 202; <br />file: /addons/ewei_shopv2/site.php; line: 38; <br />file: /app/source/entry/site.ctrl.php; line: 12; <br />file: /app/index.php; line: 115; <br />

2019-03-04 10:25:47 SQL Error :
------------
String:
SQL: <br/>select openid,avatar,nickname,mobile,sum(money) as money from `ims_ewei_shop_member_log`where uniacid=12 and type=1 and createtime>'1551628800' and createtime<'1551715199' group by openid order by money desc limit 0,10<hr/>Params: <br/>array (
)<hr/>SQL Error: <br/>Unknown column 'avatar' in 'field list'<hr/>Traces: <br/>file: /framework/class/db.class.php; line: 194; <br />file: /framework/function/pdo.func.php; line: 44; <br />file: /addons/ewei_shopv2/core/mobile/member/lottery.php; line: 229; <br />file: /addons/ewei_shopv2/core/model/route.php; line: 202; <br />file: /addons/ewei_shopv2/site.php; line: 38; <br />file: /app/source/entry/site.ctrl.php; line: 12; <br />file: /app/index.php; line: 115; <br />

2019-03-04 10:25:47 SQL Error :
------------
String:
SQL: <br/>select openid,avatar,nickname,mobile,sum(money) as money from `ims_ewei_shop_member_log`where uniacid=12 and type=1 and createtime>'1551628800' and createtime<'1551715199' group by openid order by money desc limit 0,10<hr/>Params: <br/>array (
)<hr/>SQL Error: <br/>Unknown column 'avatar' in 'field list'<hr/>Traces: <br/>file: /framework/class/db.class.php; line: 194; <br />file: /framework/function/pdo.func.php; line: 44; <br />file: /addons/ewei_shopv2/core/mobile/member/lottery.php; line: 229; <br />file: /addons/ewei_shopv2/core/model/route.php; line: 202; <br />file: /addons/ewei_shopv2/site.php; line: 38; <br />file: /app/source/entry/site.ctrl.php; line: 12; <br />file: /app/index.php; line: 115; <br />

2019-03-04 10:25:47 SQL Error :
------------
String:
SQL: <br/>select openid,avatar,nickname,mobile,sum(money) as money from `ims_ewei_shop_member_log`where uniacid=12 and type=1 and createtime>'1551628800' and createtime<'1551715199' group by openid order by money desc limit 0,10<hr/>Params: <br/>array (
)<hr/>SQL Error: <br/>Unknown column 'avatar' in 'field list'<hr/>Traces: <br/>file: /framework/class/db.class.php; line: 194; <br />file: /framework/function/pdo.func.php; line: 44; <br />file: /addons/ewei_shopv2/core/mobile/member/lottery.php; line: 229; <br />file: /addons/ewei_shopv2/core/model/route.php; line: 202; <br />file: /addons/ewei_shopv2/site.php; line: 38; <br />file: /app/source/entry/site.ctrl.php; line: 12; <br />file: /app/index.php; line: 115; <br />

2019-03-04 10:25:48 SQL Error :
------------
String:
SQL: <br/>select openid,avatar,nickname,mobile,sum(money) as money from `ims_ewei_shop_member_log`where uniacid=12 and type=1 and createtime>'1551628800' and createtime<'1551715199' group by openid order by money desc limit 0,10<hr/>Params: <br/>array (
)<hr/>SQL Error: <br/>Unknown column 'avatar' in 'field list'<hr/>Traces: <br/>file: /framework/class/db.class.php; line: 194; <br />file: /framework/function/pdo.func.php; line: 44; <br />file: /addons/ewei_shopv2/core/mobile/member/lottery.php; line: 229; <br />file: /addons/ewei_shopv2/core/model/route.php; line: 202; <br />file: /addons/ewei_shopv2/site.php; line: 38; <br />file: /app/source/entry/site.ctrl.php; line: 12; <br />file: /app/index.php; line: 115; <br />

2019-03-04 10:25:48 SQL Error :
------------
String:
SQL: <br/>select openid,avatar,nickname,mobile,sum(money) as money from `ims_ewei_shop_member_log`where uniacid=12 and type=1 and createtime>'1551628800' and createtime<'1551715199' group by openid order by money desc limit 0,10<hr/>Params: <br/>array (
)<hr/>SQL Error: <br/>Unknown column 'avatar' in 'field list'<hr/>Traces: <br/>file: /framework/class/db.class.php; line: 194; <br />file: /framework/function/pdo.func.php; line: 44; <br />file: /addons/ewei_shopv2/core/mobile/member/lottery.php; line: 229; <br />file: /addons/ewei_shopv2/core/model/route.php; line: 202; <br />file: /addons/ewei_shopv2/site.php; line: 38; <br />file: /app/source/entry/site.ctrl.php; line: 12; <br />file: /app/index.php; line: 115; <br />

2019-03-04 10:25:48 SQL Error :
------------
String:
SQL: <br/>select openid,avatar,nickname,mobile,sum(money) as money from `ims_ewei_shop_member_log`where uniacid=12 and type=1 and createtime>'1551628800' and createtime<'1551715199' group by openid order by money desc limit 0,10<hr/>Params: <br/>array (
)<hr/>SQL Error: <br/>Unknown column 'avatar' in 'field list'<hr/>Traces: <br/>file: /framework/class/db.class.php; line: 194; <br />file: /framework/function/pdo.func.php; line: 44; <br />file: /addons/ewei_shopv2/core/mobile/member/lottery.php; line: 229; <br />file: /addons/ewei_shopv2/core/model/route.php; line: 202; <br />file: /addons/ewei_shopv2/site.php; line: 38; <br />file: /app/source/entry/site.ctrl.php; line: 12; <br />file: /app/index.php; line: 115; <br />

2019-03-04 10:25:48 SQL Error :
------------
String:
SQL: <br/>select openid,avatar,nickname,mobile,sum(money) as money from `ims_ewei_shop_member_log`where uniacid=12 and type=1 and createtime>'1551628800' and createtime<'1551715199' group by openid order by money desc limit 0,10<hr/>Params: <br/>array (
)<hr/>SQL Error: <br/>Unknown column 'avatar' in 'field list'<hr/>Traces: <br/>file: /framework/class/db.class.php; line: 194; <br />file: /framework/function/pdo.func.php; line: 44; <br />file: /addons/ewei_shopv2/core/mobile/member/lottery.php; line: 229; <br />file: /addons/ewei_shopv2/core/model/route.php; line: 202; <br />file: /addons/ewei_shopv2/site.php; line: 38; <br />file: /app/source/entry/site.ctrl.php; line: 12; <br />file: /app/index.php; line: 115; <br />

2019-03-04 10:27:07 SQL Error :
------------
String:
SQL: <br/>select m.openid,m.avatar,m.nickname,m.mobile,m.sum(money) as money from `ims_ewei_shop_member_log` l left join `ims_ewei_shop_member` m on l.openid=m.openid  where uniacid=12 and type=1 and createtime>'1551628800' and createtime<'1551715199' group by openid order by money desc limit 0,10<hr/>Params: <br/>array (
)<hr/>SQL Error: <br/>FUNCTION m.sum does not exist. Check the 'Function Name Parsing and Resolution' section in the Reference Manual<hr/>Traces: <br/>file: /framework/class/db.class.php; line: 194; <br />file: /framework/function/pdo.func.php; line: 44; <br />file: /addons/ewei_shopv2/core/mobile/member/lottery.php; line: 229; <br />file: /addons/ewei_shopv2/core/model/route.php; line: 202; <br />file: /addons/ewei_shopv2/site.php; line: 38; <br />file: /app/source/entry/site.ctrl.php; line: 12; <br />file: /app/index.php; line: 115; <br />

2019-03-04 10:27:07 SQL Error :
------------
String:
SQL: <br/>select m.openid,m.avatar,m.nickname,m.mobile,m.sum(money) as money from `ims_ewei_shop_member_log` l left join `ims_ewei_shop_member` m on l.openid=m.openid  where uniacid=12 and type=1 and createtime>'1551628800' and createtime<'1551715199' group by openid order by money desc limit 0,10<hr/>Params: <br/>array (
)<hr/>SQL Error: <br/>FUNCTION m.sum does not exist. Check the 'Function Name Parsing and Resolution' section in the Reference Manual<hr/>Traces: <br/>file: /framework/class/db.class.php; line: 194; <br />file: /framework/function/pdo.func.php; line: 44; <br />file: /addons/ewei_shopv2/core/mobile/member/lottery.php; line: 229; <br />file: /addons/ewei_shopv2/core/model/route.php; line: 202; <br />file: /addons/ewei_shopv2/site.php; line: 38; <br />file: /app/source/entry/site.ctrl.php; line: 12; <br />file: /app/index.php; line: 115; <br />

2019-03-04 10:27:07 SQL Error :
------------
String:
SQL: <br/>select m.openid,m.avatar,m.nickname,m.mobile,m.sum(money) as money from `ims_ewei_shop_member_log` l left join `ims_ewei_shop_member` m on l.openid=m.openid  where uniacid=12 and type=1 and createtime>'1551628800' and createtime<'1551715199' group by openid order by money desc limit 0,10<hr/>Params: <br/>array (
)<hr/>SQL Error: <br/>FUNCTION m.sum does not exist. Check the 'Function Name Parsing and Resolution' section in the Reference Manual<hr/>Traces: <br/>file: /framework/class/db.class.php; line: 194; <br />file: /framework/function/pdo.func.php; line: 44; <br />file: /addons/ewei_shopv2/core/mobile/member/lottery.php; line: 229; <br />file: /addons/ewei_shopv2/core/model/route.php; line: 202; <br />file: /addons/ewei_shopv2/site.php; line: 38; <br />file: /app/source/entry/site.ctrl.php; line: 12; <br />file: /app/index.php; line: 115; <br />

2019-03-04 10:27:08 SQL Error :
------------
String:
SQL: <br/>select m.openid,m.avatar,m.nickname,m.mobile,m.sum(money) as money from `ims_ewei_shop_member_log` l left join `ims_ewei_shop_member` m on l.openid=m.openid  where uniacid=12 and type=1 and createtime>'1551628800' and createtime<'1551715199' group by openid order by money desc limit 0,10<hr/>Params: <br/>array (
)<hr/>SQL Error: <br/>FUNCTION m.sum does not exist. Check the 'Function Name Parsing and Resolution' section in the Reference Manual<hr/>Traces: <br/>file: /framework/class/db.class.php; line: 194; <br />file: /framework/function/pdo.func.php; line: 44; <br />file: /addons/ewei_shopv2/core/mobile/member/lottery.php; line: 229; <br />file: /addons/ewei_shopv2/core/model/route.php; line: 202; <br />file: /addons/ewei_shopv2/site.php; line: 38; <br />file: /app/source/entry/site.ctrl.php; line: 12; <br />file: /app/index.php; line: 115; <br />

2019-03-04 10:27:08 SQL Error :
------------
String:
SQL: <br/>select m.openid,m.avatar,m.nickname,m.mobile,m.sum(money) as money from `ims_ewei_shop_member_log` l left join `ims_ewei_shop_member` m on l.openid=m.openid  where uniacid=12 and type=1 and createtime>'1551628800' and createtime<'1551715199' group by openid order by money desc limit 0,10<hr/>Params: <br/>array (
)<hr/>SQL Error: <br/>FUNCTION m.sum does not exist. Check the 'Function Name Parsing and Resolution' section in the Reference Manual<hr/>Traces: <br/>file: /framework/class/db.class.php; line: 194; <br />file: /framework/function/pdo.func.php; line: 44; <br />file: /addons/ewei_shopv2/core/mobile/member/lottery.php; line: 229; <br />file: /addons/ewei_shopv2/core/model/route.php; line: 202; <br />file: /addons/ewei_shopv2/site.php; line: 38; <br />file: /app/source/entry/site.ctrl.php; line: 12; <br />file: /app/index.php; line: 115; <br />

2019-03-04 10:29:15 SQL Error :
------------
String:
SQL: <br/>select m.openid,m.avatar,m.nickname,m.mobile,m.sum(money) as money from `ims_ewei_shop_member_log` l left join `ims_ewei_shop_member` m on l.openid=m.openid  where uniacid=12 and type=1 and createtime>'1551628800' and createtime<'1551715199' group by openid order by money desc limit 0,10<hr/>Params: <br/>array (
)<hr/>SQL Error: <br/>FUNCTION m.sum does not exist. Check the 'Function Name Parsing and Resolution' section in the Reference Manual<hr/>Traces: <br/>file: /framework/class/db.class.php; line: 194; <br />file: /framework/function/pdo.func.php; line: 44; <br />file: /addons/ewei_shopv2/core/mobile/member/lottery.php; line: 229; <br />file: /addons/ewei_shopv2/core/model/route.php; line: 202; <br />file: /addons/ewei_shopv2/site.php; line: 38; <br />file: /app/source/entry/site.ctrl.php; line: 12; <br />file: /app/index.php; line: 115; <br />

2019-03-04 10:29:16 SQL Error :
------------
String:
SQL: <br/>select m.openid,m.avatar,m.nickname,m.mobile,l.sum(money) as money from `ims_ewei_shop_member_log` l left join `ims_ewei_shop_member` m on l.openid=m.openid  where uniacid=12 and type=1 and createtime>'1551628800' and createtime<'1551715199' group by openid order by money desc limit 0,10<hr/>Params: <br/>array (
)<hr/>SQL Error: <br/>FUNCTION l.sum does not exist. Check the 'Function Name Parsing and Resolution' section in the Reference Manual<hr/>Traces: <br/>file: /framework/class/db.class.php; line: 194; <br />file: /framework/function/pdo.func.php; line: 44; <br />file: /addons/ewei_shopv2/core/mobile/member/lottery.php; line: 229; <br />file: /addons/ewei_shopv2/core/model/route.php; line: 202; <br />file: /addons/ewei_shopv2/site.php; line: 38; <br />file: /app/source/entry/site.ctrl.php; line: 12; <br />file: /app/index.php; line: 115; <br />

2019-03-04 10:29:16 SQL Error :
------------
String:
SQL: <br/>select m.openid,m.avatar,m.nickname,m.mobile,l.sum(money) as money from `ims_ewei_shop_member_log` l left join `ims_ewei_shop_member` m on l.openid=m.openid  where uniacid=12 and type=1 and createtime>'1551628800' and createtime<'1551715199' group by openid order by money desc limit 0,10<hr/>Params: <br/>array (
)<hr/>SQL Error: <br/>FUNCTION l.sum does not exist. Check the 'Function Name Parsing and Resolution' section in the Reference Manual<hr/>Traces: <br/>file: /framework/class/db.class.php; line: 194; <br />file: /framework/function/pdo.func.php; line: 44; <br />file: /addons/ewei_shopv2/core/mobile/member/lottery.php; line: 229; <br />file: /addons/ewei_shopv2/core/model/route.php; line: 202; <br />file: /addons/ewei_shopv2/site.php; line: 38; <br />file: /app/source/entry/site.ctrl.php; line: 12; <br />file: /app/index.php; line: 115; <br />

2019-03-04 10:29:16 SQL Error :
------------
String:
SQL: <br/>select m.openid,m.avatar,m.nickname,m.mobile,l.sum(money) as money from `ims_ewei_shop_member_log` l left join `ims_ewei_shop_member` m on l.openid=m.openid  where uniacid=12 and type=1 and createtime>'1551628800' and createtime<'1551715199' group by openid order by money desc limit 0,10<hr/>Params: <br/>array (
)<hr/>SQL Error: <br/>FUNCTION l.sum does not exist. Check the 'Function Name Parsing and Resolution' section in the Reference Manual<hr/>Traces: <br/>file: /framework/class/db.class.php; line: 194; <br />file: /framework/function/pdo.func.php; line: 44; <br />file: /addons/ewei_shopv2/core/mobile/member/lottery.php; line: 229; <br />file: /addons/ewei_shopv2/core/model/route.php; line: 202; <br />file: /addons/ewei_shopv2/site.php; line: 38; <br />file: /app/source/entry/site.ctrl.php; line: 12; <br />file: /app/index.php; line: 115; <br />

2019-03-04 10:29:16 SQL Error :
------------
String:
SQL: <br/>select m.openid,m.avatar,m.nickname,m.mobile,l.sum(money) as money from `ims_ewei_shop_member_log` l left join `ims_ewei_shop_member` m on l.openid=m.openid  where uniacid=12 and type=1 and createtime>'1551628800' and createtime<'1551715199' group by openid order by money desc limit 0,10<hr/>Params: <br/>array (
)<hr/>SQL Error: <br/>FUNCTION l.sum does not exist. Check the 'Function Name Parsing and Resolution' section in the Reference Manual<hr/>Traces: <br/>file: /framework/class/db.class.php; line: 194; <br />file: /framework/function/pdo.func.php; line: 44; <br />file: /addons/ewei_shopv2/core/mobile/member/lottery.php; line: 229; <br />file: /addons/ewei_shopv2/core/model/route.php; line: 202; <br />file: /addons/ewei_shopv2/site.php; line: 38; <br />file: /app/source/entry/site.ctrl.php; line: 12; <br />file: /app/index.php; line: 115; <br />

2019-03-04 10:29:17 SQL Error :
------------
String:
SQL: <br/>select m.openid,m.avatar,m.nickname,m.mobile,l.sum(money) as money from `ims_ewei_shop_member_log` l left join `ims_ewei_shop_member` m on l.openid=m.openid  where uniacid=12 and type=1 and createtime>'1551628800' and createtime<'1551715199' group by openid order by money desc limit 0,10<hr/>Params: <br/>array (
)<hr/>SQL Error: <br/>FUNCTION l.sum does not exist. Check the 'Function Name Parsing and Resolution' section in the Reference Manual<hr/>Traces: <br/>file: /framework/class/db.class.php; line: 194; <br />file: /framework/function/pdo.func.php; line: 44; <br />file: /addons/ewei_shopv2/core/mobile/member/lottery.php; line: 229; <br />file: /addons/ewei_shopv2/core/model/route.php; line: 202; <br />file: /addons/ewei_shopv2/site.php; line: 38; <br />file: /app/source/entry/site.ctrl.php; line: 12; <br />file: /app/index.php; line: 115; <br />

2019-03-04 10:29:17 SQL Error :
------------
String:
SQL: <br/>select m.openid,m.avatar,m.nickname,m.mobile,l.sum(money) as money from `ims_ewei_shop_member_log` l left join `ims_ewei_shop_member` m on l.openid=m.openid  where uniacid=12 and type=1 and createtime>'1551628800' and createtime<'1551715199' group by openid order by money desc limit 0,10<hr/>Params: <br/>array (
)<hr/>SQL Error: <br/>FUNCTION l.sum does not exist. Check the 'Function Name Parsing and Resolution' section in the Reference Manual<hr/>Traces: <br/>file: /framework/class/db.class.php; line: 194; <br />file: /framework/function/pdo.func.php; line: 44; <br />file: /addons/ewei_shopv2/core/mobile/member/lottery.php; line: 229; <br />file: /addons/ewei_shopv2/core/model/route.php; line: 202; <br />file: /addons/ewei_shopv2/site.php; line: 38; <br />file: /app/source/entry/site.ctrl.php; line: 12; <br />file: /app/index.php; line: 115; <br />

2019-03-04 10:35:02 SQL Error :
------------
String:
SQL: <br/>select m.openid,m.avatar,m.nickname,m.mobile,l.sum(money) as money from `ims_ewei_shop_member_log` l left join `ims_ewei_shop_member` m on l.openid=m.openid  where uniacid=12 and type=1 and createtime>'1551628800' and createtime<'1551715199' group by openid order by money desc limit 0,10<hr/>Params: <br/>array (
)<hr/>SQL Error: <br/>FUNCTION l.sum does not exist. Check the 'Function Name Parsing and Resolution' section in the Reference Manual<hr/>Traces: <br/>file: /framework/class/db.class.php; line: 194; <br />file: /framework/function/pdo.func.php; line: 44; <br />file: /addons/ewei_shopv2/core/mobile/member/lottery.php; line: 229; <br />file: /addons/ewei_shopv2/core/model/route.php; line: 202; <br />file: /addons/ewei_shopv2/site.php; line: 38; <br />file: /app/source/entry/site.ctrl.php; line: 12; <br />file: /app/index.php; line: 115; <br />

2019-03-04 10:35:02 SQL Error :
------------
String:
SQL: <br/>select m.openid,m.avatar,m.nickname,m.mobile,l.sum(money) as money from `ims_ewei_shop_member_log` l left join `ims_ewei_shop_member` m on l.openid=m.openid  where uniacid=12 and type=1 and createtime>'1551628800' and createtime<'1551715199' group by openid order by money desc limit 0,10<hr/>Params: <br/>array (
)<hr/>SQL Error: <br/>FUNCTION l.sum does not exist. Check the 'Function Name Parsing and Resolution' section in the Reference Manual<hr/>Traces: <br/>file: /framework/class/db.class.php; line: 194; <br />file: /framework/function/pdo.func.php; line: 44; <br />file: /addons/ewei_shopv2/core/mobile/member/lottery.php; line: 229; <br />file: /addons/ewei_shopv2/core/model/route.php; line: 202; <br />file: /addons/ewei_shopv2/site.php; line: 38; <br />file: /app/source/entry/site.ctrl.php; line: 12; <br />file: /app/index.php; line: 115; <br />

2019-03-04 10:35:03 SQL Error :
------------
String:
SQL: <br/>select m.openid,m.avatar,m.nickname,m.mobile,l.sum(money) as money from `ims_ewei_shop_member_log` l left join `ims_ewei_shop_member` m on l.openid=m.openid  where uniacid=12 and type=1 and createtime>'1551628800' and createtime<'1551715199' group by openid order by money desc limit 0,10<hr/>Params: <br/>array (
)<hr/>SQL Error: <br/>FUNCTION l.sum does not exist. Check the 'Function Name Parsing and Resolution' section in the Reference Manual<hr/>Traces: <br/>file: /framework/class/db.class.php; line: 194; <br />file: /framework/function/pdo.func.php; line: 44; <br />file: /addons/ewei_shopv2/core/mobile/member/lottery.php; line: 229; <br />file: /addons/ewei_shopv2/core/model/route.php; line: 202; <br />file: /addons/ewei_shopv2/site.php; line: 38; <br />file: /app/source/entry/site.ctrl.php; line: 12; <br />file: /app/index.php; line: 115; <br />

2019-03-04 10:35:39 SQL Error :
------------
String:
SQL: <br/>select m.openid,m.avatar,m.nickname,m.mobile,l.sum(money) as money from `ims_ewei_shop_member_log` l left join `ims_ewei_shop_member` m on l.openid=m.openid  where uniacid=12 and type=1 and createtime>'1551628800' and createtime<'1551715199' group by l.openid order by l.money desc limit 0,10<hr/>Params: <br/>array (
)<hr/>SQL Error: <br/>FUNCTION l.sum does not exist. Check the 'Function Name Parsing and Resolution' section in the Reference Manual<hr/>Traces: <br/>file: /framework/class/db.class.php; line: 194; <br />file: /framework/function/pdo.func.php; line: 44; <br />file: /addons/ewei_shopv2/core/mobile/member/lottery.php; line: 229; <br />file: /addons/ewei_shopv2/core/model/route.php; line: 202; <br />file: /addons/ewei_shopv2/site.php; line: 38; <br />file: /app/source/entry/site.ctrl.php; line: 12; <br />file: /app/index.php; line: 115; <br />

2019-03-04 10:35:39 SQL Error :
------------
String:
SQL: <br/>select l.openid,m.avatar,m.nickname,m.mobile,l.sum(money) as money from `ims_ewei_shop_member_log` l left join `ims_ewei_shop_member` m on l.openid=m.openid  where uniacid=12 and type=1 and createtime>'1551628800' and createtime<'1551715199' group by l.openid order by l.money desc limit 0,10<hr/>Params: <br/>array (
)<hr/>SQL Error: <br/>FUNCTION l.sum does not exist. Check the 'Function Name Parsing and Resolution' section in the Reference Manual<hr/>Traces: <br/>file: /framework/class/db.class.php; line: 194; <br />file: /framework/function/pdo.func.php; line: 44; <br />file: /addons/ewei_shopv2/core/mobile/member/lottery.php; line: 229; <br />file: /addons/ewei_shopv2/core/model/route.php; line: 202; <br />file: /addons/ewei_shopv2/site.php; line: 38; <br />file: /app/source/entry/site.ctrl.php; line: 12; <br />file: /app/index.php; line: 115; <br />

2019-03-04 10:35:39 SQL Error :
------------
String:
SQL: <br/>select l.openid,m.avatar,m.nickname,m.mobile,l.sum(money) as money from `ims_ewei_shop_member_log` l left join `ims_ewei_shop_member` m on l.openid=m.openid  where uniacid=12 and type=1 and createtime>'1551628800' and createtime<'1551715199' group by l.openid order by l.money desc limit 0,10<hr/>Params: <br/>array (
)<hr/>SQL Error: <br/>FUNCTION l.sum does not exist. Check the 'Function Name Parsing and Resolution' section in the Reference Manual<hr/>Traces: <br/>file: /framework/class/db.class.php; line: 194; <br />file: /framework/function/pdo.func.php; line: 44; <br />file: /addons/ewei_shopv2/core/mobile/member/lottery.php; line: 229; <br />file: /addons/ewei_shopv2/core/model/route.php; line: 202; <br />file: /addons/ewei_shopv2/site.php; line: 38; <br />file: /app/source/entry/site.ctrl.php; line: 12; <br />file: /app/index.php; line: 115; <br />

2019-03-04 10:35:40 SQL Error :
------------
String:
SQL: <br/>select l.openid,m.avatar,m.nickname,m.mobile,l.sum(money) as money from `ims_ewei_shop_member_log` l left join `ims_ewei_shop_member` m on l.openid=m.openid  where uniacid=12 and type=1 and createtime>'1551628800' and createtime<'1551715199' group by l.openid order by l.money desc limit 0,10<hr/>Params: <br/>array (
)<hr/>SQL Error: <br/>FUNCTION l.sum does not exist. Check the 'Function Name Parsing and Resolution' section in the Reference Manual<hr/>Traces: <br/>file: /framework/class/db.class.php; line: 194; <br />file: /framework/function/pdo.func.php; line: 44; <br />file: /addons/ewei_shopv2/core/mobile/member/lottery.php; line: 229; <br />file: /addons/ewei_shopv2/core/model/route.php; line: 202; <br />file: /addons/ewei_shopv2/site.php; line: 38; <br />file: /app/source/entry/site.ctrl.php; line: 12; <br />file: /app/index.php; line: 115; <br />

2019-03-04 10:35:40 SQL Error :
------------
String:
SQL: <br/>select l.openid,m.avatar,m.nickname,m.mobile,l.sum(money) as money from `ims_ewei_shop_member_log` l left join `ims_ewei_shop_member` m on l.openid=m.openid  where uniacid=12 and type=1 and createtime>'1551628800' and createtime<'1551715199' group by l.openid order by l.money desc limit 0,10<hr/>Params: <br/>array (
)<hr/>SQL Error: <br/>FUNCTION l.sum does not exist. Check the 'Function Name Parsing and Resolution' section in the Reference Manual<hr/>Traces: <br/>file: /framework/class/db.class.php; line: 194; <br />file: /framework/function/pdo.func.php; line: 44; <br />file: /addons/ewei_shopv2/core/mobile/member/lottery.php; line: 229; <br />file: /addons/ewei_shopv2/core/model/route.php; line: 202; <br />file: /addons/ewei_shopv2/site.php; line: 38; <br />file: /app/source/entry/site.ctrl.php; line: 12; <br />file: /app/index.php; line: 115; <br />

2019-03-04 10:35:40 SQL Error :
------------
String:
SQL: <br/>select l.openid,m.avatar,m.nickname,m.mobile,l.sum(money) as money from `ims_ewei_shop_member_log` l left join `ims_ewei_shop_member` m on l.openid=m.openid  where uniacid=12 and type=1 and createtime>'1551628800' and createtime<'1551715199' group by l.openid order by l.money desc limit 0,10<hr/>Params: <br/>array (
)<hr/>SQL Error: <br/>FUNCTION l.sum does not exist. Check the 'Function Name Parsing and Resolution' section in the Reference Manual<hr/>Traces: <br/>file: /framework/class/db.class.php; line: 194; <br />file: /framework/function/pdo.func.php; line: 44; <br />file: /addons/ewei_shopv2/core/mobile/member/lottery.php; line: 229; <br />file: /addons/ewei_shopv2/core/model/route.php; line: 202; <br />file: /addons/ewei_shopv2/site.php; line: 38; <br />file: /app/source/entry/site.ctrl.php; line: 12; <br />file: /app/index.php; line: 115; <br />

2019-03-04 10:35:40 SQL Error :
------------
String:
SQL: <br/>select l.openid,m.avatar,m.nickname,m.mobile,l.sum(money) as money from `ims_ewei_shop_member_log` l left join `ims_ewei_shop_member` m on l.openid=m.openid  where uniacid=12 and type=1 and createtime>'1551628800' and createtime<'1551715199' group by l.openid order by l.money desc limit 0,10<hr/>Params: <br/>array (
)<hr/>SQL Error: <br/>FUNCTION l.sum does not exist. Check the 'Function Name Parsing and Resolution' section in the Reference Manual<hr/>Traces: <br/>file: /framework/class/db.class.php; line: 194; <br />file: /framework/function/pdo.func.php; line: 44; <br />file: /addons/ewei_shopv2/core/mobile/member/lottery.php; line: 229; <br />file: /addons/ewei_shopv2/core/model/route.php; line: 202; <br />file: /addons/ewei_shopv2/site.php; line: 38; <br />file: /app/source/entry/site.ctrl.php; line: 12; <br />file: /app/index.php; line: 115; <br />

2019-03-04 10:35:40 SQL Error :
------------
String:
SQL: <br/>select l.openid,m.avatar,m.nickname,m.mobile,l.sum(money) as money from `ims_ewei_shop_member_log` l left join `ims_ewei_shop_member` m on l.openid=m.openid  where uniacid=12 and type=1 and createtime>'1551628800' and createtime<'1551715199' group by l.openid order by l.money desc limit 0,10<hr/>Params: <br/>array (
)<hr/>SQL Error: <br/>FUNCTION l.sum does not exist. Check the 'Function Name Parsing and Resolution' section in the Reference Manual<hr/>Traces: <br/>file: /framework/class/db.class.php; line: 194; <br />file: /framework/function/pdo.func.php; line: 44; <br />file: /addons/ewei_shopv2/core/mobile/member/lottery.php; line: 229; <br />file: /addons/ewei_shopv2/core/model/route.php; line: 202; <br />file: /addons/ewei_shopv2/site.php; line: 38; <br />file: /app/source/entry/site.ctrl.php; line: 12; <br />file: /app/index.php; line: 115; <br />

2019-03-04 10:35:40 SQL Error :
------------
String:
SQL: <br/>select l.openid,m.avatar,m.nickname,m.mobile,l.sum(money) as money from `ims_ewei_shop_member_log` l left join `ims_ewei_shop_member` m on l.openid=m.openid  where uniacid=12 and type=1 and createtime>'1551628800' and createtime<'1551715199' group by l.openid order by l.money desc limit 0,10<hr/>Params: <br/>array (
)<hr/>SQL Error: <br/>FUNCTION l.sum does not exist. Check the 'Function Name Parsing and Resolution' section in the Reference Manual<hr/>Traces: <br/>file: /framework/class/db.class.php; line: 194; <br />file: /framework/function/pdo.func.php; line: 44; <br />file: /addons/ewei_shopv2/core/mobile/member/lottery.php; line: 229; <br />file: /addons/ewei_shopv2/core/model/route.php; line: 202; <br />file: /addons/ewei_shopv2/site.php; line: 38; <br />file: /app/source/entry/site.ctrl.php; line: 12; <br />file: /app/index.php; line: 115; <br />

2019-03-04 10:35:41 SQL Error :
------------
String:
SQL: <br/>select l.openid,m.avatar,m.nickname,m.mobile,l.sum(money) as money from `ims_ewei_shop_member_log` l left join `ims_ewei_shop_member` m on l.openid=m.openid  where uniacid=12 and type=1 and createtime>'1551628800' and createtime<'1551715199' group by l.openid order by l.money desc limit 0,10<hr/>Params: <br/>array (
)<hr/>SQL Error: <br/>FUNCTION l.sum does not exist. Check the 'Function Name Parsing and Resolution' section in the Reference Manual<hr/>Traces: <br/>file: /framework/class/db.class.php; line: 194; <br />file: /framework/function/pdo.func.php; line: 44; <br />file: /addons/ewei_shopv2/core/mobile/member/lottery.php; line: 229; <br />file: /addons/ewei_shopv2/core/model/route.php; line: 202; <br />file: /addons/ewei_shopv2/site.php; line: 38; <br />file: /app/source/entry/site.ctrl.php; line: 12; <br />file: /app/index.php; line: 115; <br />

2019-03-04 10:35:59 SQL Error :
------------
String:
SQL: <br/>select l.openid,m.avatar,m.nickname,m.mobile,sum(l.money) as money from `ims_ewei_shop_member_log` l left join `ims_ewei_shop_member` m on l.openid=m.openid  where uniacid=12 and type=1 and createtime>'1551628800' and createtime<'1551715199' group by l.openid order by l.money desc limit 0,10<hr/>Params: <br/>array (
)<hr/>SQL Error: <br/>Column 'uniacid' in where clause is ambiguous<hr/>Traces: <br/>file: /framework/class/db.class.php; line: 194; <br />file: /framework/function/pdo.func.php; line: 44; <br />file: /addons/ewei_shopv2/core/mobile/member/lottery.php; line: 229; <br />file: /addons/ewei_shopv2/core/model/route.php; line: 202; <br />file: /addons/ewei_shopv2/site.php; line: 38; <br />file: /app/source/entry/site.ctrl.php; line: 12; <br />file: /app/index.php; line: 115; <br />

2019-03-04 10:35:59 SQL Error :
------------
String:
SQL: <br/>select l.openid,m.avatar,m.nickname,m.mobile,sum(l.money) as money from `ims_ewei_shop_member_log` l left join `ims_ewei_shop_member` m on l.openid=m.openid  where uniacid=12 and type=1 and createtime>'1551628800' and createtime<'1551715199' group by l.openid order by l.money desc limit 0,10<hr/>Params: <br/>array (
)<hr/>SQL Error: <br/>Column 'uniacid' in where clause is ambiguous<hr/>Traces: <br/>file: /framework/class/db.class.php; line: 194; <br />file: /framework/function/pdo.func.php; line: 44; <br />file: /addons/ewei_shopv2/core/mobile/member/lottery.php; line: 229; <br />file: /addons/ewei_shopv2/core/model/route.php; line: 202; <br />file: /addons/ewei_shopv2/site.php; line: 38; <br />file: /app/source/entry/site.ctrl.php; line: 12; <br />file: /app/index.php; line: 115; <br />

2019-03-04 10:36:00 SQL Error :
------------
String:
SQL: <br/>select l.openid,m.avatar,m.nickname,m.mobile,sum(l.money) as money from `ims_ewei_shop_member_log` l left join `ims_ewei_shop_member` m on l.openid=m.openid  where uniacid=12 and type=1 and createtime>'1551628800' and createtime<'1551715199' group by l.openid order by l.money desc limit 0,10<hr/>Params: <br/>array (
)<hr/>SQL Error: <br/>Column 'uniacid' in where clause is ambiguous<hr/>Traces: <br/>file: /framework/class/db.class.php; line: 194; <br />file: /framework/function/pdo.func.php; line: 44; <br />file: /addons/ewei_shopv2/core/mobile/member/lottery.php; line: 229; <br />file: /addons/ewei_shopv2/core/model/route.php; line: 202; <br />file: /addons/ewei_shopv2/site.php; line: 38; <br />file: /app/source/entry/site.ctrl.php; line: 12; <br />file: /app/index.php; line: 115; <br />

2019-03-04 10:36:00 SQL Error :
------------
String:
SQL: <br/>select l.openid,m.avatar,m.nickname,m.mobile,sum(l.money) as money from `ims_ewei_shop_member_log` l left join `ims_ewei_shop_member` m on l.openid=m.openid  where uniacid=12 and type=1 and createtime>'1551628800' and createtime<'1551715199' group by l.openid order by l.money desc limit 0,10<hr/>Params: <br/>array (
)<hr/>SQL Error: <br/>Column 'uniacid' in where clause is ambiguous<hr/>Traces: <br/>file: /framework/class/db.class.php; line: 194; <br />file: /framework/function/pdo.func.php; line: 44; <br />file: /addons/ewei_shopv2/core/mobile/member/lottery.php; line: 229; <br />file: /addons/ewei_shopv2/core/model/route.php; line: 202; <br />file: /addons/ewei_shopv2/site.php; line: 38; <br />file: /app/source/entry/site.ctrl.php; line: 12; <br />file: /app/index.php; line: 115; <br />

2019-03-04 10:36:00 SQL Error :
------------
String:
SQL: <br/>select l.openid,m.avatar,m.nickname,m.mobile,sum(l.money) as money from `ims_ewei_shop_member_log` l left join `ims_ewei_shop_member` m on l.openid=m.openid  where uniacid=12 and type=1 and createtime>'1551628800' and createtime<'1551715199' group by l.openid order by l.money desc limit 0,10<hr/>Params: <br/>array (
)<hr/>SQL Error: <br/>Column 'uniacid' in where clause is ambiguous<hr/>Traces: <br/>file: /framework/class/db.class.php; line: 194; <br />file: /framework/function/pdo.func.php; line: 44; <br />file: /addons/ewei_shopv2/core/mobile/member/lottery.php; line: 229; <br />file: /addons/ewei_shopv2/core/model/route.php; line: 202; <br />file: /addons/ewei_shopv2/site.php; line: 38; <br />file: /app/source/entry/site.ctrl.php; line: 12; <br />file: /app/index.php; line: 115; <br />

2019-03-04 10:36:00 SQL Error :
------------
String:
SQL: <br/>select l.openid,m.avatar,m.nickname,m.mobile,sum(l.money) as money from `ims_ewei_shop_member_log` l left join `ims_ewei_shop_member` m on l.openid=m.openid  where uniacid=12 and type=1 and createtime>'1551628800' and createtime<'1551715199' group by l.openid order by l.money desc limit 0,10<hr/>Params: <br/>array (
)<hr/>SQL Error: <br/>Column 'uniacid' in where clause is ambiguous<hr/>Traces: <br/>file: /framework/class/db.class.php; line: 194; <br />file: /framework/function/pdo.func.php; line: 44; <br />file: /addons/ewei_shopv2/core/mobile/member/lottery.php; line: 229; <br />file: /addons/ewei_shopv2/core/model/route.php; line: 202; <br />file: /addons/ewei_shopv2/site.php; line: 38; <br />file: /app/source/entry/site.ctrl.php; line: 12; <br />file: /app/index.php; line: 115; <br />

2019-03-04 10:36:00 SQL Error :
------------
String:
SQL: <br/>select l.openid,m.avatar,m.nickname,m.mobile,sum(l.money) as money from `ims_ewei_shop_member_log` l left join `ims_ewei_shop_member` m on l.openid=m.openid  where uniacid=12 and type=1 and createtime>'1551628800' and createtime<'1551715199' group by l.openid order by l.money desc limit 0,10<hr/>Params: <br/>array (
)<hr/>SQL Error: <br/>Column 'uniacid' in where clause is ambiguous<hr/>Traces: <br/>file: /framework/class/db.class.php; line: 194; <br />file: /framework/function/pdo.func.php; line: 44; <br />file: /addons/ewei_shopv2/core/mobile/member/lottery.php; line: 229; <br />file: /addons/ewei_shopv2/core/model/route.php; line: 202; <br />file: /addons/ewei_shopv2/site.php; line: 38; <br />file: /app/source/entry/site.ctrl.php; line: 12; <br />file: /app/index.php; line: 115; <br />

2019-03-04 10:36:01 SQL Error :
------------
String:
SQL: <br/>select l.openid,m.avatar,m.nickname,m.mobile,sum(l.money) as money from `ims_ewei_shop_member_log` l left join `ims_ewei_shop_member` m on l.openid=m.openid  where uniacid=12 and type=1 and createtime>'1551628800' and createtime<'1551715199' group by l.openid order by l.money desc limit 0,10<hr/>Params: <br/>array (
)<hr/>SQL Error: <br/>Column 'uniacid' in where clause is ambiguous<hr/>Traces: <br/>file: /framework/class/db.class.php; line: 194; <br />file: /framework/function/pdo.func.php; line: 44; <br />file: /addons/ewei_shopv2/core/mobile/member/lottery.php; line: 229; <br />file: /addons/ewei_shopv2/core/model/route.php; line: 202; <br />file: /addons/ewei_shopv2/site.php; line: 38; <br />file: /app/source/entry/site.ctrl.php; line: 12; <br />file: /app/index.php; line: 115; <br />

2019-03-04 10:36:01 SQL Error :
------------
String:
SQL: <br/>select l.openid,m.avatar,m.nickname,m.mobile,sum(l.money) as money from `ims_ewei_shop_member_log` l left join `ims_ewei_shop_member` m on l.openid=m.openid  where uniacid=12 and type=1 and createtime>'1551628800' and createtime<'1551715199' group by l.openid order by l.money desc limit 0,10<hr/>Params: <br/>array (
)<hr/>SQL Error: <br/>Column 'uniacid' in where clause is ambiguous<hr/>Traces: <br/>file: /framework/class/db.class.php; line: 194; <br />file: /framework/function/pdo.func.php; line: 44; <br />file: /addons/ewei_shopv2/core/mobile/member/lottery.php; line: 229; <br />file: /addons/ewei_shopv2/core/model/route.php; line: 202; <br />file: /addons/ewei_shopv2/site.php; line: 38; <br />file: /app/source/entry/site.ctrl.php; line: 12; <br />file: /app/index.php; line: 115; <br />

2019-03-04 10:36:01 SQL Error :
------------
String:
SQL: <br/>select l.openid,m.avatar,m.nickname,m.mobile,sum(l.money) as money from `ims_ewei_shop_member_log` l left join `ims_ewei_shop_member` m on l.openid=m.openid  where uniacid=12 and type=1 and createtime>'1551628800' and createtime<'1551715199' group by l.openid order by l.money desc limit 0,10<hr/>Params: <br/>array (
)<hr/>SQL Error: <br/>Column 'uniacid' in where clause is ambiguous<hr/>Traces: <br/>file: /framework/class/db.class.php; line: 194; <br />file: /framework/function/pdo.func.php; line: 44; <br />file: /addons/ewei_shopv2/core/mobile/member/lottery.php; line: 229; <br />file: /addons/ewei_shopv2/core/model/route.php; line: 202; <br />file: /addons/ewei_shopv2/site.php; line: 38; <br />file: /app/source/entry/site.ctrl.php; line: 12; <br />file: /app/index.php; line: 115; <br />

2019-03-04 15:13:23 SQL Error :
------------
String:
SQL: <br/>select * from `ims_ewei_shop_member` where uniacid = 12 and id in ()  ORDER BY isagent desc,id desc limit 0,10<hr/>Params: <br/>array (
)<hr/>SQL Error: <br/>You have an error in your SQL syntax; check the manual that corresponds to your MySQL server version for the right syntax to use near ')  ORDER BY isagent desc,id desc limit 0,10' at line 1<hr/>Traces: <br/>file: /framework/class/db.class.php; line: 194; <br />file: /framework/function/pdo.func.php; line: 44; <br />file: /addons/ewei_shopv2/plugin/commission/core/mobile/down.php; line: 215; <br />file: /addons/ewei_shopv2/core/model/route.php; line: 202; <br />file: /addons/ewei_shopv2/site.php; line: 38; <br />file: /app/source/entry/site.ctrl.php; line: 12; <br />file: /app/index.php; line: 115; <br />

2019-03-04 15:35:05 SQL Error :
------------
String:
SQL: <br/>UPDATE `ims_ewei_shop_lottery2` SET `content` =  :content_1 WHERE `uniacid` =  :__uniacid_1<hr/>Params: <br/>array (
  ':content_1' => '<p>dsadasdasd</p>',
  ':__uniacid_1' => 12,
)<hr/>SQL Error: <br/>Unknown column 'content' in 'field list'<hr/>Traces: <br/>file: /framework/class/db.class.php; line: 115; <br />file: /framework/class/db.class.php; line: 278; <br />file: /framework/function/pdo.func.php; line: 66; <br />file: /addons/ewei_shopv2/core/web/sale/index.php; line: 502; <br />file: /addons/ewei_shopv2/core/model/route.php; line: 202; <br />file: /addons/ewei_shopv2/site.php; line: 34; <br />file: /web/source/site/entry.ctrl.php; line: 81; <br />file: /web/index.php; line: 201; <br />

2019-03-04 15:35:07 SQL Error :
------------
String:
SQL: <br/>UPDATE `ims_ewei_shop_lottery2` SET `content` =  :content_1 WHERE `uniacid` =  :__uniacid_1<hr/>Params: <br/>array (
  ':content_1' => '<p>dsadasdasd</p>',
  ':__uniacid_1' => 12,
)<hr/>SQL Error: <br/>Unknown column 'content' in 'field list'<hr/>Traces: <br/>file: /framework/class/db.class.php; line: 115; <br />file: /framework/class/db.class.php; line: 278; <br />file: /framework/function/pdo.func.php; line: 66; <br />file: /addons/ewei_shopv2/core/web/sale/index.php; line: 502; <br />file: /addons/ewei_shopv2/core/model/route.php; line: 202; <br />file: /addons/ewei_shopv2/site.php; line: 34; <br />file: /web/source/site/entry.ctrl.php; line: 81; <br />file: /web/index.php; line: 201; <br />

2019-03-04 15:35:08 SQL Error :
------------
String:
SQL: <br/>UPDATE `ims_ewei_shop_lottery2` SET `content` =  :content_1 WHERE `uniacid` =  :__uniacid_1<hr/>Params: <br/>array (
  ':content_1' => '<p>dsadasdasd</p>',
  ':__uniacid_1' => 12,
)<hr/>SQL Error: <br/>Unknown column 'content' in 'field list'<hr/>Traces: <br/>file: /framework/class/db.class.php; line: 115; <br />file: /framework/class/db.class.php; line: 278; <br />file: /framework/function/pdo.func.php; line: 66; <br />file: /addons/ewei_shopv2/core/web/sale/index.php; line: 502; <br />file: /addons/ewei_shopv2/core/model/route.php; line: 202; <br />file: /addons/ewei_shopv2/site.php; line: 34; <br />file: /web/source/site/entry.ctrl.php; line: 81; <br />file: /web/index.php; line: 201; <br />

2019-03-04 17:42:00 SQL Error :
------------
String:
SQL: <br/>select zfb,wx,yhk from `ims_ewei_shop_sysset` where uniacid=:uniacid <hr/>Params: <br/>array (
  ':uniacid' => 12,
)<hr/>SQL Error: <br/>Unknown column 'zfb' in 'field list'<hr/>Traces: <br/>file: /framework/class/db.class.php; line: 167; <br />file: /framework/function/pdo.func.php; line: 40; <br />file: /addons/ewei_shopv2/core/web/sysset/index.php; line: 96; <br />file: /addons/ewei_shopv2/core/model/route.php; line: 202; <br />file: /addons/ewei_shopv2/site.php; line: 34; <br />file: /web/source/site/entry.ctrl.php; line: 81; <br />file: /web/index.php; line: 201; <br />

2019-03-04 17:42:03 SQL Error :
------------
String:
SQL: <br/>select zfb,wx,yhk from `ims_ewei_shop_sysset` where uniacid=:uniacid <hr/>Params: <br/>array (
  ':uniacid' => 12,
)<hr/>SQL Error: <br/>Unknown column 'zfb' in 'field list'<hr/>Traces: <br/>file: /framework/class/db.class.php; line: 167; <br />file: /framework/function/pdo.func.php; line: 40; <br />file: /addons/ewei_shopv2/core/web/sysset/index.php; line: 96; <br />file: /addons/ewei_shopv2/core/model/route.php; line: 202; <br />file: /addons/ewei_shopv2/site.php; line: 34; <br />file: /web/source/site/entry.ctrl.php; line: 81; <br />file: /web/index.php; line: 201; <br />

2019-03-04 17:42:06 SQL Error :
------------
String:
SQL: <br/>select zfb,wx,yhk from `ims_ewei_shop_sysset` where uniacid=:uniacid <hr/>Params: <br/>array (
  ':uniacid' => 12,
)<hr/>SQL Error: <br/>Unknown column 'zfb' in 'field list'<hr/>Traces: <br/>file: /framework/class/db.class.php; line: 167; <br />file: /framework/function/pdo.func.php; line: 40; <br />file: /addons/ewei_shopv2/core/web/sysset/index.php; line: 96; <br />file: /addons/ewei_shopv2/core/model/route.php; line: 202; <br />file: /addons/ewei_shopv2/site.php; line: 34; <br />file: /web/source/site/entry.ctrl.php; line: 81; <br />file: /web/index.php; line: 201; <br />

2019-03-04 17:42:29 SQL Error :
------------
String:
SQL: <br/>select zfb,wx,yhk from `ims_ewei_shop_sysset` where uniacid=:uniacid <hr/>Params: <br/>array (
  ':uniacid' => 12,
)<hr/>SQL Error: <br/>Unknown column 'zfb' in 'field list'<hr/>Traces: <br/>file: /framework/class/db.class.php; line: 167; <br />file: /framework/function/pdo.func.php; line: 40; <br />file: /addons/ewei_shopv2/core/web/sysset/index.php; line: 96; <br />file: /addons/ewei_shopv2/core/model/route.php; line: 202; <br />file: /addons/ewei_shopv2/site.php; line: 34; <br />file: /web/source/site/entry.ctrl.php; line: 81; <br />file: /web/index.php; line: 201; <br />

2019-03-04 17:42:48 SQL Error :
------------
String:
SQL: <br/>select zfb,wx,yhk from `ims_ewei_shop_sysset` where uniacid=:uniacid <hr/>Params: <br/>array (
  ':uniacid' => 12,
)<hr/>SQL Error: <br/>Unknown column 'zfb' in 'field list'<hr/>Traces: <br/>file: /framework/class/db.class.php; line: 167; <br />file: /framework/function/pdo.func.php; line: 40; <br />file: /addons/ewei_shopv2/core/web/sysset/index.php; line: 96; <br />file: /addons/ewei_shopv2/core/model/route.php; line: 202; <br />file: /addons/ewei_shopv2/site.php; line: 34; <br />file: /web/source/site/entry.ctrl.php; line: 81; <br />file: /web/index.php; line: 201; <br />

2019-03-04 17:42:53 SQL Error :
------------
String:
SQL: <br/>select zfb,wx,yhk from `ims_ewei_shop_sysset` where uniacid=:uniacid <hr/>Params: <br/>array (
  ':uniacid' => 12,
)<hr/>SQL Error: <br/>Unknown column 'zfb' in 'field list'<hr/>Traces: <br/>file: /framework/class/db.class.php; line: 167; <br />file: /framework/function/pdo.func.php; line: 40; <br />file: /addons/ewei_shopv2/core/web/sysset/index.php; line: 96; <br />file: /addons/ewei_shopv2/core/model/route.php; line: 202; <br />file: /addons/ewei_shopv2/site.php; line: 34; <br />file: /web/source/site/entry.ctrl.php; line: 81; <br />file: /web/index.php; line: 201; <br />

2019-03-04 17:43:05 SQL Error :
------------
String:
SQL: <br/>select zfb,wx,yhk from `ims_ewei_shop_sysset` where uniacid=:uniacid <hr/>Params: <br/>array (
  ':uniacid' => 12,
)<hr/>SQL Error: <br/>Unknown column 'zfb' in 'field list'<hr/>Traces: <br/>file: /framework/class/db.class.php; line: 167; <br />file: /framework/function/pdo.func.php; line: 40; <br />file: /addons/ewei_shopv2/core/web/sysset/index.php; line: 96; <br />file: /addons/ewei_shopv2/core/model/route.php; line: 202; <br />file: /addons/ewei_shopv2/site.php; line: 34; <br />file: /web/source/site/entry.ctrl.php; line: 81; <br />file: /web/index.php; line: 201; <br />

2019-03-04 17:43:10 SQL Error :
------------
String:
SQL: <br/>select zfb,wx,yhk from `ims_ewei_shop_sysset` where uniacid=:uniacid <hr/>Params: <br/>array (
  ':uniacid' => 12,
)<hr/>SQL Error: <br/>Unknown column 'zfb' in 'field list'<hr/>Traces: <br/>file: /framework/class/db.class.php; line: 167; <br />file: /framework/function/pdo.func.php; line: 40; <br />file: /addons/ewei_shopv2/core/web/sysset/index.php; line: 96; <br />file: /addons/ewei_shopv2/core/model/route.php; line: 202; <br />file: /addons/ewei_shopv2/site.php; line: 34; <br />file: /web/source/site/entry.ctrl.php; line: 81; <br />file: /web/index.php; line: 201; <br />

2019-03-04 17:43:12 SQL Error :
------------
String:
SQL: <br/>select zfb,wx,yhk from `ims_ewei_shop_sysset` where uniacid=:uniacid <hr/>Params: <br/>array (
  ':uniacid' => 12,
)<hr/>SQL Error: <br/>Unknown column 'zfb' in 'field list'<hr/>Traces: <br/>file: /framework/class/db.class.php; line: 167; <br />file: /framework/function/pdo.func.php; line: 40; <br />file: /addons/ewei_shopv2/core/web/sysset/index.php; line: 96; <br />file: /addons/ewei_shopv2/core/model/route.php; line: 202; <br />file: /addons/ewei_shopv2/site.php; line: 34; <br />file: /web/source/site/entry.ctrl.php; line: 81; <br />file: /web/index.php; line: 201; <br />

2019-03-04 17:43:26 SQL Error :
------------
String:
SQL: <br/>select zfb,wx,yhk from `ims_ewei_shop_sysset` where uniacid=:uniacid <hr/>Params: <br/>array (
  ':uniacid' => 12,
)<hr/>SQL Error: <br/>Unknown column 'zfb' in 'field list'<hr/>Traces: <br/>file: /framework/class/db.class.php; line: 167; <br />file: /framework/function/pdo.func.php; line: 40; <br />file: /addons/ewei_shopv2/core/web/sysset/index.php; line: 96; <br />file: /addons/ewei_shopv2/core/model/route.php; line: 202; <br />file: /addons/ewei_shopv2/site.php; line: 34; <br />file: /web/source/site/entry.ctrl.php; line: 81; <br />file: /web/index.php; line: 201; <br />

2019-03-04 17:43:27 SQL Error :
------------
String:
SQL: <br/>select zfb,wx,yhk from `ims_ewei_shop_sysset` where uniacid=:uniacid <hr/>Params: <br/>array (
  ':uniacid' => 12,
)<hr/>SQL Error: <br/>Unknown column 'zfb' in 'field list'<hr/>Traces: <br/>file: /framework/class/db.class.php; line: 167; <br />file: /framework/function/pdo.func.php; line: 40; <br />file: /addons/ewei_shopv2/core/web/sysset/index.php; line: 96; <br />file: /addons/ewei_shopv2/core/model/route.php; line: 202; <br />file: /addons/ewei_shopv2/site.php; line: 34; <br />file: /web/source/site/entry.ctrl.php; line: 81; <br />file: /web/index.php; line: 201; <br />

2019-03-04 17:43:28 SQL Error :
------------
String:
SQL: <br/>select zfb,wx,yhk from `ims_ewei_shop_sysset` where uniacid=:uniacid <hr/>Params: <br/>array (
  ':uniacid' => 12,
)<hr/>SQL Error: <br/>Unknown column 'zfb' in 'field list'<hr/>Traces: <br/>file: /framework/class/db.class.php; line: 167; <br />file: /framework/function/pdo.func.php; line: 40; <br />file: /addons/ewei_shopv2/core/web/sysset/index.php; line: 96; <br />file: /addons/ewei_shopv2/core/model/route.php; line: 202; <br />file: /addons/ewei_shopv2/site.php; line: 34; <br />file: /web/source/site/entry.ctrl.php; line: 81; <br />file: /web/index.php; line: 201; <br />

2019-03-04 17:43:28 SQL Error :
------------
String:
SQL: <br/>select zfb,wx,yhk from `ims_ewei_shop_sysset` where uniacid=:uniacid <hr/>Params: <br/>array (
  ':uniacid' => 12,
)<hr/>SQL Error: <br/>Unknown column 'zfb' in 'field list'<hr/>Traces: <br/>file: /framework/class/db.class.php; line: 167; <br />file: /framework/function/pdo.func.php; line: 40; <br />file: /addons/ewei_shopv2/core/web/sysset/index.php; line: 96; <br />file: /addons/ewei_shopv2/core/model/route.php; line: 202; <br />file: /addons/ewei_shopv2/site.php; line: 34; <br />file: /web/source/site/entry.ctrl.php; line: 81; <br />file: /web/index.php; line: 201; <br />

2019-03-04 17:43:29 SQL Error :
------------
String:
SQL: <br/>select zfb,wx,yhk from `ims_ewei_shop_sysset` where uniacid=:uniacid <hr/>Params: <br/>array (
  ':uniacid' => 12,
)<hr/>SQL Error: <br/>Unknown column 'zfb' in 'field list'<hr/>Traces: <br/>file: /framework/class/db.class.php; line: 167; <br />file: /framework/function/pdo.func.php; line: 40; <br />file: /addons/ewei_shopv2/core/web/sysset/index.php; line: 96; <br />file: /addons/ewei_shopv2/core/model/route.php; line: 202; <br />file: /addons/ewei_shopv2/site.php; line: 34; <br />file: /web/source/site/entry.ctrl.php; line: 81; <br />file: /web/index.php; line: 201; <br />

2019-03-04 17:43:33 SQL Error :
------------
String:
SQL: <br/>select zfb,wx,yhk from `ims_ewei_shop_sysset` where uniacid=:uniacid <hr/>Params: <br/>array (
  ':uniacid' => 12,
)<hr/>SQL Error: <br/>Unknown column 'zfb' in 'field list'<hr/>Traces: <br/>file: /framework/class/db.class.php; line: 167; <br />file: /framework/function/pdo.func.php; line: 40; <br />file: /addons/ewei_shopv2/core/web/sysset/index.php; line: 96; <br />file: /addons/ewei_shopv2/core/model/route.php; line: 202; <br />file: /addons/ewei_shopv2/site.php; line: 34; <br />file: /web/source/site/entry.ctrl.php; line: 81; <br />file: /web/index.php; line: 201; <br />

2019-03-04 17:43:34 SQL Error :
------------
String:
SQL: <br/>select zfb,wx,yhk from `ims_ewei_shop_sysset` where uniacid=:uniacid <hr/>Params: <br/>array (
  ':uniacid' => 12,
)<hr/>SQL Error: <br/>Unknown column 'zfb' in 'field list'<hr/>Traces: <br/>file: /framework/class/db.class.php; line: 167; <br />file: /framework/function/pdo.func.php; line: 40; <br />file: /addons/ewei_shopv2/core/web/sysset/index.php; line: 96; <br />file: /addons/ewei_shopv2/core/model/route.php; line: 202; <br />file: /addons/ewei_shopv2/site.php; line: 34; <br />file: /web/source/site/entry.ctrl.php; line: 81; <br />file: /web/index.php; line: 201; <br />

2019-03-04 17:43:34 SQL Error :
------------
String:
SQL: <br/>select zfb,wx,yhk from `ims_ewei_shop_sysset` where uniacid=:uniacid <hr/>Params: <br/>array (
  ':uniacid' => 12,
)<hr/>SQL Error: <br/>Unknown column 'zfb' in 'field list'<hr/>Traces: <br/>file: /framework/class/db.class.php; line: 167; <br />file: /framework/function/pdo.func.php; line: 40; <br />file: /addons/ewei_shopv2/core/web/sysset/index.php; line: 96; <br />file: /addons/ewei_shopv2/core/model/route.php; line: 202; <br />file: /addons/ewei_shopv2/site.php; line: 34; <br />file: /web/source/site/entry.ctrl.php; line: 81; <br />file: /web/index.php; line: 201; <br />

2019-03-04 18:00:02 SQL Error :
------------
String:
SQL: <br/>select kefufile,wxfufile from`ims_ewei_shop_sysset`where uniacid=12<hr/>Params: <br/>array (
)<hr/>SQL Error: <br/>Unknown column 'wxfufile' in 'field list'<hr/>Traces: <br/>file: /framework/class/db.class.php; line: 167; <br />file: /framework/function/pdo.func.php; line: 40; <br />file: /addons/ewei_shopv2/core/mobile/member/index.php; line: 17; <br />file: /addons/ewei_shopv2/core/model/route.php; line: 202; <br />file: /addons/ewei_shopv2/site.php; line: 38; <br />file: /app/source/entry/site.ctrl.php; line: 12; <br />file: /app/index.php; line: 115; <br />

2019-03-04 18:00:09 SQL Error :
------------
String:
SQL: <br/>select kefufile,wxfufile from`ims_ewei_shop_sysset`where uniacid=12<hr/>Params: <br/>array (
)<hr/>SQL Error: <br/>Unknown column 'wxfufile' in 'field list'<hr/>Traces: <br/>file: /framework/class/db.class.php; line: 167; <br />file: /framework/function/pdo.func.php; line: 40; <br />file: /addons/ewei_shopv2/core/mobile/member/index.php; line: 17; <br />file: /addons/ewei_shopv2/core/model/route.php; line: 202; <br />file: /addons/ewei_shopv2/site.php; line: 38; <br />file: /app/source/entry/site.ctrl.php; line: 12; <br />file: /app/index.php; line: 115; <br />

2019-03-04 18:00:49 SQL Error :
------------
String:
SQL: <br/>select kefufile,wxfufile from`ims_ewei_shop_sysset`where uniacid=12<hr/>Params: <br/>array (
)<hr/>SQL Error: <br/>Unknown column 'wxfufile' in 'field list'<hr/>Traces: <br/>file: /framework/class/db.class.php; line: 167; <br />file: /framework/function/pdo.func.php; line: 40; <br />file: /addons/ewei_shopv2/core/mobile/member/index.php; line: 17; <br />file: /addons/ewei_shopv2/core/model/route.php; line: 202; <br />file: /addons/ewei_shopv2/site.php; line: 38; <br />file: /app/source/entry/site.ctrl.php; line: 12; <br />file: /app/index.php; line: 115; <br />

2019-03-04 18:00:58 SQL Error :
------------
String:
SQL: <br/>select kefufile,wxfufile from`ims_ewei_shop_sysset`where uniacid=12<hr/>Params: <br/>array (
)<hr/>SQL Error: <br/>Unknown column 'wxfufile' in 'field list'<hr/>Traces: <br/>file: /framework/class/db.class.php; line: 167; <br />file: /framework/function/pdo.func.php; line: 40; <br />file: /addons/ewei_shopv2/core/mobile/member/index.php; line: 17; <br />file: /addons/ewei_shopv2/core/model/route.php; line: 202; <br />file: /addons/ewei_shopv2/site.php; line: 38; <br />file: /app/source/entry/site.ctrl.php; line: 12; <br />file: /app/index.php; line: 115; <br />

2019-03-04 18:02:41 SQL Error :
------------
String:
SQL: <br/>select kefufile,wxfufile from`ims_ewei_shop_sysset`where uniacid=12<hr/>Params: <br/>array (
)<hr/>SQL Error: <br/>Unknown column 'wxfufile' in 'field list'<hr/>Traces: <br/>file: /framework/class/db.class.php; line: 167; <br />file: /framework/function/pdo.func.php; line: 40; <br />file: /addons/ewei_shopv2/core/mobile/member/index.php; line: 17; <br />file: /addons/ewei_shopv2/core/model/route.php; line: 202; <br />file: /addons/ewei_shopv2/site.php; line: 38; <br />file: /app/source/entry/site.ctrl.php; line: 12; <br />file: /app/index.php; line: 115; <br />

2019-03-04 18:02:47 SQL Error :
------------
String:
SQL: <br/>select kefufile,wxfufile from`ims_ewei_shop_sysset`where uniacid=12<hr/>Params: <br/>array (
)<hr/>SQL Error: <br/>Unknown column 'wxfufile' in 'field list'<hr/>Traces: <br/>file: /framework/class/db.class.php; line: 167; <br />file: /framework/function/pdo.func.php; line: 40; <br />file: /addons/ewei_shopv2/core/mobile/member/index.php; line: 17; <br />file: /addons/ewei_shopv2/core/model/route.php; line: 202; <br />file: /addons/ewei_shopv2/site.php; line: 38; <br />file: /app/source/entry/site.ctrl.php; line: 12; <br />file: /app/index.php; line: 115; <br />

2019-03-04 18:03:01 SQL Error :
------------
String:
SQL: <br/>select kefufile,wxfufile from`ims_ewei_shop_sysset`where uniacid=12<hr/>Params: <br/>array (
)<hr/>SQL Error: <br/>Unknown column 'wxfufile' in 'field list'<hr/>Traces: <br/>file: /framework/class/db.class.php; line: 167; <br />file: /framework/function/pdo.func.php; line: 40; <br />file: /addons/ewei_shopv2/core/mobile/member/index.php; line: 17; <br />file: /addons/ewei_shopv2/core/model/route.php; line: 202; <br />file: /addons/ewei_shopv2/site.php; line: 38; <br />file: /app/source/entry/site.ctrl.php; line: 12; <br />file: /app/index.php; line: 115; <br />

2019-03-04 18:03:35 SQL Error :
------------
String:
SQL: <br/>select kefufile,wxfufile from`ims_ewei_shop_sysset`where uniacid=12<hr/>Params: <br/>array (
)<hr/>SQL Error: <br/>Unknown column 'wxfufile' in 'field list'<hr/>Traces: <br/>file: /framework/class/db.class.php; line: 167; <br />file: /framework/function/pdo.func.php; line: 40; <br />file: /addons/ewei_shopv2/core/mobile/member/index.php; line: 17; <br />file: /addons/ewei_shopv2/core/model/route.php; line: 202; <br />file: /addons/ewei_shopv2/site.php; line: 38; <br />file: /app/source/entry/site.ctrl.php; line: 12; <br />file: /app/index.php; line: 115; <br />

2019-03-04 18:04:17 SQL Error :
------------
String:
SQL: <br/>select kefufile,wxfufile from`ims_ewei_shop_sysset`where uniacid=12<hr/>Params: <br/>array (
)<hr/>SQL Error: <br/>Unknown column 'wxfufile' in 'field list'<hr/>Traces: <br/>file: /framework/class/db.class.php; line: 167; <br />file: /framework/function/pdo.func.php; line: 40; <br />file: /addons/ewei_shopv2/core/mobile/member/index.php; line: 17; <br />file: /addons/ewei_shopv2/core/model/route.php; line: 202; <br />file: /addons/ewei_shopv2/site.php; line: 38; <br />file: /app/source/entry/site.ctrl.php; line: 12; <br />file: /app/index.php; line: 115; <br />

2019-03-04 18:04:17 SQL Error :
------------
String:
SQL: <br/>select kefufile,wxfufile from`ims_ewei_shop_sysset`where uniacid=12<hr/>Params: <br/>array (
)<hr/>SQL Error: <br/>Unknown column 'wxfufile' in 'field list'<hr/>Traces: <br/>file: /framework/class/db.class.php; line: 167; <br />file: /framework/function/pdo.func.php; line: 40; <br />file: /addons/ewei_shopv2/core/mobile/member/index.php; line: 17; <br />file: /addons/ewei_shopv2/core/model/route.php; line: 202; <br />file: /addons/ewei_shopv2/site.php; line: 38; <br />file: /app/source/entry/site.ctrl.php; line: 12; <br />file: /app/index.php; line: 115; <br />

2019-03-04 18:04:18 SQL Error :
------------
String:
SQL: <br/>select kefufile,wxfufile from`ims_ewei_shop_sysset`where uniacid=12<hr/>Params: <br/>array (
)<hr/>SQL Error: <br/>Unknown column 'wxfufile' in 'field list'<hr/>Traces: <br/>file: /framework/class/db.class.php; line: 167; <br />file: /framework/function/pdo.func.php; line: 40; <br />file: /addons/ewei_shopv2/core/mobile/member/index.php; line: 17; <br />file: /addons/ewei_shopv2/core/model/route.php; line: 202; <br />file: /addons/ewei_shopv2/site.php; line: 38; <br />file: /app/source/entry/site.ctrl.php; line: 12; <br />file: /app/index.php; line: 115; <br />

2019-03-04 18:04:18 SQL Error :
------------
String:
SQL: <br/>select kefufile,wxfufile from`ims_ewei_shop_sysset`where uniacid=12<hr/>Params: <br/>array (
)<hr/>SQL Error: <br/>Unknown column 'wxfufile' in 'field list'<hr/>Traces: <br/>file: /framework/class/db.class.php; line: 167; <br />file: /framework/function/pdo.func.php; line: 40; <br />file: /addons/ewei_shopv2/core/mobile/member/index.php; line: 17; <br />file: /addons/ewei_shopv2/core/model/route.php; line: 202; <br />file: /addons/ewei_shopv2/site.php; line: 38; <br />file: /app/source/entry/site.ctrl.php; line: 12; <br />file: /app/index.php; line: 115; <br />

2019-03-04 18:04:59 SQL Error :
------------
String:
SQL: <br/>select kefufile,wxfufile from`ims_ewei_shop_sysset`where uniacid=12<hr/>Params: <br/>array (
)<hr/>SQL Error: <br/>Unknown column 'wxfufile' in 'field list'<hr/>Traces: <br/>file: /framework/class/db.class.php; line: 167; <br />file: /framework/function/pdo.func.php; line: 40; <br />file: /addons/ewei_shopv2/core/mobile/member/index.php; line: 17; <br />file: /addons/ewei_shopv2/core/model/route.php; line: 202; <br />file: /addons/ewei_shopv2/site.php; line: 38; <br />file: /app/source/entry/site.ctrl.php; line: 12; <br />file: /app/index.php; line: 115; <br />

2019-03-04 18:05:00 SQL Error :
------------
String:
SQL: <br/>select kefufile,wxfufile from`ims_ewei_shop_sysset`where uniacid=12<hr/>Params: <br/>array (
)<hr/>SQL Error: <br/>Unknown column 'wxfufile' in 'field list'<hr/>Traces: <br/>file: /framework/class/db.class.php; line: 167; <br />file: /framework/function/pdo.func.php; line: 40; <br />file: /addons/ewei_shopv2/core/mobile/member/index.php; line: 17; <br />file: /addons/ewei_shopv2/core/model/route.php; line: 202; <br />file: /addons/ewei_shopv2/site.php; line: 38; <br />file: /app/source/entry/site.ctrl.php; line: 12; <br />file: /app/index.php; line: 115; <br />

2019-03-04 18:05:40 SQL Error :
------------
String:
SQL: <br/>select kefufile,wxfufile from`ims_ewei_shop_sysset`where uniacid=12<hr/>Params: <br/>array (
)<hr/>SQL Error: <br/>Unknown column 'wxfufile' in 'field list'<hr/>Traces: <br/>file: /framework/class/db.class.php; line: 167; <br />file: /framework/function/pdo.func.php; line: 40; <br />file: /addons/ewei_shopv2/core/mobile/member/index.php; line: 17; <br />file: /addons/ewei_shopv2/core/model/route.php; line: 202; <br />file: /addons/ewei_shopv2/site.php; line: 38; <br />file: /app/source/entry/site.ctrl.php; line: 12; <br />file: /app/index.php; line: 115; <br />

2019-03-04 18:05:50 SQL Error :
------------
String:
SQL: <br/>select kefufile,wxfufile from`ims_ewei_shop_sysset`where uniacid=12<hr/>Params: <br/>array (
)<hr/>SQL Error: <br/>Unknown column 'wxfufile' in 'field list'<hr/>Traces: <br/>file: /framework/class/db.class.php; line: 167; <br />file: /framework/function/pdo.func.php; line: 40; <br />file: /addons/ewei_shopv2/core/mobile/member/index.php; line: 17; <br />file: /addons/ewei_shopv2/core/model/route.php; line: 202; <br />file: /addons/ewei_shopv2/site.php; line: 38; <br />file: /app/source/entry/site.ctrl.php; line: 12; <br />file: /app/index.php; line: 115; <br />

2019-03-04 18:05:58 SQL Error :
------------
String:
SQL: <br/>select kefufile,wxfufile from`ims_ewei_shop_sysset`where uniacid=12<hr/>Params: <br/>array (
)<hr/>SQL Error: <br/>Unknown column 'wxfufile' in 'field list'<hr/>Traces: <br/>file: /framework/class/db.class.php; line: 167; <br />file: /framework/function/pdo.func.php; line: 40; <br />file: /addons/ewei_shopv2/core/mobile/member/index.php; line: 17; <br />file: /addons/ewei_shopv2/core/model/route.php; line: 202; <br />file: /addons/ewei_shopv2/site.php; line: 38; <br />file: /app/source/entry/site.ctrl.php; line: 12; <br />file: /app/index.php; line: 115; <br />

2019-03-04 18:06:16 SQL Error :
------------
String:
SQL: <br/>select kefufile,wxfufile from`ims_ewei_shop_sysset`where uniacid=12<hr/>Params: <br/>array (
)<hr/>SQL Error: <br/>Unknown column 'wxfufile' in 'field list'<hr/>Traces: <br/>file: /framework/class/db.class.php; line: 167; <br />file: /framework/function/pdo.func.php; line: 40; <br />file: /addons/ewei_shopv2/core/mobile/member/index.php; line: 17; <br />file: /addons/ewei_shopv2/core/model/route.php; line: 202; <br />file: /addons/ewei_shopv2/site.php; line: 38; <br />file: /app/source/entry/site.ctrl.php; line: 12; <br />file: /app/index.php; line: 115; <br />

