2019-04-09 11:12:51 SQL Error :
------------
String:
SQL: <br/>select id,couponid,openid,isparent,sendtime,price,merchid,isverify,addressid,isvirtualsend,virtual,dispatchtype from `ims_ewei_shop_order` where uniacid=12 and status=2 <hr/>Params: <br/>array (
)<hr/>SQL Error: <br/>You have an error in your SQL syntax; check the manual that corresponds to your MySQL server version for the right syntax to use near 'virtual,dispatchtype from `ims_ewei_shop_order` where uniacid=12 and status=2' at line 1<hr/>Traces: <br/>file: /framework/class/db.class.php; line: 194; <br />file: /framework/function/pdo.func.php; line: 44; <br />file: /addons/ewei_shopv2/core/task/order/receive.php; line: 23; <br />

2019-04-09 12:10:17 SQL Error :
------------
String:
SQL: <br/>select g.*,m.nickname from`ims_ewei_zhuanzhang`g left join`ims_ewei_shop_member`m on g.openid=m.openid where g.openid=wap_user_12_18228178860 order by g.createtime desc<hr/>Params: <br/>array (
)<hr/>SQL Error: <br/>Unknown column 'wap_user_12_18228178860' in 'where clause'<hr/>Traces: <br/>file: /framework/class/db.class.php; line: 194; <br />file: /framework/function/pdo.func.php; line: 44; <br />file: /addons/ewei_shopv2/core/mobile/member/investmentjilu.php; line: 102; <br />file: /addons/ewei_shopv2/core/model/route.php; line: 202; <br />file: /addons/ewei_shopv2/site.php; line: 38; <br />file: /app/source/entry/site.ctrl.php; line: 13; <br />file: /app/index.php; line: 121; <br />

2019-04-09 12:11:43 SQL Error :
------------
String:
SQL: <br/>select g.*,m.nickname from`ims_ewei_zhuanzhang`g left join`ims_ewei_shop_member`m on g.openid=m.openid where g.openid=wap_user_12_18228178860 order by g.createtime desc<hr/>Params: <br/>array (
)<hr/>SQL Error: <br/>Unknown column 'wap_user_12_18228178860' in 'where clause'<hr/>Traces: <br/>file: /framework/class/db.class.php; line: 194; <br />file: /framework/function/pdo.func.php; line: 44; <br />file: /addons/ewei_shopv2/core/mobile/member/investmentjilu.php; line: 102; <br />file: /addons/ewei_shopv2/core/model/route.php; line: 202; <br />file: /addons/ewei_shopv2/site.php; line: 38; <br />file: /app/source/entry/site.ctrl.php; line: 13; <br />file: /app/index.php; line: 121; <br />

2019-04-09 12:16:55 SQL Error :
------------
String:
SQL: <br/>select g.*,m.nickname from`ims_ewei_zhuanzhang`g left join`ims_ewei_shop_member`m on g.openid=m.openid where g.openid=wap_user_12_18228178860 order by g.createtime desc<hr/>Params: <br/>array (
)<hr/>SQL Error: <br/>Unknown column 'wap_user_12_18228178860' in 'where clause'<hr/>Traces: <br/>file: /framework/class/db.class.php; line: 194; <br />file: /framework/function/pdo.func.php; line: 44; <br />file: /addons/ewei_shopv2/core/mobile/member/investmentjilu.php; line: 102; <br />file: /addons/ewei_shopv2/core/model/route.php; line: 202; <br />file: /addons/ewei_shopv2/site.php; line: 38; <br />file: /app/source/entry/site.ctrl.php; line: 13; <br />file: /app/index.php; line: 121; <br />

2019-04-09 12:18:40 SQL Error :
------------
String:
SQL: <br/>select g.*,m.nickname from`ims_ewei_zhuanzhang`g left join`ims_ewei_shop_member`m on g.openid=m.openid where g.openid=wap_user_12_18228178860 order by g.createtime desc<hr/>Params: <br/>array (
)<hr/>SQL Error: <br/>Unknown column 'wap_user_12_18228178860' in 'where clause'<hr/>Traces: <br/>file: /framework/class/db.class.php; line: 194; <br />file: /framework/function/pdo.func.php; line: 44; <br />file: /addons/ewei_shopv2/core/mobile/member/investmentjilu.php; line: 102; <br />file: /addons/ewei_shopv2/core/model/route.php; line: 202; <br />file: /addons/ewei_shopv2/site.php; line: 38; <br />file: /app/source/entry/site.ctrl.php; line: 13; <br />file: /app/index.php; line: 121; <br />

2019-04-09 12:23:18 SQL Error :
------------
String:
SQL: <br/>select g.*,m.nickname from`ims_ewei_zhuanzhang`g left join`ims_ewei_shop_member`m on g.openid=m.openid where g.openid=wap_user_12_18228178860 order by g.createtime desc<hr/>Params: <br/>array (
)<hr/>SQL Error: <br/>Unknown column 'wap_user_12_18228178860' in 'where clause'<hr/>Traces: <br/>file: /framework/class/db.class.php; line: 194; <br />file: /framework/function/pdo.func.php; line: 44; <br />file: /addons/ewei_shopv2/core/mobile/member/investmentjilu.php; line: 102; <br />file: /addons/ewei_shopv2/core/model/route.php; line: 202; <br />file: /addons/ewei_shopv2/site.php; line: 38; <br />file: /app/source/entry/site.ctrl.php; line: 13; <br />file: /app/index.php; line: 121; <br />

2019-04-09 12:23:47 SQL Error :
------------
String:
SQL: <br/>select g.*,m.nickname from`ims_ewei_zhuanzhang`g left join`ims_ewei_shop_member`m on g.openid=m.openid where g.openid=wap_user_12_18228178860 order by g.createtime desc<hr/>Params: <br/>array (
)<hr/>SQL Error: <br/>Unknown column 'wap_user_12_18228178860' in 'where clause'<hr/>Traces: <br/>file: /framework/class/db.class.php; line: 194; <br />file: /framework/function/pdo.func.php; line: 44; <br />file: /addons/ewei_shopv2/core/mobile/member/investmentjilu.php; line: 102; <br />file: /addons/ewei_shopv2/core/model/route.php; line: 202; <br />file: /addons/ewei_shopv2/site.php; line: 38; <br />file: /app/source/entry/site.ctrl.php; line: 13; <br />file: /app/index.php; line: 121; <br />

2019-04-09 12:25:17 SQL Error :
------------
String:
SQL: <br/>select g.*,m.nickname from`ims_ewei_zhuanzhang`g left join`ims_ewei_shop_member`m on g.openid=m.openid where g.openid=wap_user_12_18228178860 order by g.createtime desc<hr/>Params: <br/>array (
)<hr/>SQL Error: <br/>Unknown column 'wap_user_12_18228178860' in 'where clause'<hr/>Traces: <br/>file: /framework/class/db.class.php; line: 194; <br />file: /framework/function/pdo.func.php; line: 44; <br />file: /addons/ewei_shopv2/core/mobile/member/investmentjilu.php; line: 102; <br />file: /addons/ewei_shopv2/core/model/route.php; line: 202; <br />file: /addons/ewei_shopv2/site.php; line: 38; <br />file: /app/source/entry/site.ctrl.php; line: 13; <br />file: /app/index.php; line: 121; <br />

2019-04-09 12:25:21 SQL Error :
------------
String:
SQL: <br/>select g.*,m.nickname from`ims_ewei_zhuanzhang`g left join`ims_ewei_shop_member`m on g.openid=m.openid where g.openid=wap_user_12_18228178860 order by g.createtime desc<hr/>Params: <br/>array (
)<hr/>SQL Error: <br/>Unknown column 'wap_user_12_18228178860' in 'where clause'<hr/>Traces: <br/>file: /framework/class/db.class.php; line: 194; <br />file: /framework/function/pdo.func.php; line: 44; <br />file: /addons/ewei_shopv2/core/mobile/member/investmentjilu.php; line: 102; <br />file: /addons/ewei_shopv2/core/model/route.php; line: 202; <br />file: /addons/ewei_shopv2/site.php; line: 38; <br />file: /app/source/entry/site.ctrl.php; line: 13; <br />file: /app/index.php; line: 121; <br />

2019-04-09 14:17:28 SQL Error :
------------
String:
SQL: <br/>select id,couponid,openid,isparent,sendtime,price,merchid,isverify,addressid,isvirtualsend,virtual,dispatchtype from `ims_ewei_shop_order` where uniacid=12 and status=2 <hr/>Params: <br/>array (
)<hr/>SQL Error: <br/>You have an error in your SQL syntax; check the manual that corresponds to your MySQL server version for the right syntax to use near 'virtual,dispatchtype from `ims_ewei_shop_order` where uniacid=12 and status=2' at line 1<hr/>Traces: <br/>file: /framework/class/db.class.php; line: 194; <br />file: /framework/function/pdo.func.php; line: 44; <br />file: /addons/ewei_shopv2/core/task/order/receive.php; line: 23; <br />

