2019-02-18 10:36:10 SQL Error :
------------
String:
SQL: <br/>REPLACE INTO `ims_core_settings` SET `key` =  :key_1 , `value` =  :value_2<hr/>Params: <br/>array (
  ':key_1' => 'cloudip',
  ':value_2' => 'a:0:{}',
)<hr/>SQL Error: <br/>MySQL server has gone away<hr/>Traces: <br/>file: /framework/class/db.class.php; line: 115; <br />file: /framework/class/db.class.php; line: 285; <br />file: /framework/function/pdo.func.php; line: 71; <br />file: /framework/model/setting.mod.php; line: 24; <br />file: /framework/model/cloud.mod.php; line: 138; <br />file: /framework/model/cloud.mod.php; line: 379; <br />file: /framework/model/module.mod.php; line: 492; <br />file: /web/source/module/manage-account.ctrl.php; line: 22; <br />file: /web/index.php; line: 213; <br />

2019-02-18 10:36:10 SQL Error :
------------
String:
SQL: <br/>REPLACE INTO `ims_core_cache` SET `key` =  :key_1 , `value` =  :value_2<hr/>Params: <br/>array (
  ':key_1' => 'setting',
  ':value_2' => 's:0:"";',
)<hr/>SQL Error: <br/>MySQL server has gone away<hr/>Traces: <br/>file: /framework/class/db.class.php; line: 115; <br />file: /framework/class/db.class.php; line: 285; <br />file: /framework/function/pdo.func.php; line: 71; <br />file: /framework/function/cache.mysql.func.php; line: 55; <br />file: /framework/model/setting.mod.php; line: 27; <br />file: /framework/model/cloud.mod.php; line: 138; <br />file: /framework/model/cloud.mod.php; line: 379; <br />file: /framework/model/module.mod.php; line: 492; <br />file: /web/source/module/manage-account.ctrl.php; line: 22; <br />file: /web/index.php; line: 213; <br />

2019-02-18 10:36:10 SQL Error :
------------
String:
SQL: <br/>SELECT `value` FROM `ims_core_cache` WHERE `key` =  :__key_1  LIMIT 1<hr/>Params: <br/>array (
  ':__key_1' => 'we7:module_setting:12:ewei_shopv2',
)<hr/>SQL Error: <br/>MySQL server has gone away<hr/>Traces: <br/>file: /framework/class/db.class.php; line: 167; <br />file: /framework/class/db.class.php; line: 227; <br />file: /framework/class/db.class.php; line: 259; <br />file: /framework/function/pdo.func.php; line: 61; <br />file: /framework/function/cache.mysql.func.php; line: 10; <br />file: /framework/function/cache.func.php; line: 39; <br />file: /framework/model/module.mod.php; line: 304; <br />file: /framework/model/module.mod.php; line: 497; <br />file: /web/source/module/manage-account.ctrl.php; line: 22; <br />file: /web/index.php; line: 213; <br />

2019-02-18 10:36:10 SQL Error :
------------
String:
SQL: <br/>SELECT * FROM `ims_uni_account_modules` WHERE `module` =  :__module_1 AND `uniacid` =  :__uniacid_2  LIMIT 1<hr/>Params: <br/>array (
  ':__module_1' => 'ewei_shopv2',
  ':__uniacid_2' => 12,
)<hr/>SQL Error: <br/>MySQL server has gone away<hr/>Traces: <br/>file: /framework/class/db.class.php; line: 167; <br />file: /framework/class/db.class.php; line: 227; <br />file: /framework/function/pdo.func.php; line: 49; <br />file: /framework/model/module.mod.php; line: 306; <br />file: /framework/model/module.mod.php; line: 497; <br />file: /web/source/module/manage-account.ctrl.php; line: 22; <br />file: /web/index.php; line: 213; <br />

2019-02-18 14:13:59 SQL Error :
------------
String:
SQL: <br/>REPLACE INTO `ims_core_settings` SET `key` =  :key_1 , `value` =  :value_2<hr/>Params: <br/>array (
  ':key_1' => 'cloudip',
  ':value_2' => 'a:0:{}',
)<hr/>SQL Error: <br/>MySQL server has gone away<hr/>Traces: <br/>file: /framework/class/db.class.php; line: 115; <br />file: /framework/class/db.class.php; line: 285; <br />file: /framework/function/pdo.func.php; line: 71; <br />file: /framework/model/setting.mod.php; line: 24; <br />file: /framework/model/cloud.mod.php; line: 138; <br />file: /framework/model/cloud.mod.php; line: 379; <br />file: /framework/model/module.mod.php; line: 492; <br />file: /web/source/module/manage-account.ctrl.php; line: 22; <br />file: /web/index.php; line: 213; <br />

2019-02-18 14:13:59 SQL Error :
------------
String:
SQL: <br/>REPLACE INTO `ims_core_cache` SET `key` =  :key_1 , `value` =  :value_2<hr/>Params: <br/>array (
  ':key_1' => 'setting',
  ':value_2' => 's:0:"";',
)<hr/>SQL Error: <br/>MySQL server has gone away<hr/>Traces: <br/>file: /framework/class/db.class.php; line: 115; <br />file: /framework/class/db.class.php; line: 285; <br />file: /framework/function/pdo.func.php; line: 71; <br />file: /framework/function/cache.mysql.func.php; line: 55; <br />file: /framework/model/setting.mod.php; line: 27; <br />file: /framework/model/cloud.mod.php; line: 138; <br />file: /framework/model/cloud.mod.php; line: 379; <br />file: /framework/model/module.mod.php; line: 492; <br />file: /web/source/module/manage-account.ctrl.php; line: 22; <br />file: /web/index.php; line: 213; <br />

2019-02-18 14:13:59 SQL Error :
------------
String:
SQL: <br/>SELECT `value` FROM `ims_core_cache` WHERE `key` =  :__key_1  LIMIT 1<hr/>Params: <br/>array (
  ':__key_1' => 'we7:module_setting:12:ewei_shopv2',
)<hr/>SQL Error: <br/>MySQL server has gone away<hr/>Traces: <br/>file: /framework/class/db.class.php; line: 167; <br />file: /framework/class/db.class.php; line: 227; <br />file: /framework/class/db.class.php; line: 259; <br />file: /framework/function/pdo.func.php; line: 61; <br />file: /framework/function/cache.mysql.func.php; line: 10; <br />file: /framework/function/cache.func.php; line: 39; <br />file: /framework/model/module.mod.php; line: 304; <br />file: /framework/model/module.mod.php; line: 497; <br />file: /web/source/module/manage-account.ctrl.php; line: 22; <br />file: /web/index.php; line: 213; <br />

2019-02-18 14:13:59 SQL Error :
------------
String:
SQL: <br/>SELECT * FROM `ims_uni_account_modules` WHERE `module` =  :__module_1 AND `uniacid` =  :__uniacid_2  LIMIT 1<hr/>Params: <br/>array (
  ':__module_1' => 'ewei_shopv2',
  ':__uniacid_2' => 12,
)<hr/>SQL Error: <br/>MySQL server has gone away<hr/>Traces: <br/>file: /framework/class/db.class.php; line: 167; <br />file: /framework/class/db.class.php; line: 227; <br />file: /framework/function/pdo.func.php; line: 49; <br />file: /framework/model/module.mod.php; line: 306; <br />file: /framework/model/module.mod.php; line: 497; <br />file: /web/source/module/manage-account.ctrl.php; line: 22; <br />file: /web/index.php; line: 213; <br />

2019-02-18 14:49:03 SQL Error :
------------
String:
SQL: <br/>REPLACE INTO `ims_core_settings` SET `key` =  :key_1 , `value` =  :value_2<hr/>Params: <br/>array (
  ':key_1' => 'cloudip',
  ':value_2' => 'a:0:{}',
)<hr/>SQL Error: <br/>MySQL server has gone away<hr/>Traces: <br/>file: /framework/class/db.class.php; line: 115; <br />file: /framework/class/db.class.php; line: 285; <br />file: /framework/function/pdo.func.php; line: 71; <br />file: /framework/model/setting.mod.php; line: 24; <br />file: /framework/model/cloud.mod.php; line: 138; <br />file: /framework/model/cloud.mod.php; line: 379; <br />file: /framework/model/module.mod.php; line: 492; <br />file: /web/source/module/manage-account.ctrl.php; line: 22; <br />file: /web/index.php; line: 213; <br />

2019-02-18 14:49:03 SQL Error :
------------
String:
SQL: <br/>REPLACE INTO `ims_core_cache` SET `key` =  :key_1 , `value` =  :value_2<hr/>Params: <br/>array (
  ':key_1' => 'setting',
  ':value_2' => 's:0:"";',
)<hr/>SQL Error: <br/>MySQL server has gone away<hr/>Traces: <br/>file: /framework/class/db.class.php; line: 115; <br />file: /framework/class/db.class.php; line: 285; <br />file: /framework/function/pdo.func.php; line: 71; <br />file: /framework/function/cache.mysql.func.php; line: 55; <br />file: /framework/model/setting.mod.php; line: 27; <br />file: /framework/model/cloud.mod.php; line: 138; <br />file: /framework/model/cloud.mod.php; line: 379; <br />file: /framework/model/module.mod.php; line: 492; <br />file: /web/source/module/manage-account.ctrl.php; line: 22; <br />file: /web/index.php; line: 213; <br />

2019-02-18 14:49:04 SQL Error :
------------
String:
SQL: <br/>SELECT `value` FROM `ims_core_cache` WHERE `key` =  :__key_1  LIMIT 1<hr/>Params: <br/>array (
  ':__key_1' => 'we7:module_setting:12:ewei_shopv2',
)<hr/>SQL Error: <br/>MySQL server has gone away<hr/>Traces: <br/>file: /framework/class/db.class.php; line: 167; <br />file: /framework/class/db.class.php; line: 227; <br />file: /framework/class/db.class.php; line: 259; <br />file: /framework/function/pdo.func.php; line: 61; <br />file: /framework/function/cache.mysql.func.php; line: 10; <br />file: /framework/function/cache.func.php; line: 39; <br />file: /framework/model/module.mod.php; line: 304; <br />file: /framework/model/module.mod.php; line: 497; <br />file: /web/source/module/manage-account.ctrl.php; line: 22; <br />file: /web/index.php; line: 213; <br />

2019-02-18 14:49:04 SQL Error :
------------
String:
SQL: <br/>SELECT * FROM `ims_uni_account_modules` WHERE `module` =  :__module_1 AND `uniacid` =  :__uniacid_2  LIMIT 1<hr/>Params: <br/>array (
  ':__module_1' => 'ewei_shopv2',
  ':__uniacid_2' => 12,
)<hr/>SQL Error: <br/>MySQL server has gone away<hr/>Traces: <br/>file: /framework/class/db.class.php; line: 167; <br />file: /framework/class/db.class.php; line: 227; <br />file: /framework/function/pdo.func.php; line: 49; <br />file: /framework/model/module.mod.php; line: 306; <br />file: /framework/model/module.mod.php; line: 497; <br />file: /web/source/module/manage-account.ctrl.php; line: 22; <br />file: /web/index.php; line: 213; <br />

2019-02-18 15:13:05 SQL Error :
------------
String:
SQL: <br/>SELECT `value` FROM `ims_core_cache` WHERE `key` =  :__key_1  LIMIT 1<hr/>Params: <br/>array (
  ':__key_1' => 'we7:module_setting:12:ewei_shopv2',
)<hr/>SQL Error: <br/>MySQL server has gone away<hr/>Traces: <br/>file: /framework/class/db.class.php; line: 167; <br />file: /framework/class/db.class.php; line: 227; <br />file: /framework/class/db.class.php; line: 259; <br />file: /framework/function/pdo.func.php; line: 61; <br />file: /framework/function/cache.mysql.func.php; line: 10; <br />file: /framework/function/cache.func.php; line: 39; <br />file: /framework/model/module.mod.php; line: 304; <br />file: /framework/model/module.mod.php; line: 497; <br />file: /web/source/module/manage-account.ctrl.php; line: 22; <br />file: /web/index.php; line: 213; <br />

2019-02-18 15:13:05 SQL Error :
------------
String:
SQL: <br/>SELECT * FROM `ims_uni_account_modules` WHERE `module` =  :__module_1 AND `uniacid` =  :__uniacid_2  LIMIT 1<hr/>Params: <br/>array (
  ':__module_1' => 'ewei_shopv2',
  ':__uniacid_2' => 12,
)<hr/>SQL Error: <br/>MySQL server has gone away<hr/>Traces: <br/>file: /framework/class/db.class.php; line: 167; <br />file: /framework/class/db.class.php; line: 227; <br />file: /framework/function/pdo.func.php; line: 49; <br />file: /framework/model/module.mod.php; line: 306; <br />file: /framework/model/module.mod.php; line: 497; <br />file: /web/source/module/manage-account.ctrl.php; line: 22; <br />file: /web/index.php; line: 213; <br />

2019-02-18 15:14:09 SQL Error :
------------
String:
SQL: <br/>SELECT `value` FROM `ims_core_cache` WHERE `key` =  :__key_1  LIMIT 1<hr/>Params: <br/>array (
  ':__key_1' => 'we7:module_setting:12:ewei_shopv2',
)<hr/>SQL Error: <br/>MySQL server has gone away<hr/>Traces: <br/>file: /framework/class/db.class.php; line: 167; <br />file: /framework/class/db.class.php; line: 227; <br />file: /framework/class/db.class.php; line: 259; <br />file: /framework/function/pdo.func.php; line: 61; <br />file: /framework/function/cache.mysql.func.php; line: 10; <br />file: /framework/function/cache.func.php; line: 39; <br />file: /framework/model/module.mod.php; line: 304; <br />file: /framework/model/module.mod.php; line: 497; <br />file: /web/source/module/manage-account.ctrl.php; line: 22; <br />file: /web/index.php; line: 213; <br />

2019-02-18 15:14:09 SQL Error :
------------
String:
SQL: <br/>SELECT * FROM `ims_uni_account_modules` WHERE `module` =  :__module_1 AND `uniacid` =  :__uniacid_2  LIMIT 1<hr/>Params: <br/>array (
  ':__module_1' => 'ewei_shopv2',
  ':__uniacid_2' => 12,
)<hr/>SQL Error: <br/>MySQL server has gone away<hr/>Traces: <br/>file: /framework/class/db.class.php; line: 167; <br />file: /framework/class/db.class.php; line: 227; <br />file: /framework/function/pdo.func.php; line: 49; <br />file: /framework/model/module.mod.php; line: 306; <br />file: /framework/model/module.mod.php; line: 497; <br />file: /web/source/module/manage-account.ctrl.php; line: 22; <br />file: /web/index.php; line: 213; <br />

2019-02-18 15:14:12 SQL Error :
------------
String:
SQL: <br/>SELECT `value` FROM `ims_core_cache` WHERE `key` =  :__key_1  LIMIT 1<hr/>Params: <br/>array (
  ':__key_1' => 'we7:module_setting:12:ewei_shopv2',
)<hr/>SQL Error: <br/>MySQL server has gone away<hr/>Traces: <br/>file: /framework/class/db.class.php; line: 167; <br />file: /framework/class/db.class.php; line: 227; <br />file: /framework/class/db.class.php; line: 259; <br />file: /framework/function/pdo.func.php; line: 61; <br />file: /framework/function/cache.mysql.func.php; line: 10; <br />file: /framework/function/cache.func.php; line: 39; <br />file: /framework/model/module.mod.php; line: 304; <br />file: /framework/model/module.mod.php; line: 497; <br />file: /web/source/module/manage-account.ctrl.php; line: 22; <br />file: /web/index.php; line: 213; <br />

2019-02-18 15:14:12 SQL Error :
------------
String:
SQL: <br/>SELECT * FROM `ims_uni_account_modules` WHERE `module` =  :__module_1 AND `uniacid` =  :__uniacid_2  LIMIT 1<hr/>Params: <br/>array (
  ':__module_1' => 'ewei_shopv2',
  ':__uniacid_2' => 12,
)<hr/>SQL Error: <br/>MySQL server has gone away<hr/>Traces: <br/>file: /framework/class/db.class.php; line: 167; <br />file: /framework/class/db.class.php; line: 227; <br />file: /framework/function/pdo.func.php; line: 49; <br />file: /framework/model/module.mod.php; line: 306; <br />file: /framework/model/module.mod.php; line: 497; <br />file: /web/source/module/manage-account.ctrl.php; line: 22; <br />file: /web/index.php; line: 213; <br />

2019-02-18 15:14:17 SQL Error :
------------
String:
SQL: <br/>SELECT `value` FROM `ims_core_cache` WHERE `key` =  :__key_1  LIMIT 1<hr/>Params: <br/>array (
  ':__key_1' => 'we7:module_setting:12:ewei_shopv2',
)<hr/>SQL Error: <br/>MySQL server has gone away<hr/>Traces: <br/>file: /framework/class/db.class.php; line: 167; <br />file: /framework/class/db.class.php; line: 227; <br />file: /framework/class/db.class.php; line: 259; <br />file: /framework/function/pdo.func.php; line: 61; <br />file: /framework/function/cache.mysql.func.php; line: 10; <br />file: /framework/function/cache.func.php; line: 39; <br />file: /framework/model/module.mod.php; line: 304; <br />file: /framework/model/module.mod.php; line: 497; <br />file: /web/source/module/manage-account.ctrl.php; line: 22; <br />file: /web/index.php; line: 213; <br />

2019-02-18 15:14:17 SQL Error :
------------
String:
SQL: <br/>SELECT * FROM `ims_uni_account_modules` WHERE `module` =  :__module_1 AND `uniacid` =  :__uniacid_2  LIMIT 1<hr/>Params: <br/>array (
  ':__module_1' => 'ewei_shopv2',
  ':__uniacid_2' => 12,
)<hr/>SQL Error: <br/>MySQL server has gone away<hr/>Traces: <br/>file: /framework/class/db.class.php; line: 167; <br />file: /framework/class/db.class.php; line: 227; <br />file: /framework/function/pdo.func.php; line: 49; <br />file: /framework/model/module.mod.php; line: 306; <br />file: /framework/model/module.mod.php; line: 497; <br />file: /web/source/module/manage-account.ctrl.php; line: 22; <br />file: /web/index.php; line: 213; <br />

2019-02-18 15:15:15 SQL Error :
------------
String:
SQL: <br/>REPLACE INTO `ims_core_settings` SET `key` =  :key_1 , `value` =  :value_2<hr/>Params: <br/>array (
  ':key_1' => 'cloudip',
  ':value_2' => 'a:0:{}',
)<hr/>SQL Error: <br/>MySQL server has gone away<hr/>Traces: <br/>file: /framework/class/db.class.php; line: 115; <br />file: /framework/class/db.class.php; line: 285; <br />file: /framework/function/pdo.func.php; line: 71; <br />file: /framework/model/setting.mod.php; line: 24; <br />file: /framework/model/cloud.mod.php; line: 138; <br />file: /framework/model/cloud.mod.php; line: 379; <br />file: /framework/model/module.mod.php; line: 492; <br />file: /web/source/module/manage-account.ctrl.php; line: 22; <br />file: /web/index.php; line: 213; <br />

2019-02-18 15:15:15 SQL Error :
------------
String:
SQL: <br/>REPLACE INTO `ims_core_cache` SET `key` =  :key_1 , `value` =  :value_2<hr/>Params: <br/>array (
  ':key_1' => 'setting',
  ':value_2' => 's:0:"";',
)<hr/>SQL Error: <br/>MySQL server has gone away<hr/>Traces: <br/>file: /framework/class/db.class.php; line: 115; <br />file: /framework/class/db.class.php; line: 285; <br />file: /framework/function/pdo.func.php; line: 71; <br />file: /framework/function/cache.mysql.func.php; line: 55; <br />file: /framework/model/setting.mod.php; line: 27; <br />file: /framework/model/cloud.mod.php; line: 138; <br />file: /framework/model/cloud.mod.php; line: 379; <br />file: /framework/model/module.mod.php; line: 492; <br />file: /web/source/module/manage-account.ctrl.php; line: 22; <br />file: /web/index.php; line: 213; <br />

2019-02-18 15:15:16 SQL Error :
------------
String:
SQL: <br/>SELECT `value` FROM `ims_core_cache` WHERE `key` =  :__key_1  LIMIT 1<hr/>Params: <br/>array (
  ':__key_1' => 'we7:module_setting:12:ewei_shopv2',
)<hr/>SQL Error: <br/>MySQL server has gone away<hr/>Traces: <br/>file: /framework/class/db.class.php; line: 167; <br />file: /framework/class/db.class.php; line: 227; <br />file: /framework/class/db.class.php; line: 259; <br />file: /framework/function/pdo.func.php; line: 61; <br />file: /framework/function/cache.mysql.func.php; line: 10; <br />file: /framework/function/cache.func.php; line: 39; <br />file: /framework/model/module.mod.php; line: 304; <br />file: /framework/model/module.mod.php; line: 497; <br />file: /web/source/module/manage-account.ctrl.php; line: 22; <br />file: /web/index.php; line: 213; <br />

2019-02-18 15:15:16 SQL Error :
------------
String:
SQL: <br/>SELECT * FROM `ims_uni_account_modules` WHERE `module` =  :__module_1 AND `uniacid` =  :__uniacid_2  LIMIT 1<hr/>Params: <br/>array (
  ':__module_1' => 'ewei_shopv2',
  ':__uniacid_2' => 12,
)<hr/>SQL Error: <br/>MySQL server has gone away<hr/>Traces: <br/>file: /framework/class/db.class.php; line: 167; <br />file: /framework/class/db.class.php; line: 227; <br />file: /framework/function/pdo.func.php; line: 49; <br />file: /framework/model/module.mod.php; line: 306; <br />file: /framework/model/module.mod.php; line: 497; <br />file: /web/source/module/manage-account.ctrl.php; line: 22; <br />file: /web/index.php; line: 213; <br />

2019-02-18 16:10:09 SQL Error :
------------
String:
SQL: <br/>select sum(money) from`ims_ewei_shop_member_log`where uniacid=12 and openid=wap_user_12_17671252557<hr/>Params: <br/>array (
)<hr/>SQL Error: <br/>Unknown column 'wap_user_12_17671252557' in 'where clause'<hr/>Traces: <br/>file: /framework/class/db.class.php; line: 167; <br />file: /framework/function/pdo.func.php; line: 40; <br />file: /addons/ewei_shopv2/core/mobile/member/index.php; line: 67; <br />file: /addons/ewei_shopv2/core/model/route.php; line: 202; <br />file: /addons/ewei_shopv2/site.php; line: 38; <br />file: /app/source/entry/site.ctrl.php; line: 12; <br />file: /app/index.php; line: 115; <br />

2019-02-18 16:10:35 SQL Error :
------------
String:
SQL: <br/>select sum(money) from`ims_ewei_shop_member_log`where uniacid=12 and openid=wap_user_12_17671252557<hr/>Params: <br/>array (
)<hr/>SQL Error: <br/>Unknown column 'wap_user_12_17671252557' in 'where clause'<hr/>Traces: <br/>file: /framework/class/db.class.php; line: 167; <br />file: /framework/function/pdo.func.php; line: 40; <br />file: /addons/ewei_shopv2/core/mobile/member/index.php; line: 67; <br />file: /addons/ewei_shopv2/core/model/route.php; line: 202; <br />file: /addons/ewei_shopv2/site.php; line: 38; <br />file: /app/source/entry/site.ctrl.php; line: 12; <br />file: /app/index.php; line: 115; <br />

2019-02-18 16:10:37 SQL Error :
------------
String:
SQL: <br/>select sum(money) from`ims_ewei_shop_member_log`where uniacid=12 and openid=wap_user_12_17671252557<hr/>Params: <br/>array (
)<hr/>SQL Error: <br/>Unknown column 'wap_user_12_17671252557' in 'where clause'<hr/>Traces: <br/>file: /framework/class/db.class.php; line: 167; <br />file: /framework/function/pdo.func.php; line: 40; <br />file: /addons/ewei_shopv2/core/mobile/member/index.php; line: 67; <br />file: /addons/ewei_shopv2/core/model/route.php; line: 202; <br />file: /addons/ewei_shopv2/site.php; line: 38; <br />file: /app/source/entry/site.ctrl.php; line: 12; <br />file: /app/index.php; line: 115; <br />

2019-02-18 16:10:37 SQL Error :
------------
String:
SQL: <br/>select sum(money) from`ims_ewei_shop_member_log`where uniacid=12 and openid=wap_user_12_17671252557<hr/>Params: <br/>array (
)<hr/>SQL Error: <br/>Unknown column 'wap_user_12_17671252557' in 'where clause'<hr/>Traces: <br/>file: /framework/class/db.class.php; line: 167; <br />file: /framework/function/pdo.func.php; line: 40; <br />file: /addons/ewei_shopv2/core/mobile/member/index.php; line: 67; <br />file: /addons/ewei_shopv2/core/model/route.php; line: 202; <br />file: /addons/ewei_shopv2/site.php; line: 38; <br />file: /app/source/entry/site.ctrl.php; line: 12; <br />file: /app/index.php; line: 115; <br />

2019-02-18 16:10:45 SQL Error :
------------
String:
SQL: <br/>select sum(money) from`ims_ewei_shop_member_log`where uniacid=12 and openid=wap_user_12_17671252557<hr/>Params: <br/>array (
)<hr/>SQL Error: <br/>Unknown column 'wap_user_12_17671252557' in 'where clause'<hr/>Traces: <br/>file: /framework/class/db.class.php; line: 167; <br />file: /framework/function/pdo.func.php; line: 40; <br />file: /addons/ewei_shopv2/core/mobile/member/index.php; line: 67; <br />file: /addons/ewei_shopv2/core/model/route.php; line: 202; <br />file: /addons/ewei_shopv2/site.php; line: 38; <br />file: /app/source/entry/site.ctrl.php; line: 12; <br />file: /app/index.php; line: 115; <br />

2019-02-18 16:11:43 SQL Error :
------------
String:
SQL: <br/>select sum(money) from`ims_ewei_shop_member_log`where uniacid=12 and openid=wap_user_12_17671252557<hr/>Params: <br/>array (
)<hr/>SQL Error: <br/>Unknown column 'wap_user_12_17671252557' in 'where clause'<hr/>Traces: <br/>file: /framework/class/db.class.php; line: 167; <br />file: /framework/function/pdo.func.php; line: 40; <br />file: /addons/ewei_shopv2/core/mobile/member/index.php; line: 67; <br />file: /addons/ewei_shopv2/core/model/route.php; line: 202; <br />file: /addons/ewei_shopv2/site.php; line: 38; <br />file: /app/source/entry/site.ctrl.php; line: 12; <br />file: /app/index.php; line: 115; <br />

2019-02-18 16:11:49 SQL Error :
------------
String:
SQL: <br/>select sum(money) from`ims_ewei_shop_member_log`where uniacid=12 and openid=wap_user_12_17671252557<hr/>Params: <br/>array (
)<hr/>SQL Error: <br/>Unknown column 'wap_user_12_17671252557' in 'where clause'<hr/>Traces: <br/>file: /framework/class/db.class.php; line: 167; <br />file: /framework/function/pdo.func.php; line: 40; <br />file: /addons/ewei_shopv2/core/mobile/member/index.php; line: 67; <br />file: /addons/ewei_shopv2/core/model/route.php; line: 202; <br />file: /addons/ewei_shopv2/site.php; line: 38; <br />file: /app/source/entry/site.ctrl.php; line: 12; <br />file: /app/index.php; line: 115; <br />

2019-02-18 16:11:50 SQL Error :
------------
String:
SQL: <br/>select sum(money) from`ims_ewei_shop_member_log`where uniacid=12 and openid=wap_user_12_17671252557<hr/>Params: <br/>array (
)<hr/>SQL Error: <br/>Unknown column 'wap_user_12_17671252557' in 'where clause'<hr/>Traces: <br/>file: /framework/class/db.class.php; line: 167; <br />file: /framework/function/pdo.func.php; line: 40; <br />file: /addons/ewei_shopv2/core/mobile/member/index.php; line: 67; <br />file: /addons/ewei_shopv2/core/model/route.php; line: 202; <br />file: /addons/ewei_shopv2/site.php; line: 38; <br />file: /app/source/entry/site.ctrl.php; line: 12; <br />file: /app/index.php; line: 115; <br />

2019-02-18 16:11:50 SQL Error :
------------
String:
SQL: <br/>select sum(money) from`ims_ewei_shop_member_log`where uniacid=12 and openid=wap_user_12_17671252557<hr/>Params: <br/>array (
)<hr/>SQL Error: <br/>Unknown column 'wap_user_12_17671252557' in 'where clause'<hr/>Traces: <br/>file: /framework/class/db.class.php; line: 167; <br />file: /framework/function/pdo.func.php; line: 40; <br />file: /addons/ewei_shopv2/core/mobile/member/index.php; line: 67; <br />file: /addons/ewei_shopv2/core/model/route.php; line: 202; <br />file: /addons/ewei_shopv2/site.php; line: 38; <br />file: /app/source/entry/site.ctrl.php; line: 12; <br />file: /app/index.php; line: 115; <br />

2019-02-18 16:11:54 SQL Error :
------------
String:
SQL: <br/>select sum(money) from`ims_ewei_shop_member_log`where uniacid=12 and openid=wap_user_12_17671252557<hr/>Params: <br/>array (
)<hr/>SQL Error: <br/>Unknown column 'wap_user_12_17671252557' in 'where clause'<hr/>Traces: <br/>file: /framework/class/db.class.php; line: 167; <br />file: /framework/function/pdo.func.php; line: 40; <br />file: /addons/ewei_shopv2/core/mobile/member/index.php; line: 67; <br />file: /addons/ewei_shopv2/core/model/route.php; line: 202; <br />file: /addons/ewei_shopv2/site.php; line: 38; <br />file: /app/source/entry/site.ctrl.php; line: 12; <br />file: /app/index.php; line: 115; <br />

2019-02-18 16:11:55 SQL Error :
------------
String:
SQL: <br/>select sum(money) from`ims_ewei_shop_member_log`where uniacid=12 and openid=wap_user_12_17671252557<hr/>Params: <br/>array (
)<hr/>SQL Error: <br/>Unknown column 'wap_user_12_17671252557' in 'where clause'<hr/>Traces: <br/>file: /framework/class/db.class.php; line: 167; <br />file: /framework/function/pdo.func.php; line: 40; <br />file: /addons/ewei_shopv2/core/mobile/member/index.php; line: 67; <br />file: /addons/ewei_shopv2/core/model/route.php; line: 202; <br />file: /addons/ewei_shopv2/site.php; line: 38; <br />file: /app/source/entry/site.ctrl.php; line: 12; <br />file: /app/index.php; line: 115; <br />

2019-02-18 16:11:55 SQL Error :
------------
String:
SQL: <br/>select sum(money) from`ims_ewei_shop_member_log`where uniacid=12 and openid=wap_user_12_17671252557<hr/>Params: <br/>array (
)<hr/>SQL Error: <br/>Unknown column 'wap_user_12_17671252557' in 'where clause'<hr/>Traces: <br/>file: /framework/class/db.class.php; line: 167; <br />file: /framework/function/pdo.func.php; line: 40; <br />file: /addons/ewei_shopv2/core/mobile/member/index.php; line: 67; <br />file: /addons/ewei_shopv2/core/model/route.php; line: 202; <br />file: /addons/ewei_shopv2/site.php; line: 38; <br />file: /app/source/entry/site.ctrl.php; line: 12; <br />file: /app/index.php; line: 115; <br />

2019-02-18 16:11:56 SQL Error :
------------
String:
SQL: <br/>select sum(money) from`ims_ewei_shop_member_log`where uniacid=12 and openid=wap_user_12_17671252557<hr/>Params: <br/>array (
)<hr/>SQL Error: <br/>Unknown column 'wap_user_12_17671252557' in 'where clause'<hr/>Traces: <br/>file: /framework/class/db.class.php; line: 167; <br />file: /framework/function/pdo.func.php; line: 40; <br />file: /addons/ewei_shopv2/core/mobile/member/index.php; line: 67; <br />file: /addons/ewei_shopv2/core/model/route.php; line: 202; <br />file: /addons/ewei_shopv2/site.php; line: 38; <br />file: /app/source/entry/site.ctrl.php; line: 12; <br />file: /app/index.php; line: 115; <br />

2019-02-18 16:12:36 SQL Error :
------------
String:
SQL: <br/>select sum(money) from`ims_ewei_shop_member_log`where uniacid=12 and openid=wap_user_12_17671252557<hr/>Params: <br/>array (
)<hr/>SQL Error: <br/>Unknown column 'wap_user_12_17671252557' in 'where clause'<hr/>Traces: <br/>file: /framework/class/db.class.php; line: 167; <br />file: /framework/function/pdo.func.php; line: 40; <br />file: /addons/ewei_shopv2/core/mobile/member/index.php; line: 67; <br />file: /addons/ewei_shopv2/core/model/route.php; line: 202; <br />file: /addons/ewei_shopv2/site.php; line: 38; <br />file: /app/source/entry/site.ctrl.php; line: 12; <br />file: /app/index.php; line: 115; <br />

2019-02-18 16:12:39 SQL Error :
------------
String:
SQL: <br/>select sum(money) from`ims_ewei_shop_member_log`where uniacid=12 and openid=wap_user_12_17671252557<hr/>Params: <br/>array (
)<hr/>SQL Error: <br/>Unknown column 'wap_user_12_17671252557' in 'where clause'<hr/>Traces: <br/>file: /framework/class/db.class.php; line: 167; <br />file: /framework/function/pdo.func.php; line: 40; <br />file: /addons/ewei_shopv2/core/mobile/member/index.php; line: 67; <br />file: /addons/ewei_shopv2/core/model/route.php; line: 202; <br />file: /addons/ewei_shopv2/site.php; line: 38; <br />file: /app/source/entry/site.ctrl.php; line: 12; <br />file: /app/index.php; line: 115; <br />

2019-02-18 16:13:22 SQL Error :
------------
String:
SQL: <br/>select sum(money) from`ims_ewei_shop_member_log`where uniacid=12 and openid=wap_user_12_17671252557<hr/>Params: <br/>array (
)<hr/>SQL Error: <br/>Unknown column 'wap_user_12_17671252557' in 'where clause'<hr/>Traces: <br/>file: /framework/class/db.class.php; line: 167; <br />file: /framework/function/pdo.func.php; line: 40; <br />file: /addons/ewei_shopv2/core/mobile/member/index.php; line: 67; <br />file: /addons/ewei_shopv2/core/model/route.php; line: 202; <br />file: /addons/ewei_shopv2/site.php; line: 38; <br />file: /app/source/entry/site.ctrl.php; line: 12; <br />file: /app/index.php; line: 115; <br />

2019-02-18 16:14:08 SQL Error :
------------
String:
SQL: <br/>select sum(money) from`ims_ewei_shop_member_log`where uniacid=12 and openid=wap_user_12_17671252557<hr/>Params: <br/>array (
)<hr/>SQL Error: <br/>Unknown column 'wap_user_12_17671252557' in 'where clause'<hr/>Traces: <br/>file: /framework/class/db.class.php; line: 167; <br />file: /framework/function/pdo.func.php; line: 40; <br />file: /addons/ewei_shopv2/core/mobile/member/index.php; line: 67; <br />file: /addons/ewei_shopv2/core/model/route.php; line: 202; <br />file: /addons/ewei_shopv2/site.php; line: 38; <br />file: /app/source/entry/site.ctrl.php; line: 12; <br />file: /app/index.php; line: 115; <br />

2019-02-18 16:14:25 SQL Error :
------------
String:
SQL: <br/>select sum(money) from`ims_ewei_shop_member_log`where uniacid=12 and openid=wap_user_12_17671252557<hr/>Params: <br/>array (
)<hr/>SQL Error: <br/>Unknown column 'wap_user_12_17671252557' in 'where clause'<hr/>Traces: <br/>file: /framework/class/db.class.php; line: 167; <br />file: /framework/function/pdo.func.php; line: 40; <br />file: /addons/ewei_shopv2/core/mobile/member/index.php; line: 67; <br />file: /addons/ewei_shopv2/core/model/route.php; line: 202; <br />file: /addons/ewei_shopv2/site.php; line: 38; <br />file: /app/source/entry/site.ctrl.php; line: 12; <br />file: /app/index.php; line: 115; <br />

2019-02-18 16:14:31 SQL Error :
------------
String:
SQL: <br/>select sum(money) from`ims_ewei_shop_member_log`where uniacid=12 and openid=wap_user_12_17671252557<hr/>Params: <br/>array (
)<hr/>SQL Error: <br/>Unknown column 'wap_user_12_17671252557' in 'where clause'<hr/>Traces: <br/>file: /framework/class/db.class.php; line: 167; <br />file: /framework/function/pdo.func.php; line: 40; <br />file: /addons/ewei_shopv2/core/mobile/member/index.php; line: 67; <br />file: /addons/ewei_shopv2/core/model/route.php; line: 202; <br />file: /addons/ewei_shopv2/site.php; line: 38; <br />file: /app/source/entry/site.ctrl.php; line: 12; <br />file: /app/index.php; line: 115; <br />

2019-02-18 16:14:32 SQL Error :
------------
String:
SQL: <br/>select sum(money) from`ims_ewei_shop_member_log`where uniacid=12 and openid=wap_user_12_17671252557<hr/>Params: <br/>array (
)<hr/>SQL Error: <br/>Unknown column 'wap_user_12_17671252557' in 'where clause'<hr/>Traces: <br/>file: /framework/class/db.class.php; line: 167; <br />file: /framework/function/pdo.func.php; line: 40; <br />file: /addons/ewei_shopv2/core/mobile/member/index.php; line: 67; <br />file: /addons/ewei_shopv2/core/model/route.php; line: 202; <br />file: /addons/ewei_shopv2/site.php; line: 38; <br />file: /app/source/entry/site.ctrl.php; line: 12; <br />file: /app/index.php; line: 115; <br />

2019-02-18 16:14:35 SQL Error :
------------
String:
SQL: <br/>select sum(money) from`ims_ewei_shop_member_log`where uniacid=12 and openid=wap_user_12_17671252557<hr/>Params: <br/>array (
)<hr/>SQL Error: <br/>Unknown column 'wap_user_12_17671252557' in 'where clause'<hr/>Traces: <br/>file: /framework/class/db.class.php; line: 167; <br />file: /framework/function/pdo.func.php; line: 40; <br />file: /addons/ewei_shopv2/core/mobile/member/index.php; line: 67; <br />file: /addons/ewei_shopv2/core/model/route.php; line: 202; <br />file: /addons/ewei_shopv2/site.php; line: 38; <br />file: /app/source/entry/site.ctrl.php; line: 12; <br />file: /app/index.php; line: 115; <br />

2019-02-18 16:14:36 SQL Error :
------------
String:
SQL: <br/>select sum(money) from`ims_ewei_shop_member_log`where uniacid=12 and openid=wap_user_12_17671252557<hr/>Params: <br/>array (
)<hr/>SQL Error: <br/>Unknown column 'wap_user_12_17671252557' in 'where clause'<hr/>Traces: <br/>file: /framework/class/db.class.php; line: 167; <br />file: /framework/function/pdo.func.php; line: 40; <br />file: /addons/ewei_shopv2/core/mobile/member/index.php; line: 67; <br />file: /addons/ewei_shopv2/core/model/route.php; line: 202; <br />file: /addons/ewei_shopv2/site.php; line: 38; <br />file: /app/source/entry/site.ctrl.php; line: 12; <br />file: /app/index.php; line: 115; <br />

2019-02-18 16:14:38 SQL Error :
------------
String:
SQL: <br/>select sum(money) from`ims_ewei_shop_member_log`where uniacid=12 and openid=wap_user_12_17671252557<hr/>Params: <br/>array (
)<hr/>SQL Error: <br/>Unknown column 'wap_user_12_17671252557' in 'where clause'<hr/>Traces: <br/>file: /framework/class/db.class.php; line: 167; <br />file: /framework/function/pdo.func.php; line: 40; <br />file: /addons/ewei_shopv2/core/mobile/member/index.php; line: 67; <br />file: /addons/ewei_shopv2/core/model/route.php; line: 202; <br />file: /addons/ewei_shopv2/site.php; line: 38; <br />file: /app/source/entry/site.ctrl.php; line: 12; <br />file: /app/index.php; line: 115; <br />

2019-02-18 16:15:14 SQL Error :
------------
String:
SQL: <br/>select sum(money) from`ims_ewei_shop_member_log`where uniacid=12 and openid=wap_user_12_17671252557<hr/>Params: <br/>array (
)<hr/>SQL Error: <br/>Unknown column 'wap_user_12_17671252557' in 'where clause'<hr/>Traces: <br/>file: /framework/class/db.class.php; line: 167; <br />file: /framework/function/pdo.func.php; line: 40; <br />file: /addons/ewei_shopv2/core/mobile/member/index.php; line: 67; <br />file: /addons/ewei_shopv2/core/model/route.php; line: 202; <br />file: /addons/ewei_shopv2/site.php; line: 38; <br />file: /app/source/entry/site.ctrl.php; line: 12; <br />file: /app/index.php; line: 115; <br />

2019-02-18 16:15:28 SQL Error :
------------
String:
SQL: <br/>select sum(money) from`ims_ewei_shop_member_log`where uniacid=12 and openid=wap_user_12_17671252557<hr/>Params: <br/>array (
)<hr/>SQL Error: <br/>Unknown column 'wap_user_12_17671252557' in 'where clause'<hr/>Traces: <br/>file: /framework/class/db.class.php; line: 167; <br />file: /framework/function/pdo.func.php; line: 40; <br />file: /addons/ewei_shopv2/core/mobile/member/index.php; line: 67; <br />file: /addons/ewei_shopv2/core/model/route.php; line: 202; <br />file: /addons/ewei_shopv2/site.php; line: 38; <br />file: /app/source/entry/site.ctrl.php; line: 12; <br />file: /app/index.php; line: 115; <br />

2019-02-18 16:15:32 SQL Error :
------------
String:
SQL: <br/>select sum(money) from`ims_ewei_shop_member_log`where uniacid=12 and openid=wap_user_12_17671252557<hr/>Params: <br/>array (
)<hr/>SQL Error: <br/>Unknown column 'wap_user_12_17671252557' in 'where clause'<hr/>Traces: <br/>file: /framework/class/db.class.php; line: 167; <br />file: /framework/function/pdo.func.php; line: 40; <br />file: /addons/ewei_shopv2/core/mobile/member/index.php; line: 67; <br />file: /addons/ewei_shopv2/core/model/route.php; line: 202; <br />file: /addons/ewei_shopv2/site.php; line: 38; <br />file: /app/source/entry/site.ctrl.php; line: 12; <br />file: /app/index.php; line: 115; <br />

2019-02-18 16:15:47 SQL Error :
------------
String:
SQL: <br/>select sum(money) from`ims_ewei_shop_member_log`where uniacid=12 and openid=wap_user_12_17671252557<hr/>Params: <br/>array (
)<hr/>SQL Error: <br/>Unknown column 'wap_user_12_17671252557' in 'where clause'<hr/>Traces: <br/>file: /framework/class/db.class.php; line: 167; <br />file: /framework/function/pdo.func.php; line: 40; <br />file: /addons/ewei_shopv2/core/mobile/member/index.php; line: 67; <br />file: /addons/ewei_shopv2/core/model/route.php; line: 202; <br />file: /addons/ewei_shopv2/site.php; line: 38; <br />file: /app/source/entry/site.ctrl.php; line: 12; <br />file: /app/index.php; line: 115; <br />

2019-02-18 16:16:15 SQL Error :
------------
String:
SQL: <br/>select sum(money) from`ims_ewei_shop_member_log`where uniacid=12 and openid=wap_user_12_17671252557<hr/>Params: <br/>array (
)<hr/>SQL Error: <br/>Unknown column 'wap_user_12_17671252557' in 'where clause'<hr/>Traces: <br/>file: /framework/class/db.class.php; line: 167; <br />file: /framework/function/pdo.func.php; line: 40; <br />file: /addons/ewei_shopv2/core/mobile/member/index.php; line: 67; <br />file: /addons/ewei_shopv2/core/model/route.php; line: 202; <br />file: /addons/ewei_shopv2/site.php; line: 38; <br />file: /app/source/entry/site.ctrl.php; line: 12; <br />file: /app/index.php; line: 115; <br />

2019-02-18 16:16:15 SQL Error :
------------
String:
SQL: <br/>select sum(money) from`ims_ewei_shop_member_log`where uniacid=12 and openid=wap_user_12_17671252557<hr/>Params: <br/>array (
)<hr/>SQL Error: <br/>Unknown column 'wap_user_12_17671252557' in 'where clause'<hr/>Traces: <br/>file: /framework/class/db.class.php; line: 167; <br />file: /framework/function/pdo.func.php; line: 40; <br />file: /addons/ewei_shopv2/core/mobile/member/index.php; line: 67; <br />file: /addons/ewei_shopv2/core/model/route.php; line: 202; <br />file: /addons/ewei_shopv2/site.php; line: 38; <br />file: /app/source/entry/site.ctrl.php; line: 12; <br />file: /app/index.php; line: 115; <br />

2019-02-18 16:16:15 SQL Error :
------------
String:
SQL: <br/>select sum(money) from`ims_ewei_shop_member_log`where uniacid=12 and openid=wap_user_12_17671252557<hr/>Params: <br/>array (
)<hr/>SQL Error: <br/>Unknown column 'wap_user_12_17671252557' in 'where clause'<hr/>Traces: <br/>file: /framework/class/db.class.php; line: 167; <br />file: /framework/function/pdo.func.php; line: 40; <br />file: /addons/ewei_shopv2/core/mobile/member/index.php; line: 67; <br />file: /addons/ewei_shopv2/core/model/route.php; line: 202; <br />file: /addons/ewei_shopv2/site.php; line: 38; <br />file: /app/source/entry/site.ctrl.php; line: 12; <br />file: /app/index.php; line: 115; <br />

2019-02-18 17:39:52 SQL Error :
------------
String:
SQL: <br/>REPLACE INTO `ims_core_settings` SET `key` =  :key_1 , `value` =  :value_2<hr/>Params: <br/>array (
  ':key_1' => 'cloudip',
  ':value_2' => 'a:0:{}',
)<hr/>SQL Error: <br/>MySQL server has gone away<hr/>Traces: <br/>file: /framework/class/db.class.php; line: 115; <br />file: /framework/class/db.class.php; line: 285; <br />file: /framework/function/pdo.func.php; line: 71; <br />file: /framework/model/setting.mod.php; line: 24; <br />file: /framework/model/cloud.mod.php; line: 138; <br />file: /framework/model/cloud.mod.php; line: 379; <br />file: /framework/model/module.mod.php; line: 492; <br />file: /web/source/module/manage-account.ctrl.php; line: 22; <br />file: /web/index.php; line: 213; <br />

2019-02-18 17:39:52 SQL Error :
------------
String:
SQL: <br/>REPLACE INTO `ims_core_cache` SET `key` =  :key_1 , `value` =  :value_2<hr/>Params: <br/>array (
  ':key_1' => 'setting',
  ':value_2' => 's:0:"";',
)<hr/>SQL Error: <br/>MySQL server has gone away<hr/>Traces: <br/>file: /framework/class/db.class.php; line: 115; <br />file: /framework/class/db.class.php; line: 285; <br />file: /framework/function/pdo.func.php; line: 71; <br />file: /framework/function/cache.mysql.func.php; line: 55; <br />file: /framework/model/setting.mod.php; line: 27; <br />file: /framework/model/cloud.mod.php; line: 138; <br />file: /framework/model/cloud.mod.php; line: 379; <br />file: /framework/model/module.mod.php; line: 492; <br />file: /web/source/module/manage-account.ctrl.php; line: 22; <br />file: /web/index.php; line: 213; <br />

2019-02-18 17:39:52 SQL Error :
------------
String:
SQL: <br/>SELECT `value` FROM `ims_core_cache` WHERE `key` =  :__key_1  LIMIT 1<hr/>Params: <br/>array (
  ':__key_1' => 'we7:module_setting:12:ewei_shopv2',
)<hr/>SQL Error: <br/>MySQL server has gone away<hr/>Traces: <br/>file: /framework/class/db.class.php; line: 167; <br />file: /framework/class/db.class.php; line: 227; <br />file: /framework/class/db.class.php; line: 259; <br />file: /framework/function/pdo.func.php; line: 61; <br />file: /framework/function/cache.mysql.func.php; line: 10; <br />file: /framework/function/cache.func.php; line: 39; <br />file: /framework/model/module.mod.php; line: 304; <br />file: /framework/model/module.mod.php; line: 497; <br />file: /web/source/module/manage-account.ctrl.php; line: 22; <br />file: /web/index.php; line: 213; <br />

2019-02-18 17:39:52 SQL Error :
------------
String:
SQL: <br/>SELECT * FROM `ims_uni_account_modules` WHERE `module` =  :__module_1 AND `uniacid` =  :__uniacid_2  LIMIT 1<hr/>Params: <br/>array (
  ':__module_1' => 'ewei_shopv2',
  ':__uniacid_2' => 12,
)<hr/>SQL Error: <br/>MySQL server has gone away<hr/>Traces: <br/>file: /framework/class/db.class.php; line: 167; <br />file: /framework/class/db.class.php; line: 227; <br />file: /framework/function/pdo.func.php; line: 49; <br />file: /framework/model/module.mod.php; line: 306; <br />file: /framework/model/module.mod.php; line: 497; <br />file: /web/source/module/manage-account.ctrl.php; line: 22; <br />file: /web/index.php; line: 213; <br />

