2018-06-13 19:49:44 SQL Error :
------------
String:
SQL: <br/>REPLACE INTO `ims_core_settings` SET `key` =  :key_1 , `value` =  :value_2<hr/>Params: <br/>array (
  ':key_1' => 'cloudip',
  ':value_2' => 'a:0:{}',
)<hr/>SQL Error: <br/>MySQL server has gone away<hr/>Traces: <br/>file: /framework/class/db.class.php; line: 115; <br />file: /framework/class/db.class.php; line: 285; <br />file: /framework/function/pdo.func.php; line: 71; <br />file: /framework/model/setting.mod.php; line: 24; <br />file: /framework/model/cloud.mod.php; line: 137; <br />file: /framework/model/cloud.mod.php; line: 156; <br />file: /web/source/utility/checkupgrade.ctrl.php; line: 20; <br />file: /web/index.php; line: 213; <br />

2018-06-13 19:49:44 SQL Error :
------------
String:
SQL: <br/>REPLACE INTO `ims_core_cache` SET `key` =  :key_1 , `value` =  :value_2<hr/>Params: <br/>array (
  ':key_1' => 'setting',
  ':value_2' => 's:0:"";',
)<hr/>SQL Error: <br/>MySQL server has gone away<hr/>Traces: <br/>file: /framework/class/db.class.php; line: 115; <br />file: /framework/class/db.class.php; line: 285; <br />file: /framework/function/pdo.func.php; line: 71; <br />file: /framework/function/cache.mysql.func.php; line: 55; <br />file: /framework/model/setting.mod.php; line: 27; <br />file: /framework/model/cloud.mod.php; line: 137; <br />file: /framework/model/cloud.mod.php; line: 156; <br />file: /web/source/utility/checkupgrade.ctrl.php; line: 20; <br />file: /web/index.php; line: 213; <br />

2018-06-13 19:49:44 SQL Error :
------------
String:
SQL: <br/>DELETE FROM `ims_core_cache` WHERE `key`=:key<hr/>Params: <br/>array (
  ':key' => 'cloud:transtoken',
)<hr/>SQL Error: <br/>MySQL server has gone away<hr/>Traces: <br/>file: /framework/class/db.class.php; line: 115; <br />file: /framework/function/pdo.func.php; line: 31; <br />file: /framework/function/cache.mysql.func.php; line: 63; <br />file: /web/source/utility/checkupgrade.ctrl.php; line: 28; <br />file: /web/index.php; line: 213; <br />

2018-06-13 19:49:44 SQL Error :
------------
String:
SQL: <br/>REPLACE INTO `ims_core_cache` SET `key` =  :key_1 , `value` =  :value_2<hr/>Params: <br/>array (
  ':key_1' => 'checkupgrade:system',
  ':value_2' => 'a:1:{s:10:"lastupdate";i:1528890524;}',
)<hr/>SQL Error: <br/>MySQL server has gone away<hr/>Traces: <br/>file: /framework/class/db.class.php; line: 115; <br />file: /framework/class/db.class.php; line: 285; <br />file: /framework/function/pdo.func.php; line: 71; <br />file: /framework/function/cache.mysql.func.php; line: 55; <br />file: /web/source/utility/checkupgrade.ctrl.php; line: 29; <br />file: /web/index.php; line: 213; <br />

2018-06-13 19:49:44 SQL Error :
------------
String:
SQL: <br/>REPLACE INTO `ims_core_settings` SET `key` =  :key_1 , `value` =  :value_2<hr/>Params: <br/>array (
  ':key_1' => 'cloudip',
  ':value_2' => 'a:0:{}',
)<hr/>SQL Error: <br/>MySQL server has gone away<hr/>Traces: <br/>file: /framework/class/db.class.php; line: 115; <br />file: /framework/class/db.class.php; line: 285; <br />file: /framework/function/pdo.func.php; line: 71; <br />file: /framework/model/setting.mod.php; line: 24; <br />file: /framework/model/cloud.mod.php; line: 137; <br />file: /framework/model/cloud.mod.php; line: 156; <br />file: /framework/model/welcome.mod.php; line: 60; <br />file: /web/source/home/welcome.ctrl.php; line: 128; <br />file: /web/index.php; line: 213; <br />

2018-06-13 19:49:44 SQL Error :
------------
String:
SQL: <br/>REPLACE INTO `ims_core_cache` SET `key` =  :key_1 , `value` =  :value_2<hr/>Params: <br/>array (
  ':key_1' => 'setting',
  ':value_2' => 's:0:"";',
)<hr/>SQL Error: <br/>MySQL server has gone away<hr/>Traces: <br/>file: /framework/class/db.class.php; line: 115; <br />file: /framework/class/db.class.php; line: 285; <br />file: /framework/function/pdo.func.php; line: 71; <br />file: /framework/function/cache.mysql.func.php; line: 55; <br />file: /framework/model/setting.mod.php; line: 27; <br />file: /framework/model/cloud.mod.php; line: 137; <br />file: /framework/model/cloud.mod.php; line: 156; <br />file: /framework/model/welcome.mod.php; line: 60; <br />file: /web/source/home/welcome.ctrl.php; line: 128; <br />file: /web/index.php; line: 213; <br />

2018-06-13 19:49:44 SQL Error :
------------
String:
SQL: <br/>DELETE FROM `ims_core_cache` WHERE `key`=:key<hr/>Params: <br/>array (
  ':key' => 'cloud:transtoken',
)<hr/>SQL Error: <br/>MySQL server has gone away<hr/>Traces: <br/>file: /framework/class/db.class.php; line: 115; <br />file: /framework/function/pdo.func.php; line: 31; <br />file: /framework/function/cache.mysql.func.php; line: 63; <br />file: /framework/model/welcome.mod.php; line: 64; <br />file: /web/source/home/welcome.ctrl.php; line: 128; <br />file: /web/index.php; line: 213; <br />

2018-06-13 19:49:44 SQL Error :
------------
String:
SQL: <br/>REPLACE INTO `ims_core_settings` SET `key` =  :key_1 , `value` =  :value_2<hr/>Params: <br/>array (
  ':key_1' => 'cloudip',
  ':value_2' => 'a:0:{}',
)<hr/>SQL Error: <br/>MySQL server has gone away<hr/>Traces: <br/>file: /framework/class/db.class.php; line: 115; <br />file: /framework/class/db.class.php; line: 285; <br />file: /framework/function/pdo.func.php; line: 71; <br />file: /framework/model/setting.mod.php; line: 24; <br />file: /framework/model/cloud.mod.php; line: 137; <br />file: /framework/class/cloudapi.class.php; line: 118; <br />file: /framework/class/cloudapi.class.php; line: 149; <br />file: /framework/class/cloudapi.class.php; line: 173; <br />file: /framework/class/cloudapi.class.php; line: 221; <br />file: /framework/model/cache.mod.php; line: 271; <br />file: /framework/model/module.mod.php; line: 359; <br />file: /web/source/home/welcome.ctrl.php; line: 59; <br />file: /web/index.php; line: 213; <br />

2018-06-13 19:49:44 SQL Error :
------------
String:
SQL: <br/>REPLACE INTO `ims_core_cache` SET `key` =  :key_1 , `value` =  :value_2<hr/>Params: <br/>array (
  ':key_1' => 'setting',
  ':value_2' => 's:0:"";',
)<hr/>SQL Error: <br/>MySQL server has gone away<hr/>Traces: <br/>file: /framework/class/db.class.php; line: 115; <br />file: /framework/class/db.class.php; line: 285; <br />file: /framework/function/pdo.func.php; line: 71; <br />file: /framework/function/cache.mysql.func.php; line: 55; <br />file: /framework/model/setting.mod.php; line: 27; <br />file: /framework/model/cloud.mod.php; line: 137; <br />file: /framework/class/cloudapi.class.php; line: 118; <br />file: /framework/class/cloudapi.class.php; line: 149; <br />file: /framework/class/cloudapi.class.php; line: 173; <br />file: /framework/class/cloudapi.class.php; line: 221; <br />file: /framework/model/cache.mod.php; line: 271; <br />file: /framework/model/module.mod.php; line: 359; <br />file: /web/source/home/welcome.ctrl.php; line: 59; <br />file: /web/index.php; line: 213; <br />

2018-06-13 19:49:44 SQL Error :
------------
String:
SQL: <br/>SELECT * FROM `ims_modules`<hr/>Params: <br/>array (
)<hr/>SQL Error: <br/>MySQL server has gone away<hr/>Traces: <br/>file: /framework/class/db.class.php; line: 194; <br />file: /framework/class/db.class.php; line: 238; <br />file: /framework/function/pdo.func.php; line: 53; <br />file: /framework/model/cache.mod.php; line: 272; <br />file: /framework/model/module.mod.php; line: 359; <br />file: /web/source/home/welcome.ctrl.php; line: 59; <br />file: /web/index.php; line: 213; <br />

2018-06-13 19:49:44 SQL Error :
------------
String:
SQL: <br/>SELECT * FROM `ims_modules_recycle`<hr/>Params: <br/>array (
)<hr/>SQL Error: <br/>MySQL server has gone away<hr/>Traces: <br/>file: /framework/class/db.class.php; line: 194; <br />file: /framework/class/db.class.php; line: 238; <br />file: /framework/function/pdo.func.php; line: 53; <br />file: /framework/model/cache.mod.php; line: 275; <br />file: /framework/model/module.mod.php; line: 359; <br />file: /web/source/home/welcome.ctrl.php; line: 59; <br />file: /web/index.php; line: 213; <br />

2018-06-13 19:49:44 SQL Error :
------------
String:
SQL: <br/>SELECT `name` FROM `ims_modules` WHERE `type` <> :type<hr/>Params: <br/>array (
  ':type' => 'system',
)<hr/>SQL Error: <br/>MySQL server has gone away<hr/>Traces: <br/>file: /framework/class/db.class.php; line: 194; <br />file: /framework/function/pdo.func.php; line: 44; <br />file: /framework/model/cloud.mod.php; line: 668; <br />file: /framework/model/cloud.mod.php; line: 370; <br />file: /framework/model/cache.mod.php; line: 277; <br />file: /framework/model/module.mod.php; line: 359; <br />file: /web/source/home/welcome.ctrl.php; line: 59; <br />file: /web/index.php; line: 213; <br />

2018-06-13 19:49:44 SQL Error :
------------
String:
SQL: <br/>REPLACE INTO `ims_core_settings` SET `key` =  :key_1 , `value` =  :value_2<hr/>Params: <br/>array (
  ':key_1' => 'cloudip',
  ':value_2' => 'a:0:{}',
)<hr/>SQL Error: <br/>MySQL server has gone away<hr/>Traces: <br/>file: /framework/class/db.class.php; line: 115; <br />file: /framework/class/db.class.php; line: 285; <br />file: /framework/function/pdo.func.php; line: 71; <br />file: /framework/model/setting.mod.php; line: 24; <br />file: /framework/model/cloud.mod.php; line: 137; <br />file: /framework/model/cloud.mod.php; line: 378; <br />file: /framework/model/cache.mod.php; line: 433; <br />file: /framework/model/module.mod.php; line: 551; <br />file: /framework/model/module.mod.php; line: 583; <br />file: /web/source/home/welcome.ctrl.php; line: 131; <br />file: /web/index.php; line: 213; <br />

2018-06-13 19:49:44 SQL Error :
------------
String:
SQL: <br/>REPLACE INTO `ims_core_cache` SET `key` =  :key_1 , `value` =  :value_2<hr/>Params: <br/>array (
  ':key_1' => 'setting',
  ':value_2' => 's:0:"";',
)<hr/>SQL Error: <br/>MySQL server has gone away<hr/>Traces: <br/>file: /framework/class/db.class.php; line: 115; <br />file: /framework/class/db.class.php; line: 285; <br />file: /framework/function/pdo.func.php; line: 71; <br />file: /framework/function/cache.mysql.func.php; line: 55; <br />file: /framework/model/setting.mod.php; line: 27; <br />file: /framework/model/cloud.mod.php; line: 137; <br />file: /framework/model/cloud.mod.php; line: 378; <br />file: /framework/model/cache.mod.php; line: 433; <br />file: /framework/model/module.mod.php; line: 551; <br />file: /framework/model/module.mod.php; line: 583; <br />file: /web/source/home/welcome.ctrl.php; line: 131; <br />file: /web/index.php; line: 213; <br />

2018-06-13 19:49:45 SQL Error :
------------
String:
SQL: <br/>REPLACE INTO `ims_core_settings` SET `key` =  :key_1 , `value` =  :value_2<hr/>Params: <br/>array (
  ':key_1' => 'cloudip',
  ':value_2' => 'a:0:{}',
)<hr/>SQL Error: <br/>MySQL server has gone away<hr/>Traces: <br/>file: /framework/class/db.class.php; line: 115; <br />file: /framework/class/db.class.php; line: 285; <br />file: /framework/function/pdo.func.php; line: 71; <br />file: /framework/model/setting.mod.php; line: 24; <br />file: /framework/model/cloud.mod.php; line: 137; <br />file: /framework/model/cloud.mod.php; line: 156; <br />file: /web/source/utility/checkupgrade.ctrl.php; line: 20; <br />file: /web/index.php; line: 213; <br />

2018-06-13 19:49:45 SQL Error :
------------
String:
SQL: <br/>REPLACE INTO `ims_core_cache` SET `key` =  :key_1 , `value` =  :value_2<hr/>Params: <br/>array (
  ':key_1' => 'setting',
  ':value_2' => 's:0:"";',
)<hr/>SQL Error: <br/>MySQL server has gone away<hr/>Traces: <br/>file: /framework/class/db.class.php; line: 115; <br />file: /framework/class/db.class.php; line: 285; <br />file: /framework/function/pdo.func.php; line: 71; <br />file: /framework/function/cache.mysql.func.php; line: 55; <br />file: /framework/model/setting.mod.php; line: 27; <br />file: /framework/model/cloud.mod.php; line: 137; <br />file: /framework/model/cloud.mod.php; line: 156; <br />file: /web/source/utility/checkupgrade.ctrl.php; line: 20; <br />file: /web/index.php; line: 213; <br />

2018-06-13 19:49:45 SQL Error :
------------
String:
SQL: <br/>DELETE FROM `ims_core_cache` WHERE `key`=:key<hr/>Params: <br/>array (
  ':key' => 'cloud:transtoken',
)<hr/>SQL Error: <br/>MySQL server has gone away<hr/>Traces: <br/>file: /framework/class/db.class.php; line: 115; <br />file: /framework/function/pdo.func.php; line: 31; <br />file: /framework/function/cache.mysql.func.php; line: 63; <br />file: /web/source/utility/checkupgrade.ctrl.php; line: 28; <br />file: /web/index.php; line: 213; <br />

2018-06-13 19:49:45 SQL Error :
------------
String:
SQL: <br/>REPLACE INTO `ims_core_cache` SET `key` =  :key_1 , `value` =  :value_2<hr/>Params: <br/>array (
  ':key_1' => 'checkupgrade:system',
  ':value_2' => 'a:1:{s:10:"lastupdate";i:1528890525;}',
)<hr/>SQL Error: <br/>MySQL server has gone away<hr/>Traces: <br/>file: /framework/class/db.class.php; line: 115; <br />file: /framework/class/db.class.php; line: 285; <br />file: /framework/function/pdo.func.php; line: 71; <br />file: /framework/function/cache.mysql.func.php; line: 55; <br />file: /web/source/utility/checkupgrade.ctrl.php; line: 29; <br />file: /web/index.php; line: 213; <br />

2018-06-13 19:50:44 SQL Error :
------------
String:
SQL: <br/>REPLACE INTO `ims_core_settings` SET `key` =  :key_1 , `value` =  :value_2<hr/>Params: <br/>array (
  ':key_1' => 'cloudip',
  ':value_2' => 'a:0:{}',
)<hr/>SQL Error: <br/>MySQL server has gone away<hr/>Traces: <br/>file: /framework/class/db.class.php; line: 115; <br />file: /framework/class/db.class.php; line: 285; <br />file: /framework/function/pdo.func.php; line: 71; <br />file: /framework/model/setting.mod.php; line: 24; <br />file: /framework/model/cloud.mod.php; line: 137; <br />file: /framework/model/cloud.mod.php; line: 378; <br />file: /framework/model/cache.mod.php; line: 277; <br />file: /framework/model/module.mod.php; line: 359; <br />file: /web/source/home/welcome.ctrl.php; line: 59; <br />file: /web/index.php; line: 213; <br />

2018-06-13 19:50:44 SQL Error :
------------
String:
SQL: <br/>REPLACE INTO `ims_core_cache` SET `key` =  :key_1 , `value` =  :value_2<hr/>Params: <br/>array (
  ':key_1' => 'setting',
  ':value_2' => 's:0:"";',
)<hr/>SQL Error: <br/>MySQL server has gone away<hr/>Traces: <br/>file: /framework/class/db.class.php; line: 115; <br />file: /framework/class/db.class.php; line: 285; <br />file: /framework/function/pdo.func.php; line: 71; <br />file: /framework/function/cache.mysql.func.php; line: 55; <br />file: /framework/model/setting.mod.php; line: 27; <br />file: /framework/model/cloud.mod.php; line: 137; <br />file: /framework/model/cloud.mod.php; line: 378; <br />file: /framework/model/cache.mod.php; line: 277; <br />file: /framework/model/module.mod.php; line: 359; <br />file: /web/source/home/welcome.ctrl.php; line: 59; <br />file: /web/index.php; line: 213; <br />

2018-06-13 19:50:44 SQL Error :
------------
String:
SQL: <br/>REPLACE INTO `ims_core_cache` SET `key` =  :key_1 , `value` =  :value_2<hr/>Params: <br/>array (
  ':key_1' => 'we7:module:all_uninstall',
  ':value_2' => 'a:2:{s:6:"expire";i:1528894124;s:4:"data";a:4:{s:13:"cloud_m_count";N;s:7:"modules";a:2:{s:7:"recycle";a:0:{}s:11:"uninstalled";a:1:{s:3:"app";a:1:{s:11:"ewei_shopv2";a:8:{s:4:"from";s:5:"local";s:4:"name";s:11:"ewei_shopv2";s:7:"version";s:5:"3.1.1";s:5:"title";s:14:"人人商城V3";s:11:"app_support";i:2;s:13:"wxapp_support";i:1;s:11:"main_module";s:0:"";s:15:"upgrade_support";b:0;}}}}s:9:"app_count";i:1;s:11:"wxapp_count";i:0;}}',
)<hr/>SQL Error: <br/>MySQL server has gone away<hr/>Traces: <br/>file: /framework/class/db.class.php; line: 115; <br />file: /framework/class/db.class.php; line: 285; <br />file: /framework/function/pdo.func.php; line: 71; <br />file: /framework/function/cache.mysql.func.php; line: 55; <br />file: /framework/model/cache.mod.php; line: 377; <br />file: /framework/model/module.mod.php; line: 359; <br />file: /web/source/home/welcome.ctrl.php; line: 59; <br />file: /web/index.php; line: 213; <br />

2018-06-13 19:50:44 SQL Error :
------------
String:
SQL: <br/>SELECT `value` FROM `ims_core_cache` WHERE `key` =  :__key_1  LIMIT 1<hr/>Params: <br/>array (
  ':__key_1' => 'we7:user_modules:1',
)<hr/>SQL Error: <br/>MySQL server has gone away<hr/>Traces: <br/>file: /framework/class/db.class.php; line: 167; <br />file: /framework/class/db.class.php; line: 227; <br />file: /framework/class/db.class.php; line: 259; <br />file: /framework/function/pdo.func.php; line: 61; <br />file: /framework/function/cache.mysql.func.php; line: 10; <br />file: /framework/function/cache.func.php; line: 39; <br />file: /framework/model/user.mod.php; line: 352; <br />file: /framework/model/user.mod.php; line: 462; <br />file: /web/source/home/welcome.ctrl.php; line: 63; <br />file: /web/index.php; line: 213; <br />

2018-06-13 19:50:44 SQL Error :
------------
String:
SQL: <br/>SELECT * FROM `ims_users`  WHERE 1  AND `uid`=:uid LIMIT 1<hr/>Params: <br/>array (
  ':uid' => 1,
)<hr/>SQL Error: <br/>MySQL server has gone away<hr/>Traces: <br/>file: /framework/class/db.class.php; line: 167; <br />file: /framework/function/pdo.func.php; line: 40; <br />file: /framework/model/user.mod.php; line: 160; <br />file: /framework/model/user.mod.php; line: 354; <br />file: /framework/model/user.mod.php; line: 462; <br />file: /web/source/home/welcome.ctrl.php; line: 63; <br />file: /web/index.php; line: 213; <br />

2018-06-13 19:50:44 SQL Error :
------------
String:
SQL: <br/>SELECT `name` FROM `ims_modules` WHERE `issystem` =  :__issystem_1<hr/>Params: <br/>array (
  ':__issystem_1' => 1,
)<hr/>SQL Error: <br/>MySQL server has gone away<hr/>Traces: <br/>file: /framework/class/db.class.php; line: 194; <br />file: /framework/class/db.class.php; line: 238; <br />file: /framework/function/pdo.func.php; line: 53; <br />file: /framework/model/user.mod.php; line: 356; <br />file: /framework/model/user.mod.php; line: 462; <br />file: /web/source/home/welcome.ctrl.php; line: 63; <br />file: /web/index.php; line: 213; <br />

2018-06-13 19:50:44 SQL Error :
------------
String:
SQL: <br/>SELECT `name` FROM `ims_modules` ORDER BY mid DESC <hr/>Params: <br/>array (
)<hr/>SQL Error: <br/>MySQL server has gone away<hr/>Traces: <br/>file: /framework/class/db.class.php; line: 194; <br />file: /framework/class/db.class.php; line: 238; <br />file: /framework/function/pdo.func.php; line: 53; <br />file: /framework/model/user.mod.php; line: 358; <br />file: /framework/model/user.mod.php; line: 462; <br />file: /web/source/home/welcome.ctrl.php; line: 63; <br />file: /web/index.php; line: 213; <br />

2018-06-13 19:50:44 SQL Error :
------------
String:
SQL: <br/>SHOW TABLES LIKE 'ims_modules_plugin'<hr/>Params: <br/>array (
)<hr/>SQL Error: <br/>MySQL server has gone away<hr/>Traces: <br/>file: /framework/class/db.class.php; line: 167; <br />file: /framework/class/db.class.php; line: 556; <br />file: /framework/function/pdo.func.php; line: 130; <br />file: /framework/model/user.mod.php; line: 391; <br />file: /framework/model/user.mod.php; line: 462; <br />file: /web/source/home/welcome.ctrl.php; line: 63; <br />file: /web/index.php; line: 213; <br />

2018-06-13 19:50:44 SQL Error :
------------
String:
SQL: <br/>REPLACE INTO `ims_core_cache` SET `key` =  :key_1 , `value` =  :value_2<hr/>Params: <br/>array (
  ':key_1' => 'we7:user_modules:1',
  ':value_2' => 'a:0:{}',
)<hr/>SQL Error: <br/>MySQL server has gone away<hr/>Traces: <br/>file: /framework/class/db.class.php; line: 115; <br />file: /framework/class/db.class.php; line: 285; <br />file: /framework/function/pdo.func.php; line: 71; <br />file: /framework/function/cache.mysql.func.php; line: 55; <br />file: /framework/model/user.mod.php; line: 414; <br />file: /framework/model/user.mod.php; line: 462; <br />file: /web/source/home/welcome.ctrl.php; line: 63; <br />file: /web/index.php; line: 213; <br />

2018-06-13 19:50:44 SQL Error :
------------
String:
SQL: <br/>SELECT `value` FROM `ims_core_cache` WHERE `key` =  :__key_1  LIMIT 1<hr/>Params: <br/>array (
  ':__key_1' => 'we7:user_modules:1',
)<hr/>SQL Error: <br/>MySQL server has gone away<hr/>Traces: <br/>file: /framework/class/db.class.php; line: 167; <br />file: /framework/class/db.class.php; line: 227; <br />file: /framework/class/db.class.php; line: 259; <br />file: /framework/function/pdo.func.php; line: 61; <br />file: /framework/function/cache.mysql.func.php; line: 10; <br />file: /framework/function/cache.func.php; line: 39; <br />file: /framework/model/user.mod.php; line: 352; <br />file: /framework/model/user.mod.php; line: 462; <br />file: /web/source/home/welcome.ctrl.php; line: 64; <br />file: /web/index.php; line: 213; <br />

2018-06-13 19:50:44 SQL Error :
------------
String:
SQL: <br/>SELECT * FROM `ims_users`  WHERE 1  AND `uid`=:uid LIMIT 1<hr/>Params: <br/>array (
  ':uid' => 1,
)<hr/>SQL Error: <br/>MySQL server has gone away<hr/>Traces: <br/>file: /framework/class/db.class.php; line: 167; <br />file: /framework/function/pdo.func.php; line: 40; <br />file: /framework/model/user.mod.php; line: 160; <br />file: /framework/model/user.mod.php; line: 354; <br />file: /framework/model/user.mod.php; line: 462; <br />file: /web/source/home/welcome.ctrl.php; line: 64; <br />file: /web/index.php; line: 213; <br />

2018-06-13 19:50:44 SQL Error :
------------
String:
SQL: <br/>SELECT `name` FROM `ims_modules` WHERE `issystem` =  :__issystem_1<hr/>Params: <br/>array (
  ':__issystem_1' => 1,
)<hr/>SQL Error: <br/>MySQL server has gone away<hr/>Traces: <br/>file: /framework/class/db.class.php; line: 194; <br />file: /framework/class/db.class.php; line: 238; <br />file: /framework/function/pdo.func.php; line: 53; <br />file: /framework/model/user.mod.php; line: 356; <br />file: /framework/model/user.mod.php; line: 462; <br />file: /web/source/home/welcome.ctrl.php; line: 64; <br />file: /web/index.php; line: 213; <br />

2018-06-13 19:50:44 SQL Error :
------------
String:
SQL: <br/>SELECT `name` FROM `ims_modules` ORDER BY mid DESC <hr/>Params: <br/>array (
)<hr/>SQL Error: <br/>MySQL server has gone away<hr/>Traces: <br/>file: /framework/class/db.class.php; line: 194; <br />file: /framework/class/db.class.php; line: 238; <br />file: /framework/function/pdo.func.php; line: 53; <br />file: /framework/model/user.mod.php; line: 358; <br />file: /framework/model/user.mod.php; line: 462; <br />file: /web/source/home/welcome.ctrl.php; line: 64; <br />file: /web/index.php; line: 213; <br />

2018-06-13 19:50:44 SQL Error :
------------
String:
SQL: <br/>SHOW TABLES LIKE 'ims_modules_plugin'<hr/>Params: <br/>array (
)<hr/>SQL Error: <br/>MySQL server has gone away<hr/>Traces: <br/>file: /framework/class/db.class.php; line: 167; <br />file: /framework/class/db.class.php; line: 556; <br />file: /framework/function/pdo.func.php; line: 130; <br />file: /framework/model/user.mod.php; line: 391; <br />file: /framework/model/user.mod.php; line: 462; <br />file: /web/source/home/welcome.ctrl.php; line: 64; <br />file: /web/index.php; line: 213; <br />

2018-06-13 19:50:44 SQL Error :
------------
String:
SQL: <br/>REPLACE INTO `ims_core_cache` SET `key` =  :key_1 , `value` =  :value_2<hr/>Params: <br/>array (
  ':key_1' => 'we7:user_modules:1',
  ':value_2' => 'a:0:{}',
)<hr/>SQL Error: <br/>MySQL server has gone away<hr/>Traces: <br/>file: /framework/class/db.class.php; line: 115; <br />file: /framework/class/db.class.php; line: 285; <br />file: /framework/function/pdo.func.php; line: 71; <br />file: /framework/function/cache.mysql.func.php; line: 55; <br />file: /framework/model/user.mod.php; line: 414; <br />file: /framework/model/user.mod.php; line: 462; <br />file: /web/source/home/welcome.ctrl.php; line: 64; <br />file: /web/index.php; line: 213; <br />

2018-06-13 19:51:57 SQL Error :
------------
String:
SQL: <br/>REPLACE INTO `ims_core_settings` SET `key` =  :key_1 , `value` =  :value_2<hr/>Params: <br/>array (
  ':key_1' => 'cloudip',
  ':value_2' => 'a:0:{}',
)<hr/>SQL Error: <br/>MySQL server has gone away<hr/>Traces: <br/>file: /framework/class/db.class.php; line: 115; <br />file: /framework/class/db.class.php; line: 285; <br />file: /framework/function/pdo.func.php; line: 71; <br />file: /framework/model/setting.mod.php; line: 24; <br />file: /framework/model/cloud.mod.php; line: 137; <br />file: /framework/model/cloud.mod.php; line: 156; <br />file: /web/source/utility/checkupgrade.ctrl.php; line: 20; <br />file: /web/index.php; line: 213; <br />

2018-06-13 19:51:57 SQL Error :
------------
String:
SQL: <br/>REPLACE INTO `ims_core_cache` SET `key` =  :key_1 , `value` =  :value_2<hr/>Params: <br/>array (
  ':key_1' => 'setting',
  ':value_2' => 's:0:"";',
)<hr/>SQL Error: <br/>MySQL server has gone away<hr/>Traces: <br/>file: /framework/class/db.class.php; line: 115; <br />file: /framework/class/db.class.php; line: 285; <br />file: /framework/function/pdo.func.php; line: 71; <br />file: /framework/function/cache.mysql.func.php; line: 55; <br />file: /framework/model/setting.mod.php; line: 27; <br />file: /framework/model/cloud.mod.php; line: 137; <br />file: /framework/model/cloud.mod.php; line: 156; <br />file: /web/source/utility/checkupgrade.ctrl.php; line: 20; <br />file: /web/index.php; line: 213; <br />

2018-06-13 19:51:57 SQL Error :
------------
String:
SQL: <br/>DELETE FROM `ims_core_cache` WHERE `key`=:key<hr/>Params: <br/>array (
  ':key' => 'cloud:transtoken',
)<hr/>SQL Error: <br/>MySQL server has gone away<hr/>Traces: <br/>file: /framework/class/db.class.php; line: 115; <br />file: /framework/function/pdo.func.php; line: 31; <br />file: /framework/function/cache.mysql.func.php; line: 63; <br />file: /web/source/utility/checkupgrade.ctrl.php; line: 28; <br />file: /web/index.php; line: 213; <br />

2018-06-13 19:51:57 SQL Error :
------------
String:
SQL: <br/>REPLACE INTO `ims_core_cache` SET `key` =  :key_1 , `value` =  :value_2<hr/>Params: <br/>array (
  ':key_1' => 'checkupgrade:system',
  ':value_2' => 'a:1:{s:10:"lastupdate";i:1528890657;}',
)<hr/>SQL Error: <br/>MySQL server has gone away<hr/>Traces: <br/>file: /framework/class/db.class.php; line: 115; <br />file: /framework/class/db.class.php; line: 285; <br />file: /framework/function/pdo.func.php; line: 71; <br />file: /framework/function/cache.mysql.func.php; line: 55; <br />file: /web/source/utility/checkupgrade.ctrl.php; line: 29; <br />file: /web/index.php; line: 213; <br />

2018-06-13 19:51:57 SQL Error :
------------
String:
SQL: <br/>REPLACE INTO `ims_core_settings` SET `key` =  :key_1 , `value` =  :value_2<hr/>Params: <br/>array (
  ':key_1' => 'cloudip',
  ':value_2' => 'a:0:{}',
)<hr/>SQL Error: <br/>MySQL server has gone away<hr/>Traces: <br/>file: /framework/class/db.class.php; line: 115; <br />file: /framework/class/db.class.php; line: 285; <br />file: /framework/function/pdo.func.php; line: 71; <br />file: /framework/model/setting.mod.php; line: 24; <br />file: /framework/model/cloud.mod.php; line: 137; <br />file: /framework/model/cloud.mod.php; line: 156; <br />file: /web/source/utility/checkupgrade.ctrl.php; line: 20; <br />file: /web/index.php; line: 213; <br />

2018-06-13 19:51:57 SQL Error :
------------
String:
SQL: <br/>REPLACE INTO `ims_core_cache` SET `key` =  :key_1 , `value` =  :value_2<hr/>Params: <br/>array (
  ':key_1' => 'setting',
  ':value_2' => 's:0:"";',
)<hr/>SQL Error: <br/>MySQL server has gone away<hr/>Traces: <br/>file: /framework/class/db.class.php; line: 115; <br />file: /framework/class/db.class.php; line: 285; <br />file: /framework/function/pdo.func.php; line: 71; <br />file: /framework/function/cache.mysql.func.php; line: 55; <br />file: /framework/model/setting.mod.php; line: 27; <br />file: /framework/model/cloud.mod.php; line: 137; <br />file: /framework/model/cloud.mod.php; line: 156; <br />file: /web/source/utility/checkupgrade.ctrl.php; line: 20; <br />file: /web/index.php; line: 213; <br />

2018-06-13 19:51:57 SQL Error :
------------
String:
SQL: <br/>DELETE FROM `ims_core_cache` WHERE `key`=:key<hr/>Params: <br/>array (
  ':key' => 'cloud:transtoken',
)<hr/>SQL Error: <br/>MySQL server has gone away<hr/>Traces: <br/>file: /framework/class/db.class.php; line: 115; <br />file: /framework/function/pdo.func.php; line: 31; <br />file: /framework/function/cache.mysql.func.php; line: 63; <br />file: /web/source/utility/checkupgrade.ctrl.php; line: 28; <br />file: /web/index.php; line: 213; <br />

2018-06-13 19:51:57 SQL Error :
------------
String:
SQL: <br/>REPLACE INTO `ims_core_cache` SET `key` =  :key_1 , `value` =  :value_2<hr/>Params: <br/>array (
  ':key_1' => 'checkupgrade:system',
  ':value_2' => 'a:1:{s:10:"lastupdate";i:1528890657;}',
)<hr/>SQL Error: <br/>MySQL server has gone away<hr/>Traces: <br/>file: /framework/class/db.class.php; line: 115; <br />file: /framework/class/db.class.php; line: 285; <br />file: /framework/function/pdo.func.php; line: 71; <br />file: /framework/function/cache.mysql.func.php; line: 55; <br />file: /web/source/utility/checkupgrade.ctrl.php; line: 29; <br />file: /web/index.php; line: 213; <br />

2018-06-13 19:51:57 SQL Error :
------------
String:
SQL: <br/>REPLACE INTO `ims_core_settings` SET `key` =  :key_1 , `value` =  :value_2<hr/>Params: <br/>array (
  ':key_1' => 'cloudip',
  ':value_2' => 'a:0:{}',
)<hr/>SQL Error: <br/>MySQL server has gone away<hr/>Traces: <br/>file: /framework/class/db.class.php; line: 115; <br />file: /framework/class/db.class.php; line: 285; <br />file: /framework/function/pdo.func.php; line: 71; <br />file: /framework/model/setting.mod.php; line: 24; <br />file: /framework/model/cloud.mod.php; line: 137; <br />file: /framework/class/cloudapi.class.php; line: 118; <br />file: /framework/class/cloudapi.class.php; line: 149; <br />file: /framework/class/cloudapi.class.php; line: 173; <br />file: /framework/class/cloudapi.class.php; line: 221; <br />file: /framework/model/cache.mod.php; line: 271; <br />file: /framework/model/module.mod.php; line: 359; <br />file: /web/source/home/welcome.ctrl.php; line: 59; <br />file: /web/index.php; line: 213; <br />

2018-06-13 19:51:57 SQL Error :
------------
String:
SQL: <br/>REPLACE INTO `ims_core_cache` SET `key` =  :key_1 , `value` =  :value_2<hr/>Params: <br/>array (
  ':key_1' => 'setting',
  ':value_2' => 's:0:"";',
)<hr/>SQL Error: <br/>MySQL server has gone away<hr/>Traces: <br/>file: /framework/class/db.class.php; line: 115; <br />file: /framework/class/db.class.php; line: 285; <br />file: /framework/function/pdo.func.php; line: 71; <br />file: /framework/function/cache.mysql.func.php; line: 55; <br />file: /framework/model/setting.mod.php; line: 27; <br />file: /framework/model/cloud.mod.php; line: 137; <br />file: /framework/class/cloudapi.class.php; line: 118; <br />file: /framework/class/cloudapi.class.php; line: 149; <br />file: /framework/class/cloudapi.class.php; line: 173; <br />file: /framework/class/cloudapi.class.php; line: 221; <br />file: /framework/model/cache.mod.php; line: 271; <br />file: /framework/model/module.mod.php; line: 359; <br />file: /web/source/home/welcome.ctrl.php; line: 59; <br />file: /web/index.php; line: 213; <br />

2018-06-13 19:51:57 SQL Error :
------------
String:
SQL: <br/>SELECT * FROM `ims_modules`<hr/>Params: <br/>array (
)<hr/>SQL Error: <br/>MySQL server has gone away<hr/>Traces: <br/>file: /framework/class/db.class.php; line: 194; <br />file: /framework/class/db.class.php; line: 238; <br />file: /framework/function/pdo.func.php; line: 53; <br />file: /framework/model/cache.mod.php; line: 272; <br />file: /framework/model/module.mod.php; line: 359; <br />file: /web/source/home/welcome.ctrl.php; line: 59; <br />file: /web/index.php; line: 213; <br />

2018-06-13 19:51:57 SQL Error :
------------
String:
SQL: <br/>SELECT * FROM `ims_modules_recycle`<hr/>Params: <br/>array (
)<hr/>SQL Error: <br/>MySQL server has gone away<hr/>Traces: <br/>file: /framework/class/db.class.php; line: 194; <br />file: /framework/class/db.class.php; line: 238; <br />file: /framework/function/pdo.func.php; line: 53; <br />file: /framework/model/cache.mod.php; line: 275; <br />file: /framework/model/module.mod.php; line: 359; <br />file: /web/source/home/welcome.ctrl.php; line: 59; <br />file: /web/index.php; line: 213; <br />

2018-06-13 19:51:57 SQL Error :
------------
String:
SQL: <br/>SELECT `name` FROM `ims_modules` WHERE `type` <> :type<hr/>Params: <br/>array (
  ':type' => 'system',
)<hr/>SQL Error: <br/>MySQL server has gone away<hr/>Traces: <br/>file: /framework/class/db.class.php; line: 194; <br />file: /framework/function/pdo.func.php; line: 44; <br />file: /framework/model/cloud.mod.php; line: 668; <br />file: /framework/model/cloud.mod.php; line: 370; <br />file: /framework/model/cache.mod.php; line: 277; <br />file: /framework/model/module.mod.php; line: 359; <br />file: /web/source/home/welcome.ctrl.php; line: 59; <br />file: /web/index.php; line: 213; <br />

2018-06-13 19:51:58 SQL Error :
------------
String:
SQL: <br/>REPLACE INTO `ims_core_settings` SET `key` =  :key_1 , `value` =  :value_2<hr/>Params: <br/>array (
  ':key_1' => 'cloudip',
  ':value_2' => 'a:0:{}',
)<hr/>SQL Error: <br/>MySQL server has gone away<hr/>Traces: <br/>file: /framework/class/db.class.php; line: 115; <br />file: /framework/class/db.class.php; line: 285; <br />file: /framework/function/pdo.func.php; line: 71; <br />file: /framework/model/setting.mod.php; line: 24; <br />file: /framework/model/cloud.mod.php; line: 137; <br />file: /framework/model/cloud.mod.php; line: 156; <br />file: /framework/model/welcome.mod.php; line: 60; <br />file: /web/source/home/welcome.ctrl.php; line: 128; <br />file: /web/index.php; line: 213; <br />

2018-06-13 19:51:58 SQL Error :
------------
String:
SQL: <br/>REPLACE INTO `ims_core_cache` SET `key` =  :key_1 , `value` =  :value_2<hr/>Params: <br/>array (
  ':key_1' => 'setting',
  ':value_2' => 's:0:"";',
)<hr/>SQL Error: <br/>MySQL server has gone away<hr/>Traces: <br/>file: /framework/class/db.class.php; line: 115; <br />file: /framework/class/db.class.php; line: 285; <br />file: /framework/function/pdo.func.php; line: 71; <br />file: /framework/function/cache.mysql.func.php; line: 55; <br />file: /framework/model/setting.mod.php; line: 27; <br />file: /framework/model/cloud.mod.php; line: 137; <br />file: /framework/model/cloud.mod.php; line: 156; <br />file: /framework/model/welcome.mod.php; line: 60; <br />file: /web/source/home/welcome.ctrl.php; line: 128; <br />file: /web/index.php; line: 213; <br />

2018-06-13 19:51:58 SQL Error :
------------
String:
SQL: <br/>DELETE FROM `ims_core_cache` WHERE `key`=:key<hr/>Params: <br/>array (
  ':key' => 'cloud:transtoken',
)<hr/>SQL Error: <br/>MySQL server has gone away<hr/>Traces: <br/>file: /framework/class/db.class.php; line: 115; <br />file: /framework/function/pdo.func.php; line: 31; <br />file: /framework/function/cache.mysql.func.php; line: 63; <br />file: /framework/model/welcome.mod.php; line: 64; <br />file: /web/source/home/welcome.ctrl.php; line: 128; <br />file: /web/index.php; line: 213; <br />

2018-06-13 19:51:58 SQL Error :
------------
String:
SQL: <br/>REPLACE INTO `ims_core_settings` SET `key` =  :key_1 , `value` =  :value_2<hr/>Params: <br/>array (
  ':key_1' => 'cloudip',
  ':value_2' => 'a:0:{}',
)<hr/>SQL Error: <br/>MySQL server has gone away<hr/>Traces: <br/>file: /framework/class/db.class.php; line: 115; <br />file: /framework/class/db.class.php; line: 285; <br />file: /framework/function/pdo.func.php; line: 71; <br />file: /framework/model/setting.mod.php; line: 24; <br />file: /framework/model/cloud.mod.php; line: 137; <br />file: /framework/model/cloud.mod.php; line: 378; <br />file: /framework/model/cache.mod.php; line: 433; <br />file: /framework/model/module.mod.php; line: 551; <br />file: /framework/model/module.mod.php; line: 583; <br />file: /web/source/home/welcome.ctrl.php; line: 131; <br />file: /web/index.php; line: 213; <br />

2018-06-13 19:51:58 SQL Error :
------------
String:
SQL: <br/>REPLACE INTO `ims_core_cache` SET `key` =  :key_1 , `value` =  :value_2<hr/>Params: <br/>array (
  ':key_1' => 'setting',
  ':value_2' => 's:0:"";',
)<hr/>SQL Error: <br/>MySQL server has gone away<hr/>Traces: <br/>file: /framework/class/db.class.php; line: 115; <br />file: /framework/class/db.class.php; line: 285; <br />file: /framework/function/pdo.func.php; line: 71; <br />file: /framework/function/cache.mysql.func.php; line: 55; <br />file: /framework/model/setting.mod.php; line: 27; <br />file: /framework/model/cloud.mod.php; line: 137; <br />file: /framework/model/cloud.mod.php; line: 378; <br />file: /framework/model/cache.mod.php; line: 433; <br />file: /framework/model/module.mod.php; line: 551; <br />file: /framework/model/module.mod.php; line: 583; <br />file: /web/source/home/welcome.ctrl.php; line: 131; <br />file: /web/index.php; line: 213; <br />

2018-06-13 19:52:01 SQL Error :
------------
String:
SQL: <br/>REPLACE INTO `ims_core_settings` SET `key` =  :key_1 , `value` =  :value_2<hr/>Params: <br/>array (
  ':key_1' => 'cloudip',
  ':value_2' => 'a:0:{}',
)<hr/>SQL Error: <br/>MySQL server has gone away<hr/>Traces: <br/>file: /framework/class/db.class.php; line: 115; <br />file: /framework/class/db.class.php; line: 285; <br />file: /framework/function/pdo.func.php; line: 71; <br />file: /framework/model/setting.mod.php; line: 24; <br />file: /framework/model/cloud.mod.php; line: 137; <br />file: /framework/model/cloud.mod.php; line: 156; <br />file: /web/source/utility/checkupgrade.ctrl.php; line: 20; <br />file: /web/index.php; line: 213; <br />

2018-06-13 19:52:01 SQL Error :
------------
String:
SQL: <br/>REPLACE INTO `ims_core_cache` SET `key` =  :key_1 , `value` =  :value_2<hr/>Params: <br/>array (
  ':key_1' => 'setting',
  ':value_2' => 's:0:"";',
)<hr/>SQL Error: <br/>MySQL server has gone away<hr/>Traces: <br/>file: /framework/class/db.class.php; line: 115; <br />file: /framework/class/db.class.php; line: 285; <br />file: /framework/function/pdo.func.php; line: 71; <br />file: /framework/function/cache.mysql.func.php; line: 55; <br />file: /framework/model/setting.mod.php; line: 27; <br />file: /framework/model/cloud.mod.php; line: 137; <br />file: /framework/model/cloud.mod.php; line: 156; <br />file: /web/source/utility/checkupgrade.ctrl.php; line: 20; <br />file: /web/index.php; line: 213; <br />

2018-06-13 19:52:01 SQL Error :
------------
String:
SQL: <br/>DELETE FROM `ims_core_cache` WHERE `key`=:key<hr/>Params: <br/>array (
  ':key' => 'cloud:transtoken',
)<hr/>SQL Error: <br/>MySQL server has gone away<hr/>Traces: <br/>file: /framework/class/db.class.php; line: 115; <br />file: /framework/function/pdo.func.php; line: 31; <br />file: /framework/function/cache.mysql.func.php; line: 63; <br />file: /web/source/utility/checkupgrade.ctrl.php; line: 28; <br />file: /web/index.php; line: 213; <br />

2018-06-13 19:52:01 SQL Error :
------------
String:
SQL: <br/>REPLACE INTO `ims_core_cache` SET `key` =  :key_1 , `value` =  :value_2<hr/>Params: <br/>array (
  ':key_1' => 'checkupgrade:system',
  ':value_2' => 'a:1:{s:10:"lastupdate";i:1528890661;}',
)<hr/>SQL Error: <br/>MySQL server has gone away<hr/>Traces: <br/>file: /framework/class/db.class.php; line: 115; <br />file: /framework/class/db.class.php; line: 285; <br />file: /framework/function/pdo.func.php; line: 71; <br />file: /framework/function/cache.mysql.func.php; line: 55; <br />file: /web/source/utility/checkupgrade.ctrl.php; line: 29; <br />file: /web/index.php; line: 213; <br />

2018-06-13 19:52:02 SQL Error :
------------
String:
SQL: <br/>REPLACE INTO `ims_core_settings` SET `key` =  :key_1 , `value` =  :value_2<hr/>Params: <br/>array (
  ':key_1' => 'cloudip',
  ':value_2' => 'a:0:{}',
)<hr/>SQL Error: <br/>MySQL server has gone away<hr/>Traces: <br/>file: /framework/class/db.class.php; line: 115; <br />file: /framework/class/db.class.php; line: 285; <br />file: /framework/function/pdo.func.php; line: 71; <br />file: /framework/model/setting.mod.php; line: 24; <br />file: /framework/model/cloud.mod.php; line: 137; <br />file: /framework/model/cloud.mod.php; line: 156; <br />file: /web/source/utility/checkupgrade.ctrl.php; line: 20; <br />file: /web/index.php; line: 213; <br />

2018-06-13 19:52:02 SQL Error :
------------
String:
SQL: <br/>REPLACE INTO `ims_core_cache` SET `key` =  :key_1 , `value` =  :value_2<hr/>Params: <br/>array (
  ':key_1' => 'setting',
  ':value_2' => 's:0:"";',
)<hr/>SQL Error: <br/>MySQL server has gone away<hr/>Traces: <br/>file: /framework/class/db.class.php; line: 115; <br />file: /framework/class/db.class.php; line: 285; <br />file: /framework/function/pdo.func.php; line: 71; <br />file: /framework/function/cache.mysql.func.php; line: 55; <br />file: /framework/model/setting.mod.php; line: 27; <br />file: /framework/model/cloud.mod.php; line: 137; <br />file: /framework/model/cloud.mod.php; line: 156; <br />file: /web/source/utility/checkupgrade.ctrl.php; line: 20; <br />file: /web/index.php; line: 213; <br />

2018-06-13 19:52:02 SQL Error :
------------
String:
SQL: <br/>DELETE FROM `ims_core_cache` WHERE `key`=:key<hr/>Params: <br/>array (
  ':key' => 'cloud:transtoken',
)<hr/>SQL Error: <br/>MySQL server has gone away<hr/>Traces: <br/>file: /framework/class/db.class.php; line: 115; <br />file: /framework/function/pdo.func.php; line: 31; <br />file: /framework/function/cache.mysql.func.php; line: 63; <br />file: /web/source/utility/checkupgrade.ctrl.php; line: 28; <br />file: /web/index.php; line: 213; <br />

2018-06-13 19:52:02 SQL Error :
------------
String:
SQL: <br/>REPLACE INTO `ims_core_cache` SET `key` =  :key_1 , `value` =  :value_2<hr/>Params: <br/>array (
  ':key_1' => 'checkupgrade:system',
  ':value_2' => 'a:1:{s:10:"lastupdate";i:1528890662;}',
)<hr/>SQL Error: <br/>MySQL server has gone away<hr/>Traces: <br/>file: /framework/class/db.class.php; line: 115; <br />file: /framework/class/db.class.php; line: 285; <br />file: /framework/function/pdo.func.php; line: 71; <br />file: /framework/function/cache.mysql.func.php; line: 55; <br />file: /web/source/utility/checkupgrade.ctrl.php; line: 29; <br />file: /web/index.php; line: 213; <br />

2018-06-13 19:52:06 SQL Error :
------------
String:
SQL: <br/>REPLACE INTO `ims_core_settings` SET `key` =  :key_1 , `value` =  :value_2<hr/>Params: <br/>array (
  ':key_1' => 'cloudip',
  ':value_2' => 'a:0:{}',
)<hr/>SQL Error: <br/>MySQL server has gone away<hr/>Traces: <br/>file: /framework/class/db.class.php; line: 115; <br />file: /framework/class/db.class.php; line: 285; <br />file: /framework/function/pdo.func.php; line: 71; <br />file: /framework/model/setting.mod.php; line: 24; <br />file: /framework/model/cloud.mod.php; line: 137; <br />file: /framework/class/cloudapi.class.php; line: 118; <br />file: /framework/class/cloudapi.class.php; line: 149; <br />file: /framework/class/cloudapi.class.php; line: 173; <br />file: /framework/class/cloudapi.class.php; line: 221; <br />file: /framework/model/welcome.mod.php; line: 13; <br />file: /web/source/home/welcome.ctrl.php; line: 121; <br />file: /web/index.php; line: 213; <br />

2018-06-13 19:52:06 SQL Error :
------------
String:
SQL: <br/>REPLACE INTO `ims_core_cache` SET `key` =  :key_1 , `value` =  :value_2<hr/>Params: <br/>array (
  ':key_1' => 'setting',
  ':value_2' => 's:0:"";',
)<hr/>SQL Error: <br/>MySQL server has gone away<hr/>Traces: <br/>file: /framework/class/db.class.php; line: 115; <br />file: /framework/class/db.class.php; line: 285; <br />file: /framework/function/pdo.func.php; line: 71; <br />file: /framework/function/cache.mysql.func.php; line: 55; <br />file: /framework/model/setting.mod.php; line: 27; <br />file: /framework/model/cloud.mod.php; line: 137; <br />file: /framework/class/cloudapi.class.php; line: 118; <br />file: /framework/class/cloudapi.class.php; line: 149; <br />file: /framework/class/cloudapi.class.php; line: 173; <br />file: /framework/class/cloudapi.class.php; line: 221; <br />file: /framework/model/welcome.mod.php; line: 13; <br />file: /web/source/home/welcome.ctrl.php; line: 121; <br />file: /web/index.php; line: 213; <br />

2018-06-13 19:52:06 SQL Error :
------------
String:
SQL: <br/>REPLACE INTO `ims_core_settings` SET `key` =  :key_1 , `value` =  :value_2<hr/>Params: <br/>array (
  ':key_1' => 'cloudip',
  ':value_2' => 'a:0:{}',
)<hr/>SQL Error: <br/>MySQL server has gone away<hr/>Traces: <br/>file: /framework/class/db.class.php; line: 115; <br />file: /framework/class/db.class.php; line: 285; <br />file: /framework/function/pdo.func.php; line: 71; <br />file: /framework/model/setting.mod.php; line: 24; <br />file: /framework/model/cloud.mod.php; line: 137; <br />file: /framework/model/cloud.mod.php; line: 156; <br />file: /web/source/utility/checkupgrade.ctrl.php; line: 20; <br />file: /web/index.php; line: 213; <br />

2018-06-13 19:52:06 SQL Error :
------------
String:
SQL: <br/>REPLACE INTO `ims_core_cache` SET `key` =  :key_1 , `value` =  :value_2<hr/>Params: <br/>array (
  ':key_1' => 'setting',
  ':value_2' => 's:0:"";',
)<hr/>SQL Error: <br/>MySQL server has gone away<hr/>Traces: <br/>file: /framework/class/db.class.php; line: 115; <br />file: /framework/class/db.class.php; line: 285; <br />file: /framework/function/pdo.func.php; line: 71; <br />file: /framework/function/cache.mysql.func.php; line: 55; <br />file: /framework/model/setting.mod.php; line: 27; <br />file: /framework/model/cloud.mod.php; line: 137; <br />file: /framework/model/cloud.mod.php; line: 156; <br />file: /web/source/utility/checkupgrade.ctrl.php; line: 20; <br />file: /web/index.php; line: 213; <br />

2018-06-13 19:52:06 SQL Error :
------------
String:
SQL: <br/>DELETE FROM `ims_core_cache` WHERE `key`=:key<hr/>Params: <br/>array (
  ':key' => 'cloud:transtoken',
)<hr/>SQL Error: <br/>MySQL server has gone away<hr/>Traces: <br/>file: /framework/class/db.class.php; line: 115; <br />file: /framework/function/pdo.func.php; line: 31; <br />file: /framework/function/cache.mysql.func.php; line: 63; <br />file: /web/source/utility/checkupgrade.ctrl.php; line: 28; <br />file: /web/index.php; line: 213; <br />

2018-06-13 19:52:06 SQL Error :
------------
String:
SQL: <br/>REPLACE INTO `ims_core_cache` SET `key` =  :key_1 , `value` =  :value_2<hr/>Params: <br/>array (
  ':key_1' => 'checkupgrade:system',
  ':value_2' => 'a:1:{s:10:"lastupdate";i:1528890666;}',
)<hr/>SQL Error: <br/>MySQL server has gone away<hr/>Traces: <br/>file: /framework/class/db.class.php; line: 115; <br />file: /framework/class/db.class.php; line: 285; <br />file: /framework/function/pdo.func.php; line: 71; <br />file: /framework/function/cache.mysql.func.php; line: 55; <br />file: /web/source/utility/checkupgrade.ctrl.php; line: 29; <br />file: /web/index.php; line: 213; <br />

2018-06-13 19:52:09 SQL Error :
------------
String:
SQL: <br/>REPLACE INTO `ims_core_settings` SET `key` =  :key_1 , `value` =  :value_2<hr/>Params: <br/>array (
  ':key_1' => 'cloudip',
  ':value_2' => 'a:0:{}',
)<hr/>SQL Error: <br/>MySQL server has gone away<hr/>Traces: <br/>file: /framework/class/db.class.php; line: 115; <br />file: /framework/class/db.class.php; line: 285; <br />file: /framework/function/pdo.func.php; line: 71; <br />file: /framework/model/setting.mod.php; line: 24; <br />file: /framework/model/cloud.mod.php; line: 137; <br />file: /framework/model/cloud.mod.php; line: 378; <br />file: /framework/model/module.mod.php; line: 492; <br />file: /web/source/module/manage-account.ctrl.php; line: 22; <br />file: /web/index.php; line: 213; <br />

2018-06-13 19:52:09 SQL Error :
------------
String:
SQL: <br/>REPLACE INTO `ims_core_cache` SET `key` =  :key_1 , `value` =  :value_2<hr/>Params: <br/>array (
  ':key_1' => 'setting',
  ':value_2' => 's:0:"";',
)<hr/>SQL Error: <br/>MySQL server has gone away<hr/>Traces: <br/>file: /framework/class/db.class.php; line: 115; <br />file: /framework/class/db.class.php; line: 285; <br />file: /framework/function/pdo.func.php; line: 71; <br />file: /framework/function/cache.mysql.func.php; line: 55; <br />file: /framework/model/setting.mod.php; line: 27; <br />file: /framework/model/cloud.mod.php; line: 137; <br />file: /framework/model/cloud.mod.php; line: 378; <br />file: /framework/model/module.mod.php; line: 492; <br />file: /web/source/module/manage-account.ctrl.php; line: 22; <br />file: /web/index.php; line: 213; <br />

2018-06-13 19:52:12 SQL Error :
------------
String:
SQL: <br/>REPLACE INTO `ims_core_settings` SET `key` =  :key_1 , `value` =  :value_2<hr/>Params: <br/>array (
  ':key_1' => 'cloudip',
  ':value_2' => 'a:0:{}',
)<hr/>SQL Error: <br/>MySQL server has gone away<hr/>Traces: <br/>file: /framework/class/db.class.php; line: 115; <br />file: /framework/class/db.class.php; line: 285; <br />file: /framework/function/pdo.func.php; line: 71; <br />file: /framework/model/setting.mod.php; line: 24; <br />file: /framework/model/cloud.mod.php; line: 137; <br />file: /framework/model/cloud.mod.php; line: 378; <br />file: /framework/model/module.mod.php; line: 492; <br />file: /web/source/module/manage-account.ctrl.php; line: 22; <br />file: /web/index.php; line: 213; <br />

2018-06-13 19:52:12 SQL Error :
------------
String:
SQL: <br/>REPLACE INTO `ims_core_cache` SET `key` =  :key_1 , `value` =  :value_2<hr/>Params: <br/>array (
  ':key_1' => 'setting',
  ':value_2' => 's:0:"";',
)<hr/>SQL Error: <br/>MySQL server has gone away<hr/>Traces: <br/>file: /framework/class/db.class.php; line: 115; <br />file: /framework/class/db.class.php; line: 285; <br />file: /framework/function/pdo.func.php; line: 71; <br />file: /framework/function/cache.mysql.func.php; line: 55; <br />file: /framework/model/setting.mod.php; line: 27; <br />file: /framework/model/cloud.mod.php; line: 137; <br />file: /framework/model/cloud.mod.php; line: 378; <br />file: /framework/model/module.mod.php; line: 492; <br />file: /web/source/module/manage-account.ctrl.php; line: 22; <br />file: /web/index.php; line: 213; <br />

2018-06-13 19:52:18 SQL Error :
------------
String:
SQL: <br/>REPLACE INTO `ims_core_settings` SET `key` =  :key_1 , `value` =  :value_2<hr/>Params: <br/>array (
  ':key_1' => 'cloudip',
  ':value_2' => 'a:0:{}',
)<hr/>SQL Error: <br/>MySQL server has gone away<hr/>Traces: <br/>file: /framework/class/db.class.php; line: 115; <br />file: /framework/class/db.class.php; line: 285; <br />file: /framework/function/pdo.func.php; line: 71; <br />file: /framework/model/setting.mod.php; line: 24; <br />file: /framework/model/cloud.mod.php; line: 137; <br />file: /framework/model/cloud.mod.php; line: 378; <br />file: /framework/model/module.mod.php; line: 492; <br />file: /web/source/module/manage-account.ctrl.php; line: 22; <br />file: /web/index.php; line: 213; <br />

2018-06-13 19:52:18 SQL Error :
------------
String:
SQL: <br/>REPLACE INTO `ims_core_cache` SET `key` =  :key_1 , `value` =  :value_2<hr/>Params: <br/>array (
  ':key_1' => 'setting',
  ':value_2' => 's:0:"";',
)<hr/>SQL Error: <br/>MySQL server has gone away<hr/>Traces: <br/>file: /framework/class/db.class.php; line: 115; <br />file: /framework/class/db.class.php; line: 285; <br />file: /framework/function/pdo.func.php; line: 71; <br />file: /framework/function/cache.mysql.func.php; line: 55; <br />file: /framework/model/setting.mod.php; line: 27; <br />file: /framework/model/cloud.mod.php; line: 137; <br />file: /framework/model/cloud.mod.php; line: 378; <br />file: /framework/model/module.mod.php; line: 492; <br />file: /web/source/module/manage-account.ctrl.php; line: 22; <br />file: /web/index.php; line: 213; <br />

2018-06-13 19:52:29 SQL Error :
------------
String:
SQL: <br/>REPLACE INTO `ims_core_settings` SET `key` =  :key_1 , `value` =  :value_2<hr/>Params: <br/>array (
  ':key_1' => 'cloudip',
  ':value_2' => 'a:0:{}',
)<hr/>SQL Error: <br/>MySQL server has gone away<hr/>Traces: <br/>file: /framework/class/db.class.php; line: 115; <br />file: /framework/class/db.class.php; line: 285; <br />file: /framework/function/pdo.func.php; line: 71; <br />file: /framework/model/setting.mod.php; line: 24; <br />file: /framework/model/cloud.mod.php; line: 137; <br />file: /framework/model/cloud.mod.php; line: 156; <br />file: /web/source/utility/checkupgrade.ctrl.php; line: 20; <br />file: /web/index.php; line: 213; <br />

2018-06-13 19:52:29 SQL Error :
------------
String:
SQL: <br/>REPLACE INTO `ims_core_cache` SET `key` =  :key_1 , `value` =  :value_2<hr/>Params: <br/>array (
  ':key_1' => 'setting',
  ':value_2' => 's:0:"";',
)<hr/>SQL Error: <br/>MySQL server has gone away<hr/>Traces: <br/>file: /framework/class/db.class.php; line: 115; <br />file: /framework/class/db.class.php; line: 285; <br />file: /framework/function/pdo.func.php; line: 71; <br />file: /framework/function/cache.mysql.func.php; line: 55; <br />file: /framework/model/setting.mod.php; line: 27; <br />file: /framework/model/cloud.mod.php; line: 137; <br />file: /framework/model/cloud.mod.php; line: 156; <br />file: /web/source/utility/checkupgrade.ctrl.php; line: 20; <br />file: /web/index.php; line: 213; <br />

2018-06-13 19:52:29 SQL Error :
------------
String:
SQL: <br/>DELETE FROM `ims_core_cache` WHERE `key`=:key<hr/>Params: <br/>array (
  ':key' => 'cloud:transtoken',
)<hr/>SQL Error: <br/>MySQL server has gone away<hr/>Traces: <br/>file: /framework/class/db.class.php; line: 115; <br />file: /framework/function/pdo.func.php; line: 31; <br />file: /framework/function/cache.mysql.func.php; line: 63; <br />file: /web/source/utility/checkupgrade.ctrl.php; line: 28; <br />file: /web/index.php; line: 213; <br />

2018-06-13 19:52:29 SQL Error :
------------
String:
SQL: <br/>REPLACE INTO `ims_core_cache` SET `key` =  :key_1 , `value` =  :value_2<hr/>Params: <br/>array (
  ':key_1' => 'checkupgrade:system',
  ':value_2' => 'a:1:{s:10:"lastupdate";i:1528890689;}',
)<hr/>SQL Error: <br/>MySQL server has gone away<hr/>Traces: <br/>file: /framework/class/db.class.php; line: 115; <br />file: /framework/class/db.class.php; line: 285; <br />file: /framework/function/pdo.func.php; line: 71; <br />file: /framework/function/cache.mysql.func.php; line: 55; <br />file: /web/source/utility/checkupgrade.ctrl.php; line: 29; <br />file: /web/index.php; line: 213; <br />

2018-06-13 19:52:38 SQL Error :
------------
String:
SQL: <br/>REPLACE INTO `ims_core_settings` SET `key` =  :key_1 , `value` =  :value_2<hr/>Params: <br/>array (
  ':key_1' => 'cloudip',
  ':value_2' => 'a:0:{}',
)<hr/>SQL Error: <br/>MySQL server has gone away<hr/>Traces: <br/>file: /framework/class/db.class.php; line: 115; <br />file: /framework/class/db.class.php; line: 285; <br />file: /framework/function/pdo.func.php; line: 71; <br />file: /framework/model/setting.mod.php; line: 24; <br />file: /framework/model/cloud.mod.php; line: 137; <br />file: /framework/model/cloud.mod.php; line: 156; <br />file: /web/source/utility/checkupgrade.ctrl.php; line: 20; <br />file: /web/index.php; line: 213; <br />

2018-06-13 19:52:38 SQL Error :
------------
String:
SQL: <br/>REPLACE INTO `ims_core_cache` SET `key` =  :key_1 , `value` =  :value_2<hr/>Params: <br/>array (
  ':key_1' => 'setting',
  ':value_2' => 's:0:"";',
)<hr/>SQL Error: <br/>MySQL server has gone away<hr/>Traces: <br/>file: /framework/class/db.class.php; line: 115; <br />file: /framework/class/db.class.php; line: 285; <br />file: /framework/function/pdo.func.php; line: 71; <br />file: /framework/function/cache.mysql.func.php; line: 55; <br />file: /framework/model/setting.mod.php; line: 27; <br />file: /framework/model/cloud.mod.php; line: 137; <br />file: /framework/model/cloud.mod.php; line: 156; <br />file: /web/source/utility/checkupgrade.ctrl.php; line: 20; <br />file: /web/index.php; line: 213; <br />

2018-06-13 19:52:38 SQL Error :
------------
String:
SQL: <br/>DELETE FROM `ims_core_cache` WHERE `key`=:key<hr/>Params: <br/>array (
  ':key' => 'cloud:transtoken',
)<hr/>SQL Error: <br/>MySQL server has gone away<hr/>Traces: <br/>file: /framework/class/db.class.php; line: 115; <br />file: /framework/function/pdo.func.php; line: 31; <br />file: /framework/function/cache.mysql.func.php; line: 63; <br />file: /web/source/utility/checkupgrade.ctrl.php; line: 28; <br />file: /web/index.php; line: 213; <br />

2018-06-13 19:52:38 SQL Error :
------------
String:
SQL: <br/>REPLACE INTO `ims_core_cache` SET `key` =  :key_1 , `value` =  :value_2<hr/>Params: <br/>array (
  ':key_1' => 'checkupgrade:system',
  ':value_2' => 'a:1:{s:10:"lastupdate";i:1528890698;}',
)<hr/>SQL Error: <br/>MySQL server has gone away<hr/>Traces: <br/>file: /framework/class/db.class.php; line: 115; <br />file: /framework/class/db.class.php; line: 285; <br />file: /framework/function/pdo.func.php; line: 71; <br />file: /framework/function/cache.mysql.func.php; line: 55; <br />file: /web/source/utility/checkupgrade.ctrl.php; line: 29; <br />file: /web/index.php; line: 213; <br />

2018-06-13 19:52:58 SQL Error :
------------
String:
SQL: <br/>REPLACE INTO `ims_core_settings` SET `key` =  :key_1 , `value` =  :value_2<hr/>Params: <br/>array (
  ':key_1' => 'cloudip',
  ':value_2' => 'a:0:{}',
)<hr/>SQL Error: <br/>MySQL server has gone away<hr/>Traces: <br/>file: /framework/class/db.class.php; line: 115; <br />file: /framework/class/db.class.php; line: 285; <br />file: /framework/function/pdo.func.php; line: 71; <br />file: /framework/model/setting.mod.php; line: 24; <br />file: /framework/model/cloud.mod.php; line: 137; <br />file: /framework/model/cloud.mod.php; line: 378; <br />file: /framework/model/cache.mod.php; line: 277; <br />file: /framework/model/module.mod.php; line: 359; <br />file: /web/source/home/welcome.ctrl.php; line: 59; <br />file: /web/index.php; line: 213; <br />

2018-06-13 19:52:58 SQL Error :
------------
String:
SQL: <br/>REPLACE INTO `ims_core_cache` SET `key` =  :key_1 , `value` =  :value_2<hr/>Params: <br/>array (
  ':key_1' => 'setting',
  ':value_2' => 's:0:"";',
)<hr/>SQL Error: <br/>MySQL server has gone away<hr/>Traces: <br/>file: /framework/class/db.class.php; line: 115; <br />file: /framework/class/db.class.php; line: 285; <br />file: /framework/function/pdo.func.php; line: 71; <br />file: /framework/function/cache.mysql.func.php; line: 55; <br />file: /framework/model/setting.mod.php; line: 27; <br />file: /framework/model/cloud.mod.php; line: 137; <br />file: /framework/model/cloud.mod.php; line: 378; <br />file: /framework/model/cache.mod.php; line: 277; <br />file: /framework/model/module.mod.php; line: 359; <br />file: /web/source/home/welcome.ctrl.php; line: 59; <br />file: /web/index.php; line: 213; <br />

2018-06-13 19:52:58 SQL Error :
------------
String:
SQL: <br/>REPLACE INTO `ims_core_cache` SET `key` =  :key_1 , `value` =  :value_2<hr/>Params: <br/>array (
  ':key_1' => 'we7:module:all_uninstall',
  ':value_2' => 'a:2:{s:6:"expire";i:1528894257;s:4:"data";a:4:{s:13:"cloud_m_count";N;s:7:"modules";a:2:{s:7:"recycle";a:0:{}s:11:"uninstalled";a:1:{s:3:"app";a:1:{s:11:"ewei_shopv2";a:8:{s:4:"from";s:5:"local";s:4:"name";s:11:"ewei_shopv2";s:7:"version";s:5:"3.1.1";s:5:"title";s:14:"人人商城V3";s:11:"app_support";i:2;s:13:"wxapp_support";i:1;s:11:"main_module";s:0:"";s:15:"upgrade_support";b:0;}}}}s:9:"app_count";i:1;s:11:"wxapp_count";i:0;}}',
)<hr/>SQL Error: <br/>MySQL server has gone away<hr/>Traces: <br/>file: /framework/class/db.class.php; line: 115; <br />file: /framework/class/db.class.php; line: 285; <br />file: /framework/function/pdo.func.php; line: 71; <br />file: /framework/function/cache.mysql.func.php; line: 55; <br />file: /framework/model/cache.mod.php; line: 377; <br />file: /framework/model/module.mod.php; line: 359; <br />file: /web/source/home/welcome.ctrl.php; line: 59; <br />file: /web/index.php; line: 213; <br />

2018-06-13 19:52:58 SQL Error :
------------
String:
SQL: <br/>SELECT `value` FROM `ims_core_cache` WHERE `key` =  :__key_1  LIMIT 1<hr/>Params: <br/>array (
  ':__key_1' => 'we7:user_modules:1',
)<hr/>SQL Error: <br/>MySQL server has gone away<hr/>Traces: <br/>file: /framework/class/db.class.php; line: 167; <br />file: /framework/class/db.class.php; line: 227; <br />file: /framework/class/db.class.php; line: 259; <br />file: /framework/function/pdo.func.php; line: 61; <br />file: /framework/function/cache.mysql.func.php; line: 10; <br />file: /framework/function/cache.func.php; line: 39; <br />file: /framework/model/user.mod.php; line: 352; <br />file: /framework/model/user.mod.php; line: 462; <br />file: /web/source/home/welcome.ctrl.php; line: 63; <br />file: /web/index.php; line: 213; <br />

2018-06-13 19:52:58 SQL Error :
------------
String:
SQL: <br/>SELECT * FROM `ims_users`  WHERE 1  AND `uid`=:uid LIMIT 1<hr/>Params: <br/>array (
  ':uid' => 1,
)<hr/>SQL Error: <br/>MySQL server has gone away<hr/>Traces: <br/>file: /framework/class/db.class.php; line: 167; <br />file: /framework/function/pdo.func.php; line: 40; <br />file: /framework/model/user.mod.php; line: 160; <br />file: /framework/model/user.mod.php; line: 354; <br />file: /framework/model/user.mod.php; line: 462; <br />file: /web/source/home/welcome.ctrl.php; line: 63; <br />file: /web/index.php; line: 213; <br />

2018-06-13 19:52:58 SQL Error :
------------
String:
SQL: <br/>SELECT `name` FROM `ims_modules` WHERE `issystem` =  :__issystem_1<hr/>Params: <br/>array (
  ':__issystem_1' => 1,
)<hr/>SQL Error: <br/>MySQL server has gone away<hr/>Traces: <br/>file: /framework/class/db.class.php; line: 194; <br />file: /framework/class/db.class.php; line: 238; <br />file: /framework/function/pdo.func.php; line: 53; <br />file: /framework/model/user.mod.php; line: 356; <br />file: /framework/model/user.mod.php; line: 462; <br />file: /web/source/home/welcome.ctrl.php; line: 63; <br />file: /web/index.php; line: 213; <br />

2018-06-13 19:52:58 SQL Error :
------------
String:
SQL: <br/>SELECT `name` FROM `ims_modules` ORDER BY mid DESC <hr/>Params: <br/>array (
)<hr/>SQL Error: <br/>MySQL server has gone away<hr/>Traces: <br/>file: /framework/class/db.class.php; line: 194; <br />file: /framework/class/db.class.php; line: 238; <br />file: /framework/function/pdo.func.php; line: 53; <br />file: /framework/model/user.mod.php; line: 358; <br />file: /framework/model/user.mod.php; line: 462; <br />file: /web/source/home/welcome.ctrl.php; line: 63; <br />file: /web/index.php; line: 213; <br />

2018-06-13 19:52:58 SQL Error :
------------
String:
SQL: <br/>SHOW TABLES LIKE 'ims_modules_plugin'<hr/>Params: <br/>array (
)<hr/>SQL Error: <br/>MySQL server has gone away<hr/>Traces: <br/>file: /framework/class/db.class.php; line: 167; <br />file: /framework/class/db.class.php; line: 556; <br />file: /framework/function/pdo.func.php; line: 130; <br />file: /framework/model/user.mod.php; line: 391; <br />file: /framework/model/user.mod.php; line: 462; <br />file: /web/source/home/welcome.ctrl.php; line: 63; <br />file: /web/index.php; line: 213; <br />

2018-06-13 19:52:58 SQL Error :
------------
String:
SQL: <br/>REPLACE INTO `ims_core_cache` SET `key` =  :key_1 , `value` =  :value_2<hr/>Params: <br/>array (
  ':key_1' => 'we7:user_modules:1',
  ':value_2' => 'a:0:{}',
)<hr/>SQL Error: <br/>MySQL server has gone away<hr/>Traces: <br/>file: /framework/class/db.class.php; line: 115; <br />file: /framework/class/db.class.php; line: 285; <br />file: /framework/function/pdo.func.php; line: 71; <br />file: /framework/function/cache.mysql.func.php; line: 55; <br />file: /framework/model/user.mod.php; line: 414; <br />file: /framework/model/user.mod.php; line: 462; <br />file: /web/source/home/welcome.ctrl.php; line: 63; <br />file: /web/index.php; line: 213; <br />

2018-06-13 19:52:58 SQL Error :
------------
String:
SQL: <br/>SELECT `value` FROM `ims_core_cache` WHERE `key` =  :__key_1  LIMIT 1<hr/>Params: <br/>array (
  ':__key_1' => 'we7:user_modules:1',
)<hr/>SQL Error: <br/>MySQL server has gone away<hr/>Traces: <br/>file: /framework/class/db.class.php; line: 167; <br />file: /framework/class/db.class.php; line: 227; <br />file: /framework/class/db.class.php; line: 259; <br />file: /framework/function/pdo.func.php; line: 61; <br />file: /framework/function/cache.mysql.func.php; line: 10; <br />file: /framework/function/cache.func.php; line: 39; <br />file: /framework/model/user.mod.php; line: 352; <br />file: /framework/model/user.mod.php; line: 462; <br />file: /web/source/home/welcome.ctrl.php; line: 64; <br />file: /web/index.php; line: 213; <br />

2018-06-13 19:52:58 SQL Error :
------------
String:
SQL: <br/>SELECT * FROM `ims_users`  WHERE 1  AND `uid`=:uid LIMIT 1<hr/>Params: <br/>array (
  ':uid' => 1,
)<hr/>SQL Error: <br/>MySQL server has gone away<hr/>Traces: <br/>file: /framework/class/db.class.php; line: 167; <br />file: /framework/function/pdo.func.php; line: 40; <br />file: /framework/model/user.mod.php; line: 160; <br />file: /framework/model/user.mod.php; line: 354; <br />file: /framework/model/user.mod.php; line: 462; <br />file: /web/source/home/welcome.ctrl.php; line: 64; <br />file: /web/index.php; line: 213; <br />

2018-06-13 19:52:58 SQL Error :
------------
String:
SQL: <br/>SELECT `name` FROM `ims_modules` WHERE `issystem` =  :__issystem_1<hr/>Params: <br/>array (
  ':__issystem_1' => 1,
)<hr/>SQL Error: <br/>MySQL server has gone away<hr/>Traces: <br/>file: /framework/class/db.class.php; line: 194; <br />file: /framework/class/db.class.php; line: 238; <br />file: /framework/function/pdo.func.php; line: 53; <br />file: /framework/model/user.mod.php; line: 356; <br />file: /framework/model/user.mod.php; line: 462; <br />file: /web/source/home/welcome.ctrl.php; line: 64; <br />file: /web/index.php; line: 213; <br />

2018-06-13 19:52:58 SQL Error :
------------
String:
SQL: <br/>SELECT `name` FROM `ims_modules` ORDER BY mid DESC <hr/>Params: <br/>array (
)<hr/>SQL Error: <br/>MySQL server has gone away<hr/>Traces: <br/>file: /framework/class/db.class.php; line: 194; <br />file: /framework/class/db.class.php; line: 238; <br />file: /framework/function/pdo.func.php; line: 53; <br />file: /framework/model/user.mod.php; line: 358; <br />file: /framework/model/user.mod.php; line: 462; <br />file: /web/source/home/welcome.ctrl.php; line: 64; <br />file: /web/index.php; line: 213; <br />

2018-06-13 19:52:58 SQL Error :
------------
String:
SQL: <br/>SHOW TABLES LIKE 'ims_modules_plugin'<hr/>Params: <br/>array (
)<hr/>SQL Error: <br/>MySQL server has gone away<hr/>Traces: <br/>file: /framework/class/db.class.php; line: 167; <br />file: /framework/class/db.class.php; line: 556; <br />file: /framework/function/pdo.func.php; line: 130; <br />file: /framework/model/user.mod.php; line: 391; <br />file: /framework/model/user.mod.php; line: 462; <br />file: /web/source/home/welcome.ctrl.php; line: 64; <br />file: /web/index.php; line: 213; <br />

2018-06-13 19:52:58 SQL Error :
------------
String:
SQL: <br/>REPLACE INTO `ims_core_cache` SET `key` =  :key_1 , `value` =  :value_2<hr/>Params: <br/>array (
  ':key_1' => 'we7:user_modules:1',
  ':value_2' => 'a:0:{}',
)<hr/>SQL Error: <br/>MySQL server has gone away<hr/>Traces: <br/>file: /framework/class/db.class.php; line: 115; <br />file: /framework/class/db.class.php; line: 285; <br />file: /framework/function/pdo.func.php; line: 71; <br />file: /framework/function/cache.mysql.func.php; line: 55; <br />file: /framework/model/user.mod.php; line: 414; <br />file: /framework/model/user.mod.php; line: 462; <br />file: /web/source/home/welcome.ctrl.php; line: 64; <br />file: /web/index.php; line: 213; <br />

2018-06-13 19:53:09 SQL Error :
------------
String:
SQL: <br/>REPLACE INTO `ims_core_settings` SET `key` =  :key_1 , `value` =  :value_2<hr/>Params: <br/>array (
  ':key_1' => 'cloudip',
  ':value_2' => 'a:0:{}',
)<hr/>SQL Error: <br/>MySQL server has gone away<hr/>Traces: <br/>file: /framework/class/db.class.php; line: 115; <br />file: /framework/class/db.class.php; line: 285; <br />file: /framework/function/pdo.func.php; line: 71; <br />file: /framework/model/setting.mod.php; line: 24; <br />file: /framework/model/cloud.mod.php; line: 137; <br />file: /framework/model/cloud.mod.php; line: 388; <br />file: /framework/model/module.mod.php; line: 496; <br />file: /web/source/module/manage-account.ctrl.php; line: 22; <br />file: /web/index.php; line: 213; <br />

2018-06-13 19:53:09 SQL Error :
------------
String:
SQL: <br/>REPLACE INTO `ims_core_cache` SET `key` =  :key_1 , `value` =  :value_2<hr/>Params: <br/>array (
  ':key_1' => 'setting',
  ':value_2' => 's:0:"";',
)<hr/>SQL Error: <br/>MySQL server has gone away<hr/>Traces: <br/>file: /framework/class/db.class.php; line: 115; <br />file: /framework/class/db.class.php; line: 285; <br />file: /framework/function/pdo.func.php; line: 71; <br />file: /framework/function/cache.mysql.func.php; line: 55; <br />file: /framework/model/setting.mod.php; line: 27; <br />file: /framework/model/cloud.mod.php; line: 137; <br />file: /framework/model/cloud.mod.php; line: 388; <br />file: /framework/model/module.mod.php; line: 496; <br />file: /web/source/module/manage-account.ctrl.php; line: 22; <br />file: /web/index.php; line: 213; <br />

2018-06-13 19:53:09 SQL Error :
------------
String:
SQL: <br/>SELECT `value` FROM `ims_core_cache` WHERE `key` =  :__key_1  LIMIT 1<hr/>Params: <br/>array (
  ':__key_1' => 'we7:module_info:1',
)<hr/>SQL Error: <br/>MySQL server has gone away<hr/>Traces: <br/>file: /framework/class/db.class.php; line: 167; <br />file: /framework/class/db.class.php; line: 227; <br />file: /framework/class/db.class.php; line: 259; <br />file: /framework/function/pdo.func.php; line: 61; <br />file: /framework/function/cache.mysql.func.php; line: 10; <br />file: /framework/function/cache.func.php; line: 39; <br />file: /framework/model/module.mod.php; line: 257; <br />file: /framework/model/module.mod.php; line: 497; <br />file: /web/source/module/manage-account.ctrl.php; line: 22; <br />file: /web/index.php; line: 213; <br />

2018-06-13 19:53:09 SQL Error :
------------
String:
SQL: <br/>SELECT * FROM `ims_modules` WHERE `name` =  :__name_1  LIMIT 1<hr/>Params: <br/>array (
  ':__name_1' => '1',
)<hr/>SQL Error: <br/>MySQL server has gone away<hr/>Traces: <br/>file: /framework/class/db.class.php; line: 167; <br />file: /framework/class/db.class.php; line: 227; <br />file: /framework/function/pdo.func.php; line: 49; <br />file: /framework/model/module.mod.php; line: 259; <br />file: /framework/model/module.mod.php; line: 497; <br />file: /web/source/module/manage-account.ctrl.php; line: 22; <br />file: /web/index.php; line: 213; <br />

2018-06-13 19:53:12 SQL Error :
------------
String:
SQL: <br/>REPLACE INTO `ims_core_settings` SET `key` =  :key_1 , `value` =  :value_2<hr/>Params: <br/>array (
  ':key_1' => 'cloudip',
  ':value_2' => 'a:0:{}',
)<hr/>SQL Error: <br/>MySQL server has gone away<hr/>Traces: <br/>file: /framework/class/db.class.php; line: 115; <br />file: /framework/class/db.class.php; line: 285; <br />file: /framework/function/pdo.func.php; line: 71; <br />file: /framework/model/setting.mod.php; line: 24; <br />file: /framework/model/cloud.mod.php; line: 137; <br />file: /framework/model/cloud.mod.php; line: 388; <br />file: /framework/model/module.mod.php; line: 496; <br />file: /web/source/module/manage-account.ctrl.php; line: 22; <br />file: /web/index.php; line: 213; <br />

2018-06-13 19:53:12 SQL Error :
------------
String:
SQL: <br/>REPLACE INTO `ims_core_cache` SET `key` =  :key_1 , `value` =  :value_2<hr/>Params: <br/>array (
  ':key_1' => 'setting',
  ':value_2' => 's:0:"";',
)<hr/>SQL Error: <br/>MySQL server has gone away<hr/>Traces: <br/>file: /framework/class/db.class.php; line: 115; <br />file: /framework/class/db.class.php; line: 285; <br />file: /framework/function/pdo.func.php; line: 71; <br />file: /framework/function/cache.mysql.func.php; line: 55; <br />file: /framework/model/setting.mod.php; line: 27; <br />file: /framework/model/cloud.mod.php; line: 137; <br />file: /framework/model/cloud.mod.php; line: 388; <br />file: /framework/model/module.mod.php; line: 496; <br />file: /web/source/module/manage-account.ctrl.php; line: 22; <br />file: /web/index.php; line: 213; <br />

2018-06-13 19:53:12 SQL Error :
------------
String:
SQL: <br/>SELECT `value` FROM `ims_core_cache` WHERE `key` =  :__key_1  LIMIT 1<hr/>Params: <br/>array (
  ':__key_1' => 'we7:module_setting:1:ewei_shopv2',
)<hr/>SQL Error: <br/>MySQL server has gone away<hr/>Traces: <br/>file: /framework/class/db.class.php; line: 167; <br />file: /framework/class/db.class.php; line: 227; <br />file: /framework/class/db.class.php; line: 259; <br />file: /framework/function/pdo.func.php; line: 61; <br />file: /framework/function/cache.mysql.func.php; line: 10; <br />file: /framework/function/cache.func.php; line: 39; <br />file: /framework/model/module.mod.php; line: 304; <br />file: /framework/model/module.mod.php; line: 497; <br />file: /web/source/module/manage-account.ctrl.php; line: 22; <br />file: /web/index.php; line: 213; <br />

2018-06-13 19:53:12 SQL Error :
------------
String:
SQL: <br/>SELECT * FROM `ims_uni_account_modules` WHERE `module` =  :__module_1 AND `uniacid` =  :__uniacid_2  LIMIT 1<hr/>Params: <br/>array (
  ':__module_1' => 'ewei_shopv2',
  ':__uniacid_2' => 1,
)<hr/>SQL Error: <br/>MySQL server has gone away<hr/>Traces: <br/>file: /framework/class/db.class.php; line: 167; <br />file: /framework/class/db.class.php; line: 227; <br />file: /framework/function/pdo.func.php; line: 49; <br />file: /framework/model/module.mod.php; line: 306; <br />file: /framework/model/module.mod.php; line: 497; <br />file: /web/source/module/manage-account.ctrl.php; line: 22; <br />file: /web/index.php; line: 213; <br />

2018-06-13 19:53:18 SQL Error :
------------
String:
SQL: <br/>REPLACE INTO `ims_core_settings` SET `key` =  :key_1 , `value` =  :value_2<hr/>Params: <br/>array (
  ':key_1' => 'cloudip',
  ':value_2' => 'a:0:{}',
)<hr/>SQL Error: <br/>MySQL server has gone away<hr/>Traces: <br/>file: /framework/class/db.class.php; line: 115; <br />file: /framework/class/db.class.php; line: 285; <br />file: /framework/function/pdo.func.php; line: 71; <br />file: /framework/model/setting.mod.php; line: 24; <br />file: /framework/model/cloud.mod.php; line: 137; <br />file: /framework/model/cloud.mod.php; line: 388; <br />file: /framework/model/module.mod.php; line: 496; <br />file: /web/source/module/manage-account.ctrl.php; line: 22; <br />file: /web/index.php; line: 213; <br />

2018-06-13 19:53:18 SQL Error :
------------
String:
SQL: <br/>REPLACE INTO `ims_core_cache` SET `key` =  :key_1 , `value` =  :value_2<hr/>Params: <br/>array (
  ':key_1' => 'setting',
  ':value_2' => 's:0:"";',
)<hr/>SQL Error: <br/>MySQL server has gone away<hr/>Traces: <br/>file: /framework/class/db.class.php; line: 115; <br />file: /framework/class/db.class.php; line: 285; <br />file: /framework/function/pdo.func.php; line: 71; <br />file: /framework/function/cache.mysql.func.php; line: 55; <br />file: /framework/model/setting.mod.php; line: 27; <br />file: /framework/model/cloud.mod.php; line: 137; <br />file: /framework/model/cloud.mod.php; line: 388; <br />file: /framework/model/module.mod.php; line: 496; <br />file: /web/source/module/manage-account.ctrl.php; line: 22; <br />file: /web/index.php; line: 213; <br />

2018-06-13 19:53:18 SQL Error :
------------
String:
SQL: <br/>SELECT `value` FROM `ims_core_cache` WHERE `key` =  :__key_1  LIMIT 1<hr/>Params: <br/>array (
  ':__key_1' => 'we7:module_setting:1:ewei_shopv2',
)<hr/>SQL Error: <br/>MySQL server has gone away<hr/>Traces: <br/>file: /framework/class/db.class.php; line: 167; <br />file: /framework/class/db.class.php; line: 227; <br />file: /framework/class/db.class.php; line: 259; <br />file: /framework/function/pdo.func.php; line: 61; <br />file: /framework/function/cache.mysql.func.php; line: 10; <br />file: /framework/function/cache.func.php; line: 39; <br />file: /framework/model/module.mod.php; line: 304; <br />file: /framework/model/module.mod.php; line: 497; <br />file: /web/source/module/manage-account.ctrl.php; line: 22; <br />file: /web/index.php; line: 213; <br />

2018-06-13 19:53:18 SQL Error :
------------
String:
SQL: <br/>SELECT * FROM `ims_uni_account_modules` WHERE `module` =  :__module_1 AND `uniacid` =  :__uniacid_2  LIMIT 1<hr/>Params: <br/>array (
  ':__module_1' => 'ewei_shopv2',
  ':__uniacid_2' => 1,
)<hr/>SQL Error: <br/>MySQL server has gone away<hr/>Traces: <br/>file: /framework/class/db.class.php; line: 167; <br />file: /framework/class/db.class.php; line: 227; <br />file: /framework/function/pdo.func.php; line: 49; <br />file: /framework/model/module.mod.php; line: 306; <br />file: /framework/model/module.mod.php; line: 497; <br />file: /web/source/module/manage-account.ctrl.php; line: 22; <br />file: /web/index.php; line: 213; <br />

2018-06-13 19:53:52 SQL Error :
------------
String:
SQL: <br/>REPLACE INTO `ims_core_settings` SET `key` =  :key_1 , `value` =  :value_2<hr/>Params: <br/>array (
  ':key_1' => 'cloudip',
  ':value_2' => 'a:0:{}',
)<hr/>SQL Error: <br/>MySQL server has gone away<hr/>Traces: <br/>file: /framework/class/db.class.php; line: 115; <br />file: /framework/class/db.class.php; line: 285; <br />file: /framework/function/pdo.func.php; line: 71; <br />file: /framework/model/setting.mod.php; line: 24; <br />file: /framework/model/cloud.mod.php; line: 137; <br />file: /framework/model/cloud.mod.php; line: 156; <br />file: /web/source/utility/checkupgrade.ctrl.php; line: 20; <br />file: /web/index.php; line: 213; <br />

2018-06-13 19:53:52 SQL Error :
------------
String:
SQL: <br/>REPLACE INTO `ims_core_cache` SET `key` =  :key_1 , `value` =  :value_2<hr/>Params: <br/>array (
  ':key_1' => 'setting',
  ':value_2' => 's:0:"";',
)<hr/>SQL Error: <br/>MySQL server has gone away<hr/>Traces: <br/>file: /framework/class/db.class.php; line: 115; <br />file: /framework/class/db.class.php; line: 285; <br />file: /framework/function/pdo.func.php; line: 71; <br />file: /framework/function/cache.mysql.func.php; line: 55; <br />file: /framework/model/setting.mod.php; line: 27; <br />file: /framework/model/cloud.mod.php; line: 137; <br />file: /framework/model/cloud.mod.php; line: 156; <br />file: /web/source/utility/checkupgrade.ctrl.php; line: 20; <br />file: /web/index.php; line: 213; <br />

2018-06-13 19:53:52 SQL Error :
------------
String:
SQL: <br/>DELETE FROM `ims_core_cache` WHERE `key`=:key<hr/>Params: <br/>array (
  ':key' => 'cloud:transtoken',
)<hr/>SQL Error: <br/>MySQL server has gone away<hr/>Traces: <br/>file: /framework/class/db.class.php; line: 115; <br />file: /framework/function/pdo.func.php; line: 31; <br />file: /framework/function/cache.mysql.func.php; line: 63; <br />file: /web/source/utility/checkupgrade.ctrl.php; line: 28; <br />file: /web/index.php; line: 213; <br />

2018-06-13 19:53:52 SQL Error :
------------
String:
SQL: <br/>REPLACE INTO `ims_core_cache` SET `key` =  :key_1 , `value` =  :value_2<hr/>Params: <br/>array (
  ':key_1' => 'checkupgrade:system',
  ':value_2' => 'a:1:{s:10:"lastupdate";i:1528890772;}',
)<hr/>SQL Error: <br/>MySQL server has gone away<hr/>Traces: <br/>file: /framework/class/db.class.php; line: 115; <br />file: /framework/class/db.class.php; line: 285; <br />file: /framework/function/pdo.func.php; line: 71; <br />file: /framework/function/cache.mysql.func.php; line: 55; <br />file: /web/source/utility/checkupgrade.ctrl.php; line: 29; <br />file: /web/index.php; line: 213; <br />

2018-06-13 19:53:52 SQL Error :
------------
String:
SQL: <br/>REPLACE INTO `ims_core_settings` SET `key` =  :key_1 , `value` =  :value_2<hr/>Params: <br/>array (
  ':key_1' => 'cloudip',
  ':value_2' => 'a:0:{}',
)<hr/>SQL Error: <br/>MySQL server has gone away<hr/>Traces: <br/>file: /framework/class/db.class.php; line: 115; <br />file: /framework/class/db.class.php; line: 285; <br />file: /framework/function/pdo.func.php; line: 71; <br />file: /framework/model/setting.mod.php; line: 24; <br />file: /framework/model/cloud.mod.php; line: 137; <br />file: /framework/model/cloud.mod.php; line: 378; <br />file: /framework/model/module.mod.php; line: 492; <br />file: /web/source/module/manage-account.ctrl.php; line: 22; <br />file: /web/index.php; line: 213; <br />

2018-06-13 19:53:52 SQL Error :
------------
String:
SQL: <br/>REPLACE INTO `ims_core_cache` SET `key` =  :key_1 , `value` =  :value_2<hr/>Params: <br/>array (
  ':key_1' => 'setting',
  ':value_2' => 's:0:"";',
)<hr/>SQL Error: <br/>MySQL server has gone away<hr/>Traces: <br/>file: /framework/class/db.class.php; line: 115; <br />file: /framework/class/db.class.php; line: 285; <br />file: /framework/function/pdo.func.php; line: 71; <br />file: /framework/function/cache.mysql.func.php; line: 55; <br />file: /framework/model/setting.mod.php; line: 27; <br />file: /framework/model/cloud.mod.php; line: 137; <br />file: /framework/model/cloud.mod.php; line: 378; <br />file: /framework/model/module.mod.php; line: 492; <br />file: /web/source/module/manage-account.ctrl.php; line: 22; <br />file: /web/index.php; line: 213; <br />

2018-06-13 19:53:55 SQL Error :
------------
String:
SQL: <br/>REPLACE INTO `ims_core_settings` SET `key` =  :key_1 , `value` =  :value_2<hr/>Params: <br/>array (
  ':key_1' => 'cloudip',
  ':value_2' => 'a:0:{}',
)<hr/>SQL Error: <br/>MySQL server has gone away<hr/>Traces: <br/>file: /framework/class/db.class.php; line: 115; <br />file: /framework/class/db.class.php; line: 285; <br />file: /framework/function/pdo.func.php; line: 71; <br />file: /framework/model/setting.mod.php; line: 24; <br />file: /framework/model/cloud.mod.php; line: 137; <br />file: /framework/model/cloud.mod.php; line: 156; <br />file: /web/source/utility/checkupgrade.ctrl.php; line: 20; <br />file: /web/index.php; line: 213; <br />

2018-06-13 19:53:55 SQL Error :
------------
String:
SQL: <br/>REPLACE INTO `ims_core_cache` SET `key` =  :key_1 , `value` =  :value_2<hr/>Params: <br/>array (
  ':key_1' => 'setting',
  ':value_2' => 's:0:"";',
)<hr/>SQL Error: <br/>MySQL server has gone away<hr/>Traces: <br/>file: /framework/class/db.class.php; line: 115; <br />file: /framework/class/db.class.php; line: 285; <br />file: /framework/function/pdo.func.php; line: 71; <br />file: /framework/function/cache.mysql.func.php; line: 55; <br />file: /framework/model/setting.mod.php; line: 27; <br />file: /framework/model/cloud.mod.php; line: 137; <br />file: /framework/model/cloud.mod.php; line: 156; <br />file: /web/source/utility/checkupgrade.ctrl.php; line: 20; <br />file: /web/index.php; line: 213; <br />

2018-06-13 19:53:55 SQL Error :
------------
String:
SQL: <br/>DELETE FROM `ims_core_cache` WHERE `key`=:key<hr/>Params: <br/>array (
  ':key' => 'cloud:transtoken',
)<hr/>SQL Error: <br/>MySQL server has gone away<hr/>Traces: <br/>file: /framework/class/db.class.php; line: 115; <br />file: /framework/function/pdo.func.php; line: 31; <br />file: /framework/function/cache.mysql.func.php; line: 63; <br />file: /web/source/utility/checkupgrade.ctrl.php; line: 28; <br />file: /web/index.php; line: 213; <br />

2018-06-13 19:53:55 SQL Error :
------------
String:
SQL: <br/>REPLACE INTO `ims_core_cache` SET `key` =  :key_1 , `value` =  :value_2<hr/>Params: <br/>array (
  ':key_1' => 'checkupgrade:system',
  ':value_2' => 'a:1:{s:10:"lastupdate";i:1528890775;}',
)<hr/>SQL Error: <br/>MySQL server has gone away<hr/>Traces: <br/>file: /framework/class/db.class.php; line: 115; <br />file: /framework/class/db.class.php; line: 285; <br />file: /framework/function/pdo.func.php; line: 71; <br />file: /framework/function/cache.mysql.func.php; line: 55; <br />file: /web/source/utility/checkupgrade.ctrl.php; line: 29; <br />file: /web/index.php; line: 213; <br />

2018-06-13 19:53:55 SQL Error :
------------
String:
SQL: <br/>REPLACE INTO `ims_core_settings` SET `key` =  :key_1 , `value` =  :value_2<hr/>Params: <br/>array (
  ':key_1' => 'cloudip',
  ':value_2' => 'a:0:{}',
)<hr/>SQL Error: <br/>MySQL server has gone away<hr/>Traces: <br/>file: /framework/class/db.class.php; line: 115; <br />file: /framework/class/db.class.php; line: 285; <br />file: /framework/function/pdo.func.php; line: 71; <br />file: /framework/model/setting.mod.php; line: 24; <br />file: /framework/model/cloud.mod.php; line: 137; <br />file: /framework/model/cloud.mod.php; line: 378; <br />file: /framework/model/module.mod.php; line: 492; <br />file: /web/source/module/manage-account.ctrl.php; line: 22; <br />file: /web/index.php; line: 213; <br />

2018-06-13 19:53:55 SQL Error :
------------
String:
SQL: <br/>REPLACE INTO `ims_core_cache` SET `key` =  :key_1 , `value` =  :value_2<hr/>Params: <br/>array (
  ':key_1' => 'setting',
  ':value_2' => 's:0:"";',
)<hr/>SQL Error: <br/>MySQL server has gone away<hr/>Traces: <br/>file: /framework/class/db.class.php; line: 115; <br />file: /framework/class/db.class.php; line: 285; <br />file: /framework/function/pdo.func.php; line: 71; <br />file: /framework/function/cache.mysql.func.php; line: 55; <br />file: /framework/model/setting.mod.php; line: 27; <br />file: /framework/model/cloud.mod.php; line: 137; <br />file: /framework/model/cloud.mod.php; line: 378; <br />file: /framework/model/module.mod.php; line: 492; <br />file: /web/source/module/manage-account.ctrl.php; line: 22; <br />file: /web/index.php; line: 213; <br />

2018-06-13 19:54:18 SQL Error :
------------
String:
SQL: <br/>REPLACE INTO `ims_core_settings` SET `key` =  :key_1 , `value` =  :value_2<hr/>Params: <br/>array (
  ':key_1' => 'cloudip',
  ':value_2' => 'a:0:{}',
)<hr/>SQL Error: <br/>MySQL server has gone away<hr/>Traces: <br/>file: /framework/class/db.class.php; line: 115; <br />file: /framework/class/db.class.php; line: 285; <br />file: /framework/function/pdo.func.php; line: 71; <br />file: /framework/model/setting.mod.php; line: 24; <br />file: /framework/model/cloud.mod.php; line: 137; <br />file: /framework/model/cloud.mod.php; line: 156; <br />file: /web/source/utility/checkupgrade.ctrl.php; line: 20; <br />file: /web/index.php; line: 213; <br />

2018-06-13 19:54:18 SQL Error :
------------
String:
SQL: <br/>REPLACE INTO `ims_core_cache` SET `key` =  :key_1 , `value` =  :value_2<hr/>Params: <br/>array (
  ':key_1' => 'setting',
  ':value_2' => 's:0:"";',
)<hr/>SQL Error: <br/>MySQL server has gone away<hr/>Traces: <br/>file: /framework/class/db.class.php; line: 115; <br />file: /framework/class/db.class.php; line: 285; <br />file: /framework/function/pdo.func.php; line: 71; <br />file: /framework/function/cache.mysql.func.php; line: 55; <br />file: /framework/model/setting.mod.php; line: 27; <br />file: /framework/model/cloud.mod.php; line: 137; <br />file: /framework/model/cloud.mod.php; line: 156; <br />file: /web/source/utility/checkupgrade.ctrl.php; line: 20; <br />file: /web/index.php; line: 213; <br />

2018-06-13 19:54:18 SQL Error :
------------
String:
SQL: <br/>DELETE FROM `ims_core_cache` WHERE `key`=:key<hr/>Params: <br/>array (
  ':key' => 'cloud:transtoken',
)<hr/>SQL Error: <br/>MySQL server has gone away<hr/>Traces: <br/>file: /framework/class/db.class.php; line: 115; <br />file: /framework/function/pdo.func.php; line: 31; <br />file: /framework/function/cache.mysql.func.php; line: 63; <br />file: /web/source/utility/checkupgrade.ctrl.php; line: 28; <br />file: /web/index.php; line: 213; <br />

2018-06-13 19:54:18 SQL Error :
------------
String:
SQL: <br/>REPLACE INTO `ims_core_cache` SET `key` =  :key_1 , `value` =  :value_2<hr/>Params: <br/>array (
  ':key_1' => 'checkupgrade:system',
  ':value_2' => 'a:1:{s:10:"lastupdate";i:1528890798;}',
)<hr/>SQL Error: <br/>MySQL server has gone away<hr/>Traces: <br/>file: /framework/class/db.class.php; line: 115; <br />file: /framework/class/db.class.php; line: 285; <br />file: /framework/function/pdo.func.php; line: 71; <br />file: /framework/function/cache.mysql.func.php; line: 55; <br />file: /web/source/utility/checkupgrade.ctrl.php; line: 29; <br />file: /web/index.php; line: 213; <br />

2018-06-13 19:54:52 SQL Error :
------------
String:
SQL: <br/>REPLACE INTO `ims_core_settings` SET `key` =  :key_1 , `value` =  :value_2<hr/>Params: <br/>array (
  ':key_1' => 'cloudip',
  ':value_2' => 'a:0:{}',
)<hr/>SQL Error: <br/>MySQL server has gone away<hr/>Traces: <br/>file: /framework/class/db.class.php; line: 115; <br />file: /framework/class/db.class.php; line: 285; <br />file: /framework/function/pdo.func.php; line: 71; <br />file: /framework/model/setting.mod.php; line: 24; <br />file: /framework/model/cloud.mod.php; line: 137; <br />file: /framework/model/cloud.mod.php; line: 388; <br />file: /framework/model/module.mod.php; line: 496; <br />file: /web/source/module/manage-account.ctrl.php; line: 22; <br />file: /web/index.php; line: 213; <br />

2018-06-13 19:54:52 SQL Error :
------------
String:
SQL: <br/>REPLACE INTO `ims_core_cache` SET `key` =  :key_1 , `value` =  :value_2<hr/>Params: <br/>array (
  ':key_1' => 'setting',
  ':value_2' => 's:0:"";',
)<hr/>SQL Error: <br/>MySQL server has gone away<hr/>Traces: <br/>file: /framework/class/db.class.php; line: 115; <br />file: /framework/class/db.class.php; line: 285; <br />file: /framework/function/pdo.func.php; line: 71; <br />file: /framework/function/cache.mysql.func.php; line: 55; <br />file: /framework/model/setting.mod.php; line: 27; <br />file: /framework/model/cloud.mod.php; line: 137; <br />file: /framework/model/cloud.mod.php; line: 388; <br />file: /framework/model/module.mod.php; line: 496; <br />file: /web/source/module/manage-account.ctrl.php; line: 22; <br />file: /web/index.php; line: 213; <br />

2018-06-13 19:54:52 SQL Error :
------------
String:
SQL: <br/>SELECT `value` FROM `ims_core_cache` WHERE `key` =  :__key_1  LIMIT 1<hr/>Params: <br/>array (
  ':__key_1' => 'we7:module_setting:1:ewei_shopv2',
)<hr/>SQL Error: <br/>MySQL server has gone away<hr/>Traces: <br/>file: /framework/class/db.class.php; line: 167; <br />file: /framework/class/db.class.php; line: 227; <br />file: /framework/class/db.class.php; line: 259; <br />file: /framework/function/pdo.func.php; line: 61; <br />file: /framework/function/cache.mysql.func.php; line: 10; <br />file: /framework/function/cache.func.php; line: 39; <br />file: /framework/model/module.mod.php; line: 304; <br />file: /framework/model/module.mod.php; line: 497; <br />file: /web/source/module/manage-account.ctrl.php; line: 22; <br />file: /web/index.php; line: 213; <br />

2018-06-13 19:54:52 SQL Error :
------------
String:
SQL: <br/>SELECT * FROM `ims_uni_account_modules` WHERE `module` =  :__module_1 AND `uniacid` =  :__uniacid_2  LIMIT 1<hr/>Params: <br/>array (
  ':__module_1' => 'ewei_shopv2',
  ':__uniacid_2' => 1,
)<hr/>SQL Error: <br/>MySQL server has gone away<hr/>Traces: <br/>file: /framework/class/db.class.php; line: 167; <br />file: /framework/class/db.class.php; line: 227; <br />file: /framework/function/pdo.func.php; line: 49; <br />file: /framework/model/module.mod.php; line: 306; <br />file: /framework/model/module.mod.php; line: 497; <br />file: /web/source/module/manage-account.ctrl.php; line: 22; <br />file: /web/index.php; line: 213; <br />

2018-06-13 19:54:55 SQL Error :
------------
String:
SQL: <br/>REPLACE INTO `ims_core_settings` SET `key` =  :key_1 , `value` =  :value_2<hr/>Params: <br/>array (
  ':key_1' => 'cloudip',
  ':value_2' => 'a:0:{}',
)<hr/>SQL Error: <br/>MySQL server has gone away<hr/>Traces: <br/>file: /framework/class/db.class.php; line: 115; <br />file: /framework/class/db.class.php; line: 285; <br />file: /framework/function/pdo.func.php; line: 71; <br />file: /framework/model/setting.mod.php; line: 24; <br />file: /framework/model/cloud.mod.php; line: 137; <br />file: /framework/model/cloud.mod.php; line: 388; <br />file: /framework/model/module.mod.php; line: 496; <br />file: /web/source/module/manage-account.ctrl.php; line: 22; <br />file: /web/index.php; line: 213; <br />

2018-06-13 19:54:55 SQL Error :
------------
String:
SQL: <br/>REPLACE INTO `ims_core_cache` SET `key` =  :key_1 , `value` =  :value_2<hr/>Params: <br/>array (
  ':key_1' => 'setting',
  ':value_2' => 's:0:"";',
)<hr/>SQL Error: <br/>MySQL server has gone away<hr/>Traces: <br/>file: /framework/class/db.class.php; line: 115; <br />file: /framework/class/db.class.php; line: 285; <br />file: /framework/function/pdo.func.php; line: 71; <br />file: /framework/function/cache.mysql.func.php; line: 55; <br />file: /framework/model/setting.mod.php; line: 27; <br />file: /framework/model/cloud.mod.php; line: 137; <br />file: /framework/model/cloud.mod.php; line: 388; <br />file: /framework/model/module.mod.php; line: 496; <br />file: /web/source/module/manage-account.ctrl.php; line: 22; <br />file: /web/index.php; line: 213; <br />

2018-06-13 19:54:55 SQL Error :
------------
String:
SQL: <br/>SELECT `value` FROM `ims_core_cache` WHERE `key` =  :__key_1  LIMIT 1<hr/>Params: <br/>array (
  ':__key_1' => 'we7:module_setting:1:ewei_shopv2',
)<hr/>SQL Error: <br/>MySQL server has gone away<hr/>Traces: <br/>file: /framework/class/db.class.php; line: 167; <br />file: /framework/class/db.class.php; line: 227; <br />file: /framework/class/db.class.php; line: 259; <br />file: /framework/function/pdo.func.php; line: 61; <br />file: /framework/function/cache.mysql.func.php; line: 10; <br />file: /framework/function/cache.func.php; line: 39; <br />file: /framework/model/module.mod.php; line: 304; <br />file: /framework/model/module.mod.php; line: 497; <br />file: /web/source/module/manage-account.ctrl.php; line: 22; <br />file: /web/index.php; line: 213; <br />

2018-06-13 19:54:55 SQL Error :
------------
String:
SQL: <br/>SELECT * FROM `ims_uni_account_modules` WHERE `module` =  :__module_1 AND `uniacid` =  :__uniacid_2  LIMIT 1<hr/>Params: <br/>array (
  ':__module_1' => 'ewei_shopv2',
  ':__uniacid_2' => 1,
)<hr/>SQL Error: <br/>MySQL server has gone away<hr/>Traces: <br/>file: /framework/class/db.class.php; line: 167; <br />file: /framework/class/db.class.php; line: 227; <br />file: /framework/function/pdo.func.php; line: 49; <br />file: /framework/model/module.mod.php; line: 306; <br />file: /framework/model/module.mod.php; line: 497; <br />file: /web/source/module/manage-account.ctrl.php; line: 22; <br />file: /web/index.php; line: 213; <br />

2018-06-13 19:54:55 SQL Error :
------------
String:
SQL: <br/>REPLACE INTO `ims_core_settings` SET `key` =  :key_1 , `value` =  :value_2<hr/>Params: <br/>array (
  ':key_1' => 'cloudip',
  ':value_2' => 'a:0:{}',
)<hr/>SQL Error: <br/>MySQL server has gone away<hr/>Traces: <br/>file: /framework/class/db.class.php; line: 115; <br />file: /framework/class/db.class.php; line: 285; <br />file: /framework/function/pdo.func.php; line: 71; <br />file: /framework/model/setting.mod.php; line: 24; <br />file: /framework/model/cloud.mod.php; line: 137; <br />file: /framework/model/cloud.mod.php; line: 156; <br />file: /web/source/utility/checkupgrade.ctrl.php; line: 20; <br />file: /web/index.php; line: 213; <br />

2018-06-13 19:54:55 SQL Error :
------------
String:
SQL: <br/>REPLACE INTO `ims_core_cache` SET `key` =  :key_1 , `value` =  :value_2<hr/>Params: <br/>array (
  ':key_1' => 'setting',
  ':value_2' => 's:0:"";',
)<hr/>SQL Error: <br/>MySQL server has gone away<hr/>Traces: <br/>file: /framework/class/db.class.php; line: 115; <br />file: /framework/class/db.class.php; line: 285; <br />file: /framework/function/pdo.func.php; line: 71; <br />file: /framework/function/cache.mysql.func.php; line: 55; <br />file: /framework/model/setting.mod.php; line: 27; <br />file: /framework/model/cloud.mod.php; line: 137; <br />file: /framework/model/cloud.mod.php; line: 156; <br />file: /web/source/utility/checkupgrade.ctrl.php; line: 20; <br />file: /web/index.php; line: 213; <br />

2018-06-13 19:54:55 SQL Error :
------------
String:
SQL: <br/>DELETE FROM `ims_core_cache` WHERE `key`=:key<hr/>Params: <br/>array (
  ':key' => 'cloud:transtoken',
)<hr/>SQL Error: <br/>MySQL server has gone away<hr/>Traces: <br/>file: /framework/class/db.class.php; line: 115; <br />file: /framework/function/pdo.func.php; line: 31; <br />file: /framework/function/cache.mysql.func.php; line: 63; <br />file: /web/source/utility/checkupgrade.ctrl.php; line: 28; <br />file: /web/index.php; line: 213; <br />

2018-06-13 19:54:55 SQL Error :
------------
String:
SQL: <br/>REPLACE INTO `ims_core_cache` SET `key` =  :key_1 , `value` =  :value_2<hr/>Params: <br/>array (
  ':key_1' => 'checkupgrade:system',
  ':value_2' => 'a:1:{s:10:"lastupdate";i:1528890835;}',
)<hr/>SQL Error: <br/>MySQL server has gone away<hr/>Traces: <br/>file: /framework/class/db.class.php; line: 115; <br />file: /framework/class/db.class.php; line: 285; <br />file: /framework/function/pdo.func.php; line: 71; <br />file: /framework/function/cache.mysql.func.php; line: 55; <br />file: /web/source/utility/checkupgrade.ctrl.php; line: 29; <br />file: /web/index.php; line: 213; <br />

