2018-11-17 18:56:00 trace :
------------
String:
<xml><ToUserName><![CDATA[gh_b16bd8900ba6]]></ToUserName>
<FromUserName><![CDATA[odAWa1dnWPsl5LCZTg76o6EZ65eg]]></FromUserName>
<CreateTime>1542452160</CreateTime>
<MsgType><![CDATA[event]]></MsgType>
<Event><![CDATA[VIEW]]></Event>
<EventKey><![CDATA[http://24.hskj2018.com/app/index.php?i=3&c=entry&m=ewei_shopv2&do=mobile&r=groups]]></EventKey>
<MenuId>416755349</MenuId>
</xml>

2018-11-17 18:56:00 params :
------------
String:
array (
  'rule' => -2,
  'module' => '',
  'message' => 
  array (
    'tousername' => 'gh_b16bd8900ba6',
    'fromusername' => 'odAWa1dnWPsl5LCZTg76o6EZ65eg',
    'createtime' => '1542452160',
    'msgtype' => 'event',
    'event' => 'VIEW',
    'eventkey' => 'http://24.hskj2018.com/app/index.php?i=3&c=entry&m=ewei_shopv2&do=mobile&r=groups',
    'menuid' => '416755349',
    'from' => 'odAWa1dnWPsl5LCZTg76o6EZ65eg',
    'to' => 'gh_b16bd8900ba6',
    'time' => '1542452160',
    'type' => 'text',
    'content' => 'http://24.hskj2018.com/app/index.php?i=3&c=entry&m=ewei_shopv2&do=mobile&r=groups',
    'redirection' => true,
    'source' => 'VIEW',
  ),
)

2018-11-17 18:56:00 response :
------------

